<?xml version="1.0" encoding="UTF-8"?>
<robot generator="Robot 3.1.2 (Python 3.7.4 on linux)" generated="20200417 14:27:47.839" rpa="false">
<suite id="s1" name="BlogPostApiTestsAsAdmin &amp; BlogPostApiTestsAsNoPriviligeUser">
<suite id="s1-s1" name="BlogPostApiTestsAsAdmin" source="/home/hakan/Python/Robot/python-requests-module-tests/Tests/BlogPostApiTestsAsAdmin.robot">
<kw name="Suite Setup" type="setup">
<kw name="Set Variable" library="BuiltIn">
<doc>Returns the given values which can then be assigned to a variables.</doc>
<arguments>
<arg>${ADMIN}[EXPECTED_API_SPEC][actions][POST]</arg>
</arguments>
<assign>
<var>${posting_spec}</var>
</assign>
<msg timestamp="20200417 14:27:48.915" level="INFO">${posting_spec} = {'url': {'type': 'field', 'required': False, 'read_only': True, 'label': 'Url'}, 'id': {'type': 'integer', 'required': False, 'read_only': True, 'label': 'ID'}, 'user': {'type': 'field', 'required': F...</msg>
<status status="PASS" starttime="20200417 14:27:48.915" endtime="20200417 14:27:48.915"></status>
</kw>
<kw name="Set Suite Variable" library="BuiltIn">
<doc>Makes a variable available everywhere within the scope of the current suite.</doc>
<arguments>
<arg>${POSTING_SPEC}</arg>
<arg>${posting_spec}</arg>
</arguments>
<msg timestamp="20200417 14:27:48.915" level="INFO">${POSTING_SPEC} = {'url': {'type': 'field', 'required': False, 'read_only': True, 'label': 'Url'}, 'id': {'type': 'integer', 'required': False, 'read_only': True, 'label': 'ID'}, 'user': {'type': 'field', 'required': F...</msg>
<status status="PASS" starttime="20200417 14:27:48.915" endtime="20200417 14:27:48.915"></status>
</kw>
<kw name="&quot;Pre-Set Postings&quot; Are Cached">
<kw name="&quot;Registered Postings&quot; Are Read">
<kw name="Make Get Request" library="AdminUser">
<assign>
<var>${GET_RESPONSE}</var>
</assign>
<msg timestamp="20200417 14:27:50.262" level="INFO">${GET_RESPONSE} = &lt;Response [200]&gt;</msg>
<status status="PASS" starttime="20200417 14:27:48.916" endtime="20200417 14:27:50.263"></status>
</kw>
<kw name="Should Be Equal As Integers" library="BuiltIn">
<doc>Fails if objects are unequal after converting them to integers.</doc>
<arguments>
<arg>${GET_RESPONSE.status_code}</arg>
<arg>200</arg>
</arguments>
<msg timestamp="20200417 14:27:50.263" level="INFO">Argument types are:
&lt;class 'int'&gt;
&lt;type 'unicode'&gt;</msg>
<status status="PASS" starttime="20200417 14:27:50.263" endtime="20200417 14:27:50.263"></status>
</kw>
<kw name="Set Variable" library="BuiltIn">
<doc>Returns the given values which can then be assigned to a variables.</doc>
<arguments>
<arg>${GET_RESPONSE.json()}</arg>
</arguments>
<assign>
<var>@{registered_postings}</var>
</assign>
<msg timestamp="20200417 14:27:50.263" level="INFO">@{registered_postings} = [ {'url': 'https://glacial-earth-31542.herokuapp.com/api/postings/1/', 'id': 1, 'user': 1, 'title': 'My First Posting', 'content': "My First Blog's content", 'timestamp': '2019-12-18T17:06:54.373451+0...</msg>
<status status="PASS" starttime="20200417 14:27:50.263" endtime="20200417 14:27:50.263"></status>
</kw>
<kw name="Set Suite Variable" library="BuiltIn">
<doc>Makes a variable available everywhere within the scope of the current suite.</doc>
<arguments>
<arg>@{REGISTERED_POSTINGS}</arg>
<arg>@{registered_postings}</arg>
</arguments>
<msg timestamp="20200417 14:27:50.264" level="INFO">@{REGISTERED_POSTINGS} = [ {'url': 'https://glacial-earth-31542.herokuapp.com/api/postings/1/', 'id': 1, 'user': 1, 'title': 'My First Posting', 'content': "My First Blog's content", 'timestamp': '2019-12-18T17:06:54.373451+0...</msg>
<status status="PASS" starttime="20200417 14:27:50.264" endtime="20200417 14:27:50.264"></status>
</kw>
<status status="PASS" starttime="20200417 14:27:48.916" endtime="20200417 14:27:50.264"></status>
</kw>
<kw name="Set Suite Variable" library="BuiltIn">
<doc>Makes a variable available everywhere within the scope of the current suite.</doc>
<arguments>
<arg>@{PRE_SET_POSTINGS}</arg>
<arg>@{REGISTERED_POSTINGS}</arg>
</arguments>
<msg timestamp="20200417 14:27:50.264" level="INFO">@{PRE_SET_POSTINGS} = [ {'url': 'https://glacial-earth-31542.herokuapp.com/api/postings/1/', 'id': 1, 'user': 1, 'title': 'My First Posting', 'content': "My First Blog's content", 'timestamp': '2019-12-18T17:06:54.373451+0...</msg>
<status status="PASS" starttime="20200417 14:27:50.264" endtime="20200417 14:27:50.264"></status>
</kw>
<status status="PASS" starttime="20200417 14:27:48.915" endtime="20200417 14:27:50.264"></status>
</kw>
<status status="PASS" starttime="20200417 14:27:48.914" endtime="20200417 14:27:50.265"></status>
</kw>
<test id="s1-s1-t1" name="Checking BlogPostAPI specification">
<kw name="Test Setup" type="setup">
<kw name="Set Suite Variable" library="BuiltIn">
<doc>Makes a variable available everywhere within the scope of the current suite.</doc>
<arguments>
<arg>${RANDOM_TARGET_POSTING}</arg>
<arg>${None}</arg>
</arguments>
<msg timestamp="20200417 14:27:50.266" level="INFO">${RANDOM_TARGET_POSTING} = None</msg>
<status status="PASS" starttime="20200417 14:27:50.265" endtime="20200417 14:27:50.266"></status>
</kw>
<status status="PASS" starttime="20200417 14:27:50.265" endtime="20200417 14:27:50.266"></status>
</kw>
<kw name="When BlogPostAPI Specification Is Queried">
<kw name="Make Options Request" library="AdminUser">
<assign>
<var>${OPTIONS_RESPONSE}</var>
</assign>
<msg timestamp="20200417 14:27:50.410" level="INFO">${OPTIONS_RESPONSE} = &lt;Response [200]&gt;</msg>
<status status="PASS" starttime="20200417 14:27:50.266" endtime="20200417 14:27:50.410"></status>
</kw>
<kw name="Set Test Variable" library="BuiltIn">
<doc>Makes a variable available everywhere within the scope of the current test.</doc>
<arguments>
<arg>${OPTIONS_RESPONSE}</arg>
</arguments>
<msg timestamp="20200417 14:27:50.410" level="INFO">${OPTIONS_RESPONSE} = &lt;Response [200]&gt;</msg>
<status status="PASS" starttime="20200417 14:27:50.410" endtime="20200417 14:27:50.410"></status>
</kw>
<status status="PASS" starttime="20200417 14:27:50.266" endtime="20200417 14:27:50.410"></status>
</kw>
<kw name="Then BlogPostAPI Specification Is Correct">
<kw name="Verify Options Response" library="AdminUser">
<arguments>
<arg>options_response=${OPTIONS_RESPONSE}</arg>
</arguments>
<status status="PASS" starttime="20200417 14:27:50.411" endtime="20200417 14:27:50.411"></status>
</kw>
<status status="PASS" starttime="20200417 14:27:50.411" endtime="20200417 14:27:50.411"></status>
</kw>
<kw name="Test Teardown" type="teardown">
<kw name="Delete Every Posting Except &quot;Pre-Set Postings&quot;">
<kw name="&quot;Registered Postings&quot; Are Read">
<kw name="Make Get Request" library="AdminUser">
<assign>
<var>${GET_RESPONSE}</var>
</assign>
<msg timestamp="20200417 14:27:50.581" level="INFO">${GET_RESPONSE} = &lt;Response [200]&gt;</msg>
<status status="PASS" starttime="20200417 14:27:50.412" endtime="20200417 14:27:50.581"></status>
</kw>
<kw name="Should Be Equal As Integers" library="BuiltIn">
<doc>Fails if objects are unequal after converting them to integers.</doc>
<arguments>
<arg>${GET_RESPONSE.status_code}</arg>
<arg>200</arg>
</arguments>
<msg timestamp="20200417 14:27:50.581" level="INFO">Argument types are:
&lt;class 'int'&gt;
&lt;type 'unicode'&gt;</msg>
<status status="PASS" starttime="20200417 14:27:50.581" endtime="20200417 14:27:50.581"></status>
</kw>
<kw name="Set Variable" library="BuiltIn">
<doc>Returns the given values which can then be assigned to a variables.</doc>
<arguments>
<arg>${GET_RESPONSE.json()}</arg>
</arguments>
<assign>
<var>@{registered_postings}</var>
</assign>
<msg timestamp="20200417 14:27:50.582" level="INFO">@{registered_postings} = [ {'url': 'https://glacial-earth-31542.herokuapp.com/api/postings/1/', 'id': 1, 'user': 1, 'title': 'My First Posting', 'content': "My First Blog's content", 'timestamp': '2019-12-18T17:06:54.373451+0...</msg>
<status status="PASS" starttime="20200417 14:27:50.582" endtime="20200417 14:27:50.582"></status>
</kw>
<kw name="Set Suite Variable" library="BuiltIn">
<doc>Makes a variable available everywhere within the scope of the current suite.</doc>
<arguments>
<arg>@{REGISTERED_POSTINGS}</arg>
<arg>@{registered_postings}</arg>
</arguments>
<msg timestamp="20200417 14:27:50.582" level="INFO">@{REGISTERED_POSTINGS} = [ {'url': 'https://glacial-earth-31542.herokuapp.com/api/postings/1/', 'id': 1, 'user': 1, 'title': 'My First Posting', 'content': "My First Blog's content", 'timestamp': '2019-12-18T17:06:54.373451+0...</msg>
<status status="PASS" starttime="20200417 14:27:50.582" endtime="20200417 14:27:50.583"></status>
</kw>
<status status="PASS" starttime="20200417 14:27:50.412" endtime="20200417 14:27:50.583"></status>
</kw>
<kw name="Delete Postings" library="Utilities">
<arguments>
<arg>candidate_postings_to_delete=${REGISTERED_POSTINGS}</arg>
<arg>postings_to_skip=${PRE_SET_POSTINGS}</arg>
</arguments>
<status status="PASS" starttime="20200417 14:27:50.583" endtime="20200417 14:27:50.583"></status>
</kw>
<status status="PASS" starttime="20200417 14:27:50.412" endtime="20200417 14:27:50.583"></status>
</kw>
<kw name="&quot;Registered Postings&quot; Are Read">
<kw name="Make Get Request" library="AdminUser">
<assign>
<var>${GET_RESPONSE}</var>
</assign>
<msg timestamp="20200417 14:27:50.731" level="INFO">${GET_RESPONSE} = &lt;Response [200]&gt;</msg>
<status status="PASS" starttime="20200417 14:27:50.583" endtime="20200417 14:27:50.731"></status>
</kw>
<kw name="Should Be Equal As Integers" library="BuiltIn">
<doc>Fails if objects are unequal after converting them to integers.</doc>
<arguments>
<arg>${GET_RESPONSE.status_code}</arg>
<arg>200</arg>
</arguments>
<msg timestamp="20200417 14:27:50.732" level="INFO">Argument types are:
&lt;class 'int'&gt;
&lt;type 'unicode'&gt;</msg>
<status status="PASS" starttime="20200417 14:27:50.732" endtime="20200417 14:27:50.732"></status>
</kw>
<kw name="Set Variable" library="BuiltIn">
<doc>Returns the given values which can then be assigned to a variables.</doc>
<arguments>
<arg>${GET_RESPONSE.json()}</arg>
</arguments>
<assign>
<var>@{registered_postings}</var>
</assign>
<msg timestamp="20200417 14:27:50.732" level="INFO">@{registered_postings} = [ {'url': 'https://glacial-earth-31542.herokuapp.com/api/postings/1/', 'id': 1, 'user': 1, 'title': 'My First Posting', 'content': "My First Blog's content", 'timestamp': '2019-12-18T17:06:54.373451+0...</msg>
<status status="PASS" starttime="20200417 14:27:50.732" endtime="20200417 14:27:50.732"></status>
</kw>
<kw name="Set Suite Variable" library="BuiltIn">
<doc>Makes a variable available everywhere within the scope of the current suite.</doc>
<arguments>
<arg>@{REGISTERED_POSTINGS}</arg>
<arg>@{registered_postings}</arg>
</arguments>
<msg timestamp="20200417 14:27:50.733" level="INFO">@{REGISTERED_POSTINGS} = [ {'url': 'https://glacial-earth-31542.herokuapp.com/api/postings/1/', 'id': 1, 'user': 1, 'title': 'My First Posting', 'content': "My First Blog's content", 'timestamp': '2019-12-18T17:06:54.373451+0...</msg>
<status status="PASS" starttime="20200417 14:27:50.733" endtime="20200417 14:27:50.733"></status>
</kw>
<status status="PASS" starttime="20200417 14:27:50.583" endtime="20200417 14:27:50.733"></status>
</kw>
<kw name="Only &quot;Pre-Set Postings&quot; Are Left In The System">
<kw name="Should Be True" library="BuiltIn">
<doc>Fails if the given condition is not true.</doc>
<arguments>
<arg>$REGISTERED_POSTINGS == $PRE_SET_POSTINGS</arg>
</arguments>
<status status="PASS" starttime="20200417 14:27:50.733" endtime="20200417 14:27:50.737"></status>
</kw>
<status status="PASS" starttime="20200417 14:27:50.733" endtime="20200417 14:27:50.737"></status>
</kw>
<kw name="Set Suite Variable" library="BuiltIn">
<doc>Makes a variable available everywhere within the scope of the current suite.</doc>
<arguments>
<arg>${RANDOM_TARGET_POSTING}</arg>
<arg>${None}</arg>
</arguments>
<msg timestamp="20200417 14:27:50.737" level="INFO">${RANDOM_TARGET_POSTING} = None</msg>
<status status="PASS" starttime="20200417 14:27:50.737" endtime="20200417 14:27:50.737"></status>
</kw>
<status status="PASS" starttime="20200417 14:27:50.411" endtime="20200417 14:27:50.737"></status>
</kw>
<tags>
<tag>smoke-as-admin</tag>
</tags>
<status status="PASS" starttime="20200417 14:27:50.265" endtime="20200417 14:27:50.737" critical="yes"></status>
</test>
<test id="s1-s1-t2" name="Querying &amp; Verifying Pre-Set Postings">
<kw name="Test Setup" type="setup">
<kw name="Set Suite Variable" library="BuiltIn">
<doc>Makes a variable available everywhere within the scope of the current suite.</doc>
<arguments>
<arg>${RANDOM_TARGET_POSTING}</arg>
<arg>${None}</arg>
</arguments>
<msg timestamp="20200417 14:27:50.738" level="INFO">${RANDOM_TARGET_POSTING} = None</msg>
<status status="PASS" starttime="20200417 14:27:50.738" endtime="20200417 14:27:50.738"></status>
</kw>
<status status="PASS" starttime="20200417 14:27:50.738" endtime="20200417 14:27:50.738"></status>
</kw>
<kw name="When &quot;Registered Postings&quot; Are Read">
<kw name="Make Get Request" library="AdminUser">
<assign>
<var>${GET_RESPONSE}</var>
</assign>
<msg timestamp="20200417 14:27:50.884" level="INFO">${GET_RESPONSE} = &lt;Response [200]&gt;</msg>
<status status="PASS" starttime="20200417 14:27:50.739" endtime="20200417 14:27:50.884"></status>
</kw>
<kw name="Should Be Equal As Integers" library="BuiltIn">
<doc>Fails if objects are unequal after converting them to integers.</doc>
<arguments>
<arg>${GET_RESPONSE.status_code}</arg>
<arg>200</arg>
</arguments>
<msg timestamp="20200417 14:27:50.884" level="INFO">Argument types are:
&lt;class 'int'&gt;
&lt;type 'unicode'&gt;</msg>
<status status="PASS" starttime="20200417 14:27:50.884" endtime="20200417 14:27:50.885"></status>
</kw>
<kw name="Set Variable" library="BuiltIn">
<doc>Returns the given values which can then be assigned to a variables.</doc>
<arguments>
<arg>${GET_RESPONSE.json()}</arg>
</arguments>
<assign>
<var>@{registered_postings}</var>
</assign>
<msg timestamp="20200417 14:27:50.885" level="INFO">@{registered_postings} = [ {'url': 'https://glacial-earth-31542.herokuapp.com/api/postings/1/', 'id': 1, 'user': 1, 'title': 'My First Posting', 'content': "My First Blog's content", 'timestamp': '2019-12-18T17:06:54.373451+0...</msg>
<status status="PASS" starttime="20200417 14:27:50.885" endtime="20200417 14:27:50.885"></status>
</kw>
<kw name="Set Suite Variable" library="BuiltIn">
<doc>Makes a variable available everywhere within the scope of the current suite.</doc>
<arguments>
<arg>@{REGISTERED_POSTINGS}</arg>
<arg>@{registered_postings}</arg>
</arguments>
<msg timestamp="20200417 14:27:50.885" level="INFO">@{REGISTERED_POSTINGS} = [ {'url': 'https://glacial-earth-31542.herokuapp.com/api/postings/1/', 'id': 1, 'user': 1, 'title': 'My First Posting', 'content': "My First Blog's content", 'timestamp': '2019-12-18T17:06:54.373451+0...</msg>
<status status="PASS" starttime="20200417 14:27:50.885" endtime="20200417 14:27:50.885"></status>
</kw>
<status status="PASS" starttime="20200417 14:27:50.738" endtime="20200417 14:27:50.885"></status>
</kw>
<kw name="Then &quot;Registered Postings&quot; Must Comply With &quot;Posting Spec&quot;" library="CommonResource">
<kw name="Verify All Postings" library="Utilities">
<doc>:param postings_to_verify: a list of postings, where each posting needs to be verified against posting_spec
:param posting_spec: a dict containing keys, which map to posting fields
:return: None</doc>
<arguments>
<arg>postings_to_verify=${REGISTERED_POSTINGS}</arg>
<arg>posting_spec=${POSTING_SPEC}</arg>
</arguments>
<status status="PASS" starttime="20200417 14:27:50.886" endtime="20200417 14:27:50.886"></status>
</kw>
<status status="PASS" starttime="20200417 14:27:50.886" endtime="20200417 14:27:50.886"></status>
</kw>
<kw name="Test Teardown" type="teardown">
<kw name="Delete Every Posting Except &quot;Pre-Set Postings&quot;">
<kw name="&quot;Registered Postings&quot; Are Read">
<kw name="Make Get Request" library="AdminUser">
<assign>
<var>${GET_RESPONSE}</var>
</assign>
<msg timestamp="20200417 14:27:51.042" level="INFO">${GET_RESPONSE} = &lt;Response [200]&gt;</msg>
<status status="PASS" starttime="20200417 14:27:50.887" endtime="20200417 14:27:51.042"></status>
</kw>
<kw name="Should Be Equal As Integers" library="BuiltIn">
<doc>Fails if objects are unequal after converting them to integers.</doc>
<arguments>
<arg>${GET_RESPONSE.status_code}</arg>
<arg>200</arg>
</arguments>
<msg timestamp="20200417 14:27:51.042" level="INFO">Argument types are:
&lt;class 'int'&gt;
&lt;type 'unicode'&gt;</msg>
<status status="PASS" starttime="20200417 14:27:51.042" endtime="20200417 14:27:51.043"></status>
</kw>
<kw name="Set Variable" library="BuiltIn">
<doc>Returns the given values which can then be assigned to a variables.</doc>
<arguments>
<arg>${GET_RESPONSE.json()}</arg>
</arguments>
<assign>
<var>@{registered_postings}</var>
</assign>
<msg timestamp="20200417 14:27:51.043" level="INFO">@{registered_postings} = [ {'url': 'https://glacial-earth-31542.herokuapp.com/api/postings/1/', 'id': 1, 'user': 1, 'title': 'My First Posting', 'content': "My First Blog's content", 'timestamp': '2019-12-18T17:06:54.373451+0...</msg>
<status status="PASS" starttime="20200417 14:27:51.043" endtime="20200417 14:27:51.043"></status>
</kw>
<kw name="Set Suite Variable" library="BuiltIn">
<doc>Makes a variable available everywhere within the scope of the current suite.</doc>
<arguments>
<arg>@{REGISTERED_POSTINGS}</arg>
<arg>@{registered_postings}</arg>
</arguments>
<msg timestamp="20200417 14:27:51.044" level="INFO">@{REGISTERED_POSTINGS} = [ {'url': 'https://glacial-earth-31542.herokuapp.com/api/postings/1/', 'id': 1, 'user': 1, 'title': 'My First Posting', 'content': "My First Blog's content", 'timestamp': '2019-12-18T17:06:54.373451+0...</msg>
<status status="PASS" starttime="20200417 14:27:51.043" endtime="20200417 14:27:51.044"></status>
</kw>
<status status="PASS" starttime="20200417 14:27:50.887" endtime="20200417 14:27:51.044"></status>
</kw>
<kw name="Delete Postings" library="Utilities">
<arguments>
<arg>candidate_postings_to_delete=${REGISTERED_POSTINGS}</arg>
<arg>postings_to_skip=${PRE_SET_POSTINGS}</arg>
</arguments>
<status status="PASS" starttime="20200417 14:27:51.044" endtime="20200417 14:27:51.044"></status>
</kw>
<status status="PASS" starttime="20200417 14:27:50.887" endtime="20200417 14:27:51.044"></status>
</kw>
<kw name="&quot;Registered Postings&quot; Are Read">
<kw name="Make Get Request" library="AdminUser">
<assign>
<var>${GET_RESPONSE}</var>
</assign>
<msg timestamp="20200417 14:27:51.189" level="INFO">${GET_RESPONSE} = &lt;Response [200]&gt;</msg>
<status status="PASS" starttime="20200417 14:27:51.045" endtime="20200417 14:27:51.189"></status>
</kw>
<kw name="Should Be Equal As Integers" library="BuiltIn">
<doc>Fails if objects are unequal after converting them to integers.</doc>
<arguments>
<arg>${GET_RESPONSE.status_code}</arg>
<arg>200</arg>
</arguments>
<msg timestamp="20200417 14:27:51.189" level="INFO">Argument types are:
&lt;class 'int'&gt;
&lt;type 'unicode'&gt;</msg>
<status status="PASS" starttime="20200417 14:27:51.189" endtime="20200417 14:27:51.189"></status>
</kw>
<kw name="Set Variable" library="BuiltIn">
<doc>Returns the given values which can then be assigned to a variables.</doc>
<arguments>
<arg>${GET_RESPONSE.json()}</arg>
</arguments>
<assign>
<var>@{registered_postings}</var>
</assign>
<msg timestamp="20200417 14:27:51.191" level="INFO">@{registered_postings} = [ {'url': 'https://glacial-earth-31542.herokuapp.com/api/postings/1/', 'id': 1, 'user': 1, 'title': 'My First Posting', 'content': "My First Blog's content", 'timestamp': '2019-12-18T17:06:54.373451+0...</msg>
<status status="PASS" starttime="20200417 14:27:51.190" endtime="20200417 14:27:51.191"></status>
</kw>
<kw name="Set Suite Variable" library="BuiltIn">
<doc>Makes a variable available everywhere within the scope of the current suite.</doc>
<arguments>
<arg>@{REGISTERED_POSTINGS}</arg>
<arg>@{registered_postings}</arg>
</arguments>
<msg timestamp="20200417 14:27:51.191" level="INFO">@{REGISTERED_POSTINGS} = [ {'url': 'https://glacial-earth-31542.herokuapp.com/api/postings/1/', 'id': 1, 'user': 1, 'title': 'My First Posting', 'content': "My First Blog's content", 'timestamp': '2019-12-18T17:06:54.373451+0...</msg>
<status status="PASS" starttime="20200417 14:27:51.191" endtime="20200417 14:27:51.191"></status>
</kw>
<status status="PASS" starttime="20200417 14:27:51.045" endtime="20200417 14:27:51.191"></status>
</kw>
<kw name="Only &quot;Pre-Set Postings&quot; Are Left In The System">
<kw name="Should Be True" library="BuiltIn">
<doc>Fails if the given condition is not true.</doc>
<arguments>
<arg>$REGISTERED_POSTINGS == $PRE_SET_POSTINGS</arg>
</arguments>
<status status="PASS" starttime="20200417 14:27:51.192" endtime="20200417 14:27:51.193"></status>
</kw>
<status status="PASS" starttime="20200417 14:27:51.191" endtime="20200417 14:27:51.193"></status>
</kw>
<kw name="Set Suite Variable" library="BuiltIn">
<doc>Makes a variable available everywhere within the scope of the current suite.</doc>
<arguments>
<arg>${RANDOM_TARGET_POSTING}</arg>
<arg>${None}</arg>
</arguments>
<msg timestamp="20200417 14:27:51.193" level="INFO">${RANDOM_TARGET_POSTING} = None</msg>
<status status="PASS" starttime="20200417 14:27:51.193" endtime="20200417 14:27:51.193"></status>
</kw>
<status status="PASS" starttime="20200417 14:27:50.887" endtime="20200417 14:27:51.193"></status>
</kw>
<tags>
<tag>smoke-as-admin</tag>
</tags>
<status status="PASS" starttime="20200417 14:27:50.737" endtime="20200417 14:27:51.193" critical="yes"></status>
</test>
<test id="s1-s1-t3" name="Creating &quot;Target Postings&quot;">
<kw name="Test Setup" type="setup">
<kw name="Set Suite Variable" library="BuiltIn">
<doc>Makes a variable available everywhere within the scope of the current suite.</doc>
<arguments>
<arg>${RANDOM_TARGET_POSTING}</arg>
<arg>${None}</arg>
</arguments>
<msg timestamp="20200417 14:27:51.194" level="INFO">${RANDOM_TARGET_POSTING} = None</msg>
<status status="PASS" starttime="20200417 14:27:51.194" endtime="20200417 14:27:51.194"></status>
</kw>
<status status="PASS" starttime="20200417 14:27:51.194" endtime="20200417 14:27:51.194"></status>
</kw>
<kw name="Given &quot;Target Postings&quot; Must Not Be Registered In The System">
<kw name="&quot;Registered Postings&quot; Are Read">
<kw name="Make Get Request" library="AdminUser">
<assign>
<var>${GET_RESPONSE}</var>
</assign>
<msg timestamp="20200417 14:27:51.340" level="INFO">${GET_RESPONSE} = &lt;Response [200]&gt;</msg>
<status status="PASS" starttime="20200417 14:27:51.195" endtime="20200417 14:27:51.340"></status>
</kw>
<kw name="Should Be Equal As Integers" library="BuiltIn">
<doc>Fails if objects are unequal after converting them to integers.</doc>
<arguments>
<arg>${GET_RESPONSE.status_code}</arg>
<arg>200</arg>
</arguments>
<msg timestamp="20200417 14:27:51.341" level="INFO">Argument types are:
&lt;class 'int'&gt;
&lt;type 'unicode'&gt;</msg>
<status status="PASS" starttime="20200417 14:27:51.341" endtime="20200417 14:27:51.341"></status>
</kw>
<kw name="Set Variable" library="BuiltIn">
<doc>Returns the given values which can then be assigned to a variables.</doc>
<arguments>
<arg>${GET_RESPONSE.json()}</arg>
</arguments>
<assign>
<var>@{registered_postings}</var>
</assign>
<msg timestamp="20200417 14:27:51.341" level="INFO">@{registered_postings} = [ {'url': 'https://glacial-earth-31542.herokuapp.com/api/postings/1/', 'id': 1, 'user': 1, 'title': 'My First Posting', 'content': "My First Blog's content", 'timestamp': '2019-12-18T17:06:54.373451+0...</msg>
<status status="PASS" starttime="20200417 14:27:51.341" endtime="20200417 14:27:51.341"></status>
</kw>
<kw name="Set Suite Variable" library="BuiltIn">
<doc>Makes a variable available everywhere within the scope of the current suite.</doc>
<arguments>
<arg>@{REGISTERED_POSTINGS}</arg>
<arg>@{registered_postings}</arg>
</arguments>
<msg timestamp="20200417 14:27:51.342" level="INFO">@{REGISTERED_POSTINGS} = [ {'url': 'https://glacial-earth-31542.herokuapp.com/api/postings/1/', 'id': 1, 'user': 1, 'title': 'My First Posting', 'content': "My First Blog's content", 'timestamp': '2019-12-18T17:06:54.373451+0...</msg>
<status status="PASS" starttime="20200417 14:27:51.341" endtime="20200417 14:27:51.342"></status>
</kw>
<status status="PASS" starttime="20200417 14:27:51.195" endtime="20200417 14:27:51.342"></status>
</kw>
<kw name="Is None Found" library="Utilities">
<arguments>
<arg>subset=${INCOMPLETE_TARGET_POSTINGS}</arg>
<arg>superset=${REGISTERED_POSTINGS}</arg>
</arguments>
<assign>
<var>${none_of_target_postings_found}</var>
</assign>
<msg timestamp="20200417 14:27:51.342" level="INFO">${none_of_target_postings_found} = True</msg>
<status status="PASS" starttime="20200417 14:27:51.342" endtime="20200417 14:27:51.342"></status>
</kw>
<kw name="Should Be True" library="BuiltIn">
<doc>Fails if the given condition is not true.</doc>
<arguments>
<arg>${none_of_target_postings_found}</arg>
</arguments>
<status status="PASS" starttime="20200417 14:27:51.342" endtime="20200417 14:27:51.343"></status>
</kw>
<status status="PASS" starttime="20200417 14:27:51.195" endtime="20200417 14:27:51.343"></status>
</kw>
<kw name="When &quot;Target Postings&quot; Are Created">
<kw name="${p} IN [ @{INCOMPLETE_TARGET_POSTINGS} ]" type="for">
<kw name="${p} = {'title': 'Posting 1', 'content': 'Posting 1 content'}" type="foritem">
<kw name="Create Posting">
<arguments>
<arg>posting=${p}</arg>
</arguments>
<kw name="Make Post Request" library="AdminUser">
<arguments>
<arg>posting=${posting}</arg>
<arg>payload_encoding=${payload_encoding}</arg>
<arg>content_type_header=${content_type_header}</arg>
</arguments>
<assign>
<var>${POST_RESPONSE}</var>
</assign>
<msg timestamp="20200417 14:27:51.732" level="INFO">${POST_RESPONSE} = &lt;Response [201]&gt;</msg>
<status status="PASS" starttime="20200417 14:27:51.344" endtime="20200417 14:27:51.732"></status>
</kw>
<kw name="Set Test Variable" library="BuiltIn">
<doc>Makes a variable available everywhere within the scope of the current test.</doc>
<arguments>
<arg>${POST_RESPONSE}</arg>
</arguments>
<msg timestamp="20200417 14:27:51.733" level="INFO">${POST_RESPONSE} = &lt;Response [201]&gt;</msg>
<status status="PASS" starttime="20200417 14:27:51.733" endtime="20200417 14:27:51.733"></status>
</kw>
<status status="PASS" starttime="20200417 14:27:51.343" endtime="20200417 14:27:51.733"></status>
</kw>
<kw name="Verify Post Response Success Code">
<kw name="Should Be Equal As Integers" library="BuiltIn">
<doc>Fails if objects are unequal after converting them to integers.</doc>
<arguments>
<arg>${POST_RESPONSE.status_code}</arg>
<arg>201</arg>
</arguments>
<msg timestamp="20200417 14:27:51.734" level="INFO">Argument types are:
&lt;class 'int'&gt;
&lt;type 'unicode'&gt;</msg>
<status status="PASS" starttime="20200417 14:27:51.733" endtime="20200417 14:27:51.734"></status>
</kw>
<status status="PASS" starttime="20200417 14:27:51.733" endtime="20200417 14:27:51.734"></status>
</kw>
<status status="PASS" starttime="20200417 14:27:51.343" endtime="20200417 14:27:51.734"></status>
</kw>
<kw name="${p} = {'title': 'Posting 2', 'content': 'Posting 2 content'}" type="foritem">
<kw name="Create Posting">
<arguments>
<arg>posting=${p}</arg>
</arguments>
<kw name="Make Post Request" library="AdminUser">
<arguments>
<arg>posting=${posting}</arg>
<arg>payload_encoding=${payload_encoding}</arg>
<arg>content_type_header=${content_type_header}</arg>
</arguments>
<assign>
<var>${POST_RESPONSE}</var>
</assign>
<msg timestamp="20200417 14:27:52.120" level="INFO">${POST_RESPONSE} = &lt;Response [201]&gt;</msg>
<status status="PASS" starttime="20200417 14:27:51.734" endtime="20200417 14:27:52.120"></status>
</kw>
<kw name="Set Test Variable" library="BuiltIn">
<doc>Makes a variable available everywhere within the scope of the current test.</doc>
<arguments>
<arg>${POST_RESPONSE}</arg>
</arguments>
<msg timestamp="20200417 14:27:52.121" level="INFO">${POST_RESPONSE} = &lt;Response [201]&gt;</msg>
<status status="PASS" starttime="20200417 14:27:52.121" endtime="20200417 14:27:52.121"></status>
</kw>
<status status="PASS" starttime="20200417 14:27:51.734" endtime="20200417 14:27:52.121"></status>
</kw>
<kw name="Verify Post Response Success Code">
<kw name="Should Be Equal As Integers" library="BuiltIn">
<doc>Fails if objects are unequal after converting them to integers.</doc>
<arguments>
<arg>${POST_RESPONSE.status_code}</arg>
<arg>201</arg>
</arguments>
<msg timestamp="20200417 14:27:52.122" level="INFO">Argument types are:
&lt;class 'int'&gt;
&lt;type 'unicode'&gt;</msg>
<status status="PASS" starttime="20200417 14:27:52.121" endtime="20200417 14:27:52.122"></status>
</kw>
<status status="PASS" starttime="20200417 14:27:52.121" endtime="20200417 14:27:52.122"></status>
</kw>
<status status="PASS" starttime="20200417 14:27:51.734" endtime="20200417 14:27:52.122"></status>
</kw>
<kw name="${p} = {'title': 'Posting 3', 'content': 'Posting 3 content'}" type="foritem">
<kw name="Create Posting">
<arguments>
<arg>posting=${p}</arg>
</arguments>
<kw name="Make Post Request" library="AdminUser">
<arguments>
<arg>posting=${posting}</arg>
<arg>payload_encoding=${payload_encoding}</arg>
<arg>content_type_header=${content_type_header}</arg>
</arguments>
<assign>
<var>${POST_RESPONSE}</var>
</assign>
<msg timestamp="20200417 14:27:52.501" level="INFO">${POST_RESPONSE} = &lt;Response [201]&gt;</msg>
<status status="PASS" starttime="20200417 14:27:52.122" endtime="20200417 14:27:52.501"></status>
</kw>
<kw name="Set Test Variable" library="BuiltIn">
<doc>Makes a variable available everywhere within the scope of the current test.</doc>
<arguments>
<arg>${POST_RESPONSE}</arg>
</arguments>
<msg timestamp="20200417 14:27:52.501" level="INFO">${POST_RESPONSE} = &lt;Response [201]&gt;</msg>
<status status="PASS" starttime="20200417 14:27:52.501" endtime="20200417 14:27:52.501"></status>
</kw>
<status status="PASS" starttime="20200417 14:27:52.122" endtime="20200417 14:27:52.502"></status>
</kw>
<kw name="Verify Post Response Success Code">
<kw name="Should Be Equal As Integers" library="BuiltIn">
<doc>Fails if objects are unequal after converting them to integers.</doc>
<arguments>
<arg>${POST_RESPONSE.status_code}</arg>
<arg>201</arg>
</arguments>
<msg timestamp="20200417 14:27:52.502" level="INFO">Argument types are:
&lt;class 'int'&gt;
&lt;type 'unicode'&gt;</msg>
<status status="PASS" starttime="20200417 14:27:52.502" endtime="20200417 14:27:52.502"></status>
</kw>
<status status="PASS" starttime="20200417 14:27:52.502" endtime="20200417 14:27:52.502"></status>
</kw>
<status status="PASS" starttime="20200417 14:27:52.122" endtime="20200417 14:27:52.502"></status>
</kw>
<status status="PASS" starttime="20200417 14:27:51.343" endtime="20200417 14:27:52.502"></status>
</kw>
<status status="PASS" starttime="20200417 14:27:51.343" endtime="20200417 14:27:52.502"></status>
</kw>
<kw name="Then &quot;Registered Postings&quot; Are Read">
<kw name="Make Get Request" library="AdminUser">
<assign>
<var>${GET_RESPONSE}</var>
</assign>
<msg timestamp="20200417 14:27:52.653" level="INFO">${GET_RESPONSE} = &lt;Response [200]&gt;</msg>
<status status="PASS" starttime="20200417 14:27:52.503" endtime="20200417 14:27:52.653"></status>
</kw>
<kw name="Should Be Equal As Integers" library="BuiltIn">
<doc>Fails if objects are unequal after converting them to integers.</doc>
<arguments>
<arg>${GET_RESPONSE.status_code}</arg>
<arg>200</arg>
</arguments>
<msg timestamp="20200417 14:27:52.654" level="INFO">Argument types are:
&lt;class 'int'&gt;
&lt;type 'unicode'&gt;</msg>
<status status="PASS" starttime="20200417 14:27:52.653" endtime="20200417 14:27:52.654"></status>
</kw>
<kw name="Set Variable" library="BuiltIn">
<doc>Returns the given values which can then be assigned to a variables.</doc>
<arguments>
<arg>${GET_RESPONSE.json()}</arg>
</arguments>
<assign>
<var>@{registered_postings}</var>
</assign>
<msg timestamp="20200417 14:27:52.654" level="INFO">@{registered_postings} = [ {'url': 'https://glacial-earth-31542.herokuapp.com/api/postings/1/', 'id': 1, 'user': 1, 'title': 'My First Posting', 'content': "My First Blog's content", 'timestamp': '2019-12-18T17:06:54.373451+0...</msg>
<status status="PASS" starttime="20200417 14:27:52.654" endtime="20200417 14:27:52.654"></status>
</kw>
<kw name="Set Suite Variable" library="BuiltIn">
<doc>Makes a variable available everywhere within the scope of the current suite.</doc>
<arguments>
<arg>@{REGISTERED_POSTINGS}</arg>
<arg>@{registered_postings}</arg>
</arguments>
<msg timestamp="20200417 14:27:52.655" level="INFO">@{REGISTERED_POSTINGS} = [ {'url': 'https://glacial-earth-31542.herokuapp.com/api/postings/1/', 'id': 1, 'user': 1, 'title': 'My First Posting', 'content': "My First Blog's content", 'timestamp': '2019-12-18T17:06:54.373451+0...</msg>
<status status="PASS" starttime="20200417 14:27:52.654" endtime="20200417 14:27:52.655"></status>
</kw>
<status status="PASS" starttime="20200417 14:27:52.503" endtime="20200417 14:27:52.655"></status>
</kw>
<kw name="Then &quot;Registered Postings&quot; Must Comply With &quot;Posting Spec&quot;" library="CommonResource">
<kw name="Verify All Postings" library="Utilities">
<doc>:param postings_to_verify: a list of postings, where each posting needs to be verified against posting_spec
:param posting_spec: a dict containing keys, which map to posting fields
:return: None</doc>
<arguments>
<arg>postings_to_verify=${REGISTERED_POSTINGS}</arg>
<arg>posting_spec=${POSTING_SPEC}</arg>
</arguments>
<status status="PASS" starttime="20200417 14:27:52.655" endtime="20200417 14:27:52.656"></status>
</kw>
<status status="PASS" starttime="20200417 14:27:52.655" endtime="20200417 14:27:52.656"></status>
</kw>
<kw name="Then &quot;Target Postings&quot; Are Read" library="CommonResource">
<kw name="&quot;Registered Postings&quot; Are Read">
<kw name="Make Get Request" library="AdminUser">
<assign>
<var>${GET_RESPONSE}</var>
</assign>
<msg timestamp="20200417 14:27:52.805" level="INFO">${GET_RESPONSE} = &lt;Response [200]&gt;</msg>
<status status="PASS" starttime="20200417 14:27:52.656" endtime="20200417 14:27:52.805"></status>
</kw>
<kw name="Should Be Equal As Integers" library="BuiltIn">
<doc>Fails if objects are unequal after converting them to integers.</doc>
<arguments>
<arg>${GET_RESPONSE.status_code}</arg>
<arg>200</arg>
</arguments>
<msg timestamp="20200417 14:27:52.806" level="INFO">Argument types are:
&lt;class 'int'&gt;
&lt;type 'unicode'&gt;</msg>
<status status="PASS" starttime="20200417 14:27:52.806" endtime="20200417 14:27:52.806"></status>
</kw>
<kw name="Set Variable" library="BuiltIn">
<doc>Returns the given values which can then be assigned to a variables.</doc>
<arguments>
<arg>${GET_RESPONSE.json()}</arg>
</arguments>
<assign>
<var>@{registered_postings}</var>
</assign>
<msg timestamp="20200417 14:27:52.806" level="INFO">@{registered_postings} = [ {'url': 'https://glacial-earth-31542.herokuapp.com/api/postings/1/', 'id': 1, 'user': 1, 'title': 'My First Posting', 'content': "My First Blog's content", 'timestamp': '2019-12-18T17:06:54.373451+0...</msg>
<status status="PASS" starttime="20200417 14:27:52.806" endtime="20200417 14:27:52.806"></status>
</kw>
<kw name="Set Suite Variable" library="BuiltIn">
<doc>Makes a variable available everywhere within the scope of the current suite.</doc>
<arguments>
<arg>@{REGISTERED_POSTINGS}</arg>
<arg>@{registered_postings}</arg>
</arguments>
<msg timestamp="20200417 14:27:52.807" level="INFO">@{REGISTERED_POSTINGS} = [ {'url': 'https://glacial-earth-31542.herokuapp.com/api/postings/1/', 'id': 1, 'user': 1, 'title': 'My First Posting', 'content': "My First Blog's content", 'timestamp': '2019-12-18T17:06:54.373451+0...</msg>
<status status="PASS" starttime="20200417 14:27:52.807" endtime="20200417 14:27:52.807"></status>
</kw>
<status status="PASS" starttime="20200417 14:27:52.656" endtime="20200417 14:27:52.807"></status>
</kw>
<kw name="Get Subset" library="Utilities">
<arguments>
<arg>subset=${INCOMPLETE_TARGET_POSTINGS}</arg>
<arg>superset=${REGISTERED_POSTINGS}</arg>
</arguments>
<assign>
<var>@{target_postings}</var>
</assign>
<msg timestamp="20200417 14:27:52.807" level="INFO">@{target_postings} = [ {'url': 'https://glacial-earth-31542.herokuapp.com/api/postings/3040/', 'id': 3040, 'user': 1, 'title': 'Posting 1', 'content': 'Posting 1 content', 'timestamp': '2020-04-17T14:27:51.615913+03:00'} ...</msg>
<status status="PASS" starttime="20200417 14:27:52.807" endtime="20200417 14:27:52.807"></status>
</kw>
<kw name="Set Suite Variable" library="BuiltIn">
<doc>Makes a variable available everywhere within the scope of the current suite.</doc>
<arguments>
<arg>@{TARGET_POSTINGS}</arg>
<arg>@{target_postings}</arg>
</arguments>
<msg timestamp="20200417 14:27:52.808" level="INFO">@{TARGET_POSTINGS} = [ {'url': 'https://glacial-earth-31542.herokuapp.com/api/postings/3040/', 'id': 3040, 'user': 1, 'title': 'Posting 1', 'content': 'Posting 1 content', 'timestamp': '2020-04-17T14:27:51.615913+03:00'} ...</msg>
<status status="PASS" starttime="20200417 14:27:52.807" endtime="20200417 14:27:52.808"></status>
</kw>
<status status="PASS" starttime="20200417 14:27:52.656" endtime="20200417 14:27:52.808"></status>
</kw>
<kw name="Then &quot;Target Postings&quot; Must Be Registered In The System" library="CommonResource">
<kw name="&quot;Target Postings&quot; List Is Not Empty">
<kw name="Evaluate" library="BuiltIn">
<doc>Evaluates the given expression in Python and returns the results.</doc>
<arguments>
<arg>len($TARGET_POSTINGS) == 0</arg>
</arguments>
<assign>
<var>${is_empty}</var>
</assign>
<msg timestamp="20200417 14:27:52.809" level="INFO">${is_empty} = False</msg>
<status status="PASS" starttime="20200417 14:27:52.809" endtime="20200417 14:27:52.809"></status>
</kw>
<kw name="Should Not Be True" library="BuiltIn">
<doc>Fails if the given condition is true.</doc>
<arguments>
<arg>${is_empty}</arg>
</arguments>
<status status="PASS" starttime="20200417 14:27:52.810" endtime="20200417 14:27:52.810"></status>
</kw>
<status status="PASS" starttime="20200417 14:27:52.808" endtime="20200417 14:27:52.810"></status>
</kw>
<kw name="Is Subset" library="Utilities">
<arguments>
<arg>subset=${TARGET_POSTINGS}</arg>
<arg>superset=${INCOMPLETE_TARGET_POSTINGS}</arg>
</arguments>
<assign>
<var>${is_subset}</var>
</assign>
<msg timestamp="20200417 14:27:52.810" level="INFO">${is_subset} = True</msg>
<status status="PASS" starttime="20200417 14:27:52.810" endtime="20200417 14:27:52.810"></status>
</kw>
<kw name="Should Be True" library="BuiltIn">
<doc>Fails if the given condition is not true.</doc>
<arguments>
<arg>${is_subset}</arg>
</arguments>
<status status="PASS" starttime="20200417 14:27:52.810" endtime="20200417 14:27:52.810"></status>
</kw>
<status status="PASS" starttime="20200417 14:27:52.808" endtime="20200417 14:27:52.810"></status>
</kw>
<kw name="Test Teardown" type="teardown">
<kw name="Delete Every Posting Except &quot;Pre-Set Postings&quot;">
<kw name="&quot;Registered Postings&quot; Are Read">
<kw name="Make Get Request" library="AdminUser">
<assign>
<var>${GET_RESPONSE}</var>
</assign>
<msg timestamp="20200417 14:27:52.956" level="INFO">${GET_RESPONSE} = &lt;Response [200]&gt;</msg>
<status status="PASS" starttime="20200417 14:27:52.811" endtime="20200417 14:27:52.956"></status>
</kw>
<kw name="Should Be Equal As Integers" library="BuiltIn">
<doc>Fails if objects are unequal after converting them to integers.</doc>
<arguments>
<arg>${GET_RESPONSE.status_code}</arg>
<arg>200</arg>
</arguments>
<msg timestamp="20200417 14:27:52.957" level="INFO">Argument types are:
&lt;class 'int'&gt;
&lt;type 'unicode'&gt;</msg>
<status status="PASS" starttime="20200417 14:27:52.956" endtime="20200417 14:27:52.957"></status>
</kw>
<kw name="Set Variable" library="BuiltIn">
<doc>Returns the given values which can then be assigned to a variables.</doc>
<arguments>
<arg>${GET_RESPONSE.json()}</arg>
</arguments>
<assign>
<var>@{registered_postings}</var>
</assign>
<msg timestamp="20200417 14:27:52.957" level="INFO">@{registered_postings} = [ {'url': 'https://glacial-earth-31542.herokuapp.com/api/postings/1/', 'id': 1, 'user': 1, 'title': 'My First Posting', 'content': "My First Blog's content", 'timestamp': '2019-12-18T17:06:54.373451+0...</msg>
<status status="PASS" starttime="20200417 14:27:52.957" endtime="20200417 14:27:52.957"></status>
</kw>
<kw name="Set Suite Variable" library="BuiltIn">
<doc>Makes a variable available everywhere within the scope of the current suite.</doc>
<arguments>
<arg>@{REGISTERED_POSTINGS}</arg>
<arg>@{registered_postings}</arg>
</arguments>
<msg timestamp="20200417 14:27:52.958" level="INFO">@{REGISTERED_POSTINGS} = [ {'url': 'https://glacial-earth-31542.herokuapp.com/api/postings/1/', 'id': 1, 'user': 1, 'title': 'My First Posting', 'content': "My First Blog's content", 'timestamp': '2019-12-18T17:06:54.373451+0...</msg>
<status status="PASS" starttime="20200417 14:27:52.957" endtime="20200417 14:27:52.958"></status>
</kw>
<status status="PASS" starttime="20200417 14:27:52.811" endtime="20200417 14:27:52.958"></status>
</kw>
<kw name="Delete Postings" library="Utilities">
<arguments>
<arg>candidate_postings_to_delete=${REGISTERED_POSTINGS}</arg>
<arg>postings_to_skip=${PRE_SET_POSTINGS}</arg>
</arguments>
<kw name="Make Delete Request" library="AdminUser">
<arguments>
<arg>{'url': 'https://glacial-earth-31542.herokuapp.com/api/postings/3040/', 'id': 3040, 'user': 1, 'title': 'Posting 1', 'content': 'Posting 1 content', 'timestamp': '2020-04-17T14:27:51.615913+03:00'}</arg>
</arguments>
<status status="PASS" starttime="20200417 14:27:52.959" endtime="20200417 14:27:53.348"></status>
</kw>
<kw name="Make Delete Request" library="AdminUser">
<arguments>
<arg>{'url': 'https://glacial-earth-31542.herokuapp.com/api/postings/3041/', 'id': 3041, 'user': 1, 'title': 'Posting 2', 'content': 'Posting 2 content', 'timestamp': '2020-04-17T14:27:52.011863+03:00'}</arg>
</arguments>
<status status="PASS" starttime="20200417 14:27:53.348" endtime="20200417 14:27:53.772"></status>
</kw>
<kw name="Make Delete Request" library="AdminUser">
<arguments>
<arg>{'url': 'https://glacial-earth-31542.herokuapp.com/api/postings/3042/', 'id': 3042, 'user': 1, 'title': 'Posting 3', 'content': 'Posting 3 content', 'timestamp': '2020-04-17T14:27:52.391110+03:00'}</arg>
</arguments>
<status status="PASS" starttime="20200417 14:27:53.772" endtime="20200417 14:27:54.233"></status>
</kw>
<status status="PASS" starttime="20200417 14:27:52.958" endtime="20200417 14:27:54.234"></status>
</kw>
<status status="PASS" starttime="20200417 14:27:52.811" endtime="20200417 14:27:54.234"></status>
</kw>
<kw name="&quot;Registered Postings&quot; Are Read">
<kw name="Make Get Request" library="AdminUser">
<assign>
<var>${GET_RESPONSE}</var>
</assign>
<msg timestamp="20200417 14:27:54.435" level="INFO">${GET_RESPONSE} = &lt;Response [200]&gt;</msg>
<status status="PASS" starttime="20200417 14:27:54.235" endtime="20200417 14:27:54.435"></status>
</kw>
<kw name="Should Be Equal As Integers" library="BuiltIn">
<doc>Fails if objects are unequal after converting them to integers.</doc>
<arguments>
<arg>${GET_RESPONSE.status_code}</arg>
<arg>200</arg>
</arguments>
<msg timestamp="20200417 14:27:54.435" level="INFO">Argument types are:
&lt;class 'int'&gt;
&lt;type 'unicode'&gt;</msg>
<status status="PASS" starttime="20200417 14:27:54.435" endtime="20200417 14:27:54.435"></status>
</kw>
<kw name="Set Variable" library="BuiltIn">
<doc>Returns the given values which can then be assigned to a variables.</doc>
<arguments>
<arg>${GET_RESPONSE.json()}</arg>
</arguments>
<assign>
<var>@{registered_postings}</var>
</assign>
<msg timestamp="20200417 14:27:54.436" level="INFO">@{registered_postings} = [ {'url': 'https://glacial-earth-31542.herokuapp.com/api/postings/1/', 'id': 1, 'user': 1, 'title': 'My First Posting', 'content': "My First Blog's content", 'timestamp': '2019-12-18T17:06:54.373451+0...</msg>
<status status="PASS" starttime="20200417 14:27:54.435" endtime="20200417 14:27:54.436"></status>
</kw>
<kw name="Set Suite Variable" library="BuiltIn">
<doc>Makes a variable available everywhere within the scope of the current suite.</doc>
<arguments>
<arg>@{REGISTERED_POSTINGS}</arg>
<arg>@{registered_postings}</arg>
</arguments>
<msg timestamp="20200417 14:27:54.436" level="INFO">@{REGISTERED_POSTINGS} = [ {'url': 'https://glacial-earth-31542.herokuapp.com/api/postings/1/', 'id': 1, 'user': 1, 'title': 'My First Posting', 'content': "My First Blog's content", 'timestamp': '2019-12-18T17:06:54.373451+0...</msg>
<status status="PASS" starttime="20200417 14:27:54.436" endtime="20200417 14:27:54.436"></status>
</kw>
<status status="PASS" starttime="20200417 14:27:54.234" endtime="20200417 14:27:54.436"></status>
</kw>
<kw name="Only &quot;Pre-Set Postings&quot; Are Left In The System">
<kw name="Should Be True" library="BuiltIn">
<doc>Fails if the given condition is not true.</doc>
<arguments>
<arg>$REGISTERED_POSTINGS == $PRE_SET_POSTINGS</arg>
</arguments>
<status status="PASS" starttime="20200417 14:27:54.436" endtime="20200417 14:27:54.437"></status>
</kw>
<status status="PASS" starttime="20200417 14:27:54.436" endtime="20200417 14:27:54.437"></status>
</kw>
<kw name="Set Suite Variable" library="BuiltIn">
<doc>Makes a variable available everywhere within the scope of the current suite.</doc>
<arguments>
<arg>${RANDOM_TARGET_POSTING}</arg>
<arg>${None}</arg>
</arguments>
<msg timestamp="20200417 14:27:54.438" level="INFO">${RANDOM_TARGET_POSTING} = None</msg>
<status status="PASS" starttime="20200417 14:27:54.437" endtime="20200417 14:27:54.438"></status>
</kw>
<status status="PASS" starttime="20200417 14:27:52.811" endtime="20200417 14:27:54.438"></status>
</kw>
<tags>
<tag>CRUD-operations-as-admin</tag>
<tag>CRUD-success-as-admin</tag>
</tags>
<status status="PASS" starttime="20200417 14:27:51.193" endtime="20200417 14:27:54.438" critical="yes"></status>
</test>
<test id="s1-s1-t4" name="Updating &quot;Target Postings&quot;">
<kw name="Test Setup" type="setup">
<kw name="Set Suite Variable" library="BuiltIn">
<doc>Makes a variable available everywhere within the scope of the current suite.</doc>
<arguments>
<arg>${RANDOM_TARGET_POSTING}</arg>
<arg>${None}</arg>
</arguments>
<msg timestamp="20200417 14:27:54.439" level="INFO">${RANDOM_TARGET_POSTING} = None</msg>
<status status="PASS" starttime="20200417 14:27:54.439" endtime="20200417 14:27:54.439"></status>
</kw>
<status status="PASS" starttime="20200417 14:27:54.438" endtime="20200417 14:27:54.439"></status>
</kw>
<kw name="Given &quot;Target Postings&quot; Must Not Be Registered In The System">
<kw name="&quot;Registered Postings&quot; Are Read">
<kw name="Make Get Request" library="AdminUser">
<assign>
<var>${GET_RESPONSE}</var>
</assign>
<msg timestamp="20200417 14:27:54.591" level="INFO">${GET_RESPONSE} = &lt;Response [200]&gt;</msg>
<status status="PASS" starttime="20200417 14:27:54.440" endtime="20200417 14:27:54.591"></status>
</kw>
<kw name="Should Be Equal As Integers" library="BuiltIn">
<doc>Fails if objects are unequal after converting them to integers.</doc>
<arguments>
<arg>${GET_RESPONSE.status_code}</arg>
<arg>200</arg>
</arguments>
<msg timestamp="20200417 14:27:54.592" level="INFO">Argument types are:
&lt;class 'int'&gt;
&lt;type 'unicode'&gt;</msg>
<status status="PASS" starttime="20200417 14:27:54.591" endtime="20200417 14:27:54.592"></status>
</kw>
<kw name="Set Variable" library="BuiltIn">
<doc>Returns the given values which can then be assigned to a variables.</doc>
<arguments>
<arg>${GET_RESPONSE.json()}</arg>
</arguments>
<assign>
<var>@{registered_postings}</var>
</assign>
<msg timestamp="20200417 14:27:54.592" level="INFO">@{registered_postings} = [ {'url': 'https://glacial-earth-31542.herokuapp.com/api/postings/1/', 'id': 1, 'user': 1, 'title': 'My First Posting', 'content': "My First Blog's content", 'timestamp': '2019-12-18T17:06:54.373451+0...</msg>
<status status="PASS" starttime="20200417 14:27:54.592" endtime="20200417 14:27:54.592"></status>
</kw>
<kw name="Set Suite Variable" library="BuiltIn">
<doc>Makes a variable available everywhere within the scope of the current suite.</doc>
<arguments>
<arg>@{REGISTERED_POSTINGS}</arg>
<arg>@{registered_postings}</arg>
</arguments>
<msg timestamp="20200417 14:27:54.593" level="INFO">@{REGISTERED_POSTINGS} = [ {'url': 'https://glacial-earth-31542.herokuapp.com/api/postings/1/', 'id': 1, 'user': 1, 'title': 'My First Posting', 'content': "My First Blog's content", 'timestamp': '2019-12-18T17:06:54.373451+0...</msg>
<status status="PASS" starttime="20200417 14:27:54.592" endtime="20200417 14:27:54.593"></status>
</kw>
<status status="PASS" starttime="20200417 14:27:54.439" endtime="20200417 14:27:54.593"></status>
</kw>
<kw name="Is None Found" library="Utilities">
<arguments>
<arg>subset=${INCOMPLETE_TARGET_POSTINGS}</arg>
<arg>superset=${REGISTERED_POSTINGS}</arg>
</arguments>
<assign>
<var>${none_of_target_postings_found}</var>
</assign>
<msg timestamp="20200417 14:27:54.593" level="INFO">${none_of_target_postings_found} = True</msg>
<status status="PASS" starttime="20200417 14:27:54.593" endtime="20200417 14:27:54.593"></status>
</kw>
<kw name="Should Be True" library="BuiltIn">
<doc>Fails if the given condition is not true.</doc>
<arguments>
<arg>${none_of_target_postings_found}</arg>
</arguments>
<status status="PASS" starttime="20200417 14:27:54.593" endtime="20200417 14:27:54.593"></status>
</kw>
<status status="PASS" starttime="20200417 14:27:54.439" endtime="20200417 14:27:54.594"></status>
</kw>
<kw name="Given &quot;Target Postings&quot; Are Created">
<kw name="${p} IN [ @{INCOMPLETE_TARGET_POSTINGS} ]" type="for">
<kw name="${p} = {'title': 'Posting 1', 'content': 'Posting 1 content'}" type="foritem">
<kw name="Create Posting">
<arguments>
<arg>posting=${p}</arg>
</arguments>
<kw name="Make Post Request" library="AdminUser">
<arguments>
<arg>posting=${posting}</arg>
<arg>payload_encoding=${payload_encoding}</arg>
<arg>content_type_header=${content_type_header}</arg>
</arguments>
<assign>
<var>${POST_RESPONSE}</var>
</assign>
<msg timestamp="20200417 14:27:55.085" level="INFO">${POST_RESPONSE} = &lt;Response [201]&gt;</msg>
<status status="PASS" starttime="20200417 14:27:54.596" endtime="20200417 14:27:55.086"></status>
</kw>
<kw name="Set Test Variable" library="BuiltIn">
<doc>Makes a variable available everywhere within the scope of the current test.</doc>
<arguments>
<arg>${POST_RESPONSE}</arg>
</arguments>
<msg timestamp="20200417 14:27:55.086" level="INFO">${POST_RESPONSE} = &lt;Response [201]&gt;</msg>
<status status="PASS" starttime="20200417 14:27:55.086" endtime="20200417 14:27:55.086"></status>
</kw>
<status status="PASS" starttime="20200417 14:27:54.595" endtime="20200417 14:27:55.086"></status>
</kw>
<kw name="Verify Post Response Success Code">
<kw name="Should Be Equal As Integers" library="BuiltIn">
<doc>Fails if objects are unequal after converting them to integers.</doc>
<arguments>
<arg>${POST_RESPONSE.status_code}</arg>
<arg>201</arg>
</arguments>
<msg timestamp="20200417 14:27:55.090" level="INFO">Argument types are:
&lt;class 'int'&gt;
&lt;type 'unicode'&gt;</msg>
<status status="PASS" starttime="20200417 14:27:55.086" endtime="20200417 14:27:55.090"></status>
</kw>
<status status="PASS" starttime="20200417 14:27:55.086" endtime="20200417 14:27:55.090"></status>
</kw>
<status status="PASS" starttime="20200417 14:27:54.595" endtime="20200417 14:27:55.090"></status>
</kw>
<kw name="${p} = {'title': 'Posting 2', 'content': 'Posting 2 content'}" type="foritem">
<kw name="Create Posting">
<arguments>
<arg>posting=${p}</arg>
</arguments>
<kw name="Make Post Request" library="AdminUser">
<arguments>
<arg>posting=${posting}</arg>
<arg>payload_encoding=${payload_encoding}</arg>
<arg>content_type_header=${content_type_header}</arg>
</arguments>
<assign>
<var>${POST_RESPONSE}</var>
</assign>
<msg timestamp="20200417 14:27:55.563" level="INFO">${POST_RESPONSE} = &lt;Response [201]&gt;</msg>
<status status="PASS" starttime="20200417 14:27:55.091" endtime="20200417 14:27:55.563"></status>
</kw>
<kw name="Set Test Variable" library="BuiltIn">
<doc>Makes a variable available everywhere within the scope of the current test.</doc>
<arguments>
<arg>${POST_RESPONSE}</arg>
</arguments>
<msg timestamp="20200417 14:27:55.564" level="INFO">${POST_RESPONSE} = &lt;Response [201]&gt;</msg>
<status status="PASS" starttime="20200417 14:27:55.563" endtime="20200417 14:27:55.564"></status>
</kw>
<status status="PASS" starttime="20200417 14:27:55.091" endtime="20200417 14:27:55.564"></status>
</kw>
<kw name="Verify Post Response Success Code">
<kw name="Should Be Equal As Integers" library="BuiltIn">
<doc>Fails if objects are unequal after converting them to integers.</doc>
<arguments>
<arg>${POST_RESPONSE.status_code}</arg>
<arg>201</arg>
</arguments>
<msg timestamp="20200417 14:27:55.564" level="INFO">Argument types are:
&lt;class 'int'&gt;
&lt;type 'unicode'&gt;</msg>
<status status="PASS" starttime="20200417 14:27:55.564" endtime="20200417 14:27:55.565"></status>
</kw>
<status status="PASS" starttime="20200417 14:27:55.564" endtime="20200417 14:27:55.565"></status>
</kw>
<status status="PASS" starttime="20200417 14:27:55.090" endtime="20200417 14:27:55.565"></status>
</kw>
<kw name="${p} = {'title': 'Posting 3', 'content': 'Posting 3 content'}" type="foritem">
<kw name="Create Posting">
<arguments>
<arg>posting=${p}</arg>
</arguments>
<kw name="Make Post Request" library="AdminUser">
<arguments>
<arg>posting=${posting}</arg>
<arg>payload_encoding=${payload_encoding}</arg>
<arg>content_type_header=${content_type_header}</arg>
</arguments>
<assign>
<var>${POST_RESPONSE}</var>
</assign>
<msg timestamp="20200417 14:27:55.973" level="INFO">${POST_RESPONSE} = &lt;Response [201]&gt;</msg>
<status status="PASS" starttime="20200417 14:27:55.565" endtime="20200417 14:27:55.973"></status>
</kw>
<kw name="Set Test Variable" library="BuiltIn">
<doc>Makes a variable available everywhere within the scope of the current test.</doc>
<arguments>
<arg>${POST_RESPONSE}</arg>
</arguments>
<msg timestamp="20200417 14:27:55.973" level="INFO">${POST_RESPONSE} = &lt;Response [201]&gt;</msg>
<status status="PASS" starttime="20200417 14:27:55.973" endtime="20200417 14:27:55.973"></status>
</kw>
<status status="PASS" starttime="20200417 14:27:55.565" endtime="20200417 14:27:55.973"></status>
</kw>
<kw name="Verify Post Response Success Code">
<kw name="Should Be Equal As Integers" library="BuiltIn">
<doc>Fails if objects are unequal after converting them to integers.</doc>
<arguments>
<arg>${POST_RESPONSE.status_code}</arg>
<arg>201</arg>
</arguments>
<msg timestamp="20200417 14:27:55.974" level="INFO">Argument types are:
&lt;class 'int'&gt;
&lt;type 'unicode'&gt;</msg>
<status status="PASS" starttime="20200417 14:27:55.974" endtime="20200417 14:27:55.974"></status>
</kw>
<status status="PASS" starttime="20200417 14:27:55.973" endtime="20200417 14:27:55.974"></status>
</kw>
<status status="PASS" starttime="20200417 14:27:55.565" endtime="20200417 14:27:55.974"></status>
</kw>
<status status="PASS" starttime="20200417 14:27:54.594" endtime="20200417 14:27:55.974"></status>
</kw>
<status status="PASS" starttime="20200417 14:27:54.594" endtime="20200417 14:27:55.974"></status>
</kw>
<kw name="Given &quot;Target Postings&quot; Are Read" library="CommonResource">
<kw name="&quot;Registered Postings&quot; Are Read">
<kw name="Make Get Request" library="AdminUser">
<assign>
<var>${GET_RESPONSE}</var>
</assign>
<msg timestamp="20200417 14:27:56.127" level="INFO">${GET_RESPONSE} = &lt;Response [200]&gt;</msg>
<status status="PASS" starttime="20200417 14:27:55.975" endtime="20200417 14:27:56.127"></status>
</kw>
<kw name="Should Be Equal As Integers" library="BuiltIn">
<doc>Fails if objects are unequal after converting them to integers.</doc>
<arguments>
<arg>${GET_RESPONSE.status_code}</arg>
<arg>200</arg>
</arguments>
<msg timestamp="20200417 14:27:56.127" level="INFO">Argument types are:
&lt;class 'int'&gt;
&lt;type 'unicode'&gt;</msg>
<status status="PASS" starttime="20200417 14:27:56.127" endtime="20200417 14:27:56.127"></status>
</kw>
<kw name="Set Variable" library="BuiltIn">
<doc>Returns the given values which can then be assigned to a variables.</doc>
<arguments>
<arg>${GET_RESPONSE.json()}</arg>
</arguments>
<assign>
<var>@{registered_postings}</var>
</assign>
<msg timestamp="20200417 14:27:56.128" level="INFO">@{registered_postings} = [ {'url': 'https://glacial-earth-31542.herokuapp.com/api/postings/1/', 'id': 1, 'user': 1, 'title': 'My First Posting', 'content': "My First Blog's content", 'timestamp': '2019-12-18T17:06:54.373451+0...</msg>
<status status="PASS" starttime="20200417 14:27:56.127" endtime="20200417 14:27:56.128"></status>
</kw>
<kw name="Set Suite Variable" library="BuiltIn">
<doc>Makes a variable available everywhere within the scope of the current suite.</doc>
<arguments>
<arg>@{REGISTERED_POSTINGS}</arg>
<arg>@{registered_postings}</arg>
</arguments>
<msg timestamp="20200417 14:27:56.128" level="INFO">@{REGISTERED_POSTINGS} = [ {'url': 'https://glacial-earth-31542.herokuapp.com/api/postings/1/', 'id': 1, 'user': 1, 'title': 'My First Posting', 'content': "My First Blog's content", 'timestamp': '2019-12-18T17:06:54.373451+0...</msg>
<status status="PASS" starttime="20200417 14:27:56.128" endtime="20200417 14:27:56.128"></status>
</kw>
<status status="PASS" starttime="20200417 14:27:55.975" endtime="20200417 14:27:56.128"></status>
</kw>
<kw name="Get Subset" library="Utilities">
<arguments>
<arg>subset=${INCOMPLETE_TARGET_POSTINGS}</arg>
<arg>superset=${REGISTERED_POSTINGS}</arg>
</arguments>
<assign>
<var>@{target_postings}</var>
</assign>
<msg timestamp="20200417 14:27:56.129" level="INFO">@{target_postings} = [ {'url': 'https://glacial-earth-31542.herokuapp.com/api/postings/3043/', 'id': 3043, 'user': 1, 'title': 'Posting 1', 'content': 'Posting 1 content', 'timestamp': '2020-04-17T14:27:54.921551+03:00'} ...</msg>
<status status="PASS" starttime="20200417 14:27:56.129" endtime="20200417 14:27:56.129"></status>
</kw>
<kw name="Set Suite Variable" library="BuiltIn">
<doc>Makes a variable available everywhere within the scope of the current suite.</doc>
<arguments>
<arg>@{TARGET_POSTINGS}</arg>
<arg>@{target_postings}</arg>
</arguments>
<msg timestamp="20200417 14:27:56.129" level="INFO">@{TARGET_POSTINGS} = [ {'url': 'https://glacial-earth-31542.herokuapp.com/api/postings/3043/', 'id': 3043, 'user': 1, 'title': 'Posting 1', 'content': 'Posting 1 content', 'timestamp': '2020-04-17T14:27:54.921551+03:00'} ...</msg>
<status status="PASS" starttime="20200417 14:27:56.129" endtime="20200417 14:27:56.129"></status>
</kw>
<status status="PASS" starttime="20200417 14:27:55.974" endtime="20200417 14:27:56.129"></status>
</kw>
<kw name="Given &quot;Target Postings&quot; Must Be Registered In The System" library="CommonResource">
<kw name="&quot;Target Postings&quot; List Is Not Empty">
<kw name="Evaluate" library="BuiltIn">
<doc>Evaluates the given expression in Python and returns the results.</doc>
<arguments>
<arg>len($TARGET_POSTINGS) == 0</arg>
</arguments>
<assign>
<var>${is_empty}</var>
</assign>
<msg timestamp="20200417 14:27:56.131" level="INFO">${is_empty} = False</msg>
<status status="PASS" starttime="20200417 14:27:56.130" endtime="20200417 14:27:56.131"></status>
</kw>
<kw name="Should Not Be True" library="BuiltIn">
<doc>Fails if the given condition is true.</doc>
<arguments>
<arg>${is_empty}</arg>
</arguments>
<status status="PASS" starttime="20200417 14:27:56.131" endtime="20200417 14:27:56.131"></status>
</kw>
<status status="PASS" starttime="20200417 14:27:56.130" endtime="20200417 14:27:56.131"></status>
</kw>
<kw name="Is Subset" library="Utilities">
<arguments>
<arg>subset=${TARGET_POSTINGS}</arg>
<arg>superset=${INCOMPLETE_TARGET_POSTINGS}</arg>
</arguments>
<assign>
<var>${is_subset}</var>
</assign>
<msg timestamp="20200417 14:27:56.132" level="INFO">${is_subset} = True</msg>
<status status="PASS" starttime="20200417 14:27:56.131" endtime="20200417 14:27:56.132"></status>
</kw>
<kw name="Should Be True" library="BuiltIn">
<doc>Fails if the given condition is not true.</doc>
<arguments>
<arg>${is_subset}</arg>
</arguments>
<status status="PASS" starttime="20200417 14:27:56.132" endtime="20200417 14:27:56.132"></status>
</kw>
<status status="PASS" starttime="20200417 14:27:56.130" endtime="20200417 14:27:56.132"></status>
</kw>
<kw name="When Target Postings Are Updated" library="Utilities">
<doc>EXPECTED PRECONDITION: Before this method is called, TARGET_POSTINGS must be created (i.e.
REGISTERED_POSTINGS = PRE_SET_POSTINGS + TARGET_POSTINGS)
Note that all the postings in TARGET_POSTINGS have all the fields necessary
(i.e. title , content, url, id, timestamp fields) to make a PUT request
:return: None</doc>
<kw name="Make Put Request" library="AdminUser">
<arguments>
<arg>{'url': 'https://glacial-earth-31542.herokuapp.com/api/postings/3043/', 'id': 3043, 'user': 1, 'title': 'Posting 1', 'content': 'modified content', 'timestamp': '2020-04-17T14:27:54.921551+03:00'}</arg>
</arguments>
<status status="PASS" starttime="20200417 14:27:56.132" endtime="20200417 14:27:56.554"></status>
</kw>
<kw name="Make Put Request" library="AdminUser">
<arguments>
<arg>{'url': 'https://glacial-earth-31542.herokuapp.com/api/postings/3044/', 'id': 3044, 'user': 1, 'title': 'Posting 2', 'content': 'modified content', 'timestamp': '2020-04-17T14:27:55.441750+03:00'}</arg>
</arguments>
<status status="PASS" starttime="20200417 14:27:56.554" endtime="20200417 14:27:56.994"></status>
</kw>
<kw name="Make Put Request" library="AdminUser">
<arguments>
<arg>{'url': 'https://glacial-earth-31542.herokuapp.com/api/postings/3045/', 'id': 3045, 'user': 1, 'title': 'Posting 3', 'content': 'modified content', 'timestamp': '2020-04-17T14:27:55.851473+03:00'}</arg>
</arguments>
<status status="PASS" starttime="20200417 14:27:56.994" endtime="20200417 14:27:57.432"></status>
</kw>
<msg timestamp="20200417 14:27:57.432" level="INFO">${TARGET_POSTINGS} = [{'url': 'https://glacial-earth-31542.herokuapp.com/api/postings/3043/', 'id': 3043, 'user': 1, 'title': 'Posting 1', 'content': 'modified content', 'timestamp': '2020-04-17T14:27:54.921551+03:00'}, {...</msg>
<status status="PASS" starttime="20200417 14:27:56.132" endtime="20200417 14:27:57.432"></status>
</kw>
<kw name="Then &quot;Registered Postings&quot; Are Read">
<kw name="Make Get Request" library="AdminUser">
<assign>
<var>${GET_RESPONSE}</var>
</assign>
<msg timestamp="20200417 14:27:57.588" level="INFO">${GET_RESPONSE} = &lt;Response [200]&gt;</msg>
<status status="PASS" starttime="20200417 14:27:57.433" endtime="20200417 14:27:57.588"></status>
</kw>
<kw name="Should Be Equal As Integers" library="BuiltIn">
<doc>Fails if objects are unequal after converting them to integers.</doc>
<arguments>
<arg>${GET_RESPONSE.status_code}</arg>
<arg>200</arg>
</arguments>
<msg timestamp="20200417 14:27:57.588" level="INFO">Argument types are:
&lt;class 'int'&gt;
&lt;type 'unicode'&gt;</msg>
<status status="PASS" starttime="20200417 14:27:57.588" endtime="20200417 14:27:57.588"></status>
</kw>
<kw name="Set Variable" library="BuiltIn">
<doc>Returns the given values which can then be assigned to a variables.</doc>
<arguments>
<arg>${GET_RESPONSE.json()}</arg>
</arguments>
<assign>
<var>@{registered_postings}</var>
</assign>
<msg timestamp="20200417 14:27:57.589" level="INFO">@{registered_postings} = [ {'url': 'https://glacial-earth-31542.herokuapp.com/api/postings/1/', 'id': 1, 'user': 1, 'title': 'My First Posting', 'content': "My First Blog's content", 'timestamp': '2019-12-18T17:06:54.373451+0...</msg>
<status status="PASS" starttime="20200417 14:27:57.588" endtime="20200417 14:27:57.589"></status>
</kw>
<kw name="Set Suite Variable" library="BuiltIn">
<doc>Makes a variable available everywhere within the scope of the current suite.</doc>
<arguments>
<arg>@{REGISTERED_POSTINGS}</arg>
<arg>@{registered_postings}</arg>
</arguments>
<msg timestamp="20200417 14:27:57.589" level="INFO">@{REGISTERED_POSTINGS} = [ {'url': 'https://glacial-earth-31542.herokuapp.com/api/postings/1/', 'id': 1, 'user': 1, 'title': 'My First Posting', 'content': "My First Blog's content", 'timestamp': '2019-12-18T17:06:54.373451+0...</msg>
<status status="PASS" starttime="20200417 14:27:57.589" endtime="20200417 14:27:57.589"></status>
</kw>
<status status="PASS" starttime="20200417 14:27:57.432" endtime="20200417 14:27:57.590"></status>
</kw>
<kw name="Then &quot;Registered Postings&quot; Must Comply With &quot;Posting Spec&quot;" library="CommonResource">
<kw name="Verify All Postings" library="Utilities">
<doc>:param postings_to_verify: a list of postings, where each posting needs to be verified against posting_spec
:param posting_spec: a dict containing keys, which map to posting fields
:return: None</doc>
<arguments>
<arg>postings_to_verify=${REGISTERED_POSTINGS}</arg>
<arg>posting_spec=${POSTING_SPEC}</arg>
</arguments>
<status status="PASS" starttime="20200417 14:27:57.590" endtime="20200417 14:27:57.591"></status>
</kw>
<status status="PASS" starttime="20200417 14:27:57.590" endtime="20200417 14:27:57.591"></status>
</kw>
<kw name="Then &quot;Target Postings&quot; Must Have Been Updated In The System">
<kw name="Is Subset" library="Utilities">
<arguments>
<arg>subset=${TARGET_POSTINGS}</arg>
<arg>superset=${REGISTERED_POSTINGS}</arg>
</arguments>
<assign>
<var>${is_subset}</var>
</assign>
<msg timestamp="20200417 14:27:57.592" level="INFO">${is_subset} = True</msg>
<status status="PASS" starttime="20200417 14:27:57.592" endtime="20200417 14:27:57.592"></status>
</kw>
<kw name="Should Be True" library="BuiltIn">
<doc>Fails if the given condition is not true.</doc>
<arguments>
<arg>${is_subset}</arg>
</arguments>
<status status="PASS" starttime="20200417 14:27:57.592" endtime="20200417 14:27:57.592"></status>
</kw>
<status status="PASS" starttime="20200417 14:27:57.591" endtime="20200417 14:27:57.592"></status>
</kw>
<kw name="Test Teardown" type="teardown">
<kw name="Delete Every Posting Except &quot;Pre-Set Postings&quot;">
<kw name="&quot;Registered Postings&quot; Are Read">
<kw name="Make Get Request" library="AdminUser">
<assign>
<var>${GET_RESPONSE}</var>
</assign>
<msg timestamp="20200417 14:27:57.752" level="INFO">${GET_RESPONSE} = &lt;Response [200]&gt;</msg>
<status status="PASS" starttime="20200417 14:27:57.593" endtime="20200417 14:27:57.752"></status>
</kw>
<kw name="Should Be Equal As Integers" library="BuiltIn">
<doc>Fails if objects are unequal after converting them to integers.</doc>
<arguments>
<arg>${GET_RESPONSE.status_code}</arg>
<arg>200</arg>
</arguments>
<msg timestamp="20200417 14:27:57.753" level="INFO">Argument types are:
&lt;class 'int'&gt;
&lt;type 'unicode'&gt;</msg>
<status status="PASS" starttime="20200417 14:27:57.752" endtime="20200417 14:27:57.753"></status>
</kw>
<kw name="Set Variable" library="BuiltIn">
<doc>Returns the given values which can then be assigned to a variables.</doc>
<arguments>
<arg>${GET_RESPONSE.json()}</arg>
</arguments>
<assign>
<var>@{registered_postings}</var>
</assign>
<msg timestamp="20200417 14:27:57.753" level="INFO">@{registered_postings} = [ {'url': 'https://glacial-earth-31542.herokuapp.com/api/postings/1/', 'id': 1, 'user': 1, 'title': 'My First Posting', 'content': "My First Blog's content", 'timestamp': '2019-12-18T17:06:54.373451+0...</msg>
<status status="PASS" starttime="20200417 14:27:57.753" endtime="20200417 14:27:57.753"></status>
</kw>
<kw name="Set Suite Variable" library="BuiltIn">
<doc>Makes a variable available everywhere within the scope of the current suite.</doc>
<arguments>
<arg>@{REGISTERED_POSTINGS}</arg>
<arg>@{registered_postings}</arg>
</arguments>
<msg timestamp="20200417 14:27:57.753" level="INFO">@{REGISTERED_POSTINGS} = [ {'url': 'https://glacial-earth-31542.herokuapp.com/api/postings/1/', 'id': 1, 'user': 1, 'title': 'My First Posting', 'content': "My First Blog's content", 'timestamp': '2019-12-18T17:06:54.373451+0...</msg>
<status status="PASS" starttime="20200417 14:27:57.753" endtime="20200417 14:27:57.753"></status>
</kw>
<status status="PASS" starttime="20200417 14:27:57.593" endtime="20200417 14:27:57.754"></status>
</kw>
<kw name="Delete Postings" library="Utilities">
<arguments>
<arg>candidate_postings_to_delete=${REGISTERED_POSTINGS}</arg>
<arg>postings_to_skip=${PRE_SET_POSTINGS}</arg>
</arguments>
<kw name="Make Delete Request" library="AdminUser">
<arguments>
<arg>{'url': 'https://glacial-earth-31542.herokuapp.com/api/postings/3043/', 'id': 3043, 'user': 1, 'title': 'Posting 1', 'content': 'modified content', 'timestamp': '2020-04-17T14:27:54.921551+03:00'}</arg>
</arguments>
<status status="PASS" starttime="20200417 14:27:57.754" endtime="20200417 14:27:58.169"></status>
</kw>
<kw name="Make Delete Request" library="AdminUser">
<arguments>
<arg>{'url': 'https://glacial-earth-31542.herokuapp.com/api/postings/3044/', 'id': 3044, 'user': 1, 'title': 'Posting 2', 'content': 'modified content', 'timestamp': '2020-04-17T14:27:55.441750+03:00'}</arg>
</arguments>
<status status="PASS" starttime="20200417 14:27:58.169" endtime="20200417 14:27:58.654"></status>
</kw>
<kw name="Make Delete Request" library="AdminUser">
<arguments>
<arg>{'url': 'https://glacial-earth-31542.herokuapp.com/api/postings/3045/', 'id': 3045, 'user': 1, 'title': 'Posting 3', 'content': 'modified content', 'timestamp': '2020-04-17T14:27:55.851473+03:00'}</arg>
</arguments>
<status status="PASS" starttime="20200417 14:27:58.654" endtime="20200417 14:27:59.071"></status>
</kw>
<status status="PASS" starttime="20200417 14:27:57.754" endtime="20200417 14:27:59.071"></status>
</kw>
<status status="PASS" starttime="20200417 14:27:57.593" endtime="20200417 14:27:59.072"></status>
</kw>
<kw name="&quot;Registered Postings&quot; Are Read">
<kw name="Make Get Request" library="AdminUser">
<assign>
<var>${GET_RESPONSE}</var>
</assign>
<msg timestamp="20200417 14:27:59.218" level="INFO">${GET_RESPONSE} = &lt;Response [200]&gt;</msg>
<status status="PASS" starttime="20200417 14:27:59.072" endtime="20200417 14:27:59.218"></status>
</kw>
<kw name="Should Be Equal As Integers" library="BuiltIn">
<doc>Fails if objects are unequal after converting them to integers.</doc>
<arguments>
<arg>${GET_RESPONSE.status_code}</arg>
<arg>200</arg>
</arguments>
<msg timestamp="20200417 14:27:59.219" level="INFO">Argument types are:
&lt;class 'int'&gt;
&lt;type 'unicode'&gt;</msg>
<status status="PASS" starttime="20200417 14:27:59.219" endtime="20200417 14:27:59.219"></status>
</kw>
<kw name="Set Variable" library="BuiltIn">
<doc>Returns the given values which can then be assigned to a variables.</doc>
<arguments>
<arg>${GET_RESPONSE.json()}</arg>
</arguments>
<assign>
<var>@{registered_postings}</var>
</assign>
<msg timestamp="20200417 14:27:59.220" level="INFO">@{registered_postings} = [ {'url': 'https://glacial-earth-31542.herokuapp.com/api/postings/1/', 'id': 1, 'user': 1, 'title': 'My First Posting', 'content': "My First Blog's content", 'timestamp': '2019-12-18T17:06:54.373451+0...</msg>
<status status="PASS" starttime="20200417 14:27:59.219" endtime="20200417 14:27:59.220"></status>
</kw>
<kw name="Set Suite Variable" library="BuiltIn">
<doc>Makes a variable available everywhere within the scope of the current suite.</doc>
<arguments>
<arg>@{REGISTERED_POSTINGS}</arg>
<arg>@{registered_postings}</arg>
</arguments>
<msg timestamp="20200417 14:27:59.220" level="INFO">@{REGISTERED_POSTINGS} = [ {'url': 'https://glacial-earth-31542.herokuapp.com/api/postings/1/', 'id': 1, 'user': 1, 'title': 'My First Posting', 'content': "My First Blog's content", 'timestamp': '2019-12-18T17:06:54.373451+0...</msg>
<status status="PASS" starttime="20200417 14:27:59.220" endtime="20200417 14:27:59.220"></status>
</kw>
<status status="PASS" starttime="20200417 14:27:59.072" endtime="20200417 14:27:59.220"></status>
</kw>
<kw name="Only &quot;Pre-Set Postings&quot; Are Left In The System">
<kw name="Should Be True" library="BuiltIn">
<doc>Fails if the given condition is not true.</doc>
<arguments>
<arg>$REGISTERED_POSTINGS == $PRE_SET_POSTINGS</arg>
</arguments>
<status status="PASS" starttime="20200417 14:27:59.221" endtime="20200417 14:27:59.221"></status>
</kw>
<status status="PASS" starttime="20200417 14:27:59.220" endtime="20200417 14:27:59.222"></status>
</kw>
<kw name="Set Suite Variable" library="BuiltIn">
<doc>Makes a variable available everywhere within the scope of the current suite.</doc>
<arguments>
<arg>${RANDOM_TARGET_POSTING}</arg>
<arg>${None}</arg>
</arguments>
<msg timestamp="20200417 14:27:59.222" level="INFO">${RANDOM_TARGET_POSTING} = None</msg>
<status status="PASS" starttime="20200417 14:27:59.222" endtime="20200417 14:27:59.222"></status>
</kw>
<status status="PASS" starttime="20200417 14:27:57.593" endtime="20200417 14:27:59.222"></status>
</kw>
<tags>
<tag>CRUD-operations-as-admin</tag>
<tag>CRUD-success-as-admin</tag>
</tags>
<status status="PASS" starttime="20200417 14:27:54.438" endtime="20200417 14:27:59.222" critical="yes"></status>
</test>
<test id="s1-s1-t5" name="Deleting &quot;Target Postings&quot;">
<kw name="Test Setup" type="setup">
<kw name="Set Suite Variable" library="BuiltIn">
<doc>Makes a variable available everywhere within the scope of the current suite.</doc>
<arguments>
<arg>${RANDOM_TARGET_POSTING}</arg>
<arg>${None}</arg>
</arguments>
<msg timestamp="20200417 14:27:59.224" level="INFO">${RANDOM_TARGET_POSTING} = None</msg>
<status status="PASS" starttime="20200417 14:27:59.223" endtime="20200417 14:27:59.224"></status>
</kw>
<status status="PASS" starttime="20200417 14:27:59.223" endtime="20200417 14:27:59.224"></status>
</kw>
<kw name="Given &quot;Target Postings&quot; Must Not Be Registered In The System">
<kw name="&quot;Registered Postings&quot; Are Read">
<kw name="Make Get Request" library="AdminUser">
<assign>
<var>${GET_RESPONSE}</var>
</assign>
<msg timestamp="20200417 14:27:59.369" level="INFO">${GET_RESPONSE} = &lt;Response [200]&gt;</msg>
<status status="PASS" starttime="20200417 14:27:59.225" endtime="20200417 14:27:59.370"></status>
</kw>
<kw name="Should Be Equal As Integers" library="BuiltIn">
<doc>Fails if objects are unequal after converting them to integers.</doc>
<arguments>
<arg>${GET_RESPONSE.status_code}</arg>
<arg>200</arg>
</arguments>
<msg timestamp="20200417 14:27:59.370" level="INFO">Argument types are:
&lt;class 'int'&gt;
&lt;type 'unicode'&gt;</msg>
<status status="PASS" starttime="20200417 14:27:59.370" endtime="20200417 14:27:59.370"></status>
</kw>
<kw name="Set Variable" library="BuiltIn">
<doc>Returns the given values which can then be assigned to a variables.</doc>
<arguments>
<arg>${GET_RESPONSE.json()}</arg>
</arguments>
<assign>
<var>@{registered_postings}</var>
</assign>
<msg timestamp="20200417 14:27:59.370" level="INFO">@{registered_postings} = [ {'url': 'https://glacial-earth-31542.herokuapp.com/api/postings/1/', 'id': 1, 'user': 1, 'title': 'My First Posting', 'content': "My First Blog's content", 'timestamp': '2019-12-18T17:06:54.373451+0...</msg>
<status status="PASS" starttime="20200417 14:27:59.370" endtime="20200417 14:27:59.370"></status>
</kw>
<kw name="Set Suite Variable" library="BuiltIn">
<doc>Makes a variable available everywhere within the scope of the current suite.</doc>
<arguments>
<arg>@{REGISTERED_POSTINGS}</arg>
<arg>@{registered_postings}</arg>
</arguments>
<msg timestamp="20200417 14:27:59.371" level="INFO">@{REGISTERED_POSTINGS} = [ {'url': 'https://glacial-earth-31542.herokuapp.com/api/postings/1/', 'id': 1, 'user': 1, 'title': 'My First Posting', 'content': "My First Blog's content", 'timestamp': '2019-12-18T17:06:54.373451+0...</msg>
<status status="PASS" starttime="20200417 14:27:59.371" endtime="20200417 14:27:59.371"></status>
</kw>
<status status="PASS" starttime="20200417 14:27:59.224" endtime="20200417 14:27:59.371"></status>
</kw>
<kw name="Is None Found" library="Utilities">
<arguments>
<arg>subset=${INCOMPLETE_TARGET_POSTINGS}</arg>
<arg>superset=${REGISTERED_POSTINGS}</arg>
</arguments>
<assign>
<var>${none_of_target_postings_found}</var>
</assign>
<msg timestamp="20200417 14:27:59.371" level="INFO">${none_of_target_postings_found} = True</msg>
<status status="PASS" starttime="20200417 14:27:59.371" endtime="20200417 14:27:59.371"></status>
</kw>
<kw name="Should Be True" library="BuiltIn">
<doc>Fails if the given condition is not true.</doc>
<arguments>
<arg>${none_of_target_postings_found}</arg>
</arguments>
<status status="PASS" starttime="20200417 14:27:59.372" endtime="20200417 14:27:59.372"></status>
</kw>
<status status="PASS" starttime="20200417 14:27:59.224" endtime="20200417 14:27:59.372"></status>
</kw>
<kw name="Given &quot;Target Postings&quot; Are Created">
<kw name="${p} IN [ @{INCOMPLETE_TARGET_POSTINGS} ]" type="for">
<kw name="${p} = {'title': 'Posting 1', 'content': 'Posting 1 content'}" type="foritem">
<kw name="Create Posting">
<arguments>
<arg>posting=${p}</arg>
</arguments>
<kw name="Make Post Request" library="AdminUser">
<arguments>
<arg>posting=${posting}</arg>
<arg>payload_encoding=${payload_encoding}</arg>
<arg>content_type_header=${content_type_header}</arg>
</arguments>
<assign>
<var>${POST_RESPONSE}</var>
</assign>
<msg timestamp="20200417 14:27:59.811" level="INFO">${POST_RESPONSE} = &lt;Response [201]&gt;</msg>
<status status="PASS" starttime="20200417 14:27:59.373" endtime="20200417 14:27:59.811"></status>
</kw>
<kw name="Set Test Variable" library="BuiltIn">
<doc>Makes a variable available everywhere within the scope of the current test.</doc>
<arguments>
<arg>${POST_RESPONSE}</arg>
</arguments>
<msg timestamp="20200417 14:27:59.812" level="INFO">${POST_RESPONSE} = &lt;Response [201]&gt;</msg>
<status status="PASS" starttime="20200417 14:27:59.811" endtime="20200417 14:27:59.812"></status>
</kw>
<status status="PASS" starttime="20200417 14:27:59.372" endtime="20200417 14:27:59.812"></status>
</kw>
<kw name="Verify Post Response Success Code">
<kw name="Should Be Equal As Integers" library="BuiltIn">
<doc>Fails if objects are unequal after converting them to integers.</doc>
<arguments>
<arg>${POST_RESPONSE.status_code}</arg>
<arg>201</arg>
</arguments>
<msg timestamp="20200417 14:27:59.813" level="INFO">Argument types are:
&lt;class 'int'&gt;
&lt;type 'unicode'&gt;</msg>
<status status="PASS" starttime="20200417 14:27:59.812" endtime="20200417 14:27:59.813"></status>
</kw>
<status status="PASS" starttime="20200417 14:27:59.812" endtime="20200417 14:27:59.813"></status>
</kw>
<status status="PASS" starttime="20200417 14:27:59.372" endtime="20200417 14:27:59.813"></status>
</kw>
<kw name="${p} = {'title': 'Posting 2', 'content': 'Posting 2 content'}" type="foritem">
<kw name="Create Posting">
<arguments>
<arg>posting=${p}</arg>
</arguments>
<kw name="Make Post Request" library="AdminUser">
<arguments>
<arg>posting=${posting}</arg>
<arg>payload_encoding=${payload_encoding}</arg>
<arg>content_type_header=${content_type_header}</arg>
</arguments>
<assign>
<var>${POST_RESPONSE}</var>
</assign>
<msg timestamp="20200417 14:28:00.213" level="INFO">${POST_RESPONSE} = &lt;Response [201]&gt;</msg>
<status status="PASS" starttime="20200417 14:27:59.813" endtime="20200417 14:28:00.213"></status>
</kw>
<kw name="Set Test Variable" library="BuiltIn">
<doc>Makes a variable available everywhere within the scope of the current test.</doc>
<arguments>
[...]
<assign>
<var>${PUT_RESPONSE}</var>
</assign>
<msg timestamp="20200417 14:28:40.570" level="INFO">${PUT_RESPONSE} = &lt;Response [401]&gt;</msg>
<status status="PASS" starttime="20200417 14:28:40.368" endtime="20200417 14:28:40.571"></status>
</kw>
<kw name="Set Test Variable" library="BuiltIn">
<doc>Makes a variable available everywhere within the scope of the current test.</doc>
<arguments>
<arg>${PUT_RESPONSE}</arg>
</arguments>
<msg timestamp="20200417 14:28:40.571" level="INFO">${PUT_RESPONSE} = &lt;Response [401]&gt;</msg>
<status status="PASS" starttime="20200417 14:28:40.571" endtime="20200417 14:28:40.571"></status>
</kw>
<status status="PASS" starttime="20200417 14:28:40.368" endtime="20200417 14:28:40.571"></status>
</kw>
<kw name="Evaluate" library="BuiltIn">
<doc>Evaluates the given expression in Python and returns the results.</doc>
<arguments>
<arg>$ALL_UPDATE_ATTEMPTS_FAILED_WITH_401 and $PUT_RESPONSE.status_code==401</arg>
</arguments>
<assign>
<var>${ALL_CREATE_ATTEMPTS_FAILED_WITH_401}</var>
</assign>
<msg timestamp="20200417 14:28:40.573" level="INFO">${ALL_CREATE_ATTEMPTS_FAILED_WITH_401} = True</msg>
<status status="PASS" starttime="20200417 14:28:40.571" endtime="20200417 14:28:40.573"></status>
</kw>
<status status="PASS" starttime="20200417 14:28:40.368" endtime="20200417 14:28:40.573"></status>
</kw>
<status status="PASS" starttime="20200417 14:28:40.150" endtime="20200417 14:28:40.573"></status>
</kw>
<kw name="Set Test Variable" library="BuiltIn">
<doc>Makes a variable available everywhere within the scope of the current test.</doc>
<arguments>
<arg>${ALL_UPDATE_ATTEMPTS_FAILED_WITH_401}</arg>
</arguments>
<msg timestamp="20200417 14:28:40.574" level="INFO">${ALL_UPDATE_ATTEMPTS_FAILED_WITH_401} = True</msg>
<status status="PASS" starttime="20200417 14:28:40.573" endtime="20200417 14:28:40.574"></status>
</kw>
<status status="PASS" starttime="20200417 14:28:40.150" endtime="20200417 14:28:40.574"></status>
</kw>
<kw name="Then All Update Responses Must Have Status Code &quot;401-Unauthorized&quot;">
<kw name="Should Be True" library="BuiltIn">
<doc>Fails if the given condition is not true.</doc>
<arguments>
<arg>${ALL_UPDATE_ATTEMPTS_FAILED_WITH_401}</arg>
</arguments>
<status status="PASS" starttime="20200417 14:28:40.577" endtime="20200417 14:28:40.577"></status>
</kw>
<status status="PASS" starttime="20200417 14:28:40.576" endtime="20200417 14:28:40.577"></status>
</kw>
<kw name="Test Teardown" type="teardown">
<kw name="&quot;Registered Postings&quot; Are Read">
<kw name="Make Get Request" library="NoPriviligeUser">
<assign>
<var>${GET_RESPONSE}</var>
</assign>
<msg timestamp="20200417 14:28:40.735" level="INFO">${GET_RESPONSE} = &lt;Response [200]&gt;</msg>
<status status="PASS" starttime="20200417 14:28:40.582" endtime="20200417 14:28:40.735"></status>
</kw>
<kw name="Should Be Equal As Integers" library="BuiltIn">
<doc>Fails if objects are unequal after converting them to integers.</doc>
<arguments>
<arg>${GET_RESPONSE.status_code}</arg>
<arg>200</arg>
</arguments>
<msg timestamp="20200417 14:28:40.736" level="INFO">Argument types are:
&lt;class 'int'&gt;
&lt;type 'unicode'&gt;</msg>
<status status="PASS" starttime="20200417 14:28:40.735" endtime="20200417 14:28:40.736"></status>
</kw>
<kw name="Set Variable" library="BuiltIn">
<doc>Returns the given values which can then be assigned to a variables.</doc>
<arguments>
<arg>${GET_RESPONSE.json()}</arg>
</arguments>
<assign>
<var>@{registered_postings}</var>
</assign>
<msg timestamp="20200417 14:28:40.736" level="INFO">@{registered_postings} = [ {'url': 'https://glacial-earth-31542.herokuapp.com/api/postings/1/', 'id': 1, 'user': 1, 'title': 'My First Posting', 'content': "My First Blog's content", 'timestamp': '2019-12-18T17:06:54.373451+0...</msg>
<status status="PASS" starttime="20200417 14:28:40.736" endtime="20200417 14:28:40.736"></status>
</kw>
<kw name="Set Suite Variable" library="BuiltIn">
<doc>Makes a variable available everywhere within the scope of the current suite.</doc>
<arguments>
<arg>@{REGISTERED_POSTINGS}</arg>
<arg>@{registered_postings}</arg>
</arguments>
<msg timestamp="20200417 14:28:40.738" level="INFO">@{REGISTERED_POSTINGS} = [ {'url': 'https://glacial-earth-31542.herokuapp.com/api/postings/1/', 'id': 1, 'user': 1, 'title': 'My First Posting', 'content': "My First Blog's content", 'timestamp': '2019-12-18T17:06:54.373451+0...</msg>
<status status="PASS" starttime="20200417 14:28:40.737" endtime="20200417 14:28:40.738"></status>
</kw>
<status status="PASS" starttime="20200417 14:28:40.582" endtime="20200417 14:28:40.738"></status>
</kw>
<kw name="Only &quot;Pre-Set Postings&quot; Are Left In The System">
<kw name="Should Be True" library="BuiltIn">
<doc>Fails if the given condition is not true.</doc>
<arguments>
<arg>$REGISTERED_POSTINGS == $PRE_SET_POSTINGS</arg>
</arguments>
<status status="PASS" starttime="20200417 14:28:40.738" endtime="20200417 14:28:40.740"></status>
</kw>
<status status="PASS" starttime="20200417 14:28:40.738" endtime="20200417 14:28:40.740"></status>
</kw>
<status status="PASS" starttime="20200417 14:28:40.581" endtime="20200417 14:28:40.740"></status>
</kw>
<tags>
<tag>CRUD-failure-as-NoPriviligeUser</tag>
<tag>CRUD-operations-as-NoPriviligeUser</tag>
</tags>
<status status="PASS" starttime="20200417 14:28:40.148" endtime="20200417 14:28:40.741" critical="yes"></status>
</test>
<test id="s1-s2-t5" name="Attempting To Delete &quot;Pre-Set Postings&quot; Fails">
<kw name="When &quot;Pre-Set Postings&quot; Are Attempted To Be Deleted">
<kw name="Set Variable" library="BuiltIn">
<doc>Returns the given values which can then be assigned to a variables.</doc>
<arguments>
<arg>${True}</arg>
</arguments>
<assign>
<var>${ALL_DELETE_ATTEMPTS_FAILED_WITH_401}</var>
</assign>
<msg timestamp="20200417 14:28:40.742" level="INFO">${ALL_DELETE_ATTEMPTS_FAILED_WITH_401} = True</msg>
<status status="PASS" starttime="20200417 14:28:40.742" endtime="20200417 14:28:40.742"></status>
</kw>
<kw name="${ptd} IN [ @{PRE_SET_POSTINGS} ]" type="for">
<kw name="${ptd} = {'url': 'https://glacial-earth-31542.herokuapp.com/api/postings/1/', 'id': 1, 'user': 1, 'title': 'My First Posting', 'content': &quot;My First Blog's content&quot;, 'timestamp': '2019-12-18T17:06:54.373451+02:..." type="foritem">
<kw name="Delete Posting">
<arguments>
<arg>posting=${ptd}</arg>
</arguments>
<kw name="Make Delete Request" library="NoPriviligeUser">
<arguments>
<arg>posting=${posting}</arg>
</arguments>
<assign>
<var>${DELETE_RESPONSE}</var>
</assign>
<msg timestamp="20200417 14:28:40.953" level="INFO">${DELETE_RESPONSE} = &lt;Response [401]&gt;</msg>
<status status="PASS" starttime="20200417 14:28:40.743" endtime="20200417 14:28:40.953"></status>
</kw>
<kw name="Set Test Variable" library="BuiltIn">
<doc>Makes a variable available everywhere within the scope of the current test.</doc>
<arguments>
<arg>${DELETE_RESPONSE}</arg>
</arguments>
<msg timestamp="20200417 14:28:40.954" level="INFO">${DELETE_RESPONSE} = &lt;Response [401]&gt;</msg>
<status status="PASS" starttime="20200417 14:28:40.953" endtime="20200417 14:28:40.954"></status>
</kw>
<status status="PASS" starttime="20200417 14:28:40.742" endtime="20200417 14:28:40.954"></status>
</kw>
<kw name="Evaluate" library="BuiltIn">
<doc>Evaluates the given expression in Python and returns the results.</doc>
<arguments>
<arg>$ALL_DELETE_ATTEMPTS_FAILED_WITH_401 and $DELETE_RESPONSE.status_code==401</arg>
</arguments>
<assign>
<var>${ALL_DELETE_ATTEMPTS_FAILED_WITH_401}</var>
</assign>
<msg timestamp="20200417 14:28:40.955" level="INFO">${ALL_DELETE_ATTEMPTS_FAILED_WITH_401} = True</msg>
<status status="PASS" starttime="20200417 14:28:40.954" endtime="20200417 14:28:40.955"></status>
</kw>
<status status="PASS" starttime="20200417 14:28:40.742" endtime="20200417 14:28:40.955"></status>
</kw>
<kw name="${ptd} = {'url': 'https://glacial-earth-31542.herokuapp.com/api/postings/2/', 'id': 2, 'user': 1, 'title': 'My Second Posting', 'content': 'My Second Posting Content', 'timestamp': '2019-12-18T17:07:34.938150+..." type="foritem">
<kw name="Delete Posting">
<arguments>
<arg>posting=${ptd}</arg>
</arguments>
<kw name="Make Delete Request" library="NoPriviligeUser">
<arguments>
<arg>posting=${posting}</arg>
</arguments>
<assign>
<var>${DELETE_RESPONSE}</var>
</assign>
<msg timestamp="20200417 14:28:41.148" level="INFO">${DELETE_RESPONSE} = &lt;Response [401]&gt;</msg>
<status status="PASS" starttime="20200417 14:28:40.956" endtime="20200417 14:28:41.148"></status>
</kw>
<kw name="Set Test Variable" library="BuiltIn">
<doc>Makes a variable available everywhere within the scope of the current test.</doc>
<arguments>
<arg>${DELETE_RESPONSE}</arg>
</arguments>
<msg timestamp="20200417 14:28:41.149" level="INFO">${DELETE_RESPONSE} = &lt;Response [401]&gt;</msg>
<status status="PASS" starttime="20200417 14:28:41.148" endtime="20200417 14:28:41.149"></status>
</kw>
<status status="PASS" starttime="20200417 14:28:40.955" endtime="20200417 14:28:41.149"></status>
</kw>
<kw name="Evaluate" library="BuiltIn">
<doc>Evaluates the given expression in Python and returns the results.</doc>
<arguments>
<arg>$ALL_DELETE_ATTEMPTS_FAILED_WITH_401 and $DELETE_RESPONSE.status_code==401</arg>
</arguments>
<assign>
<var>${ALL_DELETE_ATTEMPTS_FAILED_WITH_401}</var>
</assign>
<msg timestamp="20200417 14:28:41.150" level="INFO">${ALL_DELETE_ATTEMPTS_FAILED_WITH_401} = True</msg>
<status status="PASS" starttime="20200417 14:28:41.149" endtime="20200417 14:28:41.150"></status>
</kw>
<status status="PASS" starttime="20200417 14:28:40.955" endtime="20200417 14:28:41.150"></status>
</kw>
<status status="PASS" starttime="20200417 14:28:40.742" endtime="20200417 14:28:41.150"></status>
</kw>
<kw name="Set Test Variable" library="BuiltIn">
<doc>Makes a variable available everywhere within the scope of the current test.</doc>
<arguments>
<arg>${ALL_DELETE_ATTEMPTS_FAILED_WITH_401}</arg>
</arguments>
<msg timestamp="20200417 14:28:41.150" level="INFO">${ALL_DELETE_ATTEMPTS_FAILED_WITH_401} = True</msg>
<status status="PASS" starttime="20200417 14:28:41.150" endtime="20200417 14:28:41.151"></status>
</kw>
<status status="PASS" starttime="20200417 14:28:40.741" endtime="20200417 14:28:41.151"></status>
</kw>
<kw name="Then All Delete Responses Must Have Status Code &quot;401-Unauthorized&quot;">
<kw name="Should Be True" library="BuiltIn">
<doc>Fails if the given condition is not true.</doc>
<arguments>
<arg>${ALL_DELETE_ATTEMPTS_FAILED_WITH_401}</arg>
</arguments>
<status status="PASS" starttime="20200417 14:28:41.153" endtime="20200417 14:28:41.153"></status>
</kw>
<status status="PASS" starttime="20200417 14:28:41.153" endtime="20200417 14:28:41.153"></status>
</kw>
<kw name="Test Teardown" type="teardown">
<kw name="&quot;Registered Postings&quot; Are Read">
<kw name="Make Get Request" library="NoPriviligeUser">
<assign>
<var>${GET_RESPONSE}</var>
</assign>
<msg timestamp="20200417 14:28:41.295" level="INFO">${GET_RESPONSE} = &lt;Response [200]&gt;</msg>
<status status="PASS" starttime="20200417 14:28:41.154" endtime="20200417 14:28:41.295"></status>
</kw>
<kw name="Should Be Equal As Integers" library="BuiltIn">
<doc>Fails if objects are unequal after converting them to integers.</doc>
<arguments>
<arg>${GET_RESPONSE.status_code}</arg>
<arg>200</arg>
</arguments>
<msg timestamp="20200417 14:28:41.295" level="INFO">Argument types are:
&lt;class 'int'&gt;
&lt;type 'unicode'&gt;</msg>
<status status="PASS" starttime="20200417 14:28:41.295" endtime="20200417 14:28:41.295"></status>
</kw>
<kw name="Set Variable" library="BuiltIn">
<doc>Returns the given values which can then be assigned to a variables.</doc>
<arguments>
<arg>${GET_RESPONSE.json()}</arg>
</arguments>
<assign>
<var>@{registered_postings}</var>
</assign>
<msg timestamp="20200417 14:28:41.296" level="INFO">@{registered_postings} = [ {'url': 'https://glacial-earth-31542.herokuapp.com/api/postings/1/', 'id': 1, 'user': 1, 'title': 'My First Posting', 'content': "My First Blog's content", 'timestamp': '2019-12-18T17:06:54.373451+0...</msg>
<status status="PASS" starttime="20200417 14:28:41.295" endtime="20200417 14:28:41.296"></status>
</kw>
<kw name="Set Suite Variable" library="BuiltIn">
<doc>Makes a variable available everywhere within the scope of the current suite.</doc>
<arguments>
<arg>@{REGISTERED_POSTINGS}</arg>
<arg>@{registered_postings}</arg>
</arguments>
<msg timestamp="20200417 14:28:41.296" level="INFO">@{REGISTERED_POSTINGS} = [ {'url': 'https://glacial-earth-31542.herokuapp.com/api/postings/1/', 'id': 1, 'user': 1, 'title': 'My First Posting', 'content': "My First Blog's content", 'timestamp': '2019-12-18T17:06:54.373451+0...</msg>
<status status="PASS" starttime="20200417 14:28:41.296" endtime="20200417 14:28:41.296"></status>
</kw>
<status status="PASS" starttime="20200417 14:28:41.154" endtime="20200417 14:28:41.296"></status>
</kw>
<kw name="Only &quot;Pre-Set Postings&quot; Are Left In The System">
<kw name="Should Be True" library="BuiltIn">
<doc>Fails if the given condition is not true.</doc>
<arguments>
<arg>$REGISTERED_POSTINGS == $PRE_SET_POSTINGS</arg>
</arguments>
<status status="PASS" starttime="20200417 14:28:41.297" endtime="20200417 14:28:41.298"></status>
</kw>
<status status="PASS" starttime="20200417 14:28:41.296" endtime="20200417 14:28:41.298"></status>
</kw>
<status status="PASS" starttime="20200417 14:28:41.154" endtime="20200417 14:28:41.298"></status>
</kw>
<tags>
<tag>CRUD-failure-as-NoPriviligeUser</tag>
<tag>CRUD-operations-as-NoPriviligeUser</tag>
</tags>
<status status="PASS" starttime="20200417 14:28:40.741" endtime="20200417 14:28:41.298" critical="yes"></status>
</test>
<test id="s1-s2-t6" name="Attempting To Read Postings with Invalid URI Fails">
<kw name="When Bad Read Request Is Made With Invalid URI">
<kw name="Make Bad Get Request" library="NoPriviligeUser">
<assign>
<var>${GET_RESPONSE}</var>
</assign>
<msg timestamp="20200417 14:28:41.452" level="INFO">${GET_RESPONSE} = &lt;Response [404]&gt;</msg>
<status status="PASS" starttime="20200417 14:28:41.299" endtime="20200417 14:28:41.452"></status>
</kw>
<kw name="Set Test Variable" library="BuiltIn">
<doc>Makes a variable available everywhere within the scope of the current test.</doc>
<arguments>
<arg>${GET_RESPONSE}</arg>
</arguments>
<msg timestamp="20200417 14:28:41.452" level="INFO">${GET_RESPONSE} = &lt;Response [404]&gt;</msg>
<status status="PASS" starttime="20200417 14:28:41.452" endtime="20200417 14:28:41.452"></status>
</kw>
<status status="PASS" starttime="20200417 14:28:41.299" endtime="20200417 14:28:41.453"></status>
</kw>
<kw name="Then Read Response Should Be &quot;404-Not Found&quot;">
<kw name="Should Be True" library="BuiltIn">
<doc>Fails if the given condition is not true.</doc>
<arguments>
<arg>$GET_RESPONSE.status_code == 404</arg>
</arguments>
<status status="PASS" starttime="20200417 14:28:41.454" endtime="20200417 14:28:41.455"></status>
</kw>
<status status="PASS" starttime="20200417 14:28:41.453" endtime="20200417 14:28:41.455"></status>
</kw>
<kw name="Test Teardown" type="teardown">
<kw name="&quot;Registered Postings&quot; Are Read">
<kw name="Make Get Request" library="NoPriviligeUser">
<assign>
<var>${GET_RESPONSE}</var>
</assign>
<msg timestamp="20200417 14:28:41.598" level="INFO">${GET_RESPONSE} = &lt;Response [200]&gt;</msg>
<status status="PASS" starttime="20200417 14:28:41.456" endtime="20200417 14:28:41.598"></status>
</kw>
<kw name="Should Be Equal As Integers" library="BuiltIn">
<doc>Fails if objects are unequal after converting them to integers.</doc>
<arguments>
<arg>${GET_RESPONSE.status_code}</arg>
<arg>200</arg>
</arguments>
<msg timestamp="20200417 14:28:41.598" level="INFO">Argument types are:
&lt;class 'int'&gt;
&lt;type 'unicode'&gt;</msg>
<status status="PASS" starttime="20200417 14:28:41.598" endtime="20200417 14:28:41.599"></status>
</kw>
<kw name="Set Variable" library="BuiltIn">
<doc>Returns the given values which can then be assigned to a variables.</doc>
<arguments>
<arg>${GET_RESPONSE.json()}</arg>
</arguments>
<assign>
<var>@{registered_postings}</var>
</assign>
<msg timestamp="20200417 14:28:41.599" level="INFO">@{registered_postings} = [ {'url': 'https://glacial-earth-31542.herokuapp.com/api/postings/1/', 'id': 1, 'user': 1, 'title': 'My First Posting', 'content': "My First Blog's content", 'timestamp': '2019-12-18T17:06:54.373451+0...</msg>
<status status="PASS" starttime="20200417 14:28:41.599" endtime="20200417 14:28:41.599"></status>
</kw>
<kw name="Set Suite Variable" library="BuiltIn">
<doc>Makes a variable available everywhere within the scope of the current suite.</doc>
<arguments>
<arg>@{REGISTERED_POSTINGS}</arg>
<arg>@{registered_postings}</arg>
</arguments>
<msg timestamp="20200417 14:28:41.600" level="INFO">@{REGISTERED_POSTINGS} = [ {'url': 'https://glacial-earth-31542.herokuapp.com/api/postings/1/', 'id': 1, 'user': 1, 'title': 'My First Posting', 'content': "My First Blog's content", 'timestamp': '2019-12-18T17:06:54.373451+0...</msg>
<status status="PASS" starttime="20200417 14:28:41.599" endtime="20200417 14:28:41.600"></status>
</kw>
<status status="PASS" starttime="20200417 14:28:41.456" endtime="20200417 14:28:41.600"></status>
</kw>
<kw name="Only &quot;Pre-Set Postings&quot; Are Left In The System">
<kw name="Should Be True" library="BuiltIn">
<doc>Fails if the given condition is not true.</doc>
<arguments>
<arg>$REGISTERED_POSTINGS == $PRE_SET_POSTINGS</arg>
</arguments>
<status status="PASS" starttime="20200417 14:28:41.601" endtime="20200417 14:28:41.602"></status>
</kw>
<status status="PASS" starttime="20200417 14:28:41.600" endtime="20200417 14:28:41.603"></status>
</kw>
<status status="PASS" starttime="20200417 14:28:41.455" endtime="20200417 14:28:41.603"></status>
</kw>
<tags>
<tag>CRUD-failure-as-NoPriviligeUser</tag>
<tag>CRUD-operations-as-NoPriviligeUser</tag>
</tags>
<status status="PASS" starttime="20200417 14:28:41.298" endtime="20200417 14:28:41.603" critical="yes"></status>
</test>
<doc>This test suite uses NoPriviligeUser's request headers to test BlogPostAPI.
For a NoPriviligeUser, BlogPostAPI provides GET methods
as well as OPTIONS method. Note that POST,PUT and DELETE methods are not supported.
Therefore, we can not make Create nor we cannot Delete as NoPriviligeUser.
In any way, to be %100 sure that sytem remains
intact, we use AdminUser's rights to Delete "Target Postings" in Test Teardown.
The URL of the API is:
https://glacial-earth-31542.herokuapp.com/api/postings/</doc>
<metadata>
<item name="OS">Linux</item>
<item name="Version">1.0</item>
</metadata>
<status status="PASS" starttime="20200417 14:28:37.784" endtime="20200417 14:28:41.603"></status>
</suite>
<status status="FAIL" starttime="20200417 14:27:47.839" endtime="20200417 14:28:41.611"></status>
</suite>
<statistics>
<total>
<stat pass="21" fail="1">Critical Tests</stat>
<stat pass="21" fail="1">All Tests</stat>
</total>
<tag>
<stat pass="5" fail="1">CRUD-failure-as-admin</stat>
<stat pass="4" fail="0">CRUD-failure-as-NoPriviligeUser</stat>
<stat pass="13" fail="1">CRUD-operations-as-admin</stat>
<stat pass="4" fail="0">CRUD-operations-as-NoPriviligeUser</stat>
<stat pass="8" fail="0">CRUD-success-as-admin</stat>
<stat pass="2" fail="0">smoke-as-admin</stat>
<stat pass="2" fail="0">smoke-as-NoPriviligeUser</stat>
</tag>
<suite>
<stat pass="21" fail="1" id="s1" name="BlogPostApiTestsAsAdmin &amp; BlogPostApiTestsAsNoPriviligeUser">BlogPostApiTestsAsAdmin &amp; BlogPostApiTestsAsNoPriviligeUser</stat>
<stat pass="15" fail="1" id="s1-s1" name="BlogPostApiTestsAsAdmin">BlogPostApiTestsAsAdmin &amp; BlogPostApiTestsAsNoPriviligeUser.BlogPostApiTestsAsAdmin</stat>
<stat pass="6" fail="0" id="s1-s2" name="BlogPostApiTestsAsNoPriviligeUser">BlogPostApiTestsAsAdmin &amp; BlogPostApiTestsAsNoPriviligeUser.BlogPostApiTestsAsNoPriviligeUser</stat>
</suite>
</statistics>
<errors>
</errors>
</robot>
