<?xml version="1.0" encoding="UTF-8"?>
<robot generator="Robot 3.1.2 (Python 3.7.4 on linux)" generated="20200414 15:01:37.126" rpa="false">
<suite id="s1" name="BlogPostApiTestsAsAdmin &amp; BlogPostApiTestsAsNoPriviligeUser">
<suite id="s1-s1" name="BlogPostApiTestsAsAdmin" source="/home/hakan/Python/Robot/python-requests-module-tests/Tests/BlogPostApiTestsAsAdmin.robot">
<kw name="Suite Setup" type="setup">
<kw name="Set Variable" library="BuiltIn">
<doc>Returns the given values which can then be assigned to a variables.</doc>
<arguments>
<arg>${ADMIN}[EXPECTED_API_SPEC][actions][POST]</arg>
</arguments>
<assign>
<var>${posting_spec}</var>
</assign>
<msg timestamp="20200414 15:01:38.761" level="INFO">${posting_spec} = {'url': {'type': 'field', 'required': False, 'read_only': True, 'label': 'Url'}, 'id': {'type': 'integer', 'required': False, 'read_only': True, 'label': 'ID'}, 'user': {'type': 'field', 'required': F...</msg>
<status status="PASS" starttime="20200414 15:01:38.760" endtime="20200414 15:01:38.761"></status>
</kw>
<kw name="Set Suite Variable" library="BuiltIn">
<doc>Makes a variable available everywhere within the scope of the current suite.</doc>
<arguments>
<arg>${POSTING_SPEC}</arg>
<arg>${posting_spec}</arg>
</arguments>
<msg timestamp="20200414 15:01:38.763" level="INFO">${POSTING_SPEC} = {'url': {'type': 'field', 'required': False, 'read_only': True, 'label': 'Url'}, 'id': {'type': 'integer', 'required': False, 'read_only': True, 'label': 'ID'}, 'user': {'type': 'field', 'required': F...</msg>
<status status="PASS" starttime="20200414 15:01:38.761" endtime="20200414 15:01:38.763"></status>
</kw>
<status status="PASS" starttime="20200414 15:01:38.760" endtime="20200414 15:01:38.763"></status>
</kw>
<test id="s1-s1-t1" name="Checking BlogPostAPI specification">
<kw name="Test Setup" type="setup">
<kw name="&quot;Pre-Set Postings&quot; Are Cached">
<kw name="&quot;Registered Postings&quot; Are Read">
<kw name="Make Get Request" library="AdminUser">
<assign>
<var>${GET_RESPONSE}</var>
</assign>
<msg timestamp="20200414 15:01:40.336" level="INFO">${GET_RESPONSE} = &lt;Response [200]&gt;</msg>
<status status="PASS" starttime="20200414 15:01:38.766" endtime="20200414 15:01:40.336"></status>
</kw>
<kw name="Should Be Equal As Integers" library="BuiltIn">
<doc>Fails if objects are unequal after converting them to integers.</doc>
<arguments>
<arg>${GET_RESPONSE.status_code}</arg>
<arg>200</arg>
</arguments>
<msg timestamp="20200414 15:01:40.337" level="INFO">Argument types are:
&lt;class 'int'&gt;
&lt;type 'unicode'&gt;</msg>
<status status="PASS" starttime="20200414 15:01:40.336" endtime="20200414 15:01:40.337"></status>
</kw>
<kw name="Set Variable" library="BuiltIn">
<doc>Returns the given values which can then be assigned to a variables.</doc>
<arguments>
<arg>${GET_RESPONSE.json()}</arg>
</arguments>
<assign>
<var>@{registered_postings}</var>
</assign>
<msg timestamp="20200414 15:01:40.338" level="INFO">@{registered_postings} = [ {'url': 'https://glacial-earth-31542.herokuapp.com/api/postings/1/', 'id': 1, 'user': 1, 'title': 'My First Posting', 'content': "My First Blog's content", 'timestamp': '2019-12-18T17:06:54.373451+0...</msg>
<status status="PASS" starttime="20200414 15:01:40.337" endtime="20200414 15:01:40.339"></status>
</kw>
<kw name="Set Suite Variable" library="BuiltIn">
<doc>Makes a variable available everywhere within the scope of the current suite.</doc>
<arguments>
<arg>@{REGISTERED_POSTINGS}</arg>
<arg>@{registered_postings}</arg>
</arguments>
<msg timestamp="20200414 15:01:40.340" level="INFO">@{REGISTERED_POSTINGS} = [ {'url': 'https://glacial-earth-31542.herokuapp.com/api/postings/1/', 'id': 1, 'user': 1, 'title': 'My First Posting', 'content': "My First Blog's content", 'timestamp': '2019-12-18T17:06:54.373451+0...</msg>
<status status="PASS" starttime="20200414 15:01:40.339" endtime="20200414 15:01:40.340"></status>
</kw>
<status status="PASS" starttime="20200414 15:01:38.765" endtime="20200414 15:01:40.340"></status>
</kw>
<kw name="Set Suite Variable" library="BuiltIn">
<doc>Makes a variable available everywhere within the scope of the current suite.</doc>
<arguments>
<arg>@{PRE_SET_POSTINGS}</arg>
<arg>@{REGISTERED_POSTINGS}</arg>
</arguments>
<msg timestamp="20200414 15:01:40.341" level="INFO">@{PRE_SET_POSTINGS} = [ {'url': 'https://glacial-earth-31542.herokuapp.com/api/postings/1/', 'id': 1, 'user': 1, 'title': 'My First Posting', 'content': "My First Blog's content", 'timestamp': '2019-12-18T17:06:54.373451+0...</msg>
<status status="PASS" starttime="20200414 15:01:40.340" endtime="20200414 15:01:40.341"></status>
</kw>
<status status="PASS" starttime="20200414 15:01:38.765" endtime="20200414 15:01:40.342"></status>
</kw>
<kw name="Set Suite Variable" library="BuiltIn">
<doc>Makes a variable available everywhere within the scope of the current suite.</doc>
<arguments>
<arg>${RANDOM_TARGET_POSTING}</arg>
<arg>${None}</arg>
</arguments>
<msg timestamp="20200414 15:01:40.343" level="INFO">${RANDOM_TARGET_POSTING} = None</msg>
<status status="PASS" starttime="20200414 15:01:40.342" endtime="20200414 15:01:40.343"></status>
</kw>
<status status="PASS" starttime="20200414 15:01:38.765" endtime="20200414 15:01:40.343"></status>
</kw>
<kw name="When BlogPostAPI Specification Is Queried">
<kw name="Make Options Request" library="AdminUser">
<assign>
<var>${OPTIONS_RESPONSE}</var>
</assign>
<msg timestamp="20200414 15:01:40.540" level="INFO">${OPTIONS_RESPONSE} = &lt;Response [200]&gt;</msg>
<status status="PASS" starttime="20200414 15:01:40.345" endtime="20200414 15:01:40.540"></status>
</kw>
<kw name="Set Test Variable" library="BuiltIn">
<doc>Makes a variable available everywhere within the scope of the current test.</doc>
<arguments>
<arg>${OPTIONS_RESPONSE}</arg>
</arguments>
<msg timestamp="20200414 15:01:40.541" level="INFO">${OPTIONS_RESPONSE} = &lt;Response [200]&gt;</msg>
<status status="PASS" starttime="20200414 15:01:40.541" endtime="20200414 15:01:40.541"></status>
</kw>
<status status="PASS" starttime="20200414 15:01:40.344" endtime="20200414 15:01:40.541"></status>
</kw>
<kw name="Then BlogPostAPI Specification Is Correct">
<kw name="Verify Options Response" library="AdminUser">
<arguments>
<arg>options_response=${OPTIONS_RESPONSE}</arg>
</arguments>
<status status="PASS" starttime="20200414 15:01:40.542" endtime="20200414 15:01:40.543"></status>
</kw>
<status status="PASS" starttime="20200414 15:01:40.542" endtime="20200414 15:01:40.543"></status>
</kw>
<kw name="Test Teardown" type="teardown">
<kw name="Delete Every Posting Except &quot;Pre-Set Postings&quot;">
<kw name="&quot;Registered Postings&quot; Are Read">
<kw name="Make Get Request" library="AdminUser">
<assign>
<var>${GET_RESPONSE}</var>
</assign>
<msg timestamp="20200414 15:01:40.745" level="INFO">${GET_RESPONSE} = &lt;Response [200]&gt;</msg>
<status status="PASS" starttime="20200414 15:01:40.545" endtime="20200414 15:01:40.745"></status>
</kw>
<kw name="Should Be Equal As Integers" library="BuiltIn">
<doc>Fails if objects are unequal after converting them to integers.</doc>
<arguments>
<arg>${GET_RESPONSE.status_code}</arg>
<arg>200</arg>
</arguments>
<msg timestamp="20200414 15:01:40.746" level="INFO">Argument types are:
&lt;class 'int'&gt;
&lt;type 'unicode'&gt;</msg>
<status status="PASS" starttime="20200414 15:01:40.746" endtime="20200414 15:01:40.747"></status>
</kw>
<kw name="Set Variable" library="BuiltIn">
<doc>Returns the given values which can then be assigned to a variables.</doc>
<arguments>
<arg>${GET_RESPONSE.json()}</arg>
</arguments>
<assign>
<var>@{registered_postings}</var>
</assign>
<msg timestamp="20200414 15:01:40.748" level="INFO">@{registered_postings} = [ {'url': 'https://glacial-earth-31542.herokuapp.com/api/postings/1/', 'id': 1, 'user': 1, 'title': 'My First Posting', 'content': "My First Blog's content", 'timestamp': '2019-12-18T17:06:54.373451+0...</msg>
<status status="PASS" starttime="20200414 15:01:40.747" endtime="20200414 15:01:40.748"></status>
</kw>
<kw name="Set Suite Variable" library="BuiltIn">
<doc>Makes a variable available everywhere within the scope of the current suite.</doc>
<arguments>
<arg>@{REGISTERED_POSTINGS}</arg>
<arg>@{registered_postings}</arg>
</arguments>
<msg timestamp="20200414 15:01:40.755" level="INFO">@{REGISTERED_POSTINGS} = [ {'url': 'https://glacial-earth-31542.herokuapp.com/api/postings/1/', 'id': 1, 'user': 1, 'title': 'My First Posting', 'content': "My First Blog's content", 'timestamp': '2019-12-18T17:06:54.373451+0...</msg>
<status status="PASS" starttime="20200414 15:01:40.748" endtime="20200414 15:01:40.755"></status>
</kw>
<status status="PASS" starttime="20200414 15:01:40.544" endtime="20200414 15:01:40.756"></status>
</kw>
<kw name="Delete Postings" library="Utilities">
<arguments>
<arg>candidate_postings_to_delete=${REGISTERED_POSTINGS}</arg>
<arg>postings_to_skip=${PRE_SET_POSTINGS}</arg>
</arguments>
<status status="PASS" starttime="20200414 15:01:40.756" endtime="20200414 15:01:40.757"></status>
</kw>
<status status="PASS" starttime="20200414 15:01:40.544" endtime="20200414 15:01:40.757"></status>
</kw>
<kw name="&quot;Registered Postings&quot; Are Read">
<kw name="Make Get Request" library="AdminUser">
<assign>
<var>${GET_RESPONSE}</var>
</assign>
<msg timestamp="20200414 15:01:40.909" level="INFO">${GET_RESPONSE} = &lt;Response [200]&gt;</msg>
<status status="PASS" starttime="20200414 15:01:40.758" endtime="20200414 15:01:40.909"></status>
</kw>
<kw name="Should Be Equal As Integers" library="BuiltIn">
<doc>Fails if objects are unequal after converting them to integers.</doc>
<arguments>
<arg>${GET_RESPONSE.status_code}</arg>
<arg>200</arg>
</arguments>
<msg timestamp="20200414 15:01:40.911" level="INFO">Argument types are:
&lt;class 'int'&gt;
&lt;type 'unicode'&gt;</msg>
<status status="PASS" starttime="20200414 15:01:40.910" endtime="20200414 15:01:40.911"></status>
</kw>
<kw name="Set Variable" library="BuiltIn">
<doc>Returns the given values which can then be assigned to a variables.</doc>
<arguments>
<arg>${GET_RESPONSE.json()}</arg>
</arguments>
<assign>
<var>@{registered_postings}</var>
</assign>
<msg timestamp="20200414 15:01:40.912" level="INFO">@{registered_postings} = [ {'url': 'https://glacial-earth-31542.herokuapp.com/api/postings/1/', 'id': 1, 'user': 1, 'title': 'My First Posting', 'content': "My First Blog's content", 'timestamp': '2019-12-18T17:06:54.373451+0...</msg>
<status status="PASS" starttime="20200414 15:01:40.911" endtime="20200414 15:01:40.912"></status>
</kw>
<kw name="Set Suite Variable" library="BuiltIn">
<doc>Makes a variable available everywhere within the scope of the current suite.</doc>
<arguments>
<arg>@{REGISTERED_POSTINGS}</arg>
<arg>@{registered_postings}</arg>
</arguments>
<msg timestamp="20200414 15:01:40.915" level="INFO">@{REGISTERED_POSTINGS} = [ {'url': 'https://glacial-earth-31542.herokuapp.com/api/postings/1/', 'id': 1, 'user': 1, 'title': 'My First Posting', 'content': "My First Blog's content", 'timestamp': '2019-12-18T17:06:54.373451+0...</msg>
<status status="PASS" starttime="20200414 15:01:40.913" endtime="20200414 15:01:40.915"></status>
</kw>
<status status="PASS" starttime="20200414 15:01:40.758" endtime="20200414 15:01:40.915"></status>
</kw>
<kw name="Only &quot;Pre-Set Postings&quot; Are Left In The System">
<kw name="Should Be True" library="BuiltIn">
<doc>Fails if the given condition is not true.</doc>
<arguments>
<arg>$REGISTERED_POSTINGS == $PRE_SET_POSTINGS</arg>
</arguments>
<status status="PASS" starttime="20200414 15:01:40.916" endtime="20200414 15:01:40.930"></status>
</kw>
<status status="PASS" starttime="20200414 15:01:40.915" endtime="20200414 15:01:40.930"></status>
</kw>
<kw name="Set Suite Variable" library="BuiltIn">
<doc>Makes a variable available everywhere within the scope of the current suite.</doc>
<arguments>
<arg>${RANDOM_TARGET_POSTING}</arg>
<arg>${None}</arg>
</arguments>
<msg timestamp="20200414 15:01:40.931" level="INFO">${RANDOM_TARGET_POSTING} = None</msg>
<status status="PASS" starttime="20200414 15:01:40.930" endtime="20200414 15:01:40.931"></status>
</kw>
<status status="PASS" starttime="20200414 15:01:40.544" endtime="20200414 15:01:40.931"></status>
</kw>
<tags>
<tag>smoke-as-admin</tag>
</tags>
<status status="PASS" starttime="20200414 15:01:38.764" endtime="20200414 15:01:40.932" critical="yes"></status>
</test>
<test id="s1-s1-t2" name="Querying &amp; Verifying Pre-Set Postings">
<kw name="Test Setup" type="setup">
<kw name="&quot;Pre-Set Postings&quot; Are Cached">
<kw name="&quot;Registered Postings&quot; Are Read">
<kw name="Make Get Request" library="AdminUser">
<assign>
<var>${GET_RESPONSE}</var>
</assign>
<msg timestamp="20200414 15:01:41.155" level="INFO">${GET_RESPONSE} = &lt;Response [200]&gt;</msg>
<status status="PASS" starttime="20200414 15:01:40.939" endtime="20200414 15:01:41.155"></status>
</kw>
<kw name="Should Be Equal As Integers" library="BuiltIn">
<doc>Fails if objects are unequal after converting them to integers.</doc>
<arguments>
<arg>${GET_RESPONSE.status_code}</arg>
<arg>200</arg>
</arguments>
<msg timestamp="20200414 15:01:41.156" level="INFO">Argument types are:
&lt;class 'int'&gt;
&lt;type 'unicode'&gt;</msg>
<status status="PASS" starttime="20200414 15:01:41.155" endtime="20200414 15:01:41.156"></status>
</kw>
<kw name="Set Variable" library="BuiltIn">
<doc>Returns the given values which can then be assigned to a variables.</doc>
<arguments>
<arg>${GET_RESPONSE.json()}</arg>
</arguments>
<assign>
<var>@{registered_postings}</var>
</assign>
<msg timestamp="20200414 15:01:41.157" level="INFO">@{registered_postings} = [ {'url': 'https://glacial-earth-31542.herokuapp.com/api/postings/1/', 'id': 1, 'user': 1, 'title': 'My First Posting', 'content': "My First Blog's content", 'timestamp': '2019-12-18T17:06:54.373451+0...</msg>
<status status="PASS" starttime="20200414 15:01:41.156" endtime="20200414 15:01:41.157"></status>
</kw>
<kw name="Set Suite Variable" library="BuiltIn">
<doc>Makes a variable available everywhere within the scope of the current suite.</doc>
<arguments>
<arg>@{REGISTERED_POSTINGS}</arg>
<arg>@{registered_postings}</arg>
</arguments>
<msg timestamp="20200414 15:01:41.159" level="INFO">@{REGISTERED_POSTINGS} = [ {'url': 'https://glacial-earth-31542.herokuapp.com/api/postings/1/', 'id': 1, 'user': 1, 'title': 'My First Posting', 'content': "My First Blog's content", 'timestamp': '2019-12-18T17:06:54.373451+0...</msg>
<status status="PASS" starttime="20200414 15:01:41.158" endtime="20200414 15:01:41.159"></status>
</kw>
<status status="PASS" starttime="20200414 15:01:40.938" endtime="20200414 15:01:41.159"></status>
</kw>
<kw name="Set Suite Variable" library="BuiltIn">
<doc>Makes a variable available everywhere within the scope of the current suite.</doc>
<arguments>
<arg>@{PRE_SET_POSTINGS}</arg>
<arg>@{REGISTERED_POSTINGS}</arg>
</arguments>
<msg timestamp="20200414 15:01:41.160" level="INFO">@{PRE_SET_POSTINGS} = [ {'url': 'https://glacial-earth-31542.herokuapp.com/api/postings/1/', 'id': 1, 'user': 1, 'title': 'My First Posting', 'content': "My First Blog's content", 'timestamp': '2019-12-18T17:06:54.373451+0...</msg>
<status status="PASS" starttime="20200414 15:01:41.159" endtime="20200414 15:01:41.160"></status>
</kw>
<status status="PASS" starttime="20200414 15:01:40.938" endtime="20200414 15:01:41.161"></status>
</kw>
<kw name="Set Suite Variable" library="BuiltIn">
<doc>Makes a variable available everywhere within the scope of the current suite.</doc>
<arguments>
<arg>${RANDOM_TARGET_POSTING}</arg>
<arg>${None}</arg>
</arguments>
<msg timestamp="20200414 15:01:41.162" level="INFO">${RANDOM_TARGET_POSTING} = None</msg>
<status status="PASS" starttime="20200414 15:01:41.161" endtime="20200414 15:01:41.162"></status>
</kw>
<status status="PASS" starttime="20200414 15:01:40.937" endtime="20200414 15:01:41.162"></status>
</kw>
<kw name="When &quot;Registered Postings&quot; Are Read">
<kw name="Make Get Request" library="AdminUser">
<assign>
<var>${GET_RESPONSE}</var>
</assign>
<msg timestamp="20200414 15:01:41.359" level="INFO">${GET_RESPONSE} = &lt;Response [200]&gt;</msg>
<status status="PASS" starttime="20200414 15:01:41.169" endtime="20200414 15:01:41.359"></status>
</kw>
<kw name="Should Be Equal As Integers" library="BuiltIn">
<doc>Fails if objects are unequal after converting them to integers.</doc>
<arguments>
<arg>${GET_RESPONSE.status_code}</arg>
<arg>200</arg>
</arguments>
<msg timestamp="20200414 15:01:41.360" level="INFO">Argument types are:
&lt;class 'int'&gt;
&lt;type 'unicode'&gt;</msg>
<status status="PASS" starttime="20200414 15:01:41.359" endtime="20200414 15:01:41.360"></status>
</kw>
<kw name="Set Variable" library="BuiltIn">
<doc>Returns the given values which can then be assigned to a variables.</doc>
<arguments>
<arg>${GET_RESPONSE.json()}</arg>
</arguments>
<assign>
<var>@{registered_postings}</var>
</assign>
<msg timestamp="20200414 15:01:41.361" level="INFO">@{registered_postings} = [ {'url': 'https://glacial-earth-31542.herokuapp.com/api/postings/1/', 'id': 1, 'user': 1, 'title': 'My First Posting', 'content': "My First Blog's content", 'timestamp': '2019-12-18T17:06:54.373451+0...</msg>
<status status="PASS" starttime="20200414 15:01:41.360" endtime="20200414 15:01:41.361"></status>
</kw>
<kw name="Set Suite Variable" library="BuiltIn">
<doc>Makes a variable available everywhere within the scope of the current suite.</doc>
<arguments>
<arg>@{REGISTERED_POSTINGS}</arg>
<arg>@{registered_postings}</arg>
</arguments>
<msg timestamp="20200414 15:01:41.361" level="INFO">@{REGISTERED_POSTINGS} = [ {'url': 'https://glacial-earth-31542.herokuapp.com/api/postings/1/', 'id': 1, 'user': 1, 'title': 'My First Posting', 'content': "My First Blog's content", 'timestamp': '2019-12-18T17:06:54.373451+0...</msg>
<status status="PASS" starttime="20200414 15:01:41.361" endtime="20200414 15:01:41.362"></status>
</kw>
<status status="PASS" starttime="20200414 15:01:41.163" endtime="20200414 15:01:41.362"></status>
</kw>
<kw name="Then &quot;Registered Postings&quot; Must Comply With &quot;Posting Spec&quot;" library="CommonResource">
<kw name="Verify All Postings" library="Utilities">
<doc>:param postings_to_verify: a list of postings, where each posting needs to be verified against posting_spec
:param posting_spec: a dict containing keys, which map to posting fields
:return: None</doc>
<arguments>
<arg>postings_to_verify=${REGISTERED_POSTINGS}</arg>
<arg>posting_spec=${POSTING_SPEC}</arg>
</arguments>
<status status="PASS" starttime="20200414 15:01:41.364" endtime="20200414 15:01:41.364"></status>
</kw>
<status status="PASS" starttime="20200414 15:01:41.363" endtime="20200414 15:01:41.364"></status>
</kw>
<kw name="Test Teardown" type="teardown">
<kw name="Delete Every Posting Except &quot;Pre-Set Postings&quot;">
<kw name="&quot;Registered Postings&quot; Are Read">
<kw name="Make Get Request" library="AdminUser">
<assign>
<var>${GET_RESPONSE}</var>
</assign>
<msg timestamp="20200414 15:01:41.566" level="INFO">${GET_RESPONSE} = &lt;Response [200]&gt;</msg>
<status status="PASS" starttime="20200414 15:01:41.366" endtime="20200414 15:01:41.566"></status>
</kw>
<kw name="Should Be Equal As Integers" library="BuiltIn">
<doc>Fails if objects are unequal after converting them to integers.</doc>
<arguments>
<arg>${GET_RESPONSE.status_code}</arg>
<arg>200</arg>
</arguments>
<msg timestamp="20200414 15:01:41.567" level="INFO">Argument types are:
&lt;class 'int'&gt;
&lt;type 'unicode'&gt;</msg>
<status status="PASS" starttime="20200414 15:01:41.566" endtime="20200414 15:01:41.567"></status>
</kw>
<kw name="Set Variable" library="BuiltIn">
<doc>Returns the given values which can then be assigned to a variables.</doc>
<arguments>
<arg>${GET_RESPONSE.json()}</arg>
</arguments>
<assign>
<var>@{registered_postings}</var>
</assign>
<msg timestamp="20200414 15:01:41.568" level="INFO">@{registered_postings} = [ {'url': 'https://glacial-earth-31542.herokuapp.com/api/postings/1/', 'id': 1, 'user': 1, 'title': 'My First Posting', 'content': "My First Blog's content", 'timestamp': '2019-12-18T17:06:54.373451+0...</msg>
<status status="PASS" starttime="20200414 15:01:41.567" endtime="20200414 15:01:41.568"></status>
</kw>
<kw name="Set Suite Variable" library="BuiltIn">
<doc>Makes a variable available everywhere within the scope of the current suite.</doc>
<arguments>
<arg>@{REGISTERED_POSTINGS}</arg>
<arg>@{registered_postings}</arg>
</arguments>
<msg timestamp="20200414 15:01:41.569" level="INFO">@{REGISTERED_POSTINGS} = [ {'url': 'https://glacial-earth-31542.herokuapp.com/api/postings/1/', 'id': 1, 'user': 1, 'title': 'My First Posting', 'content': "My First Blog's content", 'timestamp': '2019-12-18T17:06:54.373451+0...</msg>
<status status="PASS" starttime="20200414 15:01:41.568" endtime="20200414 15:01:41.570"></status>
</kw>
<status status="PASS" starttime="20200414 15:01:41.365" endtime="20200414 15:01:41.570"></status>
</kw>
<kw name="Delete Postings" library="Utilities">
<arguments>
<arg>candidate_postings_to_delete=${REGISTERED_POSTINGS}</arg>
<arg>postings_to_skip=${PRE_SET_POSTINGS}</arg>
</arguments>
<status status="PASS" starttime="20200414 15:01:41.573" endtime="20200414 15:01:41.574"></status>
</kw>
<status status="PASS" starttime="20200414 15:01:41.365" endtime="20200414 15:01:41.574"></status>
</kw>
<kw name="&quot;Registered Postings&quot; Are Read">
<kw name="Make Get Request" library="AdminUser">
<assign>
<var>${GET_RESPONSE}</var>
</assign>
<msg timestamp="20200414 15:01:41.768" level="INFO">${GET_RESPONSE} = &lt;Response [200]&gt;</msg>
<status status="PASS" starttime="20200414 15:01:41.574" endtime="20200414 15:01:41.768"></status>
</kw>
<kw name="Should Be Equal As Integers" library="BuiltIn">
<doc>Fails if objects are unequal after converting them to integers.</doc>
<arguments>
<arg>${GET_RESPONSE.status_code}</arg>
<arg>200</arg>
</arguments>
<msg timestamp="20200414 15:01:41.769" level="INFO">Argument types are:
&lt;class 'int'&gt;
&lt;type 'unicode'&gt;</msg>
<status status="PASS" starttime="20200414 15:01:41.769" endtime="20200414 15:01:41.770"></status>
</kw>
<kw name="Set Variable" library="BuiltIn">
<doc>Returns the given values which can then be assigned to a variables.</doc>
<arguments>
<arg>${GET_RESPONSE.json()}</arg>
</arguments>
<assign>
<var>@{registered_postings}</var>
</assign>
<msg timestamp="20200414 15:01:41.771" level="INFO">@{registered_postings} = [ {'url': 'https://glacial-earth-31542.herokuapp.com/api/postings/1/', 'id': 1, 'user': 1, 'title': 'My First Posting', 'content': "My First Blog's content", 'timestamp': '2019-12-18T17:06:54.373451+0...</msg>
<status status="PASS" starttime="20200414 15:01:41.770" endtime="20200414 15:01:41.771"></status>
</kw>
<kw name="Set Suite Variable" library="BuiltIn">
<doc>Makes a variable available everywhere within the scope of the current suite.</doc>
<arguments>
<arg>@{REGISTERED_POSTINGS}</arg>
<arg>@{registered_postings}</arg>
</arguments>
<msg timestamp="20200414 15:01:41.772" level="INFO">@{REGISTERED_POSTINGS} = [ {'url': 'https://glacial-earth-31542.herokuapp.com/api/postings/1/', 'id': 1, 'user': 1, 'title': 'My First Posting', 'content': "My First Blog's content", 'timestamp': '2019-12-18T17:06:54.373451+0...</msg>
<status status="PASS" starttime="20200414 15:01:41.771" endtime="20200414 15:01:41.772"></status>
</kw>
<status status="PASS" starttime="20200414 15:01:41.574" endtime="20200414 15:01:41.772"></status>
</kw>
<kw name="Only &quot;Pre-Set Postings&quot; Are Left In The System">
<kw name="Should Be True" library="BuiltIn">
<doc>Fails if the given condition is not true.</doc>
<arguments>
<arg>$REGISTERED_POSTINGS == $PRE_SET_POSTINGS</arg>
</arguments>
<status status="PASS" starttime="20200414 15:01:41.773" endtime="20200414 15:01:41.775"></status>
</kw>
<status status="PASS" starttime="20200414 15:01:41.772" endtime="20200414 15:01:41.775"></status>
</kw>
<kw name="Set Suite Variable" library="BuiltIn">
<doc>Makes a variable available everywhere within the scope of the current suite.</doc>
<arguments>
<arg>${RANDOM_TARGET_POSTING}</arg>
<arg>${None}</arg>
</arguments>
<msg timestamp="20200414 15:01:41.776" level="INFO">${RANDOM_TARGET_POSTING} = None</msg>
<status status="PASS" starttime="20200414 15:01:41.775" endtime="20200414 15:01:41.776"></status>
</kw>
<status status="PASS" starttime="20200414 15:01:41.365" endtime="20200414 15:01:41.776"></status>
</kw>
<tags>
<tag>smoke-as-admin</tag>
</tags>
<status status="PASS" starttime="20200414 15:01:40.933" endtime="20200414 15:01:41.777" critical="yes"></status>
</test>
<test id="s1-s1-t3" name="Creating &quot;Target Postings&quot;">
<kw name="Test Setup" type="setup">
<kw name="&quot;Pre-Set Postings&quot; Are Cached">
<kw name="&quot;Registered Postings&quot; Are Read">
<kw name="Make Get Request" library="AdminUser">
<assign>
<var>${GET_RESPONSE}</var>
</assign>
<msg timestamp="20200414 15:01:41.975" level="INFO">${GET_RESPONSE} = &lt;Response [200]&gt;</msg>
<status status="PASS" starttime="20200414 15:01:41.780" endtime="20200414 15:01:41.975"></status>
</kw>
<kw name="Should Be Equal As Integers" library="BuiltIn">
<doc>Fails if objects are unequal after converting them to integers.</doc>
<arguments>
<arg>${GET_RESPONSE.status_code}</arg>
<arg>200</arg>
</arguments>
<msg timestamp="20200414 15:01:41.976" level="INFO">Argument types are:
&lt;class 'int'&gt;
&lt;type 'unicode'&gt;</msg>
<status status="PASS" starttime="20200414 15:01:41.975" endtime="20200414 15:01:41.976"></status>
</kw>
<kw name="Set Variable" library="BuiltIn">
<doc>Returns the given values which can then be assigned to a variables.</doc>
<arguments>
<arg>${GET_RESPONSE.json()}</arg>
</arguments>
<assign>
<var>@{registered_postings}</var>
</assign>
<msg timestamp="20200414 15:01:41.977" level="INFO">@{registered_postings} = [ {'url': 'https://glacial-earth-31542.herokuapp.com/api/postings/1/', 'id': 1, 'user': 1, 'title': 'My First Posting', 'content': "My First Blog's content", 'timestamp': '2019-12-18T17:06:54.373451+0...</msg>
<status status="PASS" starttime="20200414 15:01:41.976" endtime="20200414 15:01:41.977"></status>
</kw>
<kw name="Set Suite Variable" library="BuiltIn">
<doc>Makes a variable available everywhere within the scope of the current suite.</doc>
<arguments>
<arg>@{REGISTERED_POSTINGS}</arg>
<arg>@{registered_postings}</arg>
</arguments>
<msg timestamp="20200414 15:01:41.980" level="INFO">@{REGISTERED_POSTINGS} = [ {'url': 'https://glacial-earth-31542.herokuapp.com/api/postings/1/', 'id': 1, 'user': 1, 'title': 'My First Posting', 'content': "My First Blog's content", 'timestamp': '2019-12-18T17:06:54.373451+0...</msg>
<status status="PASS" starttime="20200414 15:01:41.978" endtime="20200414 15:01:41.980"></status>
</kw>
<status status="PASS" starttime="20200414 15:01:41.779" endtime="20200414 15:01:41.981"></status>
</kw>
<kw name="Set Suite Variable" library="BuiltIn">
<doc>Makes a variable available everywhere within the scope of the current suite.</doc>
<arguments>
<arg>@{PRE_SET_POSTINGS}</arg>
<arg>@{REGISTERED_POSTINGS}</arg>
</arguments>
<msg timestamp="20200414 15:01:41.981" level="INFO">@{PRE_SET_POSTINGS} = [ {'url': 'https://glacial-earth-31542.herokuapp.com/api/postings/1/', 'id': 1, 'user': 1, 'title': 'My First Posting', 'content': "My First Blog's content", 'timestamp': '2019-12-18T17:06:54.373451+0...</msg>
<status status="PASS" starttime="20200414 15:01:41.981" endtime="20200414 15:01:41.982"></status>
</kw>
<status status="PASS" starttime="20200414 15:01:41.779" endtime="20200414 15:01:41.982"></status>
</kw>
<kw name="Set Suite Variable" library="BuiltIn">
<doc>Makes a variable available everywhere within the scope of the current suite.</doc>
<arguments>
<arg>${RANDOM_TARGET_POSTING}</arg>
<arg>${None}</arg>
</arguments>
<msg timestamp="20200414 15:01:41.983" level="INFO">${RANDOM_TARGET_POSTING} = None</msg>
<status status="PASS" starttime="20200414 15:01:41.982" endtime="20200414 15:01:41.983"></status>
</kw>
<status status="PASS" starttime="20200414 15:01:41.778" endtime="20200414 15:01:41.983"></status>
</kw>
<kw name="Given &quot;Target Postings&quot; Must Not Be Registered In The System">
<kw name="&quot;Registered Postings&quot; Are Read">
<kw name="Make Get Request" library="AdminUser">
<assign>
<var>${GET_RESPONSE}</var>
</assign>
<msg timestamp="20200414 15:01:42.179" level="INFO">${GET_RESPONSE} = &lt;Response [200]&gt;</msg>
<status status="PASS" starttime="20200414 15:01:41.986" endtime="20200414 15:01:42.179"></status>
</kw>
<kw name="Should Be Equal As Integers" library="BuiltIn">
<doc>Fails if objects are unequal after converting them to integers.</doc>
<arguments>
<arg>${GET_RESPONSE.status_code}</arg>
<arg>200</arg>
</arguments>
<msg timestamp="20200414 15:01:42.180" level="INFO">Argument types are:
&lt;class 'int'&gt;
&lt;type 'unicode'&gt;</msg>
<status status="PASS" starttime="20200414 15:01:42.179" endtime="20200414 15:01:42.180"></status>
</kw>
<kw name="Set Variable" library="BuiltIn">
<doc>Returns the given values which can then be assigned to a variables.</doc>
<arguments>
<arg>${GET_RESPONSE.json()}</arg>
</arguments>
<assign>
<var>@{registered_postings}</var>
</assign>
<msg timestamp="20200414 15:01:42.183" level="INFO">@{registered_postings} = [ {'url': 'https://glacial-earth-31542.herokuapp.com/api/postings/1/', 'id': 1, 'user': 1, 'title': 'My First Posting', 'content': "My First Blog's content", 'timestamp': '2019-12-18T17:06:54.373451+0...</msg>
<status status="PASS" starttime="20200414 15:01:42.180" endtime="20200414 15:01:42.183"></status>
</kw>
<kw name="Set Suite Variable" library="BuiltIn">
<doc>Makes a variable available everywhere within the scope of the current suite.</doc>
<arguments>
<arg>@{REGISTERED_POSTINGS}</arg>
<arg>@{registered_postings}</arg>
</arguments>
<msg timestamp="20200414 15:01:42.185" level="INFO">@{REGISTERED_POSTINGS} = [ {'url': 'https://glacial-earth-31542.herokuapp.com/api/postings/1/', 'id': 1, 'user': 1, 'title': 'My First Posting', 'content': "My First Blog's content", 'timestamp': '2019-12-18T17:06:54.373451+0...</msg>
<status status="PASS" starttime="20200414 15:01:42.184" endtime="20200414 15:01:42.185"></status>
</kw>
<status status="PASS" starttime="20200414 15:01:41.985" endtime="20200414 15:01:42.185"></status>
</kw>
<kw name="Is None Found" library="Utilities">
<arguments>
<arg>subset=${INCOMPLETE_TARGET_POSTINGS}</arg>
<arg>superset=${REGISTERED_POSTINGS}</arg>
</arguments>
<assign>
<var>${none_of_target_postings_found}</var>
</assign>
<msg timestamp="20200414 15:01:42.186" level="INFO">${none_of_target_postings_found} = True</msg>
<status status="PASS" starttime="20200414 15:01:42.186" endtime="20200414 15:01:42.186"></status>
</kw>
<kw name="Should Be True" library="BuiltIn">
<doc>Fails if the given condition is not true.</doc>
<arguments>
<arg>${none_of_target_postings_found}</arg>
</arguments>
<status status="PASS" starttime="20200414 15:01:42.187" endtime="20200414 15:01:42.187"></status>
</kw>
<status status="PASS" starttime="20200414 15:01:41.984" endtime="20200414 15:01:42.187"></status>
</kw>
<kw name="When &quot;Target Postings&quot; Are Created">
<kw name="${p} IN [ @{INCOMPLETE_TARGET_POSTINGS} ]" type="for">
<kw name="${p} = {'title': 'Posting 1', 'content': 'Posting 1 content'}" type="foritem">
<kw name="Create Posting">
<arguments>
<arg>posting=${p}</arg>
</arguments>
<kw name="Make Post Request" library="AdminUser">
<arguments>
<arg>posting=${posting}</arg>
</arguments>
<assign>
<var>${POST_RESPONSE}</var>
</assign>
<msg timestamp="20200414 15:01:42.796" level="INFO">${POST_RESPONSE} = &lt;Response [201]&gt;</msg>
<status status="PASS" starttime="20200414 15:01:42.190" endtime="20200414 15:01:42.796"></status>
</kw>
<kw name="Set Test Variable" library="BuiltIn">
<doc>Makes a variable available everywhere within the scope of the current test.</doc>
<arguments>
<arg>${POST_RESPONSE}</arg>
</arguments>
<msg timestamp="20200414 15:01:42.797" level="INFO">${POST_RESPONSE} = &lt;Response [201]&gt;</msg>
<status status="PASS" starttime="20200414 15:01:42.797" endtime="20200414 15:01:42.797"></status>
</kw>
<status status="PASS" starttime="20200414 15:01:42.189" endtime="20200414 15:01:42.798"></status>
</kw>
<kw name="Verify Post Response Success Code">
<kw name="Should Be Equal As Integers" library="BuiltIn">
<doc>Fails if objects are unequal after converting them to integers.</doc>
<arguments>
<arg>${POST_RESPONSE.status_code}</arg>
<arg>201</arg>
</arguments>
<msg timestamp="20200414 15:01:42.801" level="INFO">Argument types are:
&lt;class 'int'&gt;
&lt;type 'unicode'&gt;</msg>
<status status="PASS" starttime="20200414 15:01:42.801" endtime="20200414 15:01:42.801"></status>
</kw>
<status status="PASS" starttime="20200414 15:01:42.798" endtime="20200414 15:01:42.806"></status>
</kw>
<status status="PASS" starttime="20200414 15:01:42.189" endtime="20200414 15:01:42.807"></status>
</kw>
<kw name="${p} = {'title': 'Posting 2', 'content': 'Posting 2 content'}" type="foritem">
<kw name="Create Posting">
<arguments>
<arg>posting=${p}</arg>
</arguments>
<kw name="Make Post Request" library="AdminUser">
<arguments>
<arg>posting=${posting}</arg>
</arguments>
<assign>
<var>${POST_RESPONSE}</var>
</assign>
<msg timestamp="20200414 15:01:43.403" level="INFO">${POST_RESPONSE} = &lt;Response [201]&gt;</msg>
<status status="PASS" starttime="20200414 15:01:42.808" endtime="20200414 15:01:43.403"></status>
</kw>
<kw name="Set Test Variable" library="BuiltIn">
<doc>Makes a variable available everywhere within the scope of the current test.</doc>
<arguments>
<arg>${POST_RESPONSE}</arg>
</arguments>
<msg timestamp="20200414 15:01:43.404" level="INFO">${POST_RESPONSE} = &lt;Response [201]&gt;</msg>
<status status="PASS" starttime="20200414 15:01:43.403" endtime="20200414 15:01:43.404"></status>
</kw>
<status status="PASS" starttime="20200414 15:01:42.807" endtime="20200414 15:01:43.404"></status>
</kw>
<kw name="Verify Post Response Success Code">
<kw name="Should Be Equal As Integers" library="BuiltIn">
<doc>Fails if objects are unequal after converting them to integers.</doc>
<arguments>
<arg>${POST_RESPONSE.status_code}</arg>
<arg>201</arg>
</arguments>
<msg timestamp="20200414 15:01:43.406" level="INFO">Argument types are:
&lt;class 'int'&gt;
&lt;type 'unicode'&gt;</msg>
<status status="PASS" starttime="20200414 15:01:43.405" endtime="20200414 15:01:43.406"></status>
</kw>
<status status="PASS" starttime="20200414 15:01:43.404" endtime="20200414 15:01:43.406"></status>
</kw>
<status status="PASS" starttime="20200414 15:01:42.807" endtime="20200414 15:01:43.406"></status>
</kw>
<kw name="${p} = {'title': 'Posting 3', 'content': 'Posting 3 content'}" type="foritem">
<kw name="Create Posting">
<arguments>
<arg>posting=${p}</arg>
</arguments>
<kw name="Make Post Request" library="AdminUser">
<arguments>
<arg>posting=${posting}</arg>
</arguments>
<assign>
<var>${POST_RESPONSE}</var>
</assign>
<msg timestamp="20200414 15:01:43.931" level="INFO">${POST_RESPONSE} = &lt;Response [201]&gt;</msg>
<status status="PASS" starttime="20200414 15:01:43.408" endtime="20200414 15:01:43.931"></status>
</kw>
<kw name="Set Test Variable" library="BuiltIn">
<doc>Makes a variable available everywhere within the scope of the current test.</doc>
<arguments>
<arg>${POST_RESPONSE}</arg>
</arguments>
<msg timestamp="20200414 15:01:43.932" level="INFO">${POST_RESPONSE} = &lt;Response [201]&gt;</msg>
<status status="PASS" starttime="20200414 15:01:43.932" endtime="20200414 15:01:43.933"></status>
</kw>
<status status="PASS" starttime="20200414 15:01:43.407" endtime="20200414 15:01:43.933"></status>
</kw>
<kw name="Verify Post Response Success Code">
<kw name="Should Be Equal As Integers" library="BuiltIn">
<doc>Fails if objects are unequal after converting them to integers.</doc>
<arguments>
<arg>${POST_RESPONSE.status_code}</arg>
<arg>201</arg>
</arguments>
<msg timestamp="20200414 15:01:43.939" level="INFO">Argument types are:
&lt;class 'int'&gt;
&lt;type 'unicode'&gt;</msg>
<status status="PASS" starttime="20200414 15:01:43.939" endtime="20200414 15:01:43.940"></status>
</kw>
<status status="PASS" starttime="20200414 15:01:43.933" endtime="20200414 15:01:43.940"></status>
</kw>
<status status="PASS" starttime="20200414 15:01:43.407" endtime="20200414 15:01:43.940"></status>
</kw>
<status status="PASS" starttime="20200414 15:01:42.189" endtime="20200414 15:01:43.940"></status>
</kw>
<status status="PASS" starttime="20200414 15:01:42.188" endtime="20200414 15:01:43.940"></status>
</kw>
<kw name="Then &quot;Registered Postings&quot; Are Read">
<kw name="Make Get Request" library="AdminUser">
<assign>
<var>${GET_RESPONSE}</var>
</assign>
<msg timestamp="20200414 15:01:44.115" level="INFO">${GET_RESPONSE} = &lt;Response [200]&gt;</msg>
<status status="PASS" starttime="20200414 15:01:43.941" endtime="20200414 15:01:44.115"></status>
</kw>
<kw name="Should Be Equal As Integers" library="BuiltIn">
<doc>Fails if objects are unequal after converting them to integers.</doc>
<arguments>
<arg>${GET_RESPONSE.status_code}</arg>
<arg>200</arg>
</arguments>
<msg timestamp="20200414 15:01:44.115" level="INFO">Argument types are:
&lt;class 'int'&gt;
&lt;type 'unicode'&gt;</msg>
<status status="PASS" starttime="20200414 15:01:44.115" endtime="20200414 15:01:44.115"></status>
</kw>
<kw name="Set Variable" library="BuiltIn">
<doc>Returns the given values which can then be assigned to a variables.</doc>
<arguments>
<arg>${GET_RESPONSE.json()}</arg>
</arguments>
<assign>
<var>@{registered_postings}</var>
</assign>
<msg timestamp="20200414 15:01:44.116" level="INFO">@{registered_postings} = [ {'url': 'https://glacial-earth-31542.herokuapp.com/api/postings/1/', 'id': 1, 'user': 1, 'title': 'My First Posting', 'content': "My First Blog's content", 'timestamp': '2019-12-18T17:06:54.373451+0...</msg>
<status status="PASS" starttime="20200414 15:01:44.116" endtime="20200414 15:01:44.116"></status>
</kw>
<kw name="Set Suite Variable" library="BuiltIn">
<doc>Makes a variable available everywhere within the scope of the current suite.</doc>
<arguments>
<arg>@{REGISTERED_POSTINGS}</arg>
<arg>@{registered_postings}</arg>
</arguments>
<msg timestamp="20200414 15:01:44.117" level="INFO">@{REGISTERED_POSTINGS} = [ {'url': 'https://glacial-earth-31542.herokuapp.com/api/postings/1/', 'id': 1, 'user': 1, 'title': 'My First Posting', 'content': "My First Blog's content", 'timestamp': '2019-12-18T17:06:54.373451+0...</msg>
<status status="PASS" starttime="20200414 15:01:44.116" endtime="20200414 15:01:44.117"></status>
</kw>
<status status="PASS" starttime="20200414 15:01:43.941" endtime="20200414 15:01:44.117"></status>
</kw>
<kw name="Then &quot;Registered Postings&quot; Must Comply With &quot;Posting Spec&quot;" library="CommonResource">
<kw name="Verify All Postings" library="Utilities">
<doc>:param postings_to_verify: a list of postings, where each posting needs to be verified against posting_spec
:param posting_spec: a dict containing keys, which map to posting fields
:return: None</doc>
<arguments>
<arg>postings_to_verify=${REGISTERED_POSTINGS}</arg>
<arg>posting_spec=${POSTING_SPEC}</arg>
</arguments>
<status status="PASS" starttime="20200414 15:01:44.121" endtime="20200414 15:01:44.122"></status>
</kw>
<status status="PASS" starttime="20200414 15:01:44.121" endtime="20200414 15:01:44.122"></status>
</kw>
<kw name="Then &quot;Target Postings&quot; Are Read" library="CommonResource">
<kw name="&quot;Registered Postings&quot; Are Read">
<kw name="Make Get Request" library="AdminUser">
<assign>
<var>${GET_RESPONSE}</var>
</assign>
<msg timestamp="20200414 15:01:44.328" level="INFO">${GET_RESPONSE} = &lt;Response [200]&gt;</msg>
<status status="PASS" starttime="20200414 15:01:44.128" endtime="20200414 15:01:44.328"></status>
</kw>
<kw name="Should Be Equal As Integers" library="BuiltIn">
<doc>Fails if objects are unequal after converting them to integers.</doc>
<arguments>
<arg>${GET_RESPONSE.status_code}</arg>
<arg>200</arg>
</arguments>
<msg timestamp="20200414 15:01:44.329" level="INFO">Argument types are:
&lt;class 'int'&gt;
&lt;type 'unicode'&gt;</msg>
<status status="PASS" starttime="20200414 15:01:44.329" endtime="20200414 15:01:44.329"></status>
</kw>
<kw name="Set Variable" library="BuiltIn">
<doc>Returns the given values which can then be assigned to a variables.</doc>
<arguments>
<arg>${GET_RESPONSE.json()}</arg>
</arguments>
<assign>
<var>@{registered_postings}</var>
</assign>
<msg timestamp="20200414 15:01:44.330" level="INFO">@{registered_postings} = [ {'url': 'https://glacial-earth-31542.herokuapp.com/api/postings/1/', 'id': 1, 'user': 1, 'title': 'My First Posting', 'content': "My First Blog's content", 'timestamp': '2019-12-18T17:06:54.373451+0...</msg>
<status status="PASS" starttime="20200414 15:01:44.329" endtime="20200414 15:01:44.330"></status>
</kw>
<kw name="Set Suite Variable" library="BuiltIn">
<doc>Makes a variable available everywhere within the scope of the current suite.</doc>
<arguments>
<arg>@{REGISTERED_POSTINGS}</arg>
<arg>@{registered_postings}</arg>
</arguments>
<msg timestamp="20200414 15:01:44.335" level="INFO">@{REGISTERED_POSTINGS} = [ {'url': 'https://glacial-earth-31542.herokuapp.com/api/postings/1/', 'id': 1, 'user': 1, 'title': 'My First Posting', 'content': "My First Blog's content", 'timestamp': '2019-12-18T17:06:54.373451+0...</msg>
<status status="PASS" starttime="20200414 15:01:44.330" endtime="20200414 15:01:44.335"></status>
</kw>
<status status="PASS" starttime="20200414 15:01:44.127" endtime="20200414 15:01:44.335"></status>
</kw>
<kw name="Get Subset" library="Utilities">
<arguments>
<arg>subset=${INCOMPLETE_TARGET_POSTINGS}</arg>
<arg>superset=${REGISTERED_POSTINGS}</arg>
</arguments>
<assign>
<var>@{target_postings}</var>
</assign>
<msg timestamp="20200414 15:01:44.335" level="INFO">@{target_postings} = [ {'url': 'https://glacial-earth-31542.herokuapp.com/api/postings/2485/', 'id': 2485, 'user': 1, 'title': 'Posting 1', 'content': 'Posting 1 content', 'timestamp': '2020-04-14T15:01:42.539894+03:00'} ...</msg>
<status status="PASS" starttime="20200414 15:01:44.335" endtime="20200414 15:01:44.335"></status>
</kw>
<kw name="Set Suite Variable" library="BuiltIn">
<doc>Makes a variable available everywhere within the scope of the current suite.</doc>
<arguments>
<arg>@{TARGET_POSTINGS}</arg>
<arg>@{target_postings}</arg>
</arguments>
<msg timestamp="20200414 15:01:44.336" level="INFO">@{TARGET_POSTINGS} = [ {'url': 'https://glacial-earth-31542.herokuapp.com/api/postings/2485/', 'id': 2485, 'user': 1, 'title': 'Posting 1', 'content': 'Posting 1 content', 'timestamp': '2020-04-14T15:01:42.539894+03:00'} ...</msg>
<status status="PASS" starttime="20200414 15:01:44.336" endtime="20200414 15:01:44.336"></status>
</kw>
<status status="PASS" starttime="20200414 15:01:44.127" endtime="20200414 15:01:44.336"></status>
</kw>
<kw name="Then &quot;Target Postings&quot; Must Be Registered In The System" library="CommonResource">
<kw name="&quot;Target Postings&quot; List Is Not Empty">
<kw name="Evaluate" library="BuiltIn">
<doc>Evaluates the given expression in Python and returns the results.</doc>
<arguments>
<arg>len($TARGET_POSTINGS) == 0</arg>
</arguments>
<assign>
<var>${is_empty}</var>
</assign>
<msg timestamp="20200414 15:01:44.339" level="INFO">${is_empty} = False</msg>
<status status="PASS" starttime="20200414 15:01:44.337" endtime="20200414 15:01:44.339"></status>
</kw>
<kw name="Should Not Be True" library="BuiltIn">
<doc>Fails if the given condition is true.</doc>
<arguments>
<arg>${is_empty}</arg>
</arguments>
<status status="PASS" starttime="20200414 15:01:44.339" endtime="20200414 15:01:44.339"></status>
</kw>
<status status="PASS" starttime="20200414 15:01:44.337" endtime="20200414 15:01:44.339"></status>
</kw>
<kw name="Is Subset" library="Utilities">
<arguments>
<arg>subset=${TARGET_POSTINGS}</arg>
<arg>superset=${INCOMPLETE_TARGET_POSTINGS}</arg>
</arguments>
<assign>
<var>${is_subset}</var>
</assign>
<msg timestamp="20200414 15:01:44.340" level="INFO">${is_subset} = True</msg>
<status status="PASS" starttime="20200414 15:01:44.339" endtime="20200414 15:01:44.340"></status>
</kw>
<kw name="Should Be True" library="BuiltIn">
<doc>Fails if the given condition is not true.</doc>
<arguments>
<arg>${is_subset}</arg>
</arguments>
<status status="PASS" starttime="20200414 15:01:44.340" endtime="20200414 15:01:44.340"></status>
</kw>
<status status="PASS" starttime="20200414 15:01:44.337" endtime="20200414 15:01:44.340"></status>
</kw>
<kw name="Test Teardown" type="teardown">
<kw name="Delete Every Posting Except &quot;Pre-Set Postings&quot;">
<kw name="&quot;Registered Postings&quot; Are Read">
<kw name="Make Get Request" library="AdminUser">
<assign>
<var>${GET_RESPONSE}</var>
</assign>
<msg timestamp="20200414 15:01:44.534" level="INFO">${GET_RESPONSE} = &lt;Response [200]&gt;</msg>
<status status="PASS" starttime="20200414 15:01:44.348" endtime="20200414 15:01:44.535"></status>
</kw>
<kw name="Should Be Equal As Integers" library="BuiltIn">
<doc>Fails if objects are unequal after converting them to integers.</doc>
<arguments>
<arg>${GET_RESPONSE.status_code}</arg>
<arg>200</arg>
</arguments>
<msg timestamp="20200414 15:01:44.536" level="INFO">Argument types are:
&lt;class 'int'&gt;
&lt;type 'unicode'&gt;</msg>
<status status="PASS" starttime="20200414 15:01:44.535" endtime="20200414 15:01:44.536"></status>
</kw>
<kw name="Set Variable" library="BuiltIn">
<doc>Returns the given values which can then be assigned to a variables.</doc>
<arguments>
<arg>${GET_RESPONSE.json()}</arg>
</arguments>
<assign>
<var>@{registered_postings}</var>
</assign>
<msg timestamp="20200414 15:01:44.537" level="INFO">@{registered_postings} = [ {'url': 'https://glacial-earth-31542.herokuapp.com/api/postings/1/', 'id': 1, 'user': 1, 'title': 'My First Posting', 'content': "My First Blog's content", 'timestamp': '2019-12-18T17:06:54.373451+0...</msg>
<status status="PASS" starttime="20200414 15:01:44.536" endtime="20200414 15:01:44.537"></status>
</kw>
<kw name="Set Suite Variable" library="BuiltIn">
<doc>Makes a variable available everywhere within the scope of the current suite.</doc>
<arguments>
<arg>@{REGISTERED_POSTINGS}</arg>
<arg>@{registered_postings}</arg>
</arguments>
<msg timestamp="20200414 15:01:44.541" level="INFO">@{REGISTERED_POSTINGS} = [ {'url': 'https://glacial-earth-31542.herokuapp.com/api/postings/1/', 'id': 1, 'user': 1, 'title': 'My First Posting', 'content': "My First Blog's content", 'timestamp': '2019-12-18T17:06:54.373451+0...</msg>
<status status="PASS" starttime="20200414 15:01:44.538" endtime="20200414 15:01:44.541"></status>
</kw>
<status status="PASS" starttime="20200414 15:01:44.348" endtime="20200414 15:01:44.541"></status>
</kw>
<kw name="Delete Postings" library="Utilities">
<arguments>
<arg>candidate_postings_to_delete=${REGISTERED_POSTINGS}</arg>
<arg>postings_to_skip=${PRE_SET_POSTINGS}</arg>
</arguments>
<kw name="Make Delete Request" library="AdminUser">
<arguments>
<arg>{'url': 'https://glacial-earth-31542.herokuapp.com/api/postings/2485/', 'id': 2485, 'user': 1, 'title': 'Posting 1', 'content': 'Posting 1 content', 'timestamp': '2020-04-14T15:01:42.539894+03:00'}</arg>
</arguments>
<status status="PASS" starttime="20200414 15:01:44.542" endtime="20200414 15:01:44.957"></status>
</kw>
<kw name="Make Delete Request" library="AdminUser">
<arguments>
<arg>{'url': 'https://glacial-earth-31542.herokuapp.com/api/postings/2486/', 'id': 2486, 'user': 1, 'title': 'Posting 2', 'content': 'Posting 2 content', 'timestamp': '2020-04-14T15:01:43.140702+03:00'}</arg>
</arguments>
<status status="PASS" starttime="20200414 15:01:44.957" endtime="20200414 15:01:45.362"></status>
</kw>
<kw name="Make Delete Request" library="AdminUser">
<arguments>
<arg>{'url': 'https://glacial-earth-31542.herokuapp.com/api/postings/2487/', 'id': 2487, 'user': 1, 'title': 'Posting 3', 'content': 'Posting 3 content', 'timestamp': '2020-04-14T15:01:43.751010+03:00'}</arg>
</arguments>
<status status="PASS" starttime="20200414 15:01:45.365" endtime="20200414 15:01:45.981"></status>
</kw>
<status status="PASS" starttime="20200414 15:01:44.541" endtime="20200414 15:01:45.981"></status>
</kw>
<status status="PASS" starttime="20200414 15:01:44.348" endtime="20200414 15:01:45.981"></status>
</kw>
<kw name="&quot;Registered Postings&quot; Are Read">
<kw name="Make Get Request" library="AdminUser">
<assign>
<var>${GET_RESPONSE}</var>
</assign>
<msg timestamp="20200414 15:01:46.159" level="INFO">${GET_RESPONSE} = &lt;Response [200]&gt;</msg>
<status status="PASS" starttime="20200414 15:01:45.982" endtime="20200414 15:01:46.160"></status>
</kw>
<kw name="Should Be Equal As Integers" library="BuiltIn">
<doc>Fails if objects are unequal after converting them to integers.</doc>
<arguments>
<arg>${GET_RESPONSE.status_code}</arg>
<arg>200</arg>
</arguments>
<msg timestamp="20200414 15:01:46.160" level="INFO">Argument types are:
&lt;class 'int'&gt;
&lt;type 'unicode'&gt;</msg>
<status status="PASS" starttime="20200414 15:01:46.160" endtime="20200414 15:01:46.160"></status>
</kw>
<kw name="Set Variable" library="BuiltIn">
<doc>Returns the given values which can then be assigned to a variables.</doc>
<arguments>
<arg>${GET_RESPONSE.json()}</arg>
</arguments>
<assign>
<var>@{registered_postings}</var>
</assign>
<msg timestamp="20200414 15:01:46.162" level="INFO">@{registered_postings} = [ {'url': 'https://glacial-earth-31542.herokuapp.com/api/postings/1/', 'id': 1, 'user': 1, 'title': 'My First Posting', 'content': "My First Blog's content", 'timestamp': '2019-12-18T17:06:54.373451+0...</msg>
<status status="PASS" starttime="20200414 15:01:46.161" endtime="20200414 15:01:46.162"></status>
</kw>
<kw name="Set Suite Variable" library="BuiltIn">
<doc>Makes a variable available everywhere within the scope of the current suite.</doc>
<arguments>
<arg>@{REGISTERED_POSTINGS}</arg>
<arg>@{registered_postings}</arg>
</arguments>
<msg timestamp="20200414 15:01:46.164" level="INFO">@{REGISTERED_POSTINGS} = [ {'url': 'https://glacial-earth-31542.herokuapp.com/api/postings/1/', 'id': 1, 'user': 1, 'title': 'My First Posting', 'content': "My First Blog's content", 'timestamp': '2019-12-18T17:06:54.373451+0...</msg>
<status status="PASS" starttime="20200414 15:01:46.163" endtime="20200414 15:01:46.164"></status>
</kw>
<status status="PASS" starttime="20200414 15:01:45.982" endtime="20200414 15:01:46.164"></status>
</kw>
<kw name="Only &quot;Pre-Set Postings&quot; Are Left In The System">
<kw name="Should Be True" library="BuiltIn">
<doc>Fails if the given condition is not true.</doc>
<arguments>
<arg>$REGISTERED_POSTINGS == $PRE_SET_POSTINGS</arg>
</arguments>
<status status="PASS" starttime="20200414 15:01:46.165" endtime="20200414 15:01:46.167"></status>
</kw>
<status status="PASS" starttime="20200414 15:01:46.165" endtime="20200414 15:01:46.167"></status>
</kw>
<kw name="Set Suite Variable" library="BuiltIn">
<doc>Makes a variable available everywhere within the scope of the current suite.</doc>
<arguments>
<arg>${RANDOM_TARGET_POSTING}</arg>
<arg>${None}</arg>
</arguments>
<msg timestamp="20200414 15:01:46.168" level="INFO">${RANDOM_TARGET_POSTING} = None</msg>
<status status="PASS" starttime="20200414 15:01:46.167" endtime="20200414 15:01:46.168"></status>
</kw>
<status status="PASS" starttime="20200414 15:01:44.347" endtime="20200414 15:01:46.168"></status>
</kw>
<tags>
<tag>CRUD-operations-as-admin</tag>
<tag>CRUD-success-as-admin</tag>
</tags>
<status status="PASS" starttime="20200414 15:01:41.777" endtime="20200414 15:01:46.168" critical="yes"></status>
</test>
<test id="s1-s1-t4" name="Updating &quot;Target Postings&quot;">
<kw name="Test Setup" type="setup">
<kw name="&quot;Pre-Set Postings&quot; Are Cached">
<kw name="&quot;Registered Postings&quot; Are Read">
<kw name="Make Get Request" library="AdminUser">
<assign>
<var>${GET_RESPONSE}</var>
</assign>
<msg timestamp="20200414 15:01:46.393" level="INFO">${GET_RESPONSE} = &lt;Response [200]&gt;</msg>
<status status="PASS" starttime="20200414 15:01:46.171" endtime="20200414 15:01:46.394"></status>
</kw>
<kw name="Should Be Equal As Integers" library="BuiltIn">
<doc>Fails if objects are unequal after converting them to integers.</doc>
<arguments>
<arg>${GET_RESPONSE.status_code}</arg>
<arg>200</arg>
</arguments>
<msg timestamp="20200414 15:01:46.395" level="INFO">Argument types are:
&lt;class 'int'&gt;
&lt;type 'unicode'&gt;</msg>
<status status="PASS" starttime="20200414 15:01:46.394" endtime="20200414 15:01:46.395"></status>
</kw>
<kw name="Set Variable" library="BuiltIn">
<doc>Returns the given values which can then be assigned to a variables.</doc>
<arguments>
<arg>${GET_RESPONSE.json()}</arg>
</arguments>
<assign>
<var>@{registered_postings}</var>
</assign>
<msg timestamp="20200414 15:01:46.396" level="INFO">@{registered_postings} = [ {'url': 'https://glacial-earth-31542.herokuapp.com/api/postings/1/', 'id': 1, 'user': 1, 'title': 'My First Posting', 'content': "My First Blog's content", 'timestamp': '2019-12-18T17:06:54.373451+0...</msg>
<status status="PASS" starttime="20200414 15:01:46.395" endtime="20200414 15:01:46.397"></status>
</kw>
<kw name="Set Suite Variable" library="BuiltIn">
<doc>Makes a variable available everywhere within the scope of the current suite.</doc>
<arguments>
<arg>@{REGISTERED_POSTINGS}</arg>
<arg>@{registered_postings}</arg>
</arguments>
<msg timestamp="20200414 15:01:46.398" level="INFO">@{REGISTERED_POSTINGS} = [ {'url': 'https://glacial-earth-31542.herokuapp.com/api/postings/1/', 'id': 1, 'user': 1, 'title': 'My First Posting', 'content': "My First Blog's content", 'timestamp': '2019-12-18T17:06:54.373451+0...</msg>
<status status="PASS" starttime="20200414 15:01:46.397" endtime="20200414 15:01:46.398"></status>
</kw>
<status status="PASS" starttime="20200414 15:01:46.170" endtime="20200414 15:01:46.399"></status>
</kw>
<kw name="Set Suite Variable" library="BuiltIn">
<doc>Makes a variable available everywhere within the scope of the current suite.</doc>
<arguments>
<arg>@{PRE_SET_POSTINGS}</arg>
<arg>@{REGISTERED_POSTINGS}</arg>
</arguments>
<msg timestamp="20200414 15:01:46.401" level="INFO">@{PRE_SET_POSTINGS} = [ {'url': 'https://glacial-earth-31542.herokuapp.com/api/postings/1/', 'id': 1, 'user': 1, 'title': 'My First Posting', 'content': "My First Blog's content", 'timestamp': '2019-12-18T17:06:54.373451+0...</msg>
<status status="PASS" starttime="20200414 15:01:46.399" endtime="20200414 15:01:46.401"></status>
</kw>
<status status="PASS" starttime="20200414 15:01:46.170" endtime="20200414 15:01:46.401"></status>
</kw>
<kw name="Set Suite Variable" library="BuiltIn">
<doc>Makes a variable available everywhere within the scope of the current suite.</doc>
<arguments>
<arg>${RANDOM_TARGET_POSTING}</arg>
<arg>${None}</arg>
</arguments>
<msg timestamp="20200414 15:01:46.402" level="INFO">${RANDOM_TARGET_POSTING} = None</msg>
<status status="PASS" starttime="20200414 15:01:46.401" endtime="20200414 15:01:46.402"></status>
</kw>
<status status="PASS" starttime="20200414 15:01:46.170" endtime="20200414 15:01:46.402"></status>
</kw>
<kw name="Given &quot;Target Postings&quot; Must Not Be Registered In The System">
<kw name="&quot;Registered Postings&quot; Are Read">
<kw name="Make Get Request" library="AdminUser">
<assign>
<var>${GET_RESPONSE}</var>
</assign>
<msg timestamp="20200414 15:01:46.617" level="INFO">${GET_RESPONSE} = &lt;Response [200]&gt;</msg>
<status status="PASS" starttime="20200414 15:01:46.405" endtime="20200414 15:01:46.617"></status>
</kw>
<kw name="Should Be Equal As Integers" library="BuiltIn">
<doc>Fails if objects are unequal after converting them to integers.</doc>
<arguments>
<arg>${GET_RESPONSE.status_code}</arg>
<arg>200</arg>
</arguments>
<msg timestamp="20200414 15:01:46.619" level="INFO">Argument types are:
&lt;class 'int'&gt;
&lt;type 'unicode'&gt;</msg>
<status status="PASS" starttime="20200414 15:01:46.618" endtime="20200414 15:01:46.619"></status>
</kw>
<kw name="Set Variable" library="BuiltIn">
<doc>Returns the given values which can then be assigned to a variables.</doc>
<arguments>
<arg>${GET_RESPONSE.json()}</arg>
</arguments>
<assign>
<var>@{registered_postings}</var>
</assign>
<msg timestamp="20200414 15:01:46.621" level="INFO">@{registered_postings} = [ {'url': 'https://glacial-earth-31542.herokuapp.com/api/postings/1/', 'id': 1, 'user': 1, 'title': 'My First Posting', 'content': "My First Blog's content", 'timestamp': '2019-12-18T17:06:54.373451+0...</msg>
<status status="PASS" starttime="20200414 15:01:46.619" endtime="20200414 15:01:46.621"></status>
</kw>
<kw name="Set Suite Variable" library="BuiltIn">
<doc>Makes a variable available everywhere within the scope of the current suite.</doc>
<arguments>
<arg>@{REGISTERED_POSTINGS}</arg>
<arg>@{registered_postings}</arg>
</arguments>
<msg timestamp="20200414 15:01:46.622" level="INFO">@{REGISTERED_POSTINGS} = [ {'url': 'https://glacial-earth-31542.herokuapp.com/api/postings/1/', 'id': 1, 'user': 1, 'title': 'My First Posting', 'content': "My First Blog's content", 'timestamp': '2019-12-18T17:06:54.373451+0...</msg>
<status status="PASS" starttime="20200414 15:01:46.621" endtime="20200414 15:01:46.622"></status>
</kw>
<status status="PASS" starttime="20200414 15:01:46.404" endtime="20200414 15:01:46.622"></status>
</kw>
<kw name="Is None Found" library="Utilities">
<arguments>
<arg>subset=${INCOMPLETE_TARGET_POSTINGS}</arg>
<arg>superset=${REGISTERED_POSTINGS}</arg>
</arguments>
<assign>
<var>${none_of_target_postings_found}</var>
</assign>
<msg timestamp="20200414 15:01:46.623" level="INFO">${none_of_target_postings_found} = True</msg>
<status status="PASS" starttime="20200414 15:01:46.623" endtime="20200414 15:01:46.623"></status>
</kw>
<kw name="Should Be True" library="BuiltIn">
<doc>Fails if the given condition is not true.</doc>
<arguments>
<arg>${none_of_target_postings_found}</arg>
</arguments>
<status status="PASS" starttime="20200414 15:01:46.624" endtime="20200414 15:01:46.624"></status>
</kw>
<status status="PASS" starttime="20200414 15:01:46.403" endtime="20200414 15:01:46.624"></status>
</kw>
<kw name="Given &quot;Target Postings&quot; Are Created">
<kw name="${p} IN [ @{INCOMPLETE_TARGET_POSTINGS} ]" type="for">
<kw name="${p} = {'title': 'Posting 1', 'content': 'Posting 1 content'}" type="foritem">
<kw name="Create Posting">
<arguments>
<arg>posting=${p}</arg>
</arguments>
<kw name="Make Post Request" library="AdminUser">
<arguments>
<arg>posting=${posting}</arg>
</arguments>
<assign>
<var>${POST_RESPONSE}</var>
</assign>
<msg timestamp="20200414 15:01:47.160" level="INFO">${POST_RESPONSE} = &lt;Response [201]&gt;</msg>
<status status="PASS" starttime="20200414 15:01:46.627" endtime="20200414 15:01:47.160"></status>
</kw>
<kw name="Set Test Variable" library="BuiltIn">
<doc>Makes a variable available everywhere within the scope of the current test.</doc>
<arguments>
<arg>${POST_RESPONSE}</arg>
</arguments>
<msg timestamp="20200414 15:01:47.160" level="INFO">${POST_RESPONSE} = &lt;Response [201]&gt;</msg>
<status status="PASS" starttime="20200414 15:01:47.160" endtime="20200414 15:01:47.160"></status>
</kw>
<status status="PASS" starttime="20200414 15:01:46.626" endtime="20200414 15:01:47.161"></status>
</kw>
<kw name="Verify Post Response Success Code">
<kw name="Should Be Equal As Integers" library="BuiltIn">
<doc>Fails if objects are unequal after converting them to integers.</doc>
<arguments>
<arg>${POST_RESPONSE.status_code}</arg>
<arg>201</arg>
</arguments>
<msg timestamp="20200414 15:01:47.162" level="INFO">Argument types are:
&lt;class 'int'&gt;
&lt;type 'unicode'&gt;</msg>
<status status="PASS" starttime="20200414 15:01:47.161" endtime="20200414 15:01:47.164"></status>
</kw>
<status status="PASS" starttime="20200414 15:01:47.161" endtime="20200414 15:01:47.165"></status>
</kw>
<status status="PASS" starttime="20200414 15:01:46.626" endtime="20200414 15:01:47.165"></status>
</kw>
<kw name="${p} = {'title': 'Posting 2', 'content': 'Posting 2 content'}" type="foritem">
<kw name="Create Posting">
<arguments>
<arg>posting=${p}</arg>
</arguments>
<kw name="Make Post Request" library="AdminUser">
<arguments>
<arg>posting=${posting}</arg>
</arguments>
<assign>
<var>${POST_RESPONSE}</var>
</assign>
<msg timestamp="20200414 15:01:47.604" level="INFO">${POST_RESPONSE} = &lt;Response [201]&gt;</msg>
<status status="PASS" starttime="20200414 15:01:47.165" endtime="20200414 15:01:47.604"></status>
</kw>
<kw name="Set Test Variable" library="BuiltIn">
<doc>Makes a variable available everywhere within the scope of the current test.</doc>
<arguments>
<arg>${POST_RESPONSE}</arg>
</arguments>
<msg timestamp="20200414 15:01:47.605" level="INFO">${POST_RESPONSE} = &lt;Response [201]&gt;</msg>
<status status="PASS" starttime="20200414 15:01:47.605" endtime="20200414 15:01:47.606"></status>
</kw>
<status status="PASS" starttime="20200414 15:01:47.165" endtime="20200414 15:01:47.606"></status>
</kw>
<kw name="Verify Post Response Success Code">
<kw name="Should Be Equal As Integers" library="BuiltIn">
<doc>Fails if objects are unequal after converting them to integers.</doc>
<arguments>
<arg>${POST_RESPONSE.status_code}</arg>
<arg>201</arg>
</arguments>
<msg timestamp="20200414 15:01:47.612" level="INFO">Argument types are:
&lt;class 'int'&gt;
&lt;type 'unicode'&gt;</msg>
<status status="PASS" starttime="20200414 15:01:47.611" endtime="20200414 15:01:47.613"></status>
</kw>
<status status="PASS" starttime="20200414 15:01:47.610" endtime="20200414 15:01:47.613"></status>
</kw>
<status status="PASS" starttime="20200414 15:01:47.165" endtime="20200414 15:01:47.613"></status>
</kw>
<kw name="${p} = {'title': 'Posting 3', 'content': 'Posting 3 content'}" type="foritem">
<kw name="Create Posting">
<arguments>
<arg>posting=${p}</arg>
</arguments>
<kw name="Make Post Request" library="AdminUser">
<arguments>
<arg>posting=${posting}</arg>
</arguments>
<assign>
<var>${POST_RESPONSE}</var>
</assign>
<msg timestamp="20200414 15:01:48.040" level="INFO">${POST_RESPONSE} = &lt;Response [201]&gt;</msg>
<status status="PASS" starttime="20200414 15:01:47.624" endtime="20200414 15:01:48.040"></status>
</kw>
<kw name="Set Test Variable" library="BuiltIn">
<doc>Makes a variable available everywhere within the scope of the current test.</doc>
<arguments>
<arg>${POST_RESPONSE}</arg>
</arguments>
<msg timestamp="20200414 15:01:48.040" level="INFO">${POST_RESPONSE} = &lt;Response [201]&gt;</msg>
<status status="PASS" starttime="20200414 15:01:48.040" endtime="20200414 15:01:48.040"></status>
</kw>
<status status="PASS" starttime="20200414 15:01:47.614" endtime="20200414 15:01:48.041"></status>
</kw>
<kw name="Verify Post Response Success Code">
<kw name="Should Be Equal As Integers" library="BuiltIn">
<doc>Fails if objects are unequal after converting them to integers.</doc>
<arguments>
<arg>${POST_RESPONSE.status_code}</arg>
<arg>201</arg>
</arguments>
<msg timestamp="20200414 15:01:48.041" level="INFO">Argument types are:
&lt;class 'int'&gt;
&lt;type 'unicode'&gt;</msg>
<status status="PASS" starttime="20200414 15:01:48.041" endtime="20200414 15:01:48.041"></status>
</kw>
<status status="PASS" starttime="20200414 15:01:48.041" endtime="20200414 15:01:48.042"></status>
</kw>
<status status="PASS" starttime="20200414 15:01:47.613" endtime="20200414 15:01:48.042"></status>
</kw>
<status status="PASS" starttime="20200414 15:01:46.626" endtime="20200414 15:01:48.042"></status>
</kw>
<status status="PASS" starttime="20200414 15:01:46.625" endtime="20200414 15:01:48.042"></status>
</kw>
<kw name="Given &quot;Target Postings&quot; Are Read" library="CommonResource">
<kw name="&quot;Registered Postings&quot; Are Read">
<kw name="Make Get Request" library="AdminUser">
<assign>
<var>${GET_RESPONSE}</var>
</assign>
<msg timestamp="20200414 15:01:48.220" level="INFO">${GET_RESPONSE} = &lt;Response [200]&gt;</msg>
<status status="PASS" starttime="20200414 15:01:48.047" endtime="20200414 15:01:48.220"></status>
</kw>
<kw name="Should Be Equal As Integers" library="BuiltIn">
<doc>Fails if objects are unequal after converting them to integers.</doc>
<arguments>
<arg>${GET_RESPONSE.status_code}</arg>
<arg>200</arg>
</arguments>
<msg timestamp="20200414 15:01:48.220" level="INFO">Argument types are:
&lt;class 'int'&gt;
&lt;type 'unicode'&gt;</msg>
<status status="PASS" starttime="20200414 15:01:48.220" endtime="20200414 15:01:48.220"></status>
</kw>
<kw name="Set Variable" library="BuiltIn">
<doc>Returns the given values which can then be assigned to a variables.</doc>
<arguments>
<arg>${GET_RESPONSE.json()}</arg>
</arguments>
<assign>
<var>@{registered_postings}</var>
</assign>
<msg timestamp="20200414 15:01:48.221" level="INFO">@{registered_postings} = [ {'url': 'https://glacial-earth-31542.herokuapp.com/api/postings/1/', 'id': 1, 'user': 1, 'title': 'My First Posting', 'content': "My First Blog's content", 'timestamp': '2019-12-18T17:06:54.373451+0...</msg>
<status status="PASS" starttime="20200414 15:01:48.221" endtime="20200414 15:01:48.221"></status>
</kw>
<kw name="Set Suite Variable" library="BuiltIn">
<doc>Makes a variable available everywhere within the scope of the current suite.</doc>
<arguments>
<arg>@{REGISTERED_POSTINGS}</arg>
<arg>@{registered_postings}</arg>
</arguments>
<msg timestamp="20200414 15:01:48.222" level="INFO">@{REGISTERED_POSTINGS} = [ {'url': 'https://glacial-earth-31542.herokuapp.com/api/postings/1/', 'id': 1, 'user': 1, 'title': 'My First Posting', 'content': "My First Blog's content", 'timestamp': '2019-12-18T17:06:54.373451+0...</msg>
<status status="PASS" starttime="20200414 15:01:48.221" endtime="20200414 15:01:48.222"></status>
</kw>
<status status="PASS" starttime="20200414 15:01:48.047" endtime="20200414 15:01:48.223"></status>
</kw>
<kw name="Get Subset" library="Utilities">
<arguments>
<arg>subset=${INCOMPLETE_TARGET_POSTINGS}</arg>
<arg>superset=${REGISTERED_POSTINGS}</arg>
</arguments>
<assign>
<var>@{target_postings}</var>
</assign>
<msg timestamp="20200414 15:01:48.223" level="INFO">@{target_postings} = [ {'url': 'https://glacial-earth-31542.herokuapp.com/api/postings/2488/', 'id': 2488, 'user': 1, 'title': 'Posting 1', 'content': 'Posting 1 content', 'timestamp': '2020-04-14T15:01:47.000651+03:00'} ...</msg>
<status status="PASS" starttime="20200414 15:01:48.223" endtime="20200414 15:01:48.223"></status>
</kw>
<kw name="Set Suite Variable" library="BuiltIn">
<doc>Makes a variable available everywhere within the scope of the current suite.</doc>
<arguments>
<arg>@{TARGET_POSTINGS}</arg>
<arg>@{target_postings}</arg>
</arguments>
<msg timestamp="20200414 15:01:48.224" level="INFO">@{TARGET_POSTINGS} = [ {'url': 'https://glacial-earth-31542.herokuapp.com/api/postings/2488/', 'id': 2488, 'user': 1, 'title': 'Posting 1', 'content': 'Posting 1 content', 'timestamp': '2020-04-14T15:01:47.000651+03:00'} ...</msg>
<status status="PASS" starttime="20200414 15:01:48.223" endtime="20200414 15:01:48.224"></status>
</kw>
<status status="PASS" starttime="20200414 15:01:48.047" endtime="20200414 15:01:48.224"></status>
</kw>
<kw name="Given &quot;Target Postings&quot; Must Be Registered In The System" library="CommonResource">
<kw name="&quot;Target Postings&quot; List Is Not Empty">
<kw name="Evaluate" library="BuiltIn">
<doc>Evaluates the given expression in Python and returns the results.</doc>
<arguments>
<arg>len($TARGET_POSTINGS) == 0</arg>
</arguments>
<assign>
<var>${is_empty}</var>
</assign>
<msg timestamp="20200414 15:01:48.229" level="INFO">${is_empty} = False</msg>
<status status="PASS" starttime="20200414 15:01:48.227" endtime="20200414 15:01:48.229"></status>
</kw>
<kw name="Should Not Be True" library="BuiltIn">
<doc>Fails if the given condition is true.</doc>
<arguments>
<arg>${is_empty}</arg>
</arguments>
<status status="PASS" starttime="20200414 15:01:48.229" endtime="20200414 15:01:48.230"></status>
</kw>
<status status="PASS" starttime="20200414 15:01:48.227" endtime="20200414 15:01:48.230"></status>
</kw>
<kw name="Is Subset" library="Utilities">
<arguments>
<arg>subset=${TARGET_POSTINGS}</arg>
<arg>superset=${INCOMPLETE_TARGET_POSTINGS}</arg>
</arguments>
<assign>
<var>${is_subset}</var>
</assign>
<msg timestamp="20200414 15:01:48.231" level="INFO">${is_subset} = True</msg>
<status status="PASS" starttime="20200414 15:01:48.230" endtime="20200414 15:01:48.231"></status>
</kw>
<kw name="Should Be True" library="BuiltIn">
<doc>Fails if the given condition is not true.</doc>
<arguments>
<arg>${is_subset}</arg>
</arguments>
<status status="PASS" starttime="20200414 15:01:48.232" endtime="20200414 15:01:48.232"></status>
</kw>
<status status="PASS" starttime="20200414 15:01:48.226" endtime="20200414 15:01:48.232"></status>
</kw>
<kw name="When Target Postings Are Updated" library="Utilities">
<doc>EXPECTED PRECONDITION: Before this method is called, TARGET_POSTINGS must be created (i.e.
REGISTERED_POSTINGS = PRE_SET_POSTINGS + TARGET_POSTINGS)
Note that all the postings in TARGET_POSTINGS have all the fields necessary
(i.e. title , content, url, id, timestamp fields) to make a PUT request
:return: None</doc>
<kw name="Make Put Request" library="AdminUser">
<arguments>
<arg>{'url': 'https://glacial-earth-31542.herokuapp.com/api/postings/2488/', 'id': 2488, 'user': 1, 'title': 'Posting 1', 'content': 'modified content', 'timestamp': '2020-04-14T15:01:47.000651+03:00'}</arg>
</arguments>
<status status="PASS" starttime="20200414 15:01:48.233" endtime="20200414 15:01:48.703"></status>
</kw>
<kw name="Make Put Request" library="AdminUser">
<arguments>
<arg>{'url': 'https://glacial-earth-31542.herokuapp.com/api/postings/2489/', 'id': 2489, 'user': 1, 'title': 'Posting 2', 'content': 'modified content', 'timestamp': '2020-04-14T15:01:47.489514+03:00'}</arg>
</arguments>
<status status="PASS" starttime="20200414 15:01:48.704" endtime="20200414 15:01:49.178"></status>
</kw>
<kw name="Make Put Request" library="AdminUser">
<arguments>
<arg>{'url': 'https://glacial-earth-31542.herokuapp.com/api/postings/2490/', 'id': 2490, 'user': 1, 'title': 'Posting 3', 'content': 'modified content', 'timestamp': '2020-04-14T15:01:47.919433+03:00'}</arg>
</arguments>
<status status="PASS" starttime="20200414 15:01:49.178" endtime="20200414 15:01:49.624"></status>
</kw>
<msg timestamp="20200414 15:01:49.625" level="INFO">${TARGET_POSTINGS} = [{'url': 'https://glacial-earth-31542.herokuapp.com/api/postings/2488/', 'id': 2488, 'user': 1, 'title': 'Posting 1', 'content': 'modified content', 'timestamp': '2020-04-14T15:01:47.000651+03:00'}, {...</msg>
<status status="PASS" starttime="20200414 15:01:48.233" endtime="20200414 15:01:49.625"></status>
</kw>
<kw name="Then &quot;Registered Postings&quot; Are Read">
<kw name="Make Get Request" library="AdminUser">
<assign>
<var>${GET_RESPONSE}</var>
</assign>
<msg timestamp="20200414 15:01:49.860" level="INFO">${GET_RESPONSE} = &lt;Response [200]&gt;</msg>
<status status="PASS" starttime="20200414 15:01:49.626" endtime="20200414 15:01:49.860"></status>
</kw>
<kw name="Should Be Equal As Integers" library="BuiltIn">
<doc>Fails if objects are unequal after converting them to integers.</doc>
<arguments>
<arg>${GET_RESPONSE.status_code}</arg>
<arg>200</arg>
</arguments>
<msg timestamp="20200414 15:01:49.861" level="INFO">Argument types are:
&lt;class 'int'&gt;
&lt;type 'unicode'&gt;</msg>
<status status="PASS" starttime="20200414 15:01:49.860" endtime="20200414 15:01:49.861"></status>
</kw>
<kw name="Set Variable" library="BuiltIn">
<doc>Returns the given values which can then be assigned to a variables.</doc>
<arguments>
<arg>${GET_RESPONSE.json()}</arg>
</arguments>
<assign>
<var>@{registered_postings}</var>
</assign>
<msg timestamp="20200414 15:01:49.862" level="INFO">@{registered_postings} = [ {'url': 'https://glacial-earth-31542.herokuapp.com/api/postings/1/', 'id': 1, 'user': 1, 'title': 'My First Posting', 'content': "My First Blog's content", 'timestamp': '2019-12-18T17:06:54.373451+0...</msg>
<status status="PASS" starttime="20200414 15:01:49.861" endtime="20200414 15:01:49.865"></status>
</kw>
<kw name="Set Suite Variable" library="BuiltIn">
<doc>Makes a variable available everywhere within the scope of the current suite.</doc>
<arguments>
<arg>@{REGISTERED_POSTINGS}</arg>
<arg>@{registered_postings}</arg>
</arguments>
<msg timestamp="20200414 15:01:49.867" level="INFO">@{REGISTERED_POSTINGS} = [ {'url': 'https://glacial-earth-31542.herokuapp.com/api/postings/1/', 'id': 1, 'user': 1, 'title': 'My First Posting', 'content': "My First Blog's content", 'timestamp': '2019-12-18T17:06:54.373451+0...</msg>
<status status="PASS" starttime="20200414 15:01:49.865" endtime="20200414 15:01:49.867"></status>
</kw>
<status status="PASS" starttime="20200414 15:01:49.625" endtime="20200414 15:01:49.867"></status>
</kw>
<kw name="Then &quot;Registered Postings&quot; Must Comply With &quot;Posting Spec&quot;" library="CommonResource">
<kw name="Verify All Postings" library="Utilities">
<doc>:param postings_to_verify: a list of postings, where each posting needs to be verified against posting_spec
:param posting_spec: a dict containing keys, which map to posting fields
:return: None</doc>
<arguments>
<arg>postings_to_verify=${REGISTERED_POSTINGS}</arg>
<arg>posting_spec=${POSTING_SPEC}</arg>
</arguments>
<status status="PASS" starttime="20200414 15:01:49.871" endtime="20200414 15:01:49.872"></status>
</kw>
<status status="PASS" starttime="20200414 15:01:49.870" endtime="20200414 15:01:49.872"></status>
</kw>
<kw name="Then &quot;Target Postings&quot; Must Have Been Updated In The System">
<kw name="Is Subset" library="Utilities">
<arguments>
<arg>subset=${TARGET_POSTINGS}</arg>
<arg>superset=${REGISTERED_POSTINGS}</arg>
</arguments>
<assign>
<var>${is_subset}</var>
</assign>
<msg timestamp="20200414 15:01:49.876" level="INFO">${is_subset} = True</msg>
<status status="PASS" starttime="20200414 15:01:49.874" endtime="20200414 15:01:49.876"></status>
</kw>
<kw name="Should Be True" library="BuiltIn">
<doc>Fails if the given condition is not true.</doc>
<arguments>
<arg>${is_subset}</arg>
</arguments>
<status status="PASS" starttime="20200414 15:01:49.876" endtime="20200414 15:01:49.877"></status>
</kw>
<status status="PASS" starttime="20200414 15:01:49.874" endtime="20200414 15:01:49.877"></status>
</kw>
<kw name="Test Teardown" type="teardown">
<kw name="Delete Every Posting Except &quot;Pre-Set Postings&quot;">
<kw name="&quot;Registered Postings&quot; Are Read">
<kw name="Make Get Request" library="AdminUser">
<assign>
<var>${GET_RESPONSE}</var>
</assign>
<msg timestamp="20200414 15:01:50.064" level="INFO">${GET_RESPONSE} = &lt;Response [200]&gt;</msg>
<status status="PASS" starttime="20200414 15:01:49.885" endtime="20200414 15:01:50.064"></status>
</kw>
<kw name="Should Be Equal As Integers" library="BuiltIn">
<doc>Fails if objects are unequal after converting them to integers.</doc>
<arguments>
<arg>${GET_RESPONSE.status_code}</arg>
<arg>200</arg>
</arguments>
<msg timestamp="20200414 15:01:50.065" level="INFO">Argument types are:
&lt;class 'int'&gt;
&lt;type 'unicode'&gt;</msg>
<status status="PASS" starttime="20200414 15:01:50.064" endtime="20200414 15:01:50.065"></status>
</kw>
<kw name="Set Variable" library="BuiltIn">
<doc>Returns the given values which can then be assigned to a variables.</doc>
<arguments>
<arg>${GET_RESPONSE.json()}</arg>
</arguments>
<assign>
<var>@{registered_postings}</var>
</assign>
<msg timestamp="20200414 15:01:50.067" level="INFO">@{registered_postings} = [ {'url': 'https://glacial-earth-31542.herokuapp.com/api/postings/1/', 'id': 1, 'user': 1, 'title': 'My First Posting', 'content': "My First Blog's content", 'timestamp': '2019-12-18T17:06:54.373451+0...</msg>
<status status="PASS" starttime="20200414 15:01:50.066" endtime="20200414 15:01:50.068"></status>
</kw>
<kw name="Set Suite Variable" library="BuiltIn">
<doc>Makes a variable available everywhere within the scope of the current suite.</doc>
<arguments>
<arg>@{REGISTERED_POSTINGS}</arg>
<arg>@{registered_postings}</arg>
</arguments>
<msg timestamp="20200414 15:01:50.070" level="INFO">@{REGISTERED_POSTINGS} = [ {'url': 'https://glacial-earth-31542.herokuapp.com/api/postings/1/', 'id': 1, 'user': 1, 'title': 'My First Posting', 'content': "My First Blog's content", 'timestamp': '2019-12-18T17:06:54.373451+0...</msg>
<status status="PASS" starttime="20200414 15:01:50.068" endtime="20200414 15:01:50.071"></status>
</kw>
<status status="PASS" starttime="20200414 15:01:49.885" endtime="20200414 15:01:50.071"></status>
</kw>
<kw name="Delete Postings" library="Utilities">
<arguments>
<arg>candidate_postings_to_delete=${REGISTERED_POSTINGS}</arg>
<arg>postings_to_skip=${PRE_SET_POSTINGS}</arg>
</arguments>
<kw name="Make Delete Request" library="AdminUser">
<arguments>
<arg>{'url': 'https://glacial-earth-31542.herokuapp.com/api/postings/2488/', 'id': 2488, 'user': 1, 'title': 'Posting 1', 'content': 'modified content', 'timestamp': '2020-04-14T15:01:47.000651+03:00'}</arg>
</arguments>
<status status="PASS" starttime="20200414 15:01:50.073" endtime="20200414 15:01:50.483"></status>
</kw>
<kw name="Make Delete Request" library="AdminUser">
<arguments>
<arg>{'url': 'https://glacial-earth-31542.herokuapp.com/api/postings/2489/', 'id': 2489, 'user': 1, 'title': 'Posting 2', 'content': 'modified content', 'timestamp': '2020-04-14T15:01:47.489514+03:00'}</arg>
</arguments>
<status status="PASS" starttime="20200414 15:01:50.484" endtime="20200414 15:01:50.908"></status>
</kw>
<kw name="Make Delete Request" library="AdminUser">
<arguments>
<arg>{'url': 'https://glacial-earth-31542.herokuapp.com/api/postings/2490/', 'id': 2490, 'user': 1, 'title': 'Posting 3', 'content': 'modified content', 'timestamp': '2020-04-14T15:01:47.919433+03:00'}</arg>
</arguments>
<status status="PASS" starttime="20200414 15:01:50.908" endtime="20200414 15:01:51.317"></status>
</kw>
<status status="PASS" starttime="20200414 15:01:50.072" endtime="20200414 15:01:51.317"></status>
</kw>
<status status="PASS" starttime="20200414 15:01:49.878" endtime="20200414 15:01:51.317"></status>
</kw>
<kw name="&quot;Registered Postings&quot; Are Read">
<kw name="Make Get Request" library="AdminUser">
<assign>
<var>${GET_RESPONSE}</var>
</assign>
<msg timestamp="20200414 15:01:51.499" level="INFO">${GET_RESPONSE} = &lt;Response [200]&gt;</msg>
<status status="PASS" starttime="20200414 15:01:51.318" endtime="20200414 15:01:51.499"></status>
</kw>
<kw name="Should Be Equal As Integers" library="BuiltIn">
<doc>Fails if objects are unequal after converting them to integers.</doc>
<arguments>
<arg>${GET_RESPONSE.status_code}</arg>
<arg>200</arg>
</arguments>
<msg timestamp="20200414 15:01:51.501" level="INFO">Argument types are:
&lt;class 'int'&gt;
&lt;type 'unicode'&gt;</msg>
<status status="PASS" starttime="20200414 15:01:51.500" endtime="20200414 15:01:51.501"></status>
</kw>
<kw name="Set Variable" library="BuiltIn">
<doc>Returns the given values which can then be assigned to a variables.</doc>
<arguments>
<arg>${GET_RESPONSE.json()}</arg>
</arguments>
<assign>
<var>@{registered_postings}</var>
</assign>
<msg timestamp="20200414 15:01:51.503" level="INFO">@{registered_postings} = [ {'url': 'https://glacial-earth-31542.herokuapp.com/api/postings/1/', 'id': 1, 'user': 1, 'title': 'My First Posting', 'content': "My First Blog's content", 'timestamp': '2019-12-18T17:06:54.373451+0...</msg>
<status status="PASS" starttime="20200414 15:01:51.502" endtime="20200414 15:01:51.503"></status>
</kw>
<kw name="Set Suite Variable" library="BuiltIn">
<doc>Makes a variable available everywhere within the scope of the current suite.</doc>
[...]
</kw>
<status status="PASS" starttime="20200414 15:02:42.603" endtime="20200414 15:02:42.609"></status>
</kw>
<status status="PASS" starttime="20200414 15:02:42.600" endtime="20200414 15:02:42.609"></status>
</kw>
<status status="PASS" starttime="20200414 15:02:42.410" endtime="20200414 15:02:42.609"></status>
</kw>
<kw name="&quot;Registered Postings&quot; Are Read">
<kw name="Make Get Request" library="NoPriviligeUser">
<assign>
<var>${GET_RESPONSE}</var>
</assign>
<msg timestamp="20200414 15:02:42.799" level="INFO">${GET_RESPONSE} = &lt;Response [200]&gt;</msg>
<status status="PASS" starttime="20200414 15:02:42.610" endtime="20200414 15:02:42.801"></status>
</kw>
<kw name="Should Be Equal As Integers" library="BuiltIn">
<doc>Fails if objects are unequal after converting them to integers.</doc>
<arguments>
<arg>${GET_RESPONSE.status_code}</arg>
<arg>200</arg>
</arguments>
<msg timestamp="20200414 15:02:42.802" level="INFO">Argument types are:
&lt;class 'int'&gt;
&lt;type 'unicode'&gt;</msg>
<status status="PASS" starttime="20200414 15:02:42.801" endtime="20200414 15:02:42.802"></status>
</kw>
<kw name="Set Variable" library="BuiltIn">
<doc>Returns the given values which can then be assigned to a variables.</doc>
<arguments>
<arg>${GET_RESPONSE.json()}</arg>
</arguments>
<assign>
<var>@{registered_postings}</var>
</assign>
<msg timestamp="20200414 15:02:42.803" level="INFO">@{registered_postings} = [ {'url': 'https://glacial-earth-31542.herokuapp.com/api/postings/1/', 'id': 1, 'user': 1, 'title': 'My First Posting', 'content': "My First Blog's content", 'timestamp': '2019-12-18T17:06:54.373451+0...</msg>
<status status="PASS" starttime="20200414 15:02:42.802" endtime="20200414 15:02:42.803"></status>
</kw>
<kw name="Set Suite Variable" library="BuiltIn">
<doc>Makes a variable available everywhere within the scope of the current suite.</doc>
<arguments>
<arg>@{REGISTERED_POSTINGS}</arg>
<arg>@{registered_postings}</arg>
</arguments>
<msg timestamp="20200414 15:02:42.804" level="INFO">@{REGISTERED_POSTINGS} = [ {'url': 'https://glacial-earth-31542.herokuapp.com/api/postings/1/', 'id': 1, 'user': 1, 'title': 'My First Posting', 'content': "My First Blog's content", 'timestamp': '2019-12-18T17:06:54.373451+0...</msg>
<status status="PASS" starttime="20200414 15:02:42.804" endtime="20200414 15:02:42.804"></status>
</kw>
<status status="PASS" starttime="20200414 15:02:42.609" endtime="20200414 15:02:42.804"></status>
</kw>
<kw name="Only &quot;Pre-Set Postings&quot; Are Left In The System">
<kw name="Should Be True" library="BuiltIn">
<doc>Fails if the given condition is not true.</doc>
<arguments>
<arg>$REGISTERED_POSTINGS == $PRE_SET_POSTINGS</arg>
</arguments>
<status status="PASS" starttime="20200414 15:02:42.805" endtime="20200414 15:02:42.806"></status>
</kw>
<status status="PASS" starttime="20200414 15:02:42.804" endtime="20200414 15:02:42.806"></status>
</kw>
<status status="PASS" starttime="20200414 15:02:42.410" endtime="20200414 15:02:42.806"></status>
</kw>
<tags>
<tag>CRUD-failure-as-NoPriviligeUser</tag>
<tag>CRUD-operations-as-NoPriviligeUser</tag>
</tags>
<status status="PASS" starttime="20200414 15:02:41.483" endtime="20200414 15:02:42.807" critical="yes"></status>
</test>
<test id="s1-s2-t6" name="Attempting To Read Postings with Invalid URI Fails">
<kw name="Test Setup" type="setup">
<kw name="&quot;Target Postings&quot; Are Deleted">
<kw name="&quot;Registered Postings&quot; Are Read">
<kw name="Make Get Request" library="NoPriviligeUser">
<assign>
<var>${GET_RESPONSE}</var>
</assign>
<msg timestamp="20200414 15:02:42.972" level="INFO">${GET_RESPONSE} = &lt;Response [200]&gt;</msg>
<status status="PASS" starttime="20200414 15:02:42.810" endtime="20200414 15:02:42.972"></status>
</kw>
<kw name="Should Be Equal As Integers" library="BuiltIn">
<doc>Fails if objects are unequal after converting them to integers.</doc>
<arguments>
<arg>${GET_RESPONSE.status_code}</arg>
<arg>200</arg>
</arguments>
<msg timestamp="20200414 15:02:42.972" level="INFO">Argument types are:
&lt;class 'int'&gt;
&lt;type 'unicode'&gt;</msg>
<status status="PASS" starttime="20200414 15:02:42.972" endtime="20200414 15:02:42.973"></status>
</kw>
<kw name="Set Variable" library="BuiltIn">
<doc>Returns the given values which can then be assigned to a variables.</doc>
<arguments>
<arg>${GET_RESPONSE.json()}</arg>
</arguments>
<assign>
<var>@{registered_postings}</var>
</assign>
<msg timestamp="20200414 15:02:42.973" level="INFO">@{registered_postings} = [ {'url': 'https://glacial-earth-31542.herokuapp.com/api/postings/1/', 'id': 1, 'user': 1, 'title': 'My First Posting', 'content': "My First Blog's content", 'timestamp': '2019-12-18T17:06:54.373451+0...</msg>
<status status="PASS" starttime="20200414 15:02:42.973" endtime="20200414 15:02:42.973"></status>
</kw>
<kw name="Set Suite Variable" library="BuiltIn">
<doc>Makes a variable available everywhere within the scope of the current suite.</doc>
<arguments>
<arg>@{REGISTERED_POSTINGS}</arg>
<arg>@{registered_postings}</arg>
</arguments>
<msg timestamp="20200414 15:02:42.974" level="INFO">@{REGISTERED_POSTINGS} = [ {'url': 'https://glacial-earth-31542.herokuapp.com/api/postings/1/', 'id': 1, 'user': 1, 'title': 'My First Posting', 'content': "My First Blog's content", 'timestamp': '2019-12-18T17:06:54.373451+0...</msg>
<status status="PASS" starttime="20200414 15:02:42.974" endtime="20200414 15:02:42.974"></status>
</kw>
<status status="PASS" starttime="20200414 15:02:42.808" endtime="20200414 15:02:42.975"></status>
</kw>
<kw name="${iptd} IN [ @{INCOMPLETE_TARGET_POSTINGS} ]" type="for">
<kw name="${iptd} = {'title': 'Posting 1', 'content': 'Posting 1 content'}" type="foritem">
<kw name="Delete Matching Posting" library="Utilities">
<arguments>
<arg>${iptd}</arg>
</arguments>
<status status="PASS" starttime="20200414 15:02:42.975" endtime="20200414 15:02:42.976"></status>
</kw>
<status status="PASS" starttime="20200414 15:02:42.975" endtime="20200414 15:02:42.976"></status>
</kw>
<kw name="${iptd} = {'title': 'Posting 2', 'content': 'Posting 2 content'}" type="foritem">
<kw name="Delete Matching Posting" library="Utilities">
<arguments>
<arg>${iptd}</arg>
</arguments>
<status status="PASS" starttime="20200414 15:02:42.976" endtime="20200414 15:02:42.976"></status>
</kw>
<status status="PASS" starttime="20200414 15:02:42.976" endtime="20200414 15:02:42.977"></status>
</kw>
<kw name="${iptd} = {'title': 'Posting 3', 'content': 'Posting 3 content'}" type="foritem">
<kw name="Delete Matching Posting" library="Utilities">
<arguments>
<arg>${iptd}</arg>
</arguments>
<status status="PASS" starttime="20200414 15:02:42.977" endtime="20200414 15:02:42.977"></status>
</kw>
<status status="PASS" starttime="20200414 15:02:42.977" endtime="20200414 15:02:42.977"></status>
</kw>
<status status="PASS" starttime="20200414 15:02:42.975" endtime="20200414 15:02:42.977"></status>
</kw>
<status status="PASS" starttime="20200414 15:02:42.808" endtime="20200414 15:02:42.977"></status>
</kw>
<kw name="&quot;Pre-Set Postings&quot; Are Cached">
<kw name="&quot;Registered Postings&quot; Are Read">
<kw name="Make Get Request" library="NoPriviligeUser">
<assign>
<var>${GET_RESPONSE}</var>
</assign>
<msg timestamp="20200414 15:02:43.210" level="INFO">${GET_RESPONSE} = &lt;Response [200]&gt;</msg>
<status status="PASS" starttime="20200414 15:02:42.978" endtime="20200414 15:02:43.210"></status>
</kw>
<kw name="Should Be Equal As Integers" library="BuiltIn">
<doc>Fails if objects are unequal after converting them to integers.</doc>
<arguments>
<arg>${GET_RESPONSE.status_code}</arg>
<arg>200</arg>
</arguments>
<msg timestamp="20200414 15:02:43.211" level="INFO">Argument types are:
&lt;class 'int'&gt;
&lt;type 'unicode'&gt;</msg>
<status status="PASS" starttime="20200414 15:02:43.210" endtime="20200414 15:02:43.211"></status>
</kw>
<kw name="Set Variable" library="BuiltIn">
<doc>Returns the given values which can then be assigned to a variables.</doc>
<arguments>
<arg>${GET_RESPONSE.json()}</arg>
</arguments>
<assign>
<var>@{registered_postings}</var>
</assign>
<msg timestamp="20200414 15:02:43.212" level="INFO">@{registered_postings} = [ {'url': 'https://glacial-earth-31542.herokuapp.com/api/postings/1/', 'id': 1, 'user': 1, 'title': 'My First Posting', 'content': "My First Blog's content", 'timestamp': '2019-12-18T17:06:54.373451+0...</msg>
<status status="PASS" starttime="20200414 15:02:43.211" endtime="20200414 15:02:43.212"></status>
</kw>
<kw name="Set Suite Variable" library="BuiltIn">
<doc>Makes a variable available everywhere within the scope of the current suite.</doc>
<arguments>
<arg>@{REGISTERED_POSTINGS}</arg>
<arg>@{registered_postings}</arg>
</arguments>
<msg timestamp="20200414 15:02:43.214" level="INFO">@{REGISTERED_POSTINGS} = [ {'url': 'https://glacial-earth-31542.herokuapp.com/api/postings/1/', 'id': 1, 'user': 1, 'title': 'My First Posting', 'content': "My First Blog's content", 'timestamp': '2019-12-18T17:06:54.373451+0...</msg>
<status status="PASS" starttime="20200414 15:02:43.213" endtime="20200414 15:02:43.214"></status>
</kw>
<status status="PASS" starttime="20200414 15:02:42.978" endtime="20200414 15:02:43.214"></status>
</kw>
<kw name="Set Suite Variable" library="BuiltIn">
<doc>Makes a variable available everywhere within the scope of the current suite.</doc>
<arguments>
<arg>@{PRE_SET_POSTINGS}</arg>
<arg>@{REGISTERED_POSTINGS}</arg>
</arguments>
<msg timestamp="20200414 15:02:43.216" level="INFO">@{PRE_SET_POSTINGS} = [ {'url': 'https://glacial-earth-31542.herokuapp.com/api/postings/1/', 'id': 1, 'user': 1, 'title': 'My First Posting', 'content': "My First Blog's content", 'timestamp': '2019-12-18T17:06:54.373451+0...</msg>
<status status="PASS" starttime="20200414 15:02:43.215" endtime="20200414 15:02:43.216"></status>
</kw>
<status status="PASS" starttime="20200414 15:02:42.978" endtime="20200414 15:02:43.216"></status>
</kw>
<status status="PASS" starttime="20200414 15:02:42.808" endtime="20200414 15:02:43.216"></status>
</kw>
<kw name="When Bad Read Request Is Made With Invalid URI">
<kw name="Make Bad Get Request" library="NoPriviligeUser">
<assign>
<var>${GET_RESPONSE}</var>
</assign>
<msg timestamp="20200414 15:02:43.608" level="INFO">${GET_RESPONSE} = &lt;Response [404]&gt;</msg>
<status status="PASS" starttime="20200414 15:02:43.218" endtime="20200414 15:02:43.608"></status>
</kw>
<kw name="Set Test Variable" library="BuiltIn">
<doc>Makes a variable available everywhere within the scope of the current test.</doc>
<arguments>
<arg>${GET_RESPONSE}</arg>
</arguments>
<msg timestamp="20200414 15:02:43.609" level="INFO">${GET_RESPONSE} = &lt;Response [404]&gt;</msg>
<status status="PASS" starttime="20200414 15:02:43.608" endtime="20200414 15:02:43.609"></status>
</kw>
<status status="PASS" starttime="20200414 15:02:43.217" endtime="20200414 15:02:43.609"></status>
</kw>
<kw name="Then Read Response Should Be &quot;404-Not Found&quot;">
<kw name="Should Be True" library="BuiltIn">
<doc>Fails if the given condition is not true.</doc>
<arguments>
<arg>$GET_RESPONSE.status_code == 404</arg>
</arguments>
<status status="PASS" starttime="20200414 15:02:43.610" endtime="20200414 15:02:43.612"></status>
</kw>
<status status="PASS" starttime="20200414 15:02:43.610" endtime="20200414 15:02:43.613"></status>
</kw>
<kw name="Test Teardown" type="teardown">
<kw name="&quot;Target Postings&quot; Are Deleted">
<kw name="&quot;Registered Postings&quot; Are Read">
<kw name="Make Get Request" library="NoPriviligeUser">
<assign>
<var>${GET_RESPONSE}</var>
</assign>
<msg timestamp="20200414 15:02:43.927" level="INFO">${GET_RESPONSE} = &lt;Response [200]&gt;</msg>
<status status="PASS" starttime="20200414 15:02:43.615" endtime="20200414 15:02:43.927"></status>
</kw>
<kw name="Should Be Equal As Integers" library="BuiltIn">
<doc>Fails if objects are unequal after converting them to integers.</doc>
<arguments>
<arg>${GET_RESPONSE.status_code}</arg>
<arg>200</arg>
</arguments>
<msg timestamp="20200414 15:02:43.928" level="INFO">Argument types are:
&lt;class 'int'&gt;
&lt;type 'unicode'&gt;</msg>
<status status="PASS" starttime="20200414 15:02:43.928" endtime="20200414 15:02:43.928"></status>
</kw>
<kw name="Set Variable" library="BuiltIn">
<doc>Returns the given values which can then be assigned to a variables.</doc>
<arguments>
<arg>${GET_RESPONSE.json()}</arg>
</arguments>
<assign>
<var>@{registered_postings}</var>
</assign>
<msg timestamp="20200414 15:02:43.929" level="INFO">@{registered_postings} = [ {'url': 'https://glacial-earth-31542.herokuapp.com/api/postings/1/', 'id': 1, 'user': 1, 'title': 'My First Posting', 'content': "My First Blog's content", 'timestamp': '2019-12-18T17:06:54.373451+0...</msg>
<status status="PASS" starttime="20200414 15:02:43.928" endtime="20200414 15:02:43.929"></status>
</kw>
<kw name="Set Suite Variable" library="BuiltIn">
<doc>Makes a variable available everywhere within the scope of the current suite.</doc>
<arguments>
<arg>@{REGISTERED_POSTINGS}</arg>
<arg>@{registered_postings}</arg>
</arguments>
<msg timestamp="20200414 15:02:43.930" level="INFO">@{REGISTERED_POSTINGS} = [ {'url': 'https://glacial-earth-31542.herokuapp.com/api/postings/1/', 'id': 1, 'user': 1, 'title': 'My First Posting', 'content': "My First Blog's content", 'timestamp': '2019-12-18T17:06:54.373451+0...</msg>
<status status="PASS" starttime="20200414 15:02:43.929" endtime="20200414 15:02:43.930"></status>
</kw>
<status status="PASS" starttime="20200414 15:02:43.614" endtime="20200414 15:02:43.930"></status>
</kw>
<kw name="${iptd} IN [ @{INCOMPLETE_TARGET_POSTINGS} ]" type="for">
<kw name="${iptd} = {'title': 'Posting 1', 'content': 'Posting 1 content'}" type="foritem">
<kw name="Delete Matching Posting" library="Utilities">
<arguments>
<arg>${iptd}</arg>
</arguments>
<status status="PASS" starttime="20200414 15:02:43.937" endtime="20200414 15:02:43.937"></status>
</kw>
<status status="PASS" starttime="20200414 15:02:43.937" endtime="20200414 15:02:43.937"></status>
</kw>
<kw name="${iptd} = {'title': 'Posting 2', 'content': 'Posting 2 content'}" type="foritem">
<kw name="Delete Matching Posting" library="Utilities">
<arguments>
<arg>${iptd}</arg>
</arguments>
<status status="PASS" starttime="20200414 15:02:43.938" endtime="20200414 15:02:43.938"></status>
</kw>
<status status="PASS" starttime="20200414 15:02:43.937" endtime="20200414 15:02:43.938"></status>
</kw>
<kw name="${iptd} = {'title': 'Posting 3', 'content': 'Posting 3 content'}" type="foritem">
<kw name="Delete Matching Posting" library="Utilities">
<arguments>
<arg>${iptd}</arg>
</arguments>
<status status="PASS" starttime="20200414 15:02:43.943" endtime="20200414 15:02:43.943"></status>
</kw>
<status status="PASS" starttime="20200414 15:02:43.938" endtime="20200414 15:02:43.943"></status>
</kw>
<status status="PASS" starttime="20200414 15:02:43.936" endtime="20200414 15:02:43.943"></status>
</kw>
<status status="PASS" starttime="20200414 15:02:43.614" endtime="20200414 15:02:43.943"></status>
</kw>
<kw name="&quot;Registered Postings&quot; Are Read">
<kw name="Make Get Request" library="NoPriviligeUser">
<assign>
<var>${GET_RESPONSE}</var>
</assign>
<msg timestamp="20200414 15:02:44.104" level="INFO">${GET_RESPONSE} = &lt;Response [200]&gt;</msg>
<status status="PASS" starttime="20200414 15:02:43.944" endtime="20200414 15:02:44.104"></status>
</kw>
<kw name="Should Be Equal As Integers" library="BuiltIn">
<doc>Fails if objects are unequal after converting them to integers.</doc>
<arguments>
<arg>${GET_RESPONSE.status_code}</arg>
<arg>200</arg>
</arguments>
<msg timestamp="20200414 15:02:44.104" level="INFO">Argument types are:
&lt;class 'int'&gt;
&lt;type 'unicode'&gt;</msg>
<status status="PASS" starttime="20200414 15:02:44.104" endtime="20200414 15:02:44.105"></status>
</kw>
<kw name="Set Variable" library="BuiltIn">
<doc>Returns the given values which can then be assigned to a variables.</doc>
<arguments>
<arg>${GET_RESPONSE.json()}</arg>
</arguments>
<assign>
<var>@{registered_postings}</var>
</assign>
<msg timestamp="20200414 15:02:44.105" level="INFO">@{registered_postings} = [ {'url': 'https://glacial-earth-31542.herokuapp.com/api/postings/1/', 'id': 1, 'user': 1, 'title': 'My First Posting', 'content': "My First Blog's content", 'timestamp': '2019-12-18T17:06:54.373451+0...</msg>
<status status="PASS" starttime="20200414 15:02:44.105" endtime="20200414 15:02:44.105"></status>
</kw>
<kw name="Set Suite Variable" library="BuiltIn">
<doc>Makes a variable available everywhere within the scope of the current suite.</doc>
<arguments>
<arg>@{REGISTERED_POSTINGS}</arg>
<arg>@{registered_postings}</arg>
</arguments>
<msg timestamp="20200414 15:02:44.106" level="INFO">@{REGISTERED_POSTINGS} = [ {'url': 'https://glacial-earth-31542.herokuapp.com/api/postings/1/', 'id': 1, 'user': 1, 'title': 'My First Posting', 'content': "My First Blog's content", 'timestamp': '2019-12-18T17:06:54.373451+0...</msg>
<status status="PASS" starttime="20200414 15:02:44.105" endtime="20200414 15:02:44.106"></status>
</kw>
<status status="PASS" starttime="20200414 15:02:43.943" endtime="20200414 15:02:44.111"></status>
</kw>
<kw name="Only &quot;Pre-Set Postings&quot; Are Left In The System">
<kw name="Should Be True" library="BuiltIn">
<doc>Fails if the given condition is not true.</doc>
<arguments>
<arg>$REGISTERED_POSTINGS == $PRE_SET_POSTINGS</arg>
</arguments>
<status status="PASS" starttime="20200414 15:02:44.111" endtime="20200414 15:02:44.113"></status>
</kw>
<status status="PASS" starttime="20200414 15:02:44.111" endtime="20200414 15:02:44.113"></status>
</kw>
<status status="PASS" starttime="20200414 15:02:43.613" endtime="20200414 15:02:44.113"></status>
</kw>
<tags>
<tag>CRUD-failure-as-NoPriviligeUser</tag>
<tag>CRUD-operations-as-NoPriviligeUser</tag>
</tags>
<status status="PASS" starttime="20200414 15:02:42.807" endtime="20200414 15:02:44.113" critical="yes"></status>
</test>
<doc>This test suite uses NoPriviligeUser's request headers to test BlogPostAPI.
For a NoPriviligeUser, BlogPostAPI provides GET methods
as well as OPTIONS method. Note that POST,PUT and DELETE methods are not supported.
Therefore, we can not make Create nor we cannot Delete as NoPriviligeUser.
In any way, to be %100 sure that sytem remains
intact, we use AdminUser's rights to Delete "Target Postings" in Test Teardown.
The URL of the API is:
https://glacial-earth-31542.herokuapp.com/api/postings/</doc>
<metadata>
<item name="OS">Linux</item>
<item name="Version">1.0</item>
</metadata>
<status status="PASS" starttime="20200414 15:02:34.833" endtime="20200414 15:02:44.115"></status>
</suite>
<status status="PASS" starttime="20200414 15:01:37.127" endtime="20200414 15:02:44.131"></status>
</suite>
<statistics>
<total>
<stat pass="20" fail="0">Critical Tests</stat>
<stat pass="20" fail="0">All Tests</stat>
</total>
<tag>
<stat pass="4" fail="0">CRUD-failure-as-admin</stat>
<stat pass="4" fail="0">CRUD-failure-as-NoPriviligeUser</stat>
<stat pass="12" fail="0">CRUD-operations-as-admin</stat>
<stat pass="4" fail="0">CRUD-operations-as-NoPriviligeUser</stat>
<stat pass="8" fail="0">CRUD-success-as-admin</stat>
<stat pass="2" fail="0">smoke-as-admin</stat>
<stat pass="2" fail="0">smoke-as-NoPriviligeUser</stat>
</tag>
<suite>
<stat pass="20" fail="0" id="s1" name="BlogPostApiTestsAsAdmin &amp; BlogPostApiTestsAsNoPriviligeUser">BlogPostApiTestsAsAdmin &amp; BlogPostApiTestsAsNoPriviligeUser</stat>
<stat pass="14" fail="0" id="s1-s1" name="BlogPostApiTestsAsAdmin">BlogPostApiTestsAsAdmin &amp; BlogPostApiTestsAsNoPriviligeUser.BlogPostApiTestsAsAdmin</stat>
<stat pass="6" fail="0" id="s1-s2" name="BlogPostApiTestsAsNoPriviligeUser">BlogPostApiTestsAsAdmin &amp; BlogPostApiTestsAsNoPriviligeUser.BlogPostApiTestsAsNoPriviligeUser</stat>
</suite>
</statistics>
<errors>
</errors>
</robot>
