<?xml version="1.0" encoding="UTF-8"?>
<robot generator="Robot 3.1.2 (Python 3.7.4 on linux)" generated="20200427 13:07:01.029" rpa="false">
<suite id="s1" name="BlogPostApiTestsAsAdmin &amp; BlogPostApiTestsAsNoPriviligeUser">
<suite id="s1-s1" name="BlogPostApiTestsAsAdmin" source="/home/hakan/Python/Robot/python-requests-module-tests/Tests/BlogPostApiTestsAsAdmin.robot">
<kw name="Suite Setup" type="setup">
<kw name="Set Variable" library="BuiltIn">
<doc>Returns the given values which can then be assigned to a variables.</doc>
<arguments>
<arg>${ADMIN}[EXPECTED_API_SPEC][actions][POST]</arg>
</arguments>
<assign>
<var>${posting_spec}</var>
</assign>
<msg timestamp="20200427 13:07:02.337" level="INFO">${posting_spec} = {'url': {'type': 'field', 'required': False, 'read_only': True, 'label': 'Url'}, 'id': {'type': 'integer', 'required': False, 'read_only': True, 'label': 'ID'}, 'user': {'type': 'field', 'required': F...</msg>
<status status="PASS" starttime="20200427 13:07:02.337" endtime="20200427 13:07:02.337"></status>
</kw>
<kw name="Set Suite Variable" library="BuiltIn">
<doc>Makes a variable available everywhere within the scope of the current suite.</doc>
<arguments>
<arg>${POSTING_SPEC}</arg>
<arg>${posting_spec}</arg>
</arguments>
<msg timestamp="20200427 13:07:02.338" level="INFO">${POSTING_SPEC} = {'url': {'type': 'field', 'required': False, 'read_only': True, 'label': 'Url'}, 'id': {'type': 'integer', 'required': False, 'read_only': True, 'label': 'ID'}, 'user': {'type': 'field', 'required': F...</msg>
<status status="PASS" starttime="20200427 13:07:02.337" endtime="20200427 13:07:02.338"></status>
</kw>
<kw name="&quot;Pre-Set Postings&quot; Are Cached">
<kw name="&quot;Registered Postings&quot; Are Read">
<kw name="Make Get Request" library="AdminUser">
<assign>
<var>${GET_RESPONSE}</var>
</assign>
<msg timestamp="20200427 13:07:03.739" level="INFO">${GET_RESPONSE} = &lt;Response [200]&gt;</msg>
<status status="PASS" starttime="20200427 13:07:02.338" endtime="20200427 13:07:03.739"></status>
</kw>
<kw name="Should Be Equal As Integers" library="BuiltIn">
<doc>Fails if objects are unequal after converting them to integers.</doc>
<arguments>
<arg>${GET_RESPONSE.status_code}</arg>
<arg>200</arg>
</arguments>
<msg timestamp="20200427 13:07:03.740" level="INFO">Argument types are:
&lt;class 'int'&gt;
&lt;type 'unicode'&gt;</msg>
<status status="PASS" starttime="20200427 13:07:03.739" endtime="20200427 13:07:03.740"></status>
</kw>
<kw name="Set Variable" library="BuiltIn">
<doc>Returns the given values which can then be assigned to a variables.</doc>
<arguments>
<arg>${GET_RESPONSE.json()}</arg>
</arguments>
<assign>
<var>@{registered_postings}</var>
</assign>
<msg timestamp="20200427 13:07:03.740" level="INFO">@{registered_postings} = [ {'url': 'https://glacial-earth-31542.herokuapp.com/api/postings/1/', 'id': 1, 'user': 1, 'title': 'My First Posting', 'content': "My First Blog's content", 'timestamp': '2019-12-18T17:06:54.373451+0...</msg>
<status status="PASS" starttime="20200427 13:07:03.740" endtime="20200427 13:07:03.740"></status>
</kw>
<kw name="Set Suite Variable" library="BuiltIn">
<doc>Makes a variable available everywhere within the scope of the current suite.</doc>
<arguments>
<arg>@{REGISTERED_POSTINGS}</arg>
<arg>@{registered_postings}</arg>
</arguments>
<msg timestamp="20200427 13:07:03.741" level="INFO">@{REGISTERED_POSTINGS} = [ {'url': 'https://glacial-earth-31542.herokuapp.com/api/postings/1/', 'id': 1, 'user': 1, 'title': 'My First Posting', 'content': "My First Blog's content", 'timestamp': '2019-12-18T17:06:54.373451+0...</msg>
<status status="PASS" starttime="20200427 13:07:03.740" endtime="20200427 13:07:03.741"></status>
</kw>
<status status="PASS" starttime="20200427 13:07:02.338" endtime="20200427 13:07:03.741"></status>
</kw>
<kw name="Set Suite Variable" library="BuiltIn">
<doc>Makes a variable available everywhere within the scope of the current suite.</doc>
<arguments>
<arg>@{PRE_SET_POSTINGS}</arg>
<arg>@{REGISTERED_POSTINGS}</arg>
</arguments>
<msg timestamp="20200427 13:07:03.741" level="INFO">@{PRE_SET_POSTINGS} = [ {'url': 'https://glacial-earth-31542.herokuapp.com/api/postings/1/', 'id': 1, 'user': 1, 'title': 'My First Posting', 'content': "My First Blog's content", 'timestamp': '2019-12-18T17:06:54.373451+0...</msg>
<status status="PASS" starttime="20200427 13:07:03.741" endtime="20200427 13:07:03.741"></status>
</kw>
<status status="PASS" starttime="20200427 13:07:02.338" endtime="20200427 13:07:03.741"></status>
</kw>
<status status="PASS" starttime="20200427 13:07:02.336" endtime="20200427 13:07:03.741"></status>
</kw>
<test id="s1-s1-t1" name="Checking BlogPostAPI specification">
<kw name="Test Setup" type="setup">
<kw name="Set Suite Variable" library="BuiltIn">
<doc>Makes a variable available everywhere within the scope of the current suite.</doc>
<arguments>
<arg>${RANDOM_TARGET_POSTING}</arg>
<arg>${None}</arg>
</arguments>
<msg timestamp="20200427 13:07:03.742" level="INFO">${RANDOM_TARGET_POSTING} = None</msg>
<status status="PASS" starttime="20200427 13:07:03.742" endtime="20200427 13:07:03.742"></status>
</kw>
<status status="PASS" starttime="20200427 13:07:03.742" endtime="20200427 13:07:03.742"></status>
</kw>
<kw name="When BlogPostAPI Specification Is Queried">
<kw name="Make Options Request" library="AdminUser">
<assign>
<var>${OPTIONS_RESPONSE}</var>
</assign>
<msg timestamp="20200427 13:07:03.899" level="INFO">${OPTIONS_RESPONSE} = &lt;Response [200]&gt;</msg>
<status status="PASS" starttime="20200427 13:07:03.743" endtime="20200427 13:07:03.899"></status>
</kw>
<kw name="Set Test Variable" library="BuiltIn">
<doc>Makes a variable available everywhere within the scope of the current test.</doc>
<arguments>
<arg>${OPTIONS_RESPONSE}</arg>
</arguments>
<msg timestamp="20200427 13:07:03.900" level="INFO">${OPTIONS_RESPONSE} = &lt;Response [200]&gt;</msg>
<status status="PASS" starttime="20200427 13:07:03.899" endtime="20200427 13:07:03.900"></status>
</kw>
<status status="PASS" starttime="20200427 13:07:03.743" endtime="20200427 13:07:03.900"></status>
</kw>
<kw name="Then BlogPostAPI Specification Is Correct">
<kw name="Verify Options Response" library="AdminUser">
<arguments>
<arg>options_response=${OPTIONS_RESPONSE}</arg>
</arguments>
<msg timestamp="20200427 13:07:03.902" level="FAIL">AssertionError</msg>
<status status="FAIL" starttime="20200427 13:07:03.901" endtime="20200427 13:07:03.902"></status>
</kw>
<status status="FAIL" starttime="20200427 13:07:03.900" endtime="20200427 13:07:03.902"></status>
</kw>
<kw name="Test Teardown" type="teardown">
<kw name="Delete Every Posting Except &quot;Pre-Set Postings&quot;">
<kw name="&quot;Registered Postings&quot; Are Read">
<kw name="Make Get Request" library="AdminUser">
<assign>
<var>${GET_RESPONSE}</var>
</assign>
<msg timestamp="20200427 13:07:04.348" level="INFO">${GET_RESPONSE} = &lt;Response [200]&gt;</msg>
<status status="PASS" starttime="20200427 13:07:03.904" endtime="20200427 13:07:04.348"></status>
</kw>
<kw name="Should Be Equal As Integers" library="BuiltIn">
<doc>Fails if objects are unequal after converting them to integers.</doc>
<arguments>
<arg>${GET_RESPONSE.status_code}</arg>
<arg>200</arg>
</arguments>
<msg timestamp="20200427 13:07:04.348" level="INFO">Argument types are:
&lt;class 'int'&gt;
&lt;type 'unicode'&gt;</msg>
<status status="PASS" starttime="20200427 13:07:04.348" endtime="20200427 13:07:04.349"></status>
</kw>
<kw name="Set Variable" library="BuiltIn">
<doc>Returns the given values which can then be assigned to a variables.</doc>
<arguments>
<arg>${GET_RESPONSE.json()}</arg>
</arguments>
<assign>
<var>@{registered_postings}</var>
</assign>
<msg timestamp="20200427 13:07:04.349" level="INFO">@{registered_postings} = [ {'url': 'https://glacial-earth-31542.herokuapp.com/api/postings/1/', 'id': 1, 'user': 1, 'title': 'My First Posting', 'content': "My First Blog's content", 'timestamp': '2019-12-18T17:06:54.373451+0...</msg>
<status status="PASS" starttime="20200427 13:07:04.349" endtime="20200427 13:07:04.349"></status>
</kw>
<kw name="Set Suite Variable" library="BuiltIn">
<doc>Makes a variable available everywhere within the scope of the current suite.</doc>
<arguments>
<arg>@{REGISTERED_POSTINGS}</arg>
<arg>@{registered_postings}</arg>
</arguments>
<msg timestamp="20200427 13:07:04.349" level="INFO">@{REGISTERED_POSTINGS} = [ {'url': 'https://glacial-earth-31542.herokuapp.com/api/postings/1/', 'id': 1, 'user': 1, 'title': 'My First Posting', 'content': "My First Blog's content", 'timestamp': '2019-12-18T17:06:54.373451+0...</msg>
<status status="PASS" starttime="20200427 13:07:04.349" endtime="20200427 13:07:04.350"></status>
</kw>
<status status="PASS" starttime="20200427 13:07:03.903" endtime="20200427 13:07:04.350"></status>
</kw>
<kw name="Delete Postings" library="Utilities">
<arguments>
<arg>candidate_postings_to_delete=${REGISTERED_POSTINGS}</arg>
<arg>postings_to_skip=${PRE_SET_POSTINGS}</arg>
</arguments>
<status status="PASS" starttime="20200427 13:07:04.350" endtime="20200427 13:07:04.350"></status>
</kw>
<status status="PASS" starttime="20200427 13:07:03.903" endtime="20200427 13:07:04.350"></status>
</kw>
<kw name="&quot;Registered Postings&quot; Are Read">
<kw name="Make Get Request" library="AdminUser">
<assign>
<var>${GET_RESPONSE}</var>
</assign>
<msg timestamp="20200427 13:07:04.546" level="INFO">${GET_RESPONSE} = &lt;Response [200]&gt;</msg>
<status status="PASS" starttime="20200427 13:07:04.350" endtime="20200427 13:07:04.546"></status>
</kw>
<kw name="Should Be Equal As Integers" library="BuiltIn">
<doc>Fails if objects are unequal after converting them to integers.</doc>
<arguments>
<arg>${GET_RESPONSE.status_code}</arg>
<arg>200</arg>
</arguments>
<msg timestamp="20200427 13:07:04.546" level="INFO">Argument types are:
&lt;class 'int'&gt;
&lt;type 'unicode'&gt;</msg>
<status status="PASS" starttime="20200427 13:07:04.546" endtime="20200427 13:07:04.546"></status>
</kw>
<kw name="Set Variable" library="BuiltIn">
<doc>Returns the given values which can then be assigned to a variables.</doc>
<arguments>
<arg>${GET_RESPONSE.json()}</arg>
</arguments>
<assign>
<var>@{registered_postings}</var>
</assign>
<msg timestamp="20200427 13:07:04.547" level="INFO">@{registered_postings} = [ {'url': 'https://glacial-earth-31542.herokuapp.com/api/postings/1/', 'id': 1, 'user': 1, 'title': 'My First Posting', 'content': "My First Blog's content", 'timestamp': '2019-12-18T17:06:54.373451+0...</msg>
<status status="PASS" starttime="20200427 13:07:04.546" endtime="20200427 13:07:04.547"></status>
</kw>
<kw name="Set Suite Variable" library="BuiltIn">
<doc>Makes a variable available everywhere within the scope of the current suite.</doc>
<arguments>
<arg>@{REGISTERED_POSTINGS}</arg>
<arg>@{registered_postings}</arg>
</arguments>
<msg timestamp="20200427 13:07:04.547" level="INFO">@{REGISTERED_POSTINGS} = [ {'url': 'https://glacial-earth-31542.herokuapp.com/api/postings/1/', 'id': 1, 'user': 1, 'title': 'My First Posting', 'content': "My First Blog's content", 'timestamp': '2019-12-18T17:06:54.373451+0...</msg>
<status status="PASS" starttime="20200427 13:07:04.547" endtime="20200427 13:07:04.547"></status>
</kw>
<status status="PASS" starttime="20200427 13:07:04.350" endtime="20200427 13:07:04.547"></status>
</kw>
<kw name="Only &quot;Pre-Set Postings&quot; Are Left In The System">
<kw name="Should Be True" library="BuiltIn">
<doc>Fails if the given condition is not true.</doc>
<arguments>
<arg>$REGISTERED_POSTINGS == $PRE_SET_POSTINGS</arg>
</arguments>
<status status="PASS" starttime="20200427 13:07:04.548" endtime="20200427 13:07:04.551"></status>
</kw>
<status status="PASS" starttime="20200427 13:07:04.547" endtime="20200427 13:07:04.551"></status>
</kw>
<kw name="Set Suite Variable" library="BuiltIn">
<doc>Makes a variable available everywhere within the scope of the current suite.</doc>
<arguments>
<arg>${RANDOM_TARGET_POSTING}</arg>
<arg>${None}</arg>
</arguments>
<msg timestamp="20200427 13:07:04.552" level="INFO">${RANDOM_TARGET_POSTING} = None</msg>
<status status="PASS" starttime="20200427 13:07:04.551" endtime="20200427 13:07:04.552"></status>
</kw>
<status status="PASS" starttime="20200427 13:07:03.903" endtime="20200427 13:07:04.552"></status>
</kw>
<tags>
<tag>smoke-as-admin</tag>
</tags>
<status status="FAIL" starttime="20200427 13:07:03.741" endtime="20200427 13:07:04.552" critical="yes">AssertionError</status>
</test>
<test id="s1-s1-t2" name="Querying &amp; Verifying Pre-Set Postings">
<kw name="Test Setup" type="setup">
<kw name="Set Suite Variable" library="BuiltIn">
<doc>Makes a variable available everywhere within the scope of the current suite.</doc>
<arguments>
<arg>${RANDOM_TARGET_POSTING}</arg>
<arg>${None}</arg>
</arguments>
<msg timestamp="20200427 13:07:04.553" level="INFO">${RANDOM_TARGET_POSTING} = None</msg>
<status status="PASS" starttime="20200427 13:07:04.553" endtime="20200427 13:07:04.553"></status>
</kw>
<status status="PASS" starttime="20200427 13:07:04.552" endtime="20200427 13:07:04.553"></status>
</kw>
<kw name="When &quot;Registered Postings&quot; Are Read">
<kw name="Make Get Request" library="AdminUser">
<assign>
<var>${GET_RESPONSE}</var>
</assign>
<msg timestamp="20200427 13:07:04.731" level="INFO">${GET_RESPONSE} = &lt;Response [200]&gt;</msg>
<status status="PASS" starttime="20200427 13:07:04.553" endtime="20200427 13:07:04.731"></status>
</kw>
<kw name="Should Be Equal As Integers" library="BuiltIn">
<doc>Fails if objects are unequal after converting them to integers.</doc>
<arguments>
<arg>${GET_RESPONSE.status_code}</arg>
<arg>200</arg>
</arguments>
<msg timestamp="20200427 13:07:04.732" level="INFO">Argument types are:
&lt;class 'int'&gt;
&lt;type 'unicode'&gt;</msg>
<status status="PASS" starttime="20200427 13:07:04.731" endtime="20200427 13:07:04.732"></status>
</kw>
<kw name="Set Variable" library="BuiltIn">
<doc>Returns the given values which can then be assigned to a variables.</doc>
<arguments>
<arg>${GET_RESPONSE.json()}</arg>
</arguments>
<assign>
<var>@{registered_postings}</var>
</assign>
<msg timestamp="20200427 13:07:04.732" level="INFO">@{registered_postings} = [ {'url': 'https://glacial-earth-31542.herokuapp.com/api/postings/1/', 'id': 1, 'user': 1, 'title': 'My First Posting', 'content': "My First Blog's content", 'timestamp': '2019-12-18T17:06:54.373451+0...</msg>
<status status="PASS" starttime="20200427 13:07:04.732" endtime="20200427 13:07:04.732"></status>
</kw>
<kw name="Set Suite Variable" library="BuiltIn">
<doc>Makes a variable available everywhere within the scope of the current suite.</doc>
<arguments>
<arg>@{REGISTERED_POSTINGS}</arg>
<arg>@{registered_postings}</arg>
</arguments>
<msg timestamp="20200427 13:07:04.733" level="INFO">@{REGISTERED_POSTINGS} = [ {'url': 'https://glacial-earth-31542.herokuapp.com/api/postings/1/', 'id': 1, 'user': 1, 'title': 'My First Posting', 'content': "My First Blog's content", 'timestamp': '2019-12-18T17:06:54.373451+0...</msg>
<status status="PASS" starttime="20200427 13:07:04.732" endtime="20200427 13:07:04.733"></status>
</kw>
<status status="PASS" starttime="20200427 13:07:04.553" endtime="20200427 13:07:04.733"></status>
</kw>
<kw name="Then &quot;Registered Postings&quot; Must Comply With &quot;Posting Spec&quot;" library="CommonResource">
<kw name="Verify All Postings" library="Utilities">
<doc>:param postings_to_verify: a list of postings, where each posting needs to be verified against posting_spec
:param posting_spec: a dict containing keys, which map to posting fields
:return: None</doc>
<arguments>
<arg>postings_to_verify=${REGISTERED_POSTINGS}</arg>
<arg>posting_spec=${POSTING_SPEC}</arg>
</arguments>
<status status="PASS" starttime="20200427 13:07:04.733" endtime="20200427 13:07:04.734"></status>
</kw>
<status status="PASS" starttime="20200427 13:07:04.733" endtime="20200427 13:07:04.734"></status>
</kw>
<kw name="Test Teardown" type="teardown">
<kw name="Delete Every Posting Except &quot;Pre-Set Postings&quot;">
<kw name="&quot;Registered Postings&quot; Are Read">
<kw name="Make Get Request" library="AdminUser">
<assign>
<var>${GET_RESPONSE}</var>
</assign>
<msg timestamp="20200427 13:07:05.037" level="INFO">${GET_RESPONSE} = &lt;Response [200]&gt;</msg>
<status status="PASS" starttime="20200427 13:07:04.735" endtime="20200427 13:07:05.037"></status>
</kw>
<kw name="Should Be Equal As Integers" library="BuiltIn">
<doc>Fails if objects are unequal after converting them to integers.</doc>
<arguments>
<arg>${GET_RESPONSE.status_code}</arg>
<arg>200</arg>
</arguments>
<msg timestamp="20200427 13:07:05.037" level="INFO">Argument types are:
&lt;class 'int'&gt;
&lt;type 'unicode'&gt;</msg>
<status status="PASS" starttime="20200427 13:07:05.037" endtime="20200427 13:07:05.037"></status>
</kw>
<kw name="Set Variable" library="BuiltIn">
<doc>Returns the given values which can then be assigned to a variables.</doc>
<arguments>
<arg>${GET_RESPONSE.json()}</arg>
</arguments>
<assign>
<var>@{registered_postings}</var>
</assign>
<msg timestamp="20200427 13:07:05.038" level="INFO">@{registered_postings} = [ {'url': 'https://glacial-earth-31542.herokuapp.com/api/postings/1/', 'id': 1, 'user': 1, 'title': 'My First Posting', 'content': "My First Blog's content", 'timestamp': '2019-12-18T17:06:54.373451+0...</msg>
<status status="PASS" starttime="20200427 13:07:05.037" endtime="20200427 13:07:05.038"></status>
</kw>
<kw name="Set Suite Variable" library="BuiltIn">
<doc>Makes a variable available everywhere within the scope of the current suite.</doc>
<arguments>
<arg>@{REGISTERED_POSTINGS}</arg>
<arg>@{registered_postings}</arg>
</arguments>
<msg timestamp="20200427 13:07:05.038" level="INFO">@{REGISTERED_POSTINGS} = [ {'url': 'https://glacial-earth-31542.herokuapp.com/api/postings/1/', 'id': 1, 'user': 1, 'title': 'My First Posting', 'content': "My First Blog's content", 'timestamp': '2019-12-18T17:06:54.373451+0...</msg>
<status status="PASS" starttime="20200427 13:07:05.038" endtime="20200427 13:07:05.038"></status>
</kw>
<status status="PASS" starttime="20200427 13:07:04.735" endtime="20200427 13:07:05.038"></status>
</kw>
<kw name="Delete Postings" library="Utilities">
<arguments>
<arg>candidate_postings_to_delete=${REGISTERED_POSTINGS}</arg>
<arg>postings_to_skip=${PRE_SET_POSTINGS}</arg>
</arguments>
<status status="PASS" starttime="20200427 13:07:05.038" endtime="20200427 13:07:05.039"></status>
</kw>
<status status="PASS" starttime="20200427 13:07:04.735" endtime="20200427 13:07:05.039"></status>
</kw>
<kw name="&quot;Registered Postings&quot; Are Read">
<kw name="Make Get Request" library="AdminUser">
<assign>
<var>${GET_RESPONSE}</var>
</assign>
<msg timestamp="20200427 13:07:05.272" level="INFO">${GET_RESPONSE} = &lt;Response [200]&gt;</msg>
<status status="PASS" starttime="20200427 13:07:05.047" endtime="20200427 13:07:05.272"></status>
</kw>
<kw name="Should Be Equal As Integers" library="BuiltIn">
<doc>Fails if objects are unequal after converting them to integers.</doc>
<arguments>
<arg>${GET_RESPONSE.status_code}</arg>
<arg>200</arg>
</arguments>
<msg timestamp="20200427 13:07:05.273" level="INFO">Argument types are:
&lt;class 'int'&gt;
&lt;type 'unicode'&gt;</msg>
<status status="PASS" starttime="20200427 13:07:05.272" endtime="20200427 13:07:05.273"></status>
</kw>
<kw name="Set Variable" library="BuiltIn">
<doc>Returns the given values which can then be assigned to a variables.</doc>
<arguments>
<arg>${GET_RESPONSE.json()}</arg>
</arguments>
<assign>
<var>@{registered_postings}</var>
</assign>
<msg timestamp="20200427 13:07:05.273" level="INFO">@{registered_postings} = [ {'url': 'https://glacial-earth-31542.herokuapp.com/api/postings/1/', 'id': 1, 'user': 1, 'title': 'My First Posting', 'content': "My First Blog's content", 'timestamp': '2019-12-18T17:06:54.373451+0...</msg>
<status status="PASS" starttime="20200427 13:07:05.273" endtime="20200427 13:07:05.273"></status>
</kw>
<kw name="Set Suite Variable" library="BuiltIn">
<doc>Makes a variable available everywhere within the scope of the current suite.</doc>
<arguments>
<arg>@{REGISTERED_POSTINGS}</arg>
<arg>@{registered_postings}</arg>
</arguments>
<msg timestamp="20200427 13:07:05.274" level="INFO">@{REGISTERED_POSTINGS} = [ {'url': 'https://glacial-earth-31542.herokuapp.com/api/postings/1/', 'id': 1, 'user': 1, 'title': 'My First Posting', 'content': "My First Blog's content", 'timestamp': '2019-12-18T17:06:54.373451+0...</msg>
<status status="PASS" starttime="20200427 13:07:05.273" endtime="20200427 13:07:05.274"></status>
</kw>
<status status="PASS" starttime="20200427 13:07:05.039" endtime="20200427 13:07:05.274"></status>
</kw>
<kw name="Only &quot;Pre-Set Postings&quot; Are Left In The System">
<kw name="Should Be True" library="BuiltIn">
<doc>Fails if the given condition is not true.</doc>
<arguments>
<arg>$REGISTERED_POSTINGS == $PRE_SET_POSTINGS</arg>
</arguments>
<status status="PASS" starttime="20200427 13:07:05.274" endtime="20200427 13:07:05.275"></status>
</kw>
<status status="PASS" starttime="20200427 13:07:05.274" endtime="20200427 13:07:05.275"></status>
</kw>
<kw name="Set Suite Variable" library="BuiltIn">
<doc>Makes a variable available everywhere within the scope of the current suite.</doc>
<arguments>
<arg>${RANDOM_TARGET_POSTING}</arg>
<arg>${None}</arg>
</arguments>
<msg timestamp="20200427 13:07:05.275" level="INFO">${RANDOM_TARGET_POSTING} = None</msg>
<status status="PASS" starttime="20200427 13:07:05.275" endtime="20200427 13:07:05.275"></status>
</kw>
<status status="PASS" starttime="20200427 13:07:04.734" endtime="20200427 13:07:05.275"></status>
</kw>
<tags>
<tag>smoke-as-admin</tag>
</tags>
<status status="PASS" starttime="20200427 13:07:04.552" endtime="20200427 13:07:05.275" critical="yes"></status>
</test>
<test id="s1-s1-t3" name="Creating &quot;Target Postings&quot;">
<kw name="Test Setup" type="setup">
<kw name="Set Suite Variable" library="BuiltIn">
<doc>Makes a variable available everywhere within the scope of the current suite.</doc>
<arguments>
<arg>${RANDOM_TARGET_POSTING}</arg>
<arg>${None}</arg>
</arguments>
<msg timestamp="20200427 13:07:05.276" level="INFO">${RANDOM_TARGET_POSTING} = None</msg>
<status status="PASS" starttime="20200427 13:07:05.276" endtime="20200427 13:07:05.277"></status>
</kw>
<status status="PASS" starttime="20200427 13:07:05.276" endtime="20200427 13:07:05.277"></status>
</kw>
<kw name="Given &quot;Target Postings&quot; Must Not Be Registered In The System">
<kw name="&quot;Registered Postings&quot; Are Read">
<kw name="Make Get Request" library="AdminUser">
<assign>
<var>${GET_RESPONSE}</var>
</assign>
<msg timestamp="20200427 13:07:05.476" level="INFO">${GET_RESPONSE} = &lt;Response [200]&gt;</msg>
<status status="PASS" starttime="20200427 13:07:05.277" endtime="20200427 13:07:05.476"></status>
</kw>
<kw name="Should Be Equal As Integers" library="BuiltIn">
<doc>Fails if objects are unequal after converting them to integers.</doc>
<arguments>
<arg>${GET_RESPONSE.status_code}</arg>
<arg>200</arg>
</arguments>
<msg timestamp="20200427 13:07:05.476" level="INFO">Argument types are:
&lt;class 'int'&gt;
&lt;type 'unicode'&gt;</msg>
<status status="PASS" starttime="20200427 13:07:05.476" endtime="20200427 13:07:05.476"></status>
</kw>
<kw name="Set Variable" library="BuiltIn">
<doc>Returns the given values which can then be assigned to a variables.</doc>
<arguments>
<arg>${GET_RESPONSE.json()}</arg>
</arguments>
<assign>
<var>@{registered_postings}</var>
</assign>
<msg timestamp="20200427 13:07:05.477" level="INFO">@{registered_postings} = [ {'url': 'https://glacial-earth-31542.herokuapp.com/api/postings/1/', 'id': 1, 'user': 1, 'title': 'My First Posting', 'content': "My First Blog's content", 'timestamp': '2019-12-18T17:06:54.373451+0...</msg>
<status status="PASS" starttime="20200427 13:07:05.476" endtime="20200427 13:07:05.477"></status>
</kw>
<kw name="Set Suite Variable" library="BuiltIn">
<doc>Makes a variable available everywhere within the scope of the current suite.</doc>
<arguments>
<arg>@{REGISTERED_POSTINGS}</arg>
<arg>@{registered_postings}</arg>
</arguments>
<msg timestamp="20200427 13:07:05.477" level="INFO">@{REGISTERED_POSTINGS} = [ {'url': 'https://glacial-earth-31542.herokuapp.com/api/postings/1/', 'id': 1, 'user': 1, 'title': 'My First Posting', 'content': "My First Blog's content", 'timestamp': '2019-12-18T17:06:54.373451+0...</msg>
<status status="PASS" starttime="20200427 13:07:05.477" endtime="20200427 13:07:05.477"></status>
</kw>
<status status="PASS" starttime="20200427 13:07:05.277" endtime="20200427 13:07:05.477"></status>
</kw>
<kw name="Is None Found" library="Utilities">
<arguments>
<arg>subset=${INCOMPLETE_TARGET_POSTINGS}</arg>
<arg>superset=${REGISTERED_POSTINGS}</arg>
</arguments>
<assign>
<var>${none_of_target_postings_found}</var>
</assign>
<msg timestamp="20200427 13:07:05.478" level="INFO">${none_of_target_postings_found} = True</msg>
<status status="PASS" starttime="20200427 13:07:05.477" endtime="20200427 13:07:05.478"></status>
</kw>
<kw name="Should Be True" library="BuiltIn">
<doc>Fails if the given condition is not true.</doc>
<arguments>
<arg>${none_of_target_postings_found}</arg>
</arguments>
<status status="PASS" starttime="20200427 13:07:05.478" endtime="20200427 13:07:05.478"></status>
</kw>
<status status="PASS" starttime="20200427 13:07:05.277" endtime="20200427 13:07:05.478"></status>
</kw>
<kw name="When &quot;Target Postings&quot; Are Created">
<kw name="${p} IN [ @{INCOMPLETE_TARGET_POSTINGS} ]" type="for">
<kw name="${p} = {'title': 'Posting 1', 'content': 'Posting 1 content'}" type="foritem">
<kw name="Create Posting">
<arguments>
<arg>posting=${p}</arg>
</arguments>
<kw name="Make Post Request" library="AdminUser">
<arguments>
<arg>posting=${posting}</arg>
<arg>payload_encoding=${payload_encoding}</arg>
<arg>content_type_header=${content_type_header}</arg>
</arguments>
<assign>
<var>${POST_RESPONSE}</var>
</assign>
<msg timestamp="20200427 13:07:06.229" level="INFO">${POST_RESPONSE} = &lt;Response [201]&gt;</msg>
<status status="PASS" starttime="20200427 13:07:05.479" endtime="20200427 13:07:06.229"></status>
</kw>
<kw name="Set Test Variable" library="BuiltIn">
<doc>Makes a variable available everywhere within the scope of the current test.</doc>
<arguments>
<arg>${POST_RESPONSE}</arg>
</arguments>
<msg timestamp="20200427 13:07:06.229" level="INFO">${POST_RESPONSE} = &lt;Response [201]&gt;</msg>
<status status="PASS" starttime="20200427 13:07:06.229" endtime="20200427 13:07:06.230"></status>
</kw>
<status status="PASS" starttime="20200427 13:07:05.479" endtime="20200427 13:07:06.230"></status>
</kw>
<kw name="Verify Post Response Success Code">
<kw name="Should Be Equal As Integers" library="BuiltIn">
<doc>Fails if objects are unequal after converting them to integers.</doc>
<arguments>
<arg>${POST_RESPONSE.status_code}</arg>
<arg>201</arg>
</arguments>
<msg timestamp="20200427 13:07:06.230" level="INFO">Argument types are:
&lt;class 'int'&gt;
&lt;type 'unicode'&gt;</msg>
<status status="PASS" starttime="20200427 13:07:06.230" endtime="20200427 13:07:06.230"></status>
</kw>
<status status="PASS" starttime="20200427 13:07:06.230" endtime="20200427 13:07:06.230"></status>
</kw>
<status status="PASS" starttime="20200427 13:07:05.479" endtime="20200427 13:07:06.230"></status>
</kw>
<kw name="${p} = {'title': 'Posting 2', 'content': 'Posting 2 content'}" type="foritem">
<kw name="Create Posting">
<arguments>
<arg>posting=${p}</arg>
</arguments>
<kw name="Make Post Request" library="AdminUser">
<arguments>
<arg>posting=${posting}</arg>
<arg>payload_encoding=${payload_encoding}</arg>
<arg>content_type_header=${content_type_header}</arg>
</arguments>
<assign>
<var>${POST_RESPONSE}</var>
</assign>
<msg timestamp="20200427 13:07:06.810" level="INFO">${POST_RESPONSE} = &lt;Response [201]&gt;</msg>
<status status="PASS" starttime="20200427 13:07:06.231" endtime="20200427 13:07:06.810"></status>
</kw>
<kw name="Set Test Variable" library="BuiltIn">
<doc>Makes a variable available everywhere within the scope of the current test.</doc>
<arguments>
<arg>${POST_RESPONSE}</arg>
</arguments>
<msg timestamp="20200427 13:07:06.811" level="INFO">${POST_RESPONSE} = &lt;Response [201]&gt;</msg>
<status status="PASS" starttime="20200427 13:07:06.811" endtime="20200427 13:07:06.811"></status>
</kw>
<status status="PASS" starttime="20200427 13:07:06.230" endtime="20200427 13:07:06.811"></status>
</kw>
<kw name="Verify Post Response Success Code">
<kw name="Should Be Equal As Integers" library="BuiltIn">
<doc>Fails if objects are unequal after converting them to integers.</doc>
<arguments>
<arg>${POST_RESPONSE.status_code}</arg>
<arg>201</arg>
</arguments>
<msg timestamp="20200427 13:07:06.812" level="INFO">Argument types are:
&lt;class 'int'&gt;
&lt;type 'unicode'&gt;</msg>
<status status="PASS" starttime="20200427 13:07:06.811" endtime="20200427 13:07:06.812"></status>
</kw>
<status status="PASS" starttime="20200427 13:07:06.811" endtime="20200427 13:07:06.812"></status>
</kw>
<status status="PASS" starttime="20200427 13:07:06.230" endtime="20200427 13:07:06.812"></status>
</kw>
<kw name="${p} = {'title': 'Posting 3', 'content': 'Posting 3 content'}" type="foritem">
<kw name="Create Posting">
<arguments>
<arg>posting=${p}</arg>
</arguments>
<kw name="Make Post Request" library="AdminUser">
<arguments>
<arg>posting=${posting}</arg>
<arg>payload_encoding=${payload_encoding}</arg>
<arg>content_type_header=${content_type_header}</arg>
</arguments>
<assign>
<var>${POST_RESPONSE}</var>
</assign>
<msg timestamp="20200427 13:07:07.239" level="INFO">${POST_RESPONSE} = &lt;Response [201]&gt;</msg>
<status status="PASS" starttime="20200427 13:07:06.812" endtime="20200427 13:07:07.239"></status>
</kw>
<kw name="Set Test Variable" library="BuiltIn">
<doc>Makes a variable available everywhere within the scope of the current test.</doc>
<arguments>
<arg>${POST_RESPONSE}</arg>
</arguments>
<msg timestamp="20200427 13:07:07.240" level="INFO">${POST_RESPONSE} = &lt;Response [201]&gt;</msg>
<status status="PASS" starttime="20200427 13:07:07.239" endtime="20200427 13:07:07.240"></status>
</kw>
<status status="PASS" starttime="20200427 13:07:06.812" endtime="20200427 13:07:07.240"></status>
</kw>
<kw name="Verify Post Response Success Code">
<kw name="Should Be Equal As Integers" library="BuiltIn">
<doc>Fails if objects are unequal after converting them to integers.</doc>
<arguments>
<arg>${POST_RESPONSE.status_code}</arg>
<arg>201</arg>
</arguments>
<msg timestamp="20200427 13:07:07.240" level="INFO">Argument types are:
&lt;class 'int'&gt;
&lt;type 'unicode'&gt;</msg>
<status status="PASS" starttime="20200427 13:07:07.240" endtime="20200427 13:07:07.240"></status>
</kw>
<status status="PASS" starttime="20200427 13:07:07.240" endtime="20200427 13:07:07.240"></status>
</kw>
<status status="PASS" starttime="20200427 13:07:06.812" endtime="20200427 13:07:07.240"></status>
</kw>
<status status="PASS" starttime="20200427 13:07:05.479" endtime="20200427 13:07:07.240"></status>
</kw>
<status status="PASS" starttime="20200427 13:07:05.478" endtime="20200427 13:07:07.240"></status>
</kw>
<kw name="Then &quot;Registered Postings&quot; Are Read">
<kw name="Make Get Request" library="AdminUser">
<assign>
<var>${GET_RESPONSE}</var>
</assign>
<msg timestamp="20200427 13:07:07.388" level="INFO">${GET_RESPONSE} = &lt;Response [200]&gt;</msg>
<status status="PASS" starttime="20200427 13:07:07.241" endtime="20200427 13:07:07.388"></status>
</kw>
<kw name="Should Be Equal As Integers" library="BuiltIn">
<doc>Fails if objects are unequal after converting them to integers.</doc>
<arguments>
<arg>${GET_RESPONSE.status_code}</arg>
<arg>200</arg>
</arguments>
<msg timestamp="20200427 13:07:07.389" level="INFO">Argument types are:
&lt;class 'int'&gt;
&lt;type 'unicode'&gt;</msg>
<status status="PASS" starttime="20200427 13:07:07.388" endtime="20200427 13:07:07.389"></status>
</kw>
<kw name="Set Variable" library="BuiltIn">
<doc>Returns the given values which can then be assigned to a variables.</doc>
<arguments>
<arg>${GET_RESPONSE.json()}</arg>
</arguments>
<assign>
<var>@{registered_postings}</var>
</assign>
<msg timestamp="20200427 13:07:07.389" level="INFO">@{registered_postings} = [ {'url': 'https://glacial-earth-31542.herokuapp.com/api/postings/5659/', 'id': 5659, 'user': 1, 'title': 'Posting 1', 'content': 'Posting 1 content', 'timestamp': '2020-04-27T13:07:05.983914+03:00'} ...</msg>
<status status="PASS" starttime="20200427 13:07:07.389" endtime="20200427 13:07:07.389"></status>
</kw>
<kw name="Set Suite Variable" library="BuiltIn">
<doc>Makes a variable available everywhere within the scope of the current suite.</doc>
<arguments>
<arg>@{REGISTERED_POSTINGS}</arg>
<arg>@{registered_postings}</arg>
</arguments>
<msg timestamp="20200427 13:07:07.390" level="INFO">@{REGISTERED_POSTINGS} = [ {'url': 'https://glacial-earth-31542.herokuapp.com/api/postings/5659/', 'id': 5659, 'user': 1, 'title': 'Posting 1', 'content': 'Posting 1 content', 'timestamp': '2020-04-27T13:07:05.983914+03:00'} ...</msg>
<status status="PASS" starttime="20200427 13:07:07.389" endtime="20200427 13:07:07.390"></status>
</kw>
<status status="PASS" starttime="20200427 13:07:07.241" endtime="20200427 13:07:07.390"></status>
</kw>
<kw name="Then &quot;Registered Postings&quot; Must Comply With &quot;Posting Spec&quot;" library="CommonResource">
<kw name="Verify All Postings" library="Utilities">
<doc>:param postings_to_verify: a list of postings, where each posting needs to be verified against posting_spec
:param posting_spec: a dict containing keys, which map to posting fields
:return: None</doc>
<arguments>
<arg>postings_to_verify=${REGISTERED_POSTINGS}</arg>
<arg>posting_spec=${POSTING_SPEC}</arg>
</arguments>
<status status="PASS" starttime="20200427 13:07:07.390" endtime="20200427 13:07:07.391"></status>
</kw>
<status status="PASS" starttime="20200427 13:07:07.390" endtime="20200427 13:07:07.391"></status>
</kw>
<kw name="Then &quot;Target Postings&quot; Are Read" library="CommonResource">
<kw name="&quot;Registered Postings&quot; Are Read">
<kw name="Make Get Request" library="AdminUser">
<assign>
<var>${GET_RESPONSE}</var>
</assign>
<msg timestamp="20200427 13:07:07.750" level="INFO">${GET_RESPONSE} = &lt;Response [200]&gt;</msg>
<status status="PASS" starttime="20200427 13:07:07.392" endtime="20200427 13:07:07.750"></status>
</kw>
<kw name="Should Be Equal As Integers" library="BuiltIn">
<doc>Fails if objects are unequal after converting them to integers.</doc>
<arguments>
<arg>${GET_RESPONSE.status_code}</arg>
<arg>200</arg>
</arguments>
<msg timestamp="20200427 13:07:07.751" level="INFO">Argument types are:
&lt;class 'int'&gt;
&lt;type 'unicode'&gt;</msg>
<status status="PASS" starttime="20200427 13:07:07.750" endtime="20200427 13:07:07.751"></status>
</kw>
<kw name="Set Variable" library="BuiltIn">
<doc>Returns the given values which can then be assigned to a variables.</doc>
<arguments>
<arg>${GET_RESPONSE.json()}</arg>
</arguments>
<assign>
<var>@{registered_postings}</var>
</assign>
<msg timestamp="20200427 13:07:07.751" level="INFO">@{registered_postings} = [ {'url': 'https://glacial-earth-31542.herokuapp.com/api/postings/5659/', 'id': 5659, 'user': 1, 'title': 'Posting 1', 'content': 'Posting 1 content', 'timestamp': '2020-04-27T13:07:05.983914+03:00'} ...</msg>
<status status="PASS" starttime="20200427 13:07:07.751" endtime="20200427 13:07:07.751"></status>
</kw>
<kw name="Set Suite Variable" library="BuiltIn">
<doc>Makes a variable available everywhere within the scope of the current suite.</doc>
<arguments>
<arg>@{REGISTERED_POSTINGS}</arg>
<arg>@{registered_postings}</arg>
</arguments>
<msg timestamp="20200427 13:07:07.752" level="INFO">@{REGISTERED_POSTINGS} = [ {'url': 'https://glacial-earth-31542.herokuapp.com/api/postings/5659/', 'id': 5659, 'user': 1, 'title': 'Posting 1', 'content': 'Posting 1 content', 'timestamp': '2020-04-27T13:07:05.983914+03:00'} ...</msg>
<status status="PASS" starttime="20200427 13:07:07.751" endtime="20200427 13:07:07.752"></status>
</kw>
<status status="PASS" starttime="20200427 13:07:07.392" endtime="20200427 13:07:07.752"></status>
</kw>
<kw name="Get Subset" library="Utilities">
<arguments>
<arg>subset=${INCOMPLETE_TARGET_POSTINGS}</arg>
<arg>superset=${REGISTERED_POSTINGS}</arg>
</arguments>
<assign>
<var>@{target_postings}</var>
</assign>
<msg timestamp="20200427 13:07:07.752" level="INFO">@{target_postings} = [ {'url': 'https://glacial-earth-31542.herokuapp.com/api/postings/5659/', 'id': 5659, 'user': 1, 'title': 'Posting 1', 'content': 'Posting 1 content', 'timestamp': '2020-04-27T13:07:05.983914+03:00'} ...</msg>
<status status="PASS" starttime="20200427 13:07:07.752" endtime="20200427 13:07:07.752"></status>
</kw>
<kw name="Set Suite Variable" library="BuiltIn">
<doc>Makes a variable available everywhere within the scope of the current suite.</doc>
<arguments>
<arg>@{TARGET_POSTINGS}</arg>
<arg>@{target_postings}</arg>
</arguments>
<msg timestamp="20200427 13:07:07.752" level="INFO">@{TARGET_POSTINGS} = [ {'url': 'https://glacial-earth-31542.herokuapp.com/api/postings/5659/', 'id': 5659, 'user': 1, 'title': 'Posting 1', 'content': 'Posting 1 content', 'timestamp': '2020-04-27T13:07:05.983914+03:00'} ...</msg>
<status status="PASS" starttime="20200427 13:07:07.752" endtime="20200427 13:07:07.752"></status>
</kw>
<status status="PASS" starttime="20200427 13:07:07.391" endtime="20200427 13:07:07.753"></status>
</kw>
<kw name="Then &quot;Target Postings&quot; Must Be Registered In The System" library="CommonResource">
<kw name="&quot;Target Postings&quot; List Is Not Empty">
<kw name="Evaluate" library="BuiltIn">
<doc>Evaluates the given expression in Python and returns the results.</doc>
<arguments>
<arg>len($TARGET_POSTINGS) == 0</arg>
</arguments>
<assign>
<var>${is_empty}</var>
</assign>
<msg timestamp="20200427 13:07:07.754" level="INFO">${is_empty} = False</msg>
<status status="PASS" starttime="20200427 13:07:07.753" endtime="20200427 13:07:07.754"></status>
</kw>
<kw name="Should Not Be True" library="BuiltIn">
<doc>Fails if the given condition is true.</doc>
<arguments>
<arg>${is_empty}</arg>
</arguments>
<status status="PASS" starttime="20200427 13:07:07.754" endtime="20200427 13:07:07.754"></status>
</kw>
<status status="PASS" starttime="20200427 13:07:07.753" endtime="20200427 13:07:07.755"></status>
</kw>
<kw name="Is Subset" library="Utilities">
<arguments>
<arg>subset=${TARGET_POSTINGS}</arg>
<arg>superset=${INCOMPLETE_TARGET_POSTINGS}</arg>
</arguments>
<assign>
<var>${is_subset}</var>
</assign>
<msg timestamp="20200427 13:07:07.755" level="INFO">${is_subset} = True</msg>
<status status="PASS" starttime="20200427 13:07:07.755" endtime="20200427 13:07:07.755"></status>
</kw>
<kw name="Should Be True" library="BuiltIn">
<doc>Fails if the given condition is not true.</doc>
<arguments>
<arg>${is_subset}</arg>
</arguments>
<status status="PASS" starttime="20200427 13:07:07.755" endtime="20200427 13:07:07.755"></status>
</kw>
<status status="PASS" starttime="20200427 13:07:07.753" endtime="20200427 13:07:07.755"></status>
</kw>
<kw name="Test Teardown" type="teardown">
<kw name="Delete Every Posting Except &quot;Pre-Set Postings&quot;">
<kw name="&quot;Registered Postings&quot; Are Read">
<kw name="Make Get Request" library="AdminUser">
<assign>
<var>${GET_RESPONSE}</var>
</assign>
<msg timestamp="20200427 13:07:08.000" level="INFO">${GET_RESPONSE} = &lt;Response [200]&gt;</msg>
<status status="PASS" starttime="20200427 13:07:07.756" endtime="20200427 13:07:08.000"></status>
</kw>
<kw name="Should Be Equal As Integers" library="BuiltIn">
<doc>Fails if objects are unequal after converting them to integers.</doc>
<arguments>
<arg>${GET_RESPONSE.status_code}</arg>
<arg>200</arg>
</arguments>
<msg timestamp="20200427 13:07:08.001" level="INFO">Argument types are:
&lt;class 'int'&gt;
&lt;type 'unicode'&gt;</msg>
<status status="PASS" starttime="20200427 13:07:08.000" endtime="20200427 13:07:08.001"></status>
</kw>
<kw name="Set Variable" library="BuiltIn">
<doc>Returns the given values which can then be assigned to a variables.</doc>
<arguments>
<arg>${GET_RESPONSE.json()}</arg>
</arguments>
<assign>
<var>@{registered_postings}</var>
</assign>
<msg timestamp="20200427 13:07:08.001" level="INFO">@{registered_postings} = [ {'url': 'https://glacial-earth-31542.herokuapp.com/api/postings/5659/', 'id': 5659, 'user': 1, 'title': 'Posting 1', 'content': 'Posting 1 content', 'timestamp': '2020-04-27T13:07:05.983914+03:00'} ...</msg>
<status status="PASS" starttime="20200427 13:07:08.001" endtime="20200427 13:07:08.001"></status>
</kw>
<kw name="Set Suite Variable" library="BuiltIn">
<doc>Makes a variable available everywhere within the scope of the current suite.</doc>
<arguments>
<arg>@{REGISTERED_POSTINGS}</arg>
<arg>@{registered_postings}</arg>
</arguments>
<msg timestamp="20200427 13:07:08.001" level="INFO">@{REGISTERED_POSTINGS} = [ {'url': 'https://glacial-earth-31542.herokuapp.com/api/postings/5659/', 'id': 5659, 'user': 1, 'title': 'Posting 1', 'content': 'Posting 1 content', 'timestamp': '2020-04-27T13:07:05.983914+03:00'} ...</msg>
<status status="PASS" starttime="20200427 13:07:08.001" endtime="20200427 13:07:08.002"></status>
</kw>
<status status="PASS" starttime="20200427 13:07:07.756" endtime="20200427 13:07:08.002"></status>
</kw>
<kw name="Delete Postings" library="Utilities">
<arguments>
<arg>candidate_postings_to_delete=${REGISTERED_POSTINGS}</arg>
<arg>postings_to_skip=${PRE_SET_POSTINGS}</arg>
</arguments>
<kw name="Make Delete Request" library="AdminUser">
<arguments>
<arg>{'url': 'https://glacial-earth-31542.herokuapp.com/api/postings/5659/', 'id': 5659, 'user': 1, 'title': 'Posting 1', 'content': 'Posting 1 content', 'timestamp': '2020-04-27T13:07:05.983914+03:00'}</arg>
</arguments>
<status status="PASS" starttime="20200427 13:07:08.002" endtime="20200427 13:07:08.936"></status>
</kw>
<kw name="Make Delete Request" library="AdminUser">
<arguments>
<arg>{'url': 'https://glacial-earth-31542.herokuapp.com/api/postings/5660/', 'id': 5660, 'user': 1, 'title': 'Posting 2', 'content': 'Posting 2 content', 'timestamp': '2020-04-27T13:07:06.732620+03:00'}</arg>
</arguments>
<status status="PASS" starttime="20200427 13:07:08.936" endtime="20200427 13:07:09.416"></status>
</kw>
<kw name="Make Delete Request" library="AdminUser">
<arguments>
<arg>{'url': 'https://glacial-earth-31542.herokuapp.com/api/postings/5661/', 'id': 5661, 'user': 1, 'title': 'Posting 3', 'content': 'Posting 3 content', 'timestamp': '2020-04-27T13:07:07.163348+03:00'}</arg>
</arguments>
<status status="PASS" starttime="20200427 13:07:09.416" endtime="20200427 13:07:10.545"></status>
</kw>
<status status="PASS" starttime="20200427 13:07:08.002" endtime="20200427 13:07:10.545"></status>
</kw>
<status status="PASS" starttime="20200427 13:07:07.756" endtime="20200427 13:07:10.545"></status>
</kw>
<kw name="&quot;Registered Postings&quot; Are Read">
<kw name="Make Get Request" library="AdminUser">
<assign>
<var>${GET_RESPONSE}</var>
</assign>
<msg timestamp="20200427 13:07:10.819" level="INFO">${GET_RESPONSE} = &lt;Response [200]&gt;</msg>
<status status="PASS" starttime="20200427 13:07:10.545" endtime="20200427 13:07:10.819"></status>
</kw>
<kw name="Should Be Equal As Integers" library="BuiltIn">
<doc>Fails if objects are unequal after converting them to integers.</doc>
<arguments>
<arg>${GET_RESPONSE.status_code}</arg>
<arg>200</arg>
</arguments>
<msg timestamp="20200427 13:07:10.820" level="INFO">Argument types are:
&lt;class 'int'&gt;
&lt;type 'unicode'&gt;</msg>
<status status="PASS" starttime="20200427 13:07:10.819" endtime="20200427 13:07:10.820"></status>
</kw>
<kw name="Set Variable" library="BuiltIn">
<doc>Returns the given values which can then be assigned to a variables.</doc>
<arguments>
<arg>${GET_RESPONSE.json()}</arg>
</arguments>
<assign>
<var>@{registered_postings}</var>
</assign>
<msg timestamp="20200427 13:07:10.820" level="INFO">@{registered_postings} = [ {'url': 'https://glacial-earth-31542.herokuapp.com/api/postings/1/', 'id': 1, 'user': 1, 'title': 'My First Posting', 'content': "My First Blog's content", 'timestamp': '2019-12-18T17:06:54.373451+0...</msg>
<status status="PASS" starttime="20200427 13:07:10.820" endtime="20200427 13:07:10.820"></status>
</kw>
<kw name="Set Suite Variable" library="BuiltIn">
<doc>Makes a variable available everywhere within the scope of the current suite.</doc>
<arguments>
<arg>@{REGISTERED_POSTINGS}</arg>
<arg>@{registered_postings}</arg>
</arguments>
<msg timestamp="20200427 13:07:10.821" level="INFO">@{REGISTERED_POSTINGS} = [ {'url': 'https://glacial-earth-31542.herokuapp.com/api/postings/1/', 'id': 1, 'user': 1, 'title': 'My First Posting', 'content': "My First Blog's content", 'timestamp': '2019-12-18T17:06:54.373451+0...</msg>
<status status="PASS" starttime="20200427 13:07:10.820" endtime="20200427 13:07:10.821"></status>
</kw>
<status status="PASS" starttime="20200427 13:07:10.545" endtime="20200427 13:07:10.821"></status>
</kw>
<kw name="Only &quot;Pre-Set Postings&quot; Are Left In The System">
<kw name="Should Be True" library="BuiltIn">
<doc>Fails if the given condition is not true.</doc>
<arguments>
<arg>$REGISTERED_POSTINGS == $PRE_SET_POSTINGS</arg>
</arguments>
<status status="PASS" starttime="20200427 13:07:10.821" endtime="20200427 13:07:10.822"></status>
</kw>
<status status="PASS" starttime="20200427 13:07:10.821" endtime="20200427 13:07:10.822"></status>
</kw>
<kw name="Set Suite Variable" library="BuiltIn">
<doc>Makes a variable available everywhere within the scope of the current suite.</doc>
<arguments>
<arg>${RANDOM_TARGET_POSTING}</arg>
<arg>${None}</arg>
</arguments>
<msg timestamp="20200427 13:07:10.822" level="INFO">${RANDOM_TARGET_POSTING} = None</msg>
<status status="PASS" starttime="20200427 13:07:10.822" endtime="20200427 13:07:10.822"></status>
</kw>
<status status="PASS" starttime="20200427 13:07:07.755" endtime="20200427 13:07:10.822"></status>
</kw>
<tags>
<tag>CRUD-operations-as-admin</tag>
<tag>CRUD-success-as-admin</tag>
</tags>
<status status="PASS" starttime="20200427 13:07:05.276" endtime="20200427 13:07:10.823" critical="yes"></status>
</test>
<test id="s1-s1-t4" name="Updating &quot;Target Postings&quot;">
<kw name="Test Setup" type="setup">
<kw name="Set Suite Variable" library="BuiltIn">
<doc>Makes a variable available everywhere within the scope of the current suite.</doc>
<arguments>
<arg>${RANDOM_TARGET_POSTING}</arg>
<arg>${None}</arg>
</arguments>
<msg timestamp="20200427 13:07:10.824" level="INFO">${RANDOM_TARGET_POSTING} = None</msg>
<status status="PASS" starttime="20200427 13:07:10.823" endtime="20200427 13:07:10.824"></status>
</kw>
<status status="PASS" starttime="20200427 13:07:10.823" endtime="20200427 13:07:10.824"></status>
</kw>
<kw name="Given &quot;Target Postings&quot; Must Not Be Registered In The System">
<kw name="&quot;Registered Postings&quot; Are Read">
<kw name="Make Get Request" library="AdminUser">
<assign>
<var>${GET_RESPONSE}</var>
</assign>
<msg timestamp="20200427 13:07:11.142" level="INFO">${GET_RESPONSE} = &lt;Response [200]&gt;</msg>
<status status="PASS" starttime="20200427 13:07:10.825" endtime="20200427 13:07:11.142"></status>
</kw>
<kw name="Should Be Equal As Integers" library="BuiltIn">
<doc>Fails if objects are unequal after converting them to integers.</doc>
<arguments>
<arg>${GET_RESPONSE.status_code}</arg>
<arg>200</arg>
</arguments>
<msg timestamp="20200427 13:07:11.143" level="INFO">Argument types are:
&lt;class 'int'&gt;
&lt;type 'unicode'&gt;</msg>
<status status="PASS" starttime="20200427 13:07:11.142" endtime="20200427 13:07:11.143"></status>
</kw>
<kw name="Set Variable" library="BuiltIn">
<doc>Returns the given values which can then be assigned to a variables.</doc>
<arguments>
<arg>${GET_RESPONSE.json()}</arg>
</arguments>
<assign>
<var>@{registered_postings}</var>
</assign>
<msg timestamp="20200427 13:07:11.143" level="INFO">@{registered_postings} = [ {'url': 'https://glacial-earth-31542.herokuapp.com/api/postings/1/', 'id': 1, 'user': 1, 'title': 'My First Posting', 'content': "My First Blog's content", 'timestamp': '2019-12-18T17:06:54.373451+0...</msg>
<status status="PASS" starttime="20200427 13:07:11.143" endtime="20200427 13:07:11.143"></status>
</kw>
<kw name="Set Suite Variable" library="BuiltIn">
<doc>Makes a variable available everywhere within the scope of the current suite.</doc>
<arguments>
<arg>@{REGISTERED_POSTINGS}</arg>
<arg>@{registered_postings}</arg>
</arguments>
<msg timestamp="20200427 13:07:11.144" level="INFO">@{REGISTERED_POSTINGS} = [ {'url': 'https://glacial-earth-31542.herokuapp.com/api/postings/1/', 'id': 1, 'user': 1, 'title': 'My First Posting', 'content': "My First Blog's content", 'timestamp': '2019-12-18T17:06:54.373451+0...</msg>
<status status="PASS" starttime="20200427 13:07:11.143" endtime="20200427 13:07:11.144"></status>
</kw>
<status status="PASS" starttime="20200427 13:07:10.824" endtime="20200427 13:07:11.144"></status>
</kw>
<kw name="Is None Found" library="Utilities">
<arguments>
<arg>subset=${INCOMPLETE_TARGET_POSTINGS}</arg>
<arg>superset=${REGISTERED_POSTINGS}</arg>
</arguments>
<assign>
<var>${none_of_target_postings_found}</var>
</assign>
<msg timestamp="20200427 13:07:11.145" level="INFO">${none_of_target_postings_found} = True</msg>
<status status="PASS" starttime="20200427 13:07:11.144" endtime="20200427 13:07:11.145"></status>
</kw>
<kw name="Should Be True" library="BuiltIn">
<doc>Fails if the given condition is not true.</doc>
<arguments>
<arg>${none_of_target_postings_found}</arg>
</arguments>
<status status="PASS" starttime="20200427 13:07:11.145" endtime="20200427 13:07:11.145"></status>
</kw>
<status status="PASS" starttime="20200427 13:07:10.824" endtime="20200427 13:07:11.145"></status>
</kw>
<kw name="Given &quot;Target Postings&quot; Are Created">
<kw name="${p} IN [ @{INCOMPLETE_TARGET_POSTINGS} ]" type="for">
<kw name="${p} = {'title': 'Posting 1', 'content': 'Posting 1 content'}" type="foritem">
<kw name="Create Posting">
<arguments>
<arg>posting=${p}</arg>
</arguments>
<kw name="Make Post Request" library="AdminUser">
<arguments>
<arg>posting=${posting}</arg>
<arg>payload_encoding=${payload_encoding}</arg>
<arg>content_type_header=${content_type_header}</arg>
</arguments>
<assign>
<var>${POST_RESPONSE}</var>
</assign>
<msg timestamp="20200427 13:07:12.489" level="INFO">${POST_RESPONSE} = &lt;Response [201]&gt;</msg>
<status status="PASS" starttime="20200427 13:07:11.146" endtime="20200427 13:07:12.489"></status>
</kw>
<kw name="Set Test Variable" library="BuiltIn">
<doc>Makes a variable available everywhere within the scope of the current test.</doc>
<arguments>
<arg>${POST_RESPONSE}</arg>
</arguments>
<msg timestamp="20200427 13:07:12.490" level="INFO">${POST_RESPONSE} = &lt;Response [201]&gt;</msg>
<status status="PASS" starttime="20200427 13:07:12.489" endtime="20200427 13:07:12.490"></status>
</kw>
<status status="PASS" starttime="20200427 13:07:11.146" endtime="20200427 13:07:12.490"></status>
</kw>
<kw name="Verify Post Response Success Code">
<kw name="Should Be Equal As Integers" library="BuiltIn">
<doc>Fails if objects are unequal after converting them to integers.</doc>
<arguments>
<arg>${POST_RESPONSE.status_code}</arg>
<arg>201</arg>
</arguments>
<msg timestamp="20200427 13:07:12.491" level="INFO">Argument types are:
&lt;class 'int'&gt;
&lt;type 'unicode'&gt;</msg>
<status status="PASS" starttime="20200427 13:07:12.490" endtime="20200427 13:07:12.491"></status>
</kw>
<status status="PASS" starttime="20200427 13:07:12.490" endtime="20200427 13:07:12.491"></status>
</kw>
<status status="PASS" starttime="20200427 13:07:11.146" endtime="20200427 13:07:12.491"></status>
</kw>
<kw name="${p} = {'title': 'Posting 2', 'content': 'Posting 2 content'}" type="foritem">
<kw name="Create Posting">
<arguments>
<arg>posting=${p}</arg>
</arguments>
<kw name="Make Post Request" library="AdminUser">
<arguments>
<arg>posting=${posting}</arg>
<arg>payload_encoding=${payload_encoding}</arg>
<arg>content_type_header=${content_type_header}</arg>
</arguments>
<assign>
<var>${POST_RESPONSE}</var>
</assign>
<msg timestamp="20200427 13:07:13.366" level="INFO">${POST_RESPONSE} = &lt;Response [201]&gt;</msg>
<status status="PASS" starttime="20200427 13:07:12.491" endtime="20200427 13:07:13.366"></status>
</kw>
<kw name="Set Test Variable" library="BuiltIn">
<doc>Makes a variable available everywhere within the scope of the current test.</doc>
<arguments>
<arg>${POST_RESPONSE}</arg>
</arguments>
<msg timestamp="20200427 13:07:13.367" level="INFO">${POST_RESPONSE} = &lt;Response [201]&gt;</msg>
<status status="PASS" starttime="20200427 13:07:13.366" endtime="20200427 13:07:13.367"></status>
</kw>
<status status="PASS" starttime="20200427 13:07:12.491" endtime="20200427 13:07:13.367"></status>
</kw>
<kw name="Verify Post Response Success Code">
<kw name="Should Be Equal As Integers" library="BuiltIn">
<doc>Fails if objects are unequal after converting them to integers.</doc>
<arguments>
<arg>${POST_RESPONSE.status_code}</arg>
<arg>201</arg>
</arguments>
<msg timestamp="20200427 13:07:13.368" level="INFO">Argument types are:
&lt;class 'int'&gt;
&lt;type 'unicode'&gt;</msg>
<status status="PASS" starttime="20200427 13:07:13.367" endtime="20200427 13:07:13.368"></status>
</kw>
<status status="PASS" starttime="20200427 13:07:13.367" endtime="20200427 13:07:13.368"></status>
</kw>
<status status="PASS" starttime="20200427 13:07:12.491" endtime="20200427 13:07:13.368"></status>
</kw>
<kw name="${p} = {'title': 'Posting 3', 'content': 'Posting 3 content'}" type="foritem">
<kw name="Create Posting">
<arguments>
<arg>posting=${p}</arg>
</arguments>
<kw name="Make Post Request" library="AdminUser">
<arguments>
<arg>posting=${posting}</arg>
<arg>payload_encoding=${payload_encoding}</arg>
<arg>content_type_header=${content_type_header}</arg>
</arguments>
<assign>
<var>${POST_RESPONSE}</var>
</assign>
<msg timestamp="20200427 13:07:14.590" level="INFO">${POST_RESPONSE} = &lt;Response [201]&gt;</msg>
<status status="PASS" starttime="20200427 13:07:13.368" endtime="20200427 13:07:14.590"></status>
</kw>
<kw name="Set Test Variable" library="BuiltIn">
<doc>Makes a variable available everywhere within the scope of the current test.</doc>
<arguments>
<arg>${POST_RESPONSE}</arg>
</arguments>
<msg timestamp="20200427 13:07:14.590" level="INFO">${POST_RESPONSE} = &lt;Response [201]&gt;</msg>
<status status="PASS" starttime="20200427 13:07:14.590" endtime="20200427 13:07:14.590"></status>
</kw>
<status status="PASS" starttime="20200427 13:07:13.368" endtime="20200427 13:07:14.591"></status>
</kw>
<kw name="Verify Post Response Success Code">
<kw name="Should Be Equal As Integers" library="BuiltIn">
<doc>Fails if objects are unequal after converting them to integers.</doc>
<arguments>
<arg>${POST_RESPONSE.status_code}</arg>
<arg>201</arg>
</arguments>
<msg timestamp="20200427 13:07:14.591" level="INFO">Argument types are:
&lt;class 'int'&gt;
&lt;type 'unicode'&gt;</msg>
<status status="PASS" starttime="20200427 13:07:14.591" endtime="20200427 13:07:14.591"></status>
</kw>
<status status="PASS" starttime="20200427 13:07:14.591" endtime="20200427 13:07:14.591"></status>
</kw>
<status status="PASS" starttime="20200427 13:07:13.368" endtime="20200427 13:07:14.591"></status>
</kw>
<status status="PASS" starttime="20200427 13:07:11.146" endtime="20200427 13:07:14.591"></status>
</kw>
<status status="PASS" starttime="20200427 13:07:11.146" endtime="20200427 13:07:14.591"></status>
</kw>
<kw name="Given &quot;Target Postings&quot; Are Read" library="CommonResource">
<kw name="&quot;Registered Postings&quot; Are Read">
<kw name="Make Get Request" library="AdminUser">
<assign>
<var>${GET_RESPONSE}</var>
</assign>
<msg timestamp="20200427 13:07:15.181" level="INFO">${GET_RESPONSE} = &lt;Response [200]&gt;</msg>
<status status="PASS" starttime="20200427 13:07:14.592" endtime="20200427 13:07:15.181"></status>
</kw>
<kw name="Should Be Equal As Integers" library="BuiltIn">
<doc>Fails if objects are unequal after converting them to integers.</doc>
<arguments>
<arg>${GET_RESPONSE.status_code}</arg>
<arg>200</arg>
</arguments>
<msg timestamp="20200427 13:07:15.181" level="INFO">Argument types are:
&lt;class 'int'&gt;
&lt;type 'unicode'&gt;</msg>
<status status="PASS" starttime="20200427 13:07:15.181" endtime="20200427 13:07:15.182"></status>
</kw>
<kw name="Set Variable" library="BuiltIn">
<doc>Returns the given values which can then be assigned to a variables.</doc>
<arguments>
<arg>${GET_RESPONSE.json()}</arg>
</arguments>
<assign>
<var>@{registered_postings}</var>
</assign>
<msg timestamp="20200427 13:07:15.182" level="INFO">@{registered_postings} = [ {'url': 'https://glacial-earth-31542.herokuapp.com/api/postings/5662/', 'id': 5662, 'user': 1, 'title': 'Posting 1', 'content': 'Posting 1 content', 'timestamp': '2020-04-27T13:07:12.256001+03:00'} ...</msg>
<status status="PASS" starttime="20200427 13:07:15.182" endtime="20200427 13:07:15.182"></status>
</kw>
<kw name="Set Suite Variable" library="BuiltIn">
<doc>Makes a variable available everywhere within the scope of the current suite.</doc>
<arguments>
<arg>@{REGISTERED_POSTINGS}</arg>
<arg>@{registered_postings}</arg>
</arguments>
<msg timestamp="20200427 13:07:15.183" level="INFO">@{REGISTERED_POSTINGS} = [ {'url': 'https://glacial-earth-31542.herokuapp.com/api/postings/5662/', 'id': 5662, 'user': 1, 'title': 'Posting 1', 'content': 'Posting 1 content', 'timestamp': '2020-04-27T13:07:12.256001+03:00'} ...</msg>
<status status="PASS" starttime="20200427 13:07:15.182" endtime="20200427 13:07:15.183"></status>
</kw>
<status status="PASS" starttime="20200427 13:07:14.592" endtime="20200427 13:07:15.183"></status>
</kw>
<kw name="Get Subset" library="Utilities">
<arguments>
<arg>subset=${INCOMPLETE_TARGET_POSTINGS}</arg>
<arg>superset=${REGISTERED_POSTINGS}</arg>
</arguments>
<assign>
<var>@{target_postings}</var>
</assign>
<msg timestamp="20200427 13:07:15.184" level="INFO">@{target_postings} = [ {'url': 'https://glacial-earth-31542.herokuapp.com/api/postings/5662/', 'id': 5662, 'user': 1, 'title': 'Posting 1', 'content': 'Posting 1 content', 'timestamp': '2020-04-27T13:07:12.256001+03:00'} ...</msg>
<status status="PASS" starttime="20200427 13:07:15.183" endtime="20200427 13:07:15.184"></status>
</kw>
<kw name="Set Suite Variable" library="BuiltIn">
<doc>Makes a variable available everywhere within the scope of the current suite.</doc>
<arguments>
<arg>@{TARGET_POSTINGS}</arg>
<arg>@{target_postings}</arg>
</arguments>
<msg timestamp="20200427 13:07:15.185" level="INFO">@{TARGET_POSTINGS} = [ {'url': 'https://glacial-earth-31542.herokuapp.com/api/postings/5662/', 'id': 5662, 'user': 1, 'title': 'Posting 1', 'content': 'Posting 1 content', 'timestamp': '2020-04-27T13:07:12.256001+03:00'} ...</msg>
<status status="PASS" starttime="20200427 13:07:15.184" endtime="20200427 13:07:15.185"></status>
</kw>
<status status="PASS" starttime="20200427 13:07:14.592" endtime="20200427 13:07:15.185"></status>
</kw>
<kw name="Given &quot;Target Postings&quot; Must Be Registered In The System" library="CommonResource">
<kw name="&quot;Target Postings&quot; List Is Not Empty">
<kw name="Evaluate" library="BuiltIn">
<doc>Evaluates the given expression in Python and returns the results.</doc>
<arguments>
<arg>len($TARGET_POSTINGS) == 0</arg>
</arguments>
<assign>
<var>${is_empty}</var>
</assign>
<msg timestamp="20200427 13:07:15.188" level="INFO">${is_empty} = False</msg>
<status status="PASS" starttime="20200427 13:07:15.187" endtime="20200427 13:07:15.188"></status>
</kw>
<kw name="Should Not Be True" library="BuiltIn">
<doc>Fails if the given condition is true.</doc>
<arguments>
<arg>${is_empty}</arg>
</arguments>
<status status="PASS" starttime="20200427 13:07:15.188" endtime="20200427 13:07:15.188"></status>
</kw>
<status status="PASS" starttime="20200427 13:07:15.186" endtime="20200427 13:07:15.189"></status>
</kw>
<kw name="Is Subset" library="Utilities">
<arguments>
<arg>subset=${TARGET_POSTINGS}</arg>
<arg>superset=${INCOMPLETE_TARGET_POSTINGS}</arg>
</arguments>
<assign>
<var>${is_subset}</var>
</assign>
<msg timestamp="20200427 13:07:15.189" level="INFO">${is_subset} = True</msg>
<status status="PASS" starttime="20200427 13:07:15.189" endtime="20200427 13:07:15.189"></status>
</kw>
<kw name="Should Be True" library="BuiltIn">
<doc>Fails if the given condition is not true.</doc>
<arguments>
<arg>${is_subset}</arg>
</arguments>
<status status="PASS" starttime="20200427 13:07:15.189" endtime="20200427 13:07:15.190"></status>
</kw>
<status status="PASS" starttime="20200427 13:07:15.186" endtime="20200427 13:07:15.190"></status>
</kw>
<kw name="When Target Postings Are Updated" library="Utilities">
<doc>EXPECTED PRECONDITION: Before this method is called, TARGET_POSTINGS must be created (i.e.
REGISTERED_POSTINGS = PRE_SET_POSTINGS + TARGET_POSTINGS)
Note that all the postings in TARGET_POSTINGS have all the fields necessary
(i.e. title , content, url, id, timestamp fields) to make a PUT request
:return: None</doc>
<kw name="Make Put Request" library="AdminUser">
<arguments>
<arg>{'url': 'https://glacial-earth-31542.herokuapp.com/api/postings/5662/', 'id': 5662, 'user': 1, 'title': 'Posting 1', 'content': 'modified content', 'timestamp': '2020-04-27T13:07:12.256001+03:00'}</arg>
</arguments>
<status status="PASS" starttime="20200427 13:07:15.190" endtime="20200427 13:07:16.235"></status>
</kw>
<kw name="Make Put Request" library="AdminUser">
<arguments>
<arg>{'url': 'https://glacial-earth-31542.herokuapp.com/api/postings/5663/', 'id': 5663, 'user': 1, 'title': 'Posting 2', 'content': 'modified content', 'timestamp': '2020-04-27T13:07:13.212549+03:00'}</arg>
</arguments>
<status status="PASS" starttime="20200427 13:07:16.235" endtime="20200427 13:07:16.843"></status>
</kw>
<kw name="Make Put Request" library="AdminUser">
<arguments>
<arg>{'url': 'https://glacial-earth-31542.herokuapp.com/api/postings/5664/', 'id': 5664, 'user': 1, 'title': 'Posting 3', 'content': 'modified content', 'timestamp': '2020-04-27T13:07:14.326583+03:00'}</arg>
</arguments>
<status status="PASS" starttime="20200427 13:07:16.843" endtime="20200427 13:07:17.236"></status>
</kw>
<msg timestamp="20200427 13:07:17.236" level="INFO">${TARGET_POSTINGS} = [{'url': 'https://glacial-earth-31542.herokuapp.com/api/postings/5662/', 'id': 5662, 'user': 1, 'title': 'Posting 1', 'content': 'modified content', 'timestamp': '2020-04-27T13:07:12.256001+03:00'}, {...</msg>
<status status="PASS" starttime="20200427 13:07:15.190" endtime="20200427 13:07:17.237"></status>
</kw>
<kw name="Then &quot;Registered Postings&quot; Are Read">
<kw name="Make Get Request" library="AdminUser">
<assign>
<var>${GET_RESPONSE}</var>
</assign>
<msg timestamp="20200427 13:07:17.388" level="INFO">${GET_RESPONSE} = &lt;Response [200]&gt;</msg>
<status status="PASS" starttime="20200427 13:07:17.237" endtime="20200427 13:07:17.388"></status>
</kw>
<kw name="Should Be Equal As Integers" library="BuiltIn">
<doc>Fails if objects are unequal after converting them to integers.</doc>
<arguments>
<arg>${GET_RESPONSE.status_code}</arg>
<arg>200</arg>
</arguments>
<msg timestamp="20200427 13:07:17.388" level="INFO">Argument types are:
&lt;class 'int'&gt;
&lt;type 'unicode'&gt;</msg>
<status status="PASS" starttime="20200427 13:07:17.388" endtime="20200427 13:07:17.388"></status>
</kw>
<kw name="Set Variable" library="BuiltIn">
<doc>Returns the given values which can then be assigned to a variables.</doc>
<arguments>
<arg>${GET_RESPONSE.json()}</arg>
</arguments>
<assign>
<var>@{registered_postings}</var>
</assign>
<msg timestamp="20200427 13:07:17.389" level="INFO">@{registered_postings} = [ {'url': 'https://glacial-earth-31542.herokuapp.com/api/postings/5662/', 'id': 5662, 'user': 1, 'title': 'Posting 1', 'content': 'modified content', 'timestamp': '2020-04-27T13:07:12.256001+03:00'} |...</msg>
<status status="PASS" starttime="20200427 13:07:17.389" endtime="20200427 13:07:17.389"></status>
</kw>
<kw name="Set Suite Variable" library="BuiltIn">
<doc>Makes a variable available everywhere within the scope of the current suite.</doc>
<arguments>
<arg>@{REGISTERED_POSTINGS}</arg>
<arg>@{registered_postings}</arg>
</arguments>
<msg timestamp="20200427 13:07:17.389" level="INFO">@{REGISTERED_POSTINGS} = [ {'url': 'https://glacial-earth-31542.herokuapp.com/api/postings/5662/', 'id': 5662, 'user': 1, 'title': 'Posting 1', 'content': 'modified content', 'timestamp': '2020-04-27T13:07:12.256001+03:00'} |...</msg>
<status status="PASS" starttime="20200427 13:07:17.389" endtime="20200427 13:07:17.390"></status>
</kw>
<status status="PASS" starttime="20200427 13:07:17.237" endtime="20200427 13:07:17.390"></status>
</kw>
<kw name="Then &quot;Registered Postings&quot; Must Comply With &quot;Posting Spec&quot;" library="CommonResource">
<kw name="Verify All Postings" library="Utilities">
<doc>:param postings_to_verify: a list of postings, where each posting needs to be verified against posting_spec
:param posting_spec: a dict containing keys, which map to posting fields
:return: None</doc>
<arguments>
<arg>postings_to_verify=${REGISTERED_POSTINGS}</arg>
<arg>posting_spec=${POSTING_SPEC}</arg>
</arguments>
<status status="PASS" starttime="20200427 13:07:17.390" endtime="20200427 13:07:17.390"></status>
</kw>
<status status="PASS" starttime="20200427 13:07:17.390" endtime="20200427 13:07:17.390"></status>
</kw>
<kw name="Then &quot;Target Postings&quot; Must Have Been Updated In The System">
<kw name="Is Subset" library="Utilities">
<arguments>
<arg>subset=${TARGET_POSTINGS}</arg>
<arg>superset=${REGISTERED_POSTINGS}</arg>
</arguments>
<assign>
<var>${is_subset}</var>
</assign>
<msg timestamp="20200427 13:07:17.391" level="INFO">${is_subset} = True</msg>
<status status="PASS" starttime="20200427 13:07:17.391" endtime="20200427 13:07:17.392"></status>
</kw>
<kw name="Should Be True" library="BuiltIn">
<doc>Fails if the given condition is not true.</doc>
<arguments>
<arg>${is_subset}</arg>
</arguments>
<status status="PASS" starttime="20200427 13:07:17.392" endtime="20200427 13:07:17.392"></status>
</kw>
<status status="PASS" starttime="20200427 13:07:17.391" endtime="20200427 13:07:17.392"></status>
</kw>
<kw name="Test Teardown" type="teardown">
<kw name="Delete Every Posting Except &quot;Pre-Set Postings&quot;">
<kw name="&quot;Registered Postings&quot; Are Read">
<kw name="Make Get Request" library="AdminUser">
<assign>
<var>${GET_RESPONSE}</var>
</assign>
<msg timestamp="20200427 13:07:17.541" level="INFO">${GET_RESPONSE} = &lt;Response [200]&gt;</msg>
<status status="PASS" starttime="20200427 13:07:17.393" endtime="20200427 13:07:17.541"></status>
</kw>
<kw name="Should Be Equal As Integers" library="BuiltIn">
<doc>Fails if objects are unequal after converting them to integers.</doc>
<arguments>
<arg>${GET_RESPONSE.status_code}</arg>
<arg>200</arg>
</arguments>
<msg timestamp="20200427 13:07:17.541" level="INFO">Argument types are:
&lt;class 'int'&gt;
&lt;type 'unicode'&gt;</msg>
<status status="PASS" starttime="20200427 13:07:17.541" endtime="20200427 13:07:17.541"></status>
</kw>
<kw name="Set Variable" library="BuiltIn">
<doc>Returns the given values which can then be assigned to a variables.</doc>
<arguments>
<arg>${GET_RESPONSE.json()}</arg>
</arguments>
<assign>
<var>@{registered_postings}</var>
</assign>
<msg timestamp="20200427 13:07:17.542" level="INFO">@{registered_postings} = [ {'url': 'https://glacial-earth-31542.herokuapp.com/api/postings/5662/', 'id': 5662, 'user': 1, 'title': 'Posting 1', 'content': 'modified content', 'timestamp': '2020-04-27T13:07:12.256001+03:00'} |...</msg>
<status status="PASS" starttime="20200427 13:07:17.541" endtime="20200427 13:07:17.542"></status>
</kw>
<kw name="Set Suite Variable" library="BuiltIn">
<doc>Makes a variable available everywhere within the scope of the current suite.</doc>
<arguments>
<arg>@{REGISTERED_POSTINGS}</arg>
<arg>@{registered_postings}</arg>
</arguments>
<msg timestamp="20200427 13:07:17.542" level="INFO">@{REGISTERED_POSTINGS} = [ {'url': 'https://glacial-earth-31542.herokuapp.com/api/postings/5662/', 'id': 5662, 'user': 1, 'title': 'Posting 1', 'content': 'modified content', 'timestamp': '2020-04-27T13:07:12.256001+03:00'} |...</msg>
<status status="PASS" starttime="20200427 13:07:17.542" endtime="20200427 13:07:17.542"></status>
</kw>
<status status="PASS" starttime="20200427 13:07:17.392" endtime="20200427 13:07:17.542"></status>
</kw>
<kw name="Delete Postings" library="Utilities">
<arguments>
<arg>candidate_postings_to_delete=${REGISTERED_POSTINGS}</arg>
<arg>postings_to_skip=${PRE_SET_POSTINGS}</arg>
</arguments>
<kw name="Make Delete Request" library="AdminUser">
<arguments>
<arg>{'url': 'https://glacial-earth-31542.herokuapp.com/api/postings/5662/', 'id': 5662, 'user': 1, 'title': 'Posting 1', 'content': 'modified content', 'timestamp': '2020-04-27T13:07:12.256001+03:00'}</arg>
</arguments>
<status status="PASS" starttime="20200427 13:07:17.542" endtime="20200427 13:07:17.977"></status>
</kw>
<kw name="Make Delete Request" library="AdminUser">
<arguments>
<arg>{'url': 'https://glacial-earth-31542.herokuapp.com/api/postings/5663/', 'id': 5663, 'user': 1, 'title': 'Posting 2', 'content': 'modified content', 'timestamp': '2020-04-27T13:07:13.212549+03:00'}</arg>
</arguments>
<status status="PASS" starttime="20200427 13:07:17.978" endtime="20200427 13:07:18.444"></status>
</kw>
<kw name="Make Delete Request" library="AdminUser">
<arguments>
<arg>{'url': 'https://glacial-earth-31542.herokuapp.com/api/postings/5664/', 'id': 5664, 'user': 1, 'title': 'Posting 3', 'content': 'modified content', 'timestamp': '2020-04-27T13:07:14.326583+03:00'}</arg>
</arguments>
<status status="PASS" starttime="20200427 13:07:18.444" endtime="20200427 13:07:18.890"></status>
</kw>
<status status="PASS" starttime="20200427 13:07:17.542" endtime="20200427 13:07:18.890"></status>
</kw>
<status status="PASS" starttime="20200427 13:07:17.392" endtime="20200427 13:07:18.890"></status>
</kw>
<kw name="&quot;Registered Postings&quot; Are Read">
<kw name="Make Get Request" library="AdminUser">
<assign>
<var>${GET_RESPONSE}</var>
</assign>
<msg timestamp="20200427 13:07:19.036" level="INFO">${GET_RESPONSE} = &lt;Response [200]&gt;</msg>
<status status="PASS" starttime="20200427 13:07:18.891" endtime="20200427 13:07:19.036"></status>
</kw>
<kw name="Should Be Equal As Integers" library="BuiltIn">
<doc>Fails if objects are unequal after converting them to integers.</doc>
<arguments>
<arg>${GET_RESPONSE.status_code}</arg>
<arg>200</arg>
</arguments>
<msg timestamp="20200427 13:07:19.037" level="INFO">Argument types are:
&lt;class 'int'&gt;
&lt;type 'unicode'&gt;</msg>
<status status="PASS" starttime="20200427 13:07:19.036" endtime="20200427 13:07:19.037"></status>
</kw>
<kw name="Set Variable" library="BuiltIn">
<doc>Returns the given values which can then be assigned to a variables.</doc>
<arguments>
<arg>${GET_RESPONSE.json()}</arg>
</arguments>
<assign>
<var>@{registered_postings}</var>
</assign>
<msg timestamp="20200427 13:07:19.037" level="INFO">@{registered_postings} = [ {'url': 'https://glacial-earth-31542.herokuapp.com/api/postings/1/', 'id': 1, 'user': 1, 'title': 'My First Posting', 'content': "My First Blog's content", 'timestamp': '2019-12-18T17:06:54.373451+0...</msg>
<status status="PASS" starttime="20200427 13:07:19.037" endtime="20200427 13:07:19.037"></status>
</kw>
<kw name="Set Suite Variable" library="BuiltIn">
<doc>Makes a variable available everywhere within the scope of the current suite.</doc>
<arguments>
<arg>@{REGISTERED_POSTINGS}</arg>
<arg>@{registered_postings}</arg>
</arguments>
<msg timestamp="20200427 13:07:19.038" level="INFO">@{REGISTERED_POSTINGS} = [ {'url': 'https://glacial-earth-31542.herokuapp.com/api/postings/1/', 'id': 1, 'user': 1, 'title': 'My First Posting', 'content': "My First Blog's content", 'timestamp': '2019-12-18T17:06:54.373451+0...</msg>
<status status="PASS" starttime="20200427 13:07:19.037" endtime="20200427 13:07:19.038"></status>
</kw>
<status status="PASS" starttime="20200427 13:07:18.890" endtime="20200427 13:07:19.038"></status>
</kw>
<kw name="Only &quot;Pre-Set Postings&quot; Are Left In The System">
<kw name="Should Be True" library="BuiltIn">
<doc>Fails if the given condition is not true.</doc>
<arguments>
<arg>$REGISTERED_POSTINGS == $PRE_SET_POSTINGS</arg>
</arguments>
<status status="PASS" starttime="20200427 13:07:19.038" endtime="20200427 13:07:19.039"></status>
</kw>
<status status="PASS" starttime="20200427 13:07:19.038" endtime="20200427 13:07:19.039"></status>
</kw>
<kw name="Set Suite Variable" library="BuiltIn">
<doc>Makes a variable available everywhere within the scope of the current suite.</doc>
<arguments>
<arg>${RANDOM_TARGET_POSTING}</arg>
<arg>${None}</arg>
</arguments>
<msg timestamp="20200427 13:07:19.039" level="INFO">${RANDOM_TARGET_POSTING} = None</msg>
<status status="PASS" starttime="20200427 13:07:19.039" endtime="20200427 13:07:19.039"></status>
</kw>
<status status="PASS" starttime="20200427 13:07:17.392" endtime="20200427 13:07:19.039"></status>
</kw>
<tags>
<tag>CRUD-operations-as-admin</tag>
<tag>CRUD-success-as-admin</tag>
</tags>
<status status="PASS" starttime="20200427 13:07:10.823" endtime="20200427 13:07:19.040" critical="yes"></status>
</test>
<test id="s1-s1-t5" name="Deleting &quot;Target Postings&quot;">
<kw name="Test Setup" type="setup">
<kw name="Set Suite Variable" library="BuiltIn">
<doc>Makes a variable available everywhere within the scope of the current suite.</doc>
<arguments>
<arg>${RANDOM_TARGET_POSTING}</arg>
<arg>${None}</arg>
</arguments>
<msg timestamp="20200427 13:07:19.041" level="INFO">${RANDOM_TARGET_POSTING} = None</msg>
<status status="PASS" starttime="20200427 13:07:19.040" endtime="20200427 13:07:19.041"></status>
</kw>
<status status="PASS" starttime="20200427 13:07:19.040" endtime="20200427 13:07:19.041"></status>
</kw>
<kw name="Given &quot;Target Postings&quot; Must Not Be Registered In The System">
<kw name="&quot;Registered Postings&quot; Are Read">
<kw name="Make Get Request" library="AdminUser">
<assign>
<var>${GET_RESPONSE}</var>
</assign>
<msg timestamp="20200427 13:07:19.193" level="INFO">${GET_RESPONSE} = &lt;Response [200]&gt;</msg>
<status status="PASS" starttime="20200427 13:07:19.042" endtime="20200427 13:07:19.193"></status>
</kw>
<kw name="Should Be Equal As Integers" library="BuiltIn">
<doc>Fails if objects are unequal after converting them to integers.</doc>
<arguments>
<arg>${GET_RESPONSE.status_code}</arg>
<arg>200</arg>
</arguments>
<msg timestamp="20200427 13:07:19.194" level="INFO">Argument types are:
&lt;class 'int'&gt;
&lt;type 'unicode'&gt;</msg>
<status status="PASS" starttime="20200427 13:07:19.193" endtime="20200427 13:07:19.194"></status>
</kw>
<kw name="Set Variable" library="BuiltIn">
<doc>Returns the given values which can then be assigned to a variables.</doc>
<arguments>
<arg>${GET_RESPONSE.json()}</arg>
</arguments>
<assign>
<var>@{registered_postings}</var>
</assign>
<msg timestamp="20200427 13:07:19.194" level="INFO">@{registered_postings} = [ {'url': 'https://glacial-earth-31542.herokuapp.com/api/postings/1/', 'id': 1, 'user': 1, 'title': 'My First Posting', 'content': "My First Blog's content", 'timestamp': '2019-12-18T17:06:54.373451+0...</msg>
<status status="PASS" starttime="20200427 13:07:19.194" endtime="20200427 13:07:19.194"></status>
</kw>
<kw name="Set Suite Variable" library="BuiltIn">
<doc>Makes a variable available everywhere within the scope of the current suite.</doc>
<arguments>
<arg>@{REGISTERED_POSTINGS}</arg>
<arg>@{registered_postings}</arg>
</arguments>
<msg timestamp="20200427 13:07:19.195" level="INFO">@{REGISTERED_POSTINGS} = [ {'url': 'https://glacial-earth-31542.herokuapp.com/api/postings/1/', 'id': 1, 'user': 1, 'title': 'My First Posting', 'content': "My First Blog's content", 'timestamp': '2019-12-18T17:06:54.373451+0...</msg>
<status status="PASS" starttime="20200427 13:07:19.194" endtime="20200427 13:07:19.195"></status>
</kw>
<status status="PASS" starttime="20200427 13:07:19.041" endtime="20200427 13:07:19.195"></status>
</kw>
<kw name="Is None Found" library="Utilities">
<arguments>
<arg>subset=${INCOMPLETE_TARGET_POSTINGS}</arg>
<arg>superset=${REGISTERED_POSTINGS}</arg>
</arguments>
<assign>
<var>${none_of_target_postings_found}</var>
</assign>
<msg timestamp="20200427 13:07:19.195" level="INFO">${none_of_target_postings_found} = True</msg>
<status status="PASS" starttime="20200427 13:07:19.195" endtime="20200427 13:07:19.195"></status>
</kw>
<kw name="Should Be True" library="BuiltIn">
<doc>Fails if the given condition is not true.</doc>
<arguments>
<arg>${none_of_target_postings_found}</arg>
</arguments>
<status status="PASS" starttime="20200427 13:07:19.195" endtime="20200427 13:07:19.195"></status>
</kw>
<status status="PASS" starttime="20200427 13:07:19.041" endtime="20200427 13:07:19.195"></status>
</kw>
<kw name="Given &quot;Target Postings&quot; Are Created">
<kw name="${p} IN [ @{INCOMPLETE_TARGET_POSTINGS} ]" type="for">
<kw name="${p} = {'title': 'Posting 1', 'content': 'Posting 1 content'}" type="foritem">
<kw name="Create Posting">
<arguments>
<arg>posting=${p}</arg>
</arguments>
<kw name="Make Post Request" library="AdminUser">
<arguments>
<arg>posting=${posting}</arg>
<arg>payload_encoding=${payload_encoding}</arg>
<arg>content_type_header=${content_type_header}</arg>
</arguments>
<assign>
<var>${POST_RESPONSE}</var>
</assign>
<msg timestamp="20200427 13:07:19.581" level="INFO">${POST_RESPONSE} = &lt;Response [201]&gt;</msg>
<status status="PASS" starttime="20200427 13:07:19.196" endtime="20200427 13:07:19.581"></status>
</kw>
<kw name="Set Test Variable" library="BuiltIn">
<doc>Makes a variable available everywhere within the scope of the current test.</doc>
<arguments>
<arg>${POST_RESPONSE}</arg>
</arguments>
<msg timestamp="20200427 13:07:19.581" level="INFO">${POST_RESPONSE} = &lt;Response [201]&gt;</msg>
<status status="PASS" starttime="20200427 13:07:19.581" endtime="20200427 13:07:19.581"></status>
</kw>
<status status="PASS" starttime="20200427 13:07:19.196" endtime="20200427 13:07:19.582"></status>
</kw>
<kw name="Verify Post Response Success Code">
<kw name="Should Be Equal As Integers" library="BuiltIn">
<doc>Fails if objects are unequal after converting them to integers.</doc>
<arguments>
<arg>${POST_RESPONSE.status_code}</arg>
<arg>201</arg>
</arguments>
<msg timestamp="20200427 13:07:19.582" level="INFO">Argument types are:
&lt;class 'int'&gt;
&lt;type 'unicode'&gt;</msg>
<status status="PASS" starttime="20200427 13:07:19.582" endtime="20200427 13:07:19.582"></status>
</kw>
<status status="PASS" starttime="20200427 13:07:19.582" endtime="20200427 13:07:19.582"></status>
</kw>
<status status="PASS" starttime="20200427 13:07:19.196" endtime="20200427 13:07:19.582"></status>
</kw>
<kw name="${p} = {'title': 'Posting 2', 'content': 'Posting 2 content'}" type="foritem">
<kw name="Create Posting">
<arguments>
<arg>posting=${p}</arg>
</arguments>
<kw name="Make Post Request" library="AdminUser">
<arguments>
<arg>posting=${posting}</arg>
<arg>payload_encoding=${payload_encoding}</arg>
<arg>content_type_header=${content_type_header}</arg>
</arguments>
<assign>
<var>${POST_RESPONSE}</var>
</assign>
<msg timestamp="20200427 13:07:20.274" level="INFO">${POST_RESPONSE} = &lt;Response [201]&gt;</msg>
<status status="PASS" starttime="20200427 13:07:19.583" endtime="20200427 13:07:20.274"></status>
</kw>
<kw name="Set Test Variable" library="BuiltIn">
[...]
</kw>
<status status="PASS" starttime="20200427 13:08:53.542" endtime="20200427 13:08:53.543"></status>
</kw>
<kw name="Test Teardown" type="teardown">
<kw name="&quot;Registered Postings&quot; Are Read">
<kw name="Make Get Request" library="NoPriviligeUser">
<assign>
<var>${GET_RESPONSE}</var>
</assign>
<msg timestamp="20200427 13:08:54.105" level="INFO">${GET_RESPONSE} = &lt;Response [200]&gt;</msg>
<status status="PASS" starttime="20200427 13:08:53.548" endtime="20200427 13:08:54.105"></status>
</kw>
<kw name="Should Be Equal As Integers" library="BuiltIn">
<doc>Fails if objects are unequal after converting them to integers.</doc>
<arguments>
<arg>${GET_RESPONSE.status_code}</arg>
<arg>200</arg>
</arguments>
<msg timestamp="20200427 13:08:54.105" level="INFO">Argument types are:
&lt;class 'int'&gt;
&lt;type 'unicode'&gt;</msg>
<status status="PASS" starttime="20200427 13:08:54.105" endtime="20200427 13:08:54.105"></status>
</kw>
<kw name="Set Variable" library="BuiltIn">
<doc>Returns the given values which can then be assigned to a variables.</doc>
<arguments>
<arg>${GET_RESPONSE.json()}</arg>
</arguments>
<assign>
<var>@{registered_postings}</var>
</assign>
<msg timestamp="20200427 13:08:54.106" level="INFO">@{registered_postings} = [ {'url': 'https://glacial-earth-31542.herokuapp.com/api/postings/1/', 'id': 1, 'user': 1, 'title': 'My First Posting', 'content': "My First Blog's content", 'timestamp': '2019-12-18T17:06:54.373451+0...</msg>
<status status="PASS" starttime="20200427 13:08:54.106" endtime="20200427 13:08:54.106"></status>
</kw>
<kw name="Set Suite Variable" library="BuiltIn">
<doc>Makes a variable available everywhere within the scope of the current suite.</doc>
<arguments>
<arg>@{REGISTERED_POSTINGS}</arg>
<arg>@{registered_postings}</arg>
</arguments>
<msg timestamp="20200427 13:08:54.107" level="INFO">@{REGISTERED_POSTINGS} = [ {'url': 'https://glacial-earth-31542.herokuapp.com/api/postings/1/', 'id': 1, 'user': 1, 'title': 'My First Posting', 'content': "My First Blog's content", 'timestamp': '2019-12-18T17:06:54.373451+0...</msg>
<status status="PASS" starttime="20200427 13:08:54.106" endtime="20200427 13:08:54.107"></status>
</kw>
<status status="PASS" starttime="20200427 13:08:53.548" endtime="20200427 13:08:54.107"></status>
</kw>
<kw name="Only &quot;Pre-Set Postings&quot; Are Left In The System">
<kw name="Should Be True" library="BuiltIn">
<doc>Fails if the given condition is not true.</doc>
<arguments>
<arg>$REGISTERED_POSTINGS == $PRE_SET_POSTINGS</arg>
</arguments>
<status status="PASS" starttime="20200427 13:08:54.107" endtime="20200427 13:08:54.108"></status>
</kw>
<status status="PASS" starttime="20200427 13:08:54.107" endtime="20200427 13:08:54.108"></status>
</kw>
<status status="PASS" starttime="20200427 13:08:53.547" endtime="20200427 13:08:54.108"></status>
</kw>
<tags>
<tag>CRUD-failure-as-NoPriviligeUser</tag>
<tag>CRUD-operations-as-NoPriviligeUser</tag>
</tags>
<status status="PASS" starttime="20200427 13:08:52.293" endtime="20200427 13:08:54.108" critical="yes"></status>
</test>
<test id="s1-s2-t5" name="Attempting To Delete &quot;Pre-Set Postings&quot; Fails">
<kw name="When &quot;Pre-Set Postings&quot; Are Attempted To Be Deleted">
<kw name="Set Variable" library="BuiltIn">
<doc>Returns the given values which can then be assigned to a variables.</doc>
<arguments>
<arg>${True}</arg>
</arguments>
<assign>
<var>${ALL_DELETE_ATTEMPTS_FAILED_WITH_401}</var>
</assign>
<msg timestamp="20200427 13:08:54.109" level="INFO">${ALL_DELETE_ATTEMPTS_FAILED_WITH_401} = True</msg>
<status status="PASS" starttime="20200427 13:08:54.109" endtime="20200427 13:08:54.109"></status>
</kw>
<kw name="${ptd} IN [ @{PRE_SET_POSTINGS} ]" type="for">
<kw name="${ptd} = {'url': 'https://glacial-earth-31542.herokuapp.com/api/postings/1/', 'id': 1, 'user': 1, 'title': 'My First Posting', 'content': &quot;My First Blog's content&quot;, 'timestamp': '2019-12-18T17:06:54.373451+02:..." type="foritem">
<kw name="Delete Posting">
<arguments>
<arg>posting=${ptd}</arg>
</arguments>
<kw name="Make Delete Request" library="NoPriviligeUser">
<arguments>
<arg>posting=${posting}</arg>
</arguments>
<assign>
<var>${DELETE_RESPONSE}</var>
</assign>
<msg timestamp="20200427 13:08:54.759" level="INFO">${DELETE_RESPONSE} = &lt;Response [401]&gt;</msg>
<status status="PASS" starttime="20200427 13:08:54.110" endtime="20200427 13:08:54.759"></status>
</kw>
<kw name="Set Test Variable" library="BuiltIn">
<doc>Makes a variable available everywhere within the scope of the current test.</doc>
<arguments>
<arg>${DELETE_RESPONSE}</arg>
</arguments>
<msg timestamp="20200427 13:08:54.760" level="INFO">${DELETE_RESPONSE} = &lt;Response [401]&gt;</msg>
<status status="PASS" starttime="20200427 13:08:54.759" endtime="20200427 13:08:54.760"></status>
</kw>
<status status="PASS" starttime="20200427 13:08:54.109" endtime="20200427 13:08:54.760"></status>
</kw>
<kw name="Evaluate" library="BuiltIn">
<doc>Evaluates the given expression in Python and returns the results.</doc>
<arguments>
<arg>$ALL_DELETE_ATTEMPTS_FAILED_WITH_401 and $DELETE_RESPONSE.status_code==401</arg>
</arguments>
<assign>
<var>${ALL_DELETE_ATTEMPTS_FAILED_WITH_401}</var>
</assign>
<msg timestamp="20200427 13:08:54.761" level="INFO">${ALL_DELETE_ATTEMPTS_FAILED_WITH_401} = True</msg>
<status status="PASS" starttime="20200427 13:08:54.760" endtime="20200427 13:08:54.761"></status>
</kw>
<status status="PASS" starttime="20200427 13:08:54.109" endtime="20200427 13:08:54.761"></status>
</kw>
<kw name="${ptd} = {'url': 'https://glacial-earth-31542.herokuapp.com/api/postings/2/', 'id': 2, 'user': 1, 'title': 'My Second Posting', 'content': 'My Second Posting Content', 'timestamp': '2019-12-18T17:07:34.938150+..." type="foritem">
<kw name="Delete Posting">
<arguments>
<arg>posting=${ptd}</arg>
</arguments>
<kw name="Make Delete Request" library="NoPriviligeUser">
<arguments>
<arg>posting=${posting}</arg>
</arguments>
<assign>
<var>${DELETE_RESPONSE}</var>
</assign>
<msg timestamp="20200427 13:08:55.383" level="INFO">${DELETE_RESPONSE} = &lt;Response [401]&gt;</msg>
<status status="PASS" starttime="20200427 13:08:54.761" endtime="20200427 13:08:55.383"></status>
</kw>
<kw name="Set Test Variable" library="BuiltIn">
<doc>Makes a variable available everywhere within the scope of the current test.</doc>
<arguments>
<arg>${DELETE_RESPONSE}</arg>
</arguments>
<msg timestamp="20200427 13:08:55.384" level="INFO">${DELETE_RESPONSE} = &lt;Response [401]&gt;</msg>
<status status="PASS" starttime="20200427 13:08:55.383" endtime="20200427 13:08:55.384"></status>
</kw>
<status status="PASS" starttime="20200427 13:08:54.761" endtime="20200427 13:08:55.384"></status>
</kw>
<kw name="Evaluate" library="BuiltIn">
<doc>Evaluates the given expression in Python and returns the results.</doc>
<arguments>
<arg>$ALL_DELETE_ATTEMPTS_FAILED_WITH_401 and $DELETE_RESPONSE.status_code==401</arg>
</arguments>
<assign>
<var>${ALL_DELETE_ATTEMPTS_FAILED_WITH_401}</var>
</assign>
<msg timestamp="20200427 13:08:55.385" level="INFO">${ALL_DELETE_ATTEMPTS_FAILED_WITH_401} = True</msg>
<status status="PASS" starttime="20200427 13:08:55.384" endtime="20200427 13:08:55.385"></status>
</kw>
<status status="PASS" starttime="20200427 13:08:54.761" endtime="20200427 13:08:55.385"></status>
</kw>
<status status="PASS" starttime="20200427 13:08:54.109" endtime="20200427 13:08:55.385"></status>
</kw>
<kw name="Set Test Variable" library="BuiltIn">
<doc>Makes a variable available everywhere within the scope of the current test.</doc>
<arguments>
<arg>${ALL_DELETE_ATTEMPTS_FAILED_WITH_401}</arg>
</arguments>
<msg timestamp="20200427 13:08:55.385" level="INFO">${ALL_DELETE_ATTEMPTS_FAILED_WITH_401} = True</msg>
<status status="PASS" starttime="20200427 13:08:55.385" endtime="20200427 13:08:55.385"></status>
</kw>
<status status="PASS" starttime="20200427 13:08:54.109" endtime="20200427 13:08:55.386"></status>
</kw>
<kw name="Then All Delete Responses Must Have Status Code &quot;401-Unauthorized&quot;">
<kw name="Should Be True" library="BuiltIn">
<doc>Fails if the given condition is not true.</doc>
<arguments>
<arg>${ALL_DELETE_ATTEMPTS_FAILED_WITH_401}</arg>
</arguments>
<status status="PASS" starttime="20200427 13:08:55.386" endtime="20200427 13:08:55.386"></status>
</kw>
<status status="PASS" starttime="20200427 13:08:55.386" endtime="20200427 13:08:55.386"></status>
</kw>
<kw name="Test Teardown" type="teardown">
<kw name="&quot;Registered Postings&quot; Are Read">
<kw name="Make Get Request" library="NoPriviligeUser">
<assign>
<var>${GET_RESPONSE}</var>
</assign>
<msg timestamp="20200427 13:08:55.929" level="INFO">${GET_RESPONSE} = &lt;Response [200]&gt;</msg>
<status status="PASS" starttime="20200427 13:08:55.387" endtime="20200427 13:08:55.929"></status>
</kw>
<kw name="Should Be Equal As Integers" library="BuiltIn">
<doc>Fails if objects are unequal after converting them to integers.</doc>
<arguments>
<arg>${GET_RESPONSE.status_code}</arg>
<arg>200</arg>
</arguments>
<msg timestamp="20200427 13:08:55.930" level="INFO">Argument types are:
&lt;class 'int'&gt;
&lt;type 'unicode'&gt;</msg>
<status status="PASS" starttime="20200427 13:08:55.929" endtime="20200427 13:08:55.930"></status>
</kw>
<kw name="Set Variable" library="BuiltIn">
<doc>Returns the given values which can then be assigned to a variables.</doc>
<arguments>
<arg>${GET_RESPONSE.json()}</arg>
</arguments>
<assign>
<var>@{registered_postings}</var>
</assign>
<msg timestamp="20200427 13:08:55.931" level="INFO">@{registered_postings} = [ {'url': 'https://glacial-earth-31542.herokuapp.com/api/postings/1/', 'id': 1, 'user': 1, 'title': 'My First Posting', 'content': "My First Blog's content", 'timestamp': '2019-12-18T17:06:54.373451+0...</msg>
<status status="PASS" starttime="20200427 13:08:55.930" endtime="20200427 13:08:55.931"></status>
</kw>
<kw name="Set Suite Variable" library="BuiltIn">
<doc>Makes a variable available everywhere within the scope of the current suite.</doc>
<arguments>
<arg>@{REGISTERED_POSTINGS}</arg>
<arg>@{registered_postings}</arg>
</arguments>
<msg timestamp="20200427 13:08:55.931" level="INFO">@{REGISTERED_POSTINGS} = [ {'url': 'https://glacial-earth-31542.herokuapp.com/api/postings/1/', 'id': 1, 'user': 1, 'title': 'My First Posting', 'content': "My First Blog's content", 'timestamp': '2019-12-18T17:06:54.373451+0...</msg>
<status status="PASS" starttime="20200427 13:08:55.931" endtime="20200427 13:08:55.931"></status>
</kw>
<status status="PASS" starttime="20200427 13:08:55.387" endtime="20200427 13:08:55.931"></status>
</kw>
<kw name="Only &quot;Pre-Set Postings&quot; Are Left In The System">
<kw name="Should Be True" library="BuiltIn">
<doc>Fails if the given condition is not true.</doc>
<arguments>
<arg>$REGISTERED_POSTINGS == $PRE_SET_POSTINGS</arg>
</arguments>
<status status="PASS" starttime="20200427 13:08:55.932" endtime="20200427 13:08:55.933"></status>
</kw>
<status status="PASS" starttime="20200427 13:08:55.932" endtime="20200427 13:08:55.933"></status>
</kw>
<status status="PASS" starttime="20200427 13:08:55.386" endtime="20200427 13:08:55.933"></status>
</kw>
<tags>
<tag>CRUD-failure-as-NoPriviligeUser</tag>
<tag>CRUD-operations-as-NoPriviligeUser</tag>
</tags>
<status status="PASS" starttime="20200427 13:08:54.108" endtime="20200427 13:08:55.933" critical="yes"></status>
</test>
<test id="s1-s2-t6" name="Attempting To Read Postings with Invalid URI Fails">
<kw name="When Bad Read Request Is Made With Invalid URI">
<kw name="Make Bad Get Request" library="NoPriviligeUser">
<assign>
<var>${GET_RESPONSE}</var>
</assign>
<msg timestamp="20200427 13:08:56.600" level="INFO">${GET_RESPONSE} = &lt;Response [404]&gt;</msg>
<status status="PASS" starttime="20200427 13:08:55.934" endtime="20200427 13:08:56.600"></status>
</kw>
<kw name="Set Test Variable" library="BuiltIn">
<doc>Makes a variable available everywhere within the scope of the current test.</doc>
<arguments>
<arg>${GET_RESPONSE}</arg>
</arguments>
<msg timestamp="20200427 13:08:56.601" level="INFO">${GET_RESPONSE} = &lt;Response [404]&gt;</msg>
<status status="PASS" starttime="20200427 13:08:56.601" endtime="20200427 13:08:56.601"></status>
</kw>
<status status="PASS" starttime="20200427 13:08:55.934" endtime="20200427 13:08:56.601"></status>
</kw>
<kw name="Then Read Response Should Be &quot;404-Not Found&quot;">
<kw name="Should Be True" library="BuiltIn">
<doc>Fails if the given condition is not true.</doc>
<arguments>
<arg>$GET_RESPONSE.status_code == 404</arg>
</arguments>
<status status="PASS" starttime="20200427 13:08:56.602" endtime="20200427 13:08:56.603"></status>
</kw>
<status status="PASS" starttime="20200427 13:08:56.601" endtime="20200427 13:08:56.603"></status>
</kw>
<kw name="Test Teardown" type="teardown">
<kw name="&quot;Registered Postings&quot; Are Read">
<kw name="Make Get Request" library="NoPriviligeUser">
<assign>
<var>${GET_RESPONSE}</var>
</assign>
<msg timestamp="20200427 13:08:57.302" level="INFO">${GET_RESPONSE} = &lt;Response [200]&gt;</msg>
<status status="PASS" starttime="20200427 13:08:56.603" endtime="20200427 13:08:57.302"></status>
</kw>
<kw name="Should Be Equal As Integers" library="BuiltIn">
<doc>Fails if objects are unequal after converting them to integers.</doc>
<arguments>
<arg>${GET_RESPONSE.status_code}</arg>
<arg>200</arg>
</arguments>
<msg timestamp="20200427 13:08:57.303" level="INFO">Argument types are:
&lt;class 'int'&gt;
&lt;type 'unicode'&gt;</msg>
<status status="PASS" starttime="20200427 13:08:57.302" endtime="20200427 13:08:57.303"></status>
</kw>
<kw name="Set Variable" library="BuiltIn">
<doc>Returns the given values which can then be assigned to a variables.</doc>
<arguments>
<arg>${GET_RESPONSE.json()}</arg>
</arguments>
<assign>
<var>@{registered_postings}</var>
</assign>
<msg timestamp="20200427 13:08:57.303" level="INFO">@{registered_postings} = [ {'url': 'https://glacial-earth-31542.herokuapp.com/api/postings/1/', 'id': 1, 'user': 1, 'title': 'My First Posting', 'content': "My First Blog's content", 'timestamp': '2019-12-18T17:06:54.373451+0...</msg>
<status status="PASS" starttime="20200427 13:08:57.303" endtime="20200427 13:08:57.303"></status>
</kw>
<kw name="Set Suite Variable" library="BuiltIn">
<doc>Makes a variable available everywhere within the scope of the current suite.</doc>
<arguments>
<arg>@{REGISTERED_POSTINGS}</arg>
<arg>@{registered_postings}</arg>
</arguments>
<msg timestamp="20200427 13:08:57.304" level="INFO">@{REGISTERED_POSTINGS} = [ {'url': 'https://glacial-earth-31542.herokuapp.com/api/postings/1/', 'id': 1, 'user': 1, 'title': 'My First Posting', 'content': "My First Blog's content", 'timestamp': '2019-12-18T17:06:54.373451+0...</msg>
<status status="PASS" starttime="20200427 13:08:57.303" endtime="20200427 13:08:57.304"></status>
</kw>
<status status="PASS" starttime="20200427 13:08:56.603" endtime="20200427 13:08:57.304"></status>
</kw>
<kw name="Only &quot;Pre-Set Postings&quot; Are Left In The System">
<kw name="Should Be True" library="BuiltIn">
<doc>Fails if the given condition is not true.</doc>
<arguments>
<arg>$REGISTERED_POSTINGS == $PRE_SET_POSTINGS</arg>
</arguments>
<status status="PASS" starttime="20200427 13:08:57.305" endtime="20200427 13:08:57.305"></status>
</kw>
<status status="PASS" starttime="20200427 13:08:57.304" endtime="20200427 13:08:57.306"></status>
</kw>
<status status="PASS" starttime="20200427 13:08:56.603" endtime="20200427 13:08:57.306"></status>
</kw>
<tags>
<tag>CRUD-failure-as-NoPriviligeUser</tag>
<tag>CRUD-operations-as-NoPriviligeUser</tag>
</tags>
<status status="PASS" starttime="20200427 13:08:55.933" endtime="20200427 13:08:57.306" critical="yes"></status>
</test>
<doc>This test suite uses NoPriviligeUser's request headers to test BlogPostAPI.
For a NoPriviligeUser, BlogPostAPI provides GET methods
as well as OPTIONS method. Note that POST,PUT and DELETE methods are not supported.
Therefore, we can not make Create nor we cannot Delete as NoPriviligeUser.
In any way, to be %100 sure that sytem remains
intact, we use AdminUser's rights to Delete "Target Postings" in Test Teardown.
The URL of the API is:
https://glacial-earth-31542.herokuapp.com/api/postings/</doc>
<metadata>
<item name="OS">Linux</item>
<item name="Version">1.0</item>
</metadata>
<status status="PASS" starttime="20200427 13:08:43.856" endtime="20200427 13:08:57.307"></status>
</suite>
<status status="FAIL" starttime="20200427 13:07:01.030" endtime="20200427 13:08:57.311"></status>
</suite>
<statistics>
<total>
<stat pass="23" fail="4">Critical Tests</stat>
<stat pass="23" fail="4">All Tests</stat>
</total>
<tag>
<stat pass="1" fail="0">admin-doing-create-with-different-request-headers</stat>
<stat pass="0" fail="1">admin-doing-create-with_parameters</stat>
<stat pass="1" fail="0">admin-doing-delete-with-different-request-headers</stat>
<stat pass="1" fail="0">admin-doing-options-with-different-request-headers</stat>
<stat pass="1" fail="0">admin-doing-reads-with-different-request-headers</stat>
<stat pass="1" fail="0">admin-doing-update-with-different-request-headers</stat>
<stat pass="6" fail="2">CRUD-failure-as-admin</stat>
<stat pass="4" fail="0">CRUD-failure-as-NoPriviligeUser</stat>
<stat pass="11" fail="2">CRUD-operations-as-admin</stat>
<stat pass="4" fail="0">CRUD-operations-as-NoPriviligeUser</stat>
<stat pass="5" fail="0">CRUD-success-as-admin</stat>
<stat pass="0" fail="1">parameters-being-items-in-posting</stat>
<stat pass="1" fail="1">smoke-as-admin</stat>
<stat pass="2" fail="0">smoke-as-NoPriviligeUser</stat>
</tag>
<suite>
<stat pass="23" fail="4" id="s1" name="BlogPostApiTestsAsAdmin &amp; BlogPostApiTestsAsNoPriviligeUser">BlogPostApiTestsAsAdmin &amp; BlogPostApiTestsAsNoPriviligeUser</stat>
<stat pass="17" fail="4" id="s1-s1" name="BlogPostApiTestsAsAdmin">BlogPostApiTestsAsAdmin &amp; BlogPostApiTestsAsNoPriviligeUser.BlogPostApiTestsAsAdmin</stat>
<stat pass="6" fail="0" id="s1-s2" name="BlogPostApiTestsAsNoPriviligeUser">BlogPostApiTestsAsAdmin &amp; BlogPostApiTestsAsNoPriviligeUser.BlogPostApiTestsAsNoPriviligeUser</stat>
</suite>
</statistics>
<errors>
<msg timestamp="20200427 13:08:10.552" level="ERROR">Test failed: Requirement ({} with expected create response code: 400) but observed create response code: 201</msg>
<msg timestamp="20200427 13:08:10.553" level="ERROR">Test failed: Requirement ({'content': None} with expected create response code: 400) but observed create response code: 201</msg>
<msg timestamp="20200427 13:08:10.553" level="ERROR">Test failed: Requirement ({'title': 'Null content posting'} with expected create response code: 400) but observed create response code: 201</msg>
<msg timestamp="20200427 13:08:10.553" level="ERROR">Test failed: Requirement ({'content': 'Null title posting'} with expected create response code: 400) but observed create response code: 201</msg>
<msg timestamp="20200427 13:08:10.553" level="ERROR">Test failed: Requirement ({'title': 'None Content', 'content': None} with expected create response code: 400) but observed create response code: 201</msg>
<msg timestamp="20200427 13:08:10.553" level="ERROR">Test failed: Requirement ({'title': ''} with expected create response code: 400) but observed create response code: 201</msg>
<msg timestamp="20200427 13:08:10.554" level="ERROR">Test failed: Requirement ({'content': ''} with expected create response code: 400) but observed create response code: 201</msg>
<msg timestamp="20200427 13:08:10.554" level="ERROR">Test failed: Requirement ({'title': 'Some title', 'content': ''} with expected create response code: 400) but observed create response code: 201</msg>
<msg timestamp="20200427 13:08:10.554" level="ERROR">Test failed: Requirement ({'title': 1234, 'content': 3456} with expected create response code: 400) but observed create response code: 201</msg>
</errors>
</robot>
