<?xml version="1.0" encoding="UTF-8"?>
<robot generator="Robot 3.2.1 (Python 3.8.2 on linux)" generated="20200806 10:16:22.720" rpa="false">
<suite id="s1" name="BlogPostApiTestsAsAdmin" source="/home/hakan/Robot/python-requests-module-tests/Tests/BlogPostApiTestsAsAdmin.robot">
<kw name="Suite Setup" type="setup">
<kw name="Set Variable" library="BuiltIn">
<doc>Returns the given values which can then be assigned to a variables.</doc>
<arguments>
<arg>${ADMIN}[EXPECTED_API_SPEC][actions][POST]</arg>
</arguments>
<assign>
<var>${posting_spec}</var>
</assign>
<msg timestamp="20200806 10:16:23.779" level="INFO">${posting_spec} = {'url': {'type': 'field', 'required': False, 'read_only': True, 'label': 'Url'}, 'id': {'type': 'integer', 'required': False, 'read_only': True, 'label': 'ID'}, 'user': {'type': 'field', 'required': F...</msg>
<status status="PASS" starttime="20200806 10:16:23.778" endtime="20200806 10:16:23.779"></status>
</kw>
<kw name="Set Suite Variable" library="BuiltIn">
<doc>Makes a variable available everywhere within the scope of the current suite.</doc>
<arguments>
<arg>${POSTING_SPEC}</arg>
<arg>${posting_spec}</arg>
</arguments>
<msg timestamp="20200806 10:16:23.779" level="INFO">${POSTING_SPEC} = {'url': {'type': 'field', 'required': False, 'read_only': True, 'label': 'Url'}, 'id': {'type': 'integer', 'required': False, 'read_only': True, 'label': 'ID'}, 'user': {'type': 'field', 'required': F...</msg>
<status status="PASS" starttime="20200806 10:16:23.779" endtime="20200806 10:16:23.779"></status>
</kw>
<kw name="&quot;Pre-Set Postings&quot; Are Cached">
<kw name="&quot;Registered Postings&quot; Are Read">
<kw name="Make Get Request" library="AdminUser">
<assign>
<var>${GET_RESPONSE}</var>
</assign>
<msg timestamp="20200806 10:16:28.530" level="INFO">${GET_RESPONSE} = &lt;Response [200]&gt;</msg>
<status status="PASS" starttime="20200806 10:16:23.780" endtime="20200806 10:16:28.530"></status>
</kw>
<kw name="Should Be Equal As Integers" library="BuiltIn">
<doc>Fails if objects are unequal after converting them to integers.</doc>
<arguments>
<arg>${GET_RESPONSE.status_code}</arg>
<arg>200</arg>
</arguments>
<msg timestamp="20200806 10:16:28.531" level="INFO">Argument types are:
&lt;class 'int'&gt;
&lt;type 'unicode'&gt;</msg>
<status status="PASS" starttime="20200806 10:16:28.530" endtime="20200806 10:16:28.531"></status>
</kw>
<kw name="Set Variable" library="BuiltIn">
<doc>Returns the given values which can then be assigned to a variables.</doc>
<arguments>
<arg>${GET_RESPONSE.json()}</arg>
</arguments>
<assign>
<var>@{registered_postings}</var>
</assign>
<msg timestamp="20200806 10:16:28.531" level="INFO">@{registered_postings} = [ {'url': 'https://glacial-earth-31542.herokuapp.com/api/postings/1/', 'id': 1, 'user': 1, 'title': 'My First Posting', 'content': "My First Blog's content", 'timestamp': '2019-12-18T17:06:54.373451+0...</msg>
<status status="PASS" starttime="20200806 10:16:28.531" endtime="20200806 10:16:28.531"></status>
</kw>
<kw name="Set Suite Variable" library="BuiltIn">
<doc>Makes a variable available everywhere within the scope of the current suite.</doc>
<arguments>
<arg>@{REGISTERED_POSTINGS}</arg>
<arg>@{registered_postings}</arg>
</arguments>
<msg timestamp="20200806 10:16:28.532" level="INFO">@{REGISTERED_POSTINGS} = [ {'url': 'https://glacial-earth-31542.herokuapp.com/api/postings/1/', 'id': 1, 'user': 1, 'title': 'My First Posting', 'content': "My First Blog's content", 'timestamp': '2019-12-18T17:06:54.373451+0...</msg>
<status status="PASS" starttime="20200806 10:16:28.531" endtime="20200806 10:16:28.532"></status>
</kw>
<status status="PASS" starttime="20200806 10:16:23.779" endtime="20200806 10:16:28.532"></status>
</kw>
<kw name="Set Suite Variable" library="BuiltIn">
<doc>Makes a variable available everywhere within the scope of the current suite.</doc>
<arguments>
<arg>@{PRE_SET_POSTINGS}</arg>
<arg>@{REGISTERED_POSTINGS}</arg>
</arguments>
<msg timestamp="20200806 10:16:28.532" level="INFO">@{PRE_SET_POSTINGS} = [ {'url': 'https://glacial-earth-31542.herokuapp.com/api/postings/1/', 'id': 1, 'user': 1, 'title': 'My First Posting', 'content': "My First Blog's content", 'timestamp': '2019-12-18T17:06:54.373451+0...</msg>
<status status="PASS" starttime="20200806 10:16:28.532" endtime="20200806 10:16:28.532"></status>
</kw>
<status status="PASS" starttime="20200806 10:16:23.779" endtime="20200806 10:16:28.532"></status>
</kw>
<status status="PASS" starttime="20200806 10:16:23.777" endtime="20200806 10:16:28.533"></status>
</kw>
<test id="s1-t1" name="Checking BlogPostAPI specification">
<kw name="Test Setup" type="setup">
<kw name="Set Suite Variable" library="BuiltIn">
<doc>Makes a variable available everywhere within the scope of the current suite.</doc>
<arguments>
<arg>${RANDOM_TARGET_POSTING}</arg>
<arg>${None}</arg>
</arguments>
<msg timestamp="20200806 10:16:28.534" level="INFO">${RANDOM_TARGET_POSTING} = None</msg>
<status status="PASS" starttime="20200806 10:16:28.533" endtime="20200806 10:16:28.534"></status>
</kw>
<status status="PASS" starttime="20200806 10:16:28.533" endtime="20200806 10:16:28.534"></status>
</kw>
<kw name="When BlogPostAPI Specification Is Queried">
<kw name="Make Options Request" library="AdminUser">
<assign>
<var>${OPTIONS_RESPONSE}</var>
</assign>
<msg timestamp="20200806 10:16:28.677" level="INFO">${OPTIONS_RESPONSE} = &lt;Response [200]&gt;</msg>
<status status="PASS" starttime="20200806 10:16:28.534" endtime="20200806 10:16:28.677"></status>
</kw>
<kw name="Set Test Variable" library="BuiltIn">
<doc>Makes a variable available everywhere within the scope of the current test.</doc>
<arguments>
<arg>${OPTIONS_RESPONSE}</arg>
</arguments>
<msg timestamp="20200806 10:16:28.678" level="INFO">${OPTIONS_RESPONSE} = &lt;Response [200]&gt;</msg>
<status status="PASS" starttime="20200806 10:16:28.678" endtime="20200806 10:16:28.678"></status>
</kw>
<status status="PASS" starttime="20200806 10:16:28.534" endtime="20200806 10:16:28.678"></status>
</kw>
<kw name="Then BlogPostAPI Specification Is Correct">
<kw name="Verify Options Response" library="AdminUser">
<arguments>
<arg>options_response=${OPTIONS_RESPONSE}</arg>
</arguments>
<msg timestamp="20200806 10:16:28.679" level="FAIL">AssertionError</msg>
<status status="FAIL" starttime="20200806 10:16:28.679" endtime="20200806 10:16:28.679"></status>
</kw>
<status status="FAIL" starttime="20200806 10:16:28.678" endtime="20200806 10:16:28.679"></status>
</kw>
<kw name="Test Teardown" type="teardown">
<kw name="Delete Every Posting Except &quot;Pre-Set Postings&quot;">
<kw name="&quot;Registered Postings&quot; Are Read">
<kw name="Make Get Request" library="AdminUser">
<assign>
<var>${GET_RESPONSE}</var>
</assign>
<msg timestamp="20200806 10:16:28.821" level="INFO">${GET_RESPONSE} = &lt;Response [200]&gt;</msg>
<status status="PASS" starttime="20200806 10:16:28.680" endtime="20200806 10:16:28.821"></status>
</kw>
<kw name="Should Be Equal As Integers" library="BuiltIn">
<doc>Fails if objects are unequal after converting them to integers.</doc>
<arguments>
<arg>${GET_RESPONSE.status_code}</arg>
<arg>200</arg>
</arguments>
<msg timestamp="20200806 10:16:28.821" level="INFO">Argument types are:
&lt;class 'int'&gt;
&lt;type 'unicode'&gt;</msg>
<status status="PASS" starttime="20200806 10:16:28.821" endtime="20200806 10:16:28.822"></status>
</kw>
<kw name="Set Variable" library="BuiltIn">
<doc>Returns the given values which can then be assigned to a variables.</doc>
<arguments>
<arg>${GET_RESPONSE.json()}</arg>
</arguments>
<assign>
<var>@{registered_postings}</var>
</assign>
<msg timestamp="20200806 10:16:28.822" level="INFO">@{registered_postings} = [ {'url': 'https://glacial-earth-31542.herokuapp.com/api/postings/1/', 'id': 1, 'user': 1, 'title': 'My First Posting', 'content': "My First Blog's content", 'timestamp': '2019-12-18T17:06:54.373451+0...</msg>
<status status="PASS" starttime="20200806 10:16:28.822" endtime="20200806 10:16:28.822"></status>
</kw>
<kw name="Set Suite Variable" library="BuiltIn">
<doc>Makes a variable available everywhere within the scope of the current suite.</doc>
<arguments>
<arg>@{REGISTERED_POSTINGS}</arg>
<arg>@{registered_postings}</arg>
</arguments>
<msg timestamp="20200806 10:16:28.823" level="INFO">@{REGISTERED_POSTINGS} = [ {'url': 'https://glacial-earth-31542.herokuapp.com/api/postings/1/', 'id': 1, 'user': 1, 'title': 'My First Posting', 'content': "My First Blog's content", 'timestamp': '2019-12-18T17:06:54.373451+0...</msg>
<status status="PASS" starttime="20200806 10:16:28.822" endtime="20200806 10:16:28.823"></status>
</kw>
<status status="PASS" starttime="20200806 10:16:28.680" endtime="20200806 10:16:28.823"></status>
</kw>
<kw name="Delete Postings" library="Utilities">
<arguments>
<arg>candidate_postings_to_delete=${REGISTERED_POSTINGS}</arg>
<arg>postings_to_skip=${PRE_SET_POSTINGS}</arg>
</arguments>
<status status="PASS" starttime="20200806 10:16:28.823" endtime="20200806 10:16:28.823"></status>
</kw>
<status status="PASS" starttime="20200806 10:16:28.680" endtime="20200806 10:16:28.823"></status>
</kw>
<kw name="&quot;Registered Postings&quot; Are Read">
<kw name="Make Get Request" library="AdminUser">
<assign>
<var>${GET_RESPONSE}</var>
</assign>
<msg timestamp="20200806 10:16:28.968" level="INFO">${GET_RESPONSE} = &lt;Response [200]&gt;</msg>
<status status="PASS" starttime="20200806 10:16:28.824" endtime="20200806 10:16:28.968"></status>
</kw>
<kw name="Should Be Equal As Integers" library="BuiltIn">
<doc>Fails if objects are unequal after converting them to integers.</doc>
<arguments>
<arg>${GET_RESPONSE.status_code}</arg>
<arg>200</arg>
</arguments>
<msg timestamp="20200806 10:16:28.968" level="INFO">Argument types are:
&lt;class 'int'&gt;
&lt;type 'unicode'&gt;</msg>
<status status="PASS" starttime="20200806 10:16:28.968" endtime="20200806 10:16:28.968"></status>
</kw>
<kw name="Set Variable" library="BuiltIn">
<doc>Returns the given values which can then be assigned to a variables.</doc>
<arguments>
<arg>${GET_RESPONSE.json()}</arg>
</arguments>
<assign>
<var>@{registered_postings}</var>
</assign>
<msg timestamp="20200806 10:16:28.969" level="INFO">@{registered_postings} = [ {'url': 'https://glacial-earth-31542.herokuapp.com/api/postings/1/', 'id': 1, 'user': 1, 'title': 'My First Posting', 'content': "My First Blog's content", 'timestamp': '2019-12-18T17:06:54.373451+0...</msg>
<status status="PASS" starttime="20200806 10:16:28.968" endtime="20200806 10:16:28.969"></status>
</kw>
<kw name="Set Suite Variable" library="BuiltIn">
<doc>Makes a variable available everywhere within the scope of the current suite.</doc>
<arguments>
<arg>@{REGISTERED_POSTINGS}</arg>
<arg>@{registered_postings}</arg>
</arguments>
<msg timestamp="20200806 10:16:28.969" level="INFO">@{REGISTERED_POSTINGS} = [ {'url': 'https://glacial-earth-31542.herokuapp.com/api/postings/1/', 'id': 1, 'user': 1, 'title': 'My First Posting', 'content': "My First Blog's content", 'timestamp': '2019-12-18T17:06:54.373451+0...</msg>
<status status="PASS" starttime="20200806 10:16:28.969" endtime="20200806 10:16:28.969"></status>
</kw>
<status status="PASS" starttime="20200806 10:16:28.823" endtime="20200806 10:16:28.969"></status>
</kw>
<kw name="Only &quot;Pre-Set Postings&quot; Are Left In The System">
<kw name="Should Be True" library="BuiltIn">
<doc>Fails if the given condition is not true.</doc>
<arguments>
<arg>$REGISTERED_POSTINGS == $PRE_SET_POSTINGS</arg>
</arguments>
<status status="PASS" starttime="20200806 10:16:28.970" endtime="20200806 10:16:28.973"></status>
</kw>
<status status="PASS" starttime="20200806 10:16:28.969" endtime="20200806 10:16:28.973"></status>
</kw>
<kw name="Set Suite Variable" library="BuiltIn">
<doc>Makes a variable available everywhere within the scope of the current suite.</doc>
<arguments>
<arg>${RANDOM_TARGET_POSTING}</arg>
<arg>${None}</arg>
</arguments>
<msg timestamp="20200806 10:16:28.973" level="INFO">${RANDOM_TARGET_POSTING} = None</msg>
<status status="PASS" starttime="20200806 10:16:28.973" endtime="20200806 10:16:28.973"></status>
</kw>
<status status="PASS" starttime="20200806 10:16:28.680" endtime="20200806 10:16:28.974"></status>
</kw>
<tags>
<tag>BAT-as-admin</tag>
<tag>smoke-as-admin</tag>
</tags>
<status status="FAIL" starttime="20200806 10:16:28.533" endtime="20200806 10:16:28.974" critical="yes">AssertionError</status>
</test>
<doc>This test suite uses Admin request headers to test BlogPostAPI.
For an admin, BlogPostAPI provides GET, POST, PUT, DELETE methods
as well as OPTIONS method. The URL of the API is:
https://glacial-earth-31542.herokuapp.com/api/postings/</doc>
<metadata>
<item name="OS">Linux</item>
<item name="Version">1.0</item>
</metadata>
<status status="FAIL" starttime="20200806 10:16:22.721" endtime="20200806 10:16:28.974"></status>
</suite>
<statistics>
<total>
<stat pass="0" fail="1">Critical Tests</stat>
<stat pass="0" fail="1">All Tests</stat>
</total>
<tag>
<stat pass="0" fail="1">BAT-as-admin</stat>
<stat pass="0" fail="1">smoke-as-admin</stat>
</tag>
<suite>
<stat pass="0" fail="1" id="s1" name="BlogPostApiTestsAsAdmin">BlogPostApiTestsAsAdmin</stat>
</suite>
</statistics>
<errors>
</errors>
</robot>
