<?xml version="1.0" encoding="UTF-8"?>
<robot generator="Robot 3.1.2 (Python 3.7.4 on linux)" generated="20200426 11:13:02.899" rpa="false">
<suite id="s1" name="BlogPostApiTestsAsAdmin &amp; BlogPostApiTestsAsNoPriviligeUser">
<suite id="s1-s1" name="BlogPostApiTestsAsAdmin" source="/home/hakan/Python/Robot/python-requests-module-tests/Tests/BlogPostApiTestsAsAdmin.robot">
<kw name="Suite Setup" type="setup">
<kw name="Set Variable" library="BuiltIn">
<doc>Returns the given values which can then be assigned to a variables.</doc>
<arguments>
<arg>${ADMIN}[EXPECTED_API_SPEC][actions][POST]</arg>
</arguments>
<assign>
<var>${posting_spec}</var>
</assign>
<msg timestamp="20200426 11:13:04.484" level="INFO">${posting_spec} = {'url': {'type': 'field', 'required': False, 'read_only': True, 'label': 'Url'}, 'id': {'type': 'integer', 'required': False, 'read_only': True, 'label': 'ID'}, 'user': {'type': 'field', 'required': F...</msg>
<status status="PASS" starttime="20200426 11:13:04.483" endtime="20200426 11:13:04.484"></status>
</kw>
<kw name="Set Suite Variable" library="BuiltIn">
<doc>Makes a variable available everywhere within the scope of the current suite.</doc>
<arguments>
<arg>${POSTING_SPEC}</arg>
<arg>${posting_spec}</arg>
</arguments>
<msg timestamp="20200426 11:13:04.485" level="INFO">${POSTING_SPEC} = {'url': {'type': 'field', 'required': False, 'read_only': True, 'label': 'Url'}, 'id': {'type': 'integer', 'required': False, 'read_only': True, 'label': 'ID'}, 'user': {'type': 'field', 'required': F...</msg>
<status status="PASS" starttime="20200426 11:13:04.484" endtime="20200426 11:13:04.486"></status>
</kw>
<kw name="&quot;Pre-Set Postings&quot; Are Cached">
<kw name="&quot;Registered Postings&quot; Are Read">
<kw name="Make Get Request" library="AdminUser">
<assign>
<var>${GET_RESPONSE}</var>
</assign>
<msg timestamp="20200426 11:13:05.797" level="INFO">${GET_RESPONSE} = &lt;Response [200]&gt;</msg>
<status status="PASS" starttime="20200426 11:13:04.488" endtime="20200426 11:13:05.797"></status>
</kw>
<kw name="Should Be Equal As Integers" library="BuiltIn">
<doc>Fails if objects are unequal after converting them to integers.</doc>
<arguments>
<arg>${GET_RESPONSE.status_code}</arg>
<arg>200</arg>
</arguments>
<msg timestamp="20200426 11:13:05.798" level="INFO">Argument types are:
&lt;class 'int'&gt;
&lt;type 'unicode'&gt;</msg>
<status status="PASS" starttime="20200426 11:13:05.797" endtime="20200426 11:13:05.799"></status>
</kw>
<kw name="Set Variable" library="BuiltIn">
<doc>Returns the given values which can then be assigned to a variables.</doc>
<arguments>
<arg>${GET_RESPONSE.json()}</arg>
</arguments>
<assign>
<var>@{registered_postings}</var>
</assign>
<msg timestamp="20200426 11:13:05.800" level="INFO">@{registered_postings} = [ {'url': 'https://glacial-earth-31542.herokuapp.com/api/postings/1/', 'id': 1, 'user': 1, 'title': 'My First Posting', 'content': "My First Blog's content", 'timestamp': '2019-12-18T17:06:54.373451+0...</msg>
<status status="PASS" starttime="20200426 11:13:05.799" endtime="20200426 11:13:05.800"></status>
</kw>
<kw name="Set Suite Variable" library="BuiltIn">
<doc>Makes a variable available everywhere within the scope of the current suite.</doc>
<arguments>
<arg>@{REGISTERED_POSTINGS}</arg>
<arg>@{registered_postings}</arg>
</arguments>
<msg timestamp="20200426 11:13:05.802" level="INFO">@{REGISTERED_POSTINGS} = [ {'url': 'https://glacial-earth-31542.herokuapp.com/api/postings/1/', 'id': 1, 'user': 1, 'title': 'My First Posting', 'content': "My First Blog's content", 'timestamp': '2019-12-18T17:06:54.373451+0...</msg>
<status status="PASS" starttime="20200426 11:13:05.801" endtime="20200426 11:13:05.802"></status>
</kw>
<status status="PASS" starttime="20200426 11:13:04.487" endtime="20200426 11:13:05.802"></status>
</kw>
<kw name="Set Suite Variable" library="BuiltIn">
<doc>Makes a variable available everywhere within the scope of the current suite.</doc>
<arguments>
<arg>@{PRE_SET_POSTINGS}</arg>
<arg>@{REGISTERED_POSTINGS}</arg>
</arguments>
<msg timestamp="20200426 11:13:05.803" level="INFO">@{PRE_SET_POSTINGS} = [ {'url': 'https://glacial-earth-31542.herokuapp.com/api/postings/1/', 'id': 1, 'user': 1, 'title': 'My First Posting', 'content': "My First Blog's content", 'timestamp': '2019-12-18T17:06:54.373451+0...</msg>
<status status="PASS" starttime="20200426 11:13:05.803" endtime="20200426 11:13:05.804"></status>
</kw>
<status status="PASS" starttime="20200426 11:13:04.486" endtime="20200426 11:13:05.804"></status>
</kw>
<status status="PASS" starttime="20200426 11:13:04.482" endtime="20200426 11:13:05.804"></status>
</kw>
<test id="s1-s1-t1" name="Checking BlogPostAPI specification">
<kw name="Test Setup" type="setup">
<kw name="Set Suite Variable" library="BuiltIn">
<doc>Makes a variable available everywhere within the scope of the current suite.</doc>
<arguments>
<arg>${RANDOM_TARGET_POSTING}</arg>
<arg>${None}</arg>
</arguments>
<msg timestamp="20200426 11:13:05.807" level="INFO">${RANDOM_TARGET_POSTING} = None</msg>
<status status="PASS" starttime="20200426 11:13:05.806" endtime="20200426 11:13:05.807"></status>
</kw>
<status status="PASS" starttime="20200426 11:13:05.805" endtime="20200426 11:13:05.807"></status>
</kw>
<kw name="When BlogPostAPI Specification Is Queried">
<kw name="Make Options Request" library="AdminUser">
<assign>
<var>${OPTIONS_RESPONSE}</var>
</assign>
<msg timestamp="20200426 11:13:06.001" level="INFO">${OPTIONS_RESPONSE} = &lt;Response [200]&gt;</msg>
<status status="PASS" starttime="20200426 11:13:05.809" endtime="20200426 11:13:06.001"></status>
</kw>
<kw name="Set Test Variable" library="BuiltIn">
<doc>Makes a variable available everywhere within the scope of the current test.</doc>
<arguments>
<arg>${OPTIONS_RESPONSE}</arg>
</arguments>
<msg timestamp="20200426 11:13:06.002" level="INFO">${OPTIONS_RESPONSE} = &lt;Response [200]&gt;</msg>
<status status="PASS" starttime="20200426 11:13:06.001" endtime="20200426 11:13:06.002"></status>
</kw>
<status status="PASS" starttime="20200426 11:13:05.808" endtime="20200426 11:13:06.003"></status>
</kw>
<kw name="Then BlogPostAPI Specification Is Correct">
<kw name="Verify Options Response" library="AdminUser">
<arguments>
<arg>options_response=${OPTIONS_RESPONSE}</arg>
</arguments>
<status status="PASS" starttime="20200426 11:13:06.004" endtime="20200426 11:13:06.005"></status>
</kw>
<status status="PASS" starttime="20200426 11:13:06.003" endtime="20200426 11:13:06.005"></status>
</kw>
<kw name="Test Teardown" type="teardown">
<kw name="Delete Every Posting Except &quot;Pre-Set Postings&quot;">
<kw name="&quot;Registered Postings&quot; Are Read">
<kw name="Make Get Request" library="AdminUser">
<assign>
<var>${GET_RESPONSE}</var>
</assign>
<msg timestamp="20200426 11:13:06.207" level="INFO">${GET_RESPONSE} = &lt;Response [200]&gt;</msg>
<status status="PASS" starttime="20200426 11:13:06.010" endtime="20200426 11:13:06.207"></status>
</kw>
<kw name="Should Be Equal As Integers" library="BuiltIn">
<doc>Fails if objects are unequal after converting them to integers.</doc>
<arguments>
<arg>${GET_RESPONSE.status_code}</arg>
<arg>200</arg>
</arguments>
<msg timestamp="20200426 11:13:06.209" level="INFO">Argument types are:
&lt;class 'int'&gt;
&lt;type 'unicode'&gt;</msg>
<status status="PASS" starttime="20200426 11:13:06.208" endtime="20200426 11:13:06.209"></status>
</kw>
<kw name="Set Variable" library="BuiltIn">
<doc>Returns the given values which can then be assigned to a variables.</doc>
<arguments>
<arg>${GET_RESPONSE.json()}</arg>
</arguments>
<assign>
<var>@{registered_postings}</var>
</assign>
<msg timestamp="20200426 11:13:06.211" level="INFO">@{registered_postings} = [ {'url': 'https://glacial-earth-31542.herokuapp.com/api/postings/1/', 'id': 1, 'user': 1, 'title': 'My First Posting', 'content': "My First Blog's content", 'timestamp': '2019-12-18T17:06:54.373451+0...</msg>
<status status="PASS" starttime="20200426 11:13:06.209" endtime="20200426 11:13:06.211"></status>
</kw>
<kw name="Set Suite Variable" library="BuiltIn">
<doc>Makes a variable available everywhere within the scope of the current suite.</doc>
<arguments>
<arg>@{REGISTERED_POSTINGS}</arg>
<arg>@{registered_postings}</arg>
</arguments>
<msg timestamp="20200426 11:13:06.215" level="INFO">@{REGISTERED_POSTINGS} = [ {'url': 'https://glacial-earth-31542.herokuapp.com/api/postings/1/', 'id': 1, 'user': 1, 'title': 'My First Posting', 'content': "My First Blog's content", 'timestamp': '2019-12-18T17:06:54.373451+0...</msg>
<status status="PASS" starttime="20200426 11:13:06.211" endtime="20200426 11:13:06.215"></status>
</kw>
<status status="PASS" starttime="20200426 11:13:06.007" endtime="20200426 11:13:06.215"></status>
</kw>
<kw name="Delete Postings" library="Utilities">
<arguments>
<arg>candidate_postings_to_delete=${REGISTERED_POSTINGS}</arg>
<arg>postings_to_skip=${PRE_SET_POSTINGS}</arg>
</arguments>
<status status="PASS" starttime="20200426 11:13:06.215" endtime="20200426 11:13:06.216"></status>
</kw>
<status status="PASS" starttime="20200426 11:13:06.006" endtime="20200426 11:13:06.216"></status>
</kw>
<kw name="&quot;Registered Postings&quot; Are Read">
<kw name="Make Get Request" library="AdminUser">
<assign>
<var>${GET_RESPONSE}</var>
</assign>
<msg timestamp="20200426 11:13:06.411" level="INFO">${GET_RESPONSE} = &lt;Response [200]&gt;</msg>
<status status="PASS" starttime="20200426 11:13:06.217" endtime="20200426 11:13:06.412"></status>
</kw>
<kw name="Should Be Equal As Integers" library="BuiltIn">
<doc>Fails if objects are unequal after converting them to integers.</doc>
<arguments>
<arg>${GET_RESPONSE.status_code}</arg>
<arg>200</arg>
</arguments>
<msg timestamp="20200426 11:13:06.413" level="INFO">Argument types are:
&lt;class 'int'&gt;
&lt;type 'unicode'&gt;</msg>
<status status="PASS" starttime="20200426 11:13:06.412" endtime="20200426 11:13:06.413"></status>
</kw>
<kw name="Set Variable" library="BuiltIn">
<doc>Returns the given values which can then be assigned to a variables.</doc>
<arguments>
<arg>${GET_RESPONSE.json()}</arg>
</arguments>
<assign>
<var>@{registered_postings}</var>
</assign>
<msg timestamp="20200426 11:13:06.414" level="INFO">@{registered_postings} = [ {'url': 'https://glacial-earth-31542.herokuapp.com/api/postings/1/', 'id': 1, 'user': 1, 'title': 'My First Posting', 'content': "My First Blog's content", 'timestamp': '2019-12-18T17:06:54.373451+0...</msg>
<status status="PASS" starttime="20200426 11:13:06.413" endtime="20200426 11:13:06.414"></status>
</kw>
<kw name="Set Suite Variable" library="BuiltIn">
<doc>Makes a variable available everywhere within the scope of the current suite.</doc>
<arguments>
<arg>@{REGISTERED_POSTINGS}</arg>
<arg>@{registered_postings}</arg>
</arguments>
<msg timestamp="20200426 11:13:06.415" level="INFO">@{REGISTERED_POSTINGS} = [ {'url': 'https://glacial-earth-31542.herokuapp.com/api/postings/1/', 'id': 1, 'user': 1, 'title': 'My First Posting', 'content': "My First Blog's content", 'timestamp': '2019-12-18T17:06:54.373451+0...</msg>
<status status="PASS" starttime="20200426 11:13:06.414" endtime="20200426 11:13:06.415"></status>
</kw>
<status status="PASS" starttime="20200426 11:13:06.217" endtime="20200426 11:13:06.415"></status>
</kw>
<kw name="Only &quot;Pre-Set Postings&quot; Are Left In The System">
<kw name="Should Be True" library="BuiltIn">
<doc>Fails if the given condition is not true.</doc>
<arguments>
<arg>$REGISTERED_POSTINGS == $PRE_SET_POSTINGS</arg>
</arguments>
<status status="PASS" starttime="20200426 11:13:06.416" endtime="20200426 11:13:06.426"></status>
</kw>
<status status="PASS" starttime="20200426 11:13:06.416" endtime="20200426 11:13:06.426"></status>
</kw>
<kw name="Set Suite Variable" library="BuiltIn">
<doc>Makes a variable available everywhere within the scope of the current suite.</doc>
<arguments>
<arg>${RANDOM_TARGET_POSTING}</arg>
<arg>${None}</arg>
</arguments>
<msg timestamp="20200426 11:13:06.427" level="INFO">${RANDOM_TARGET_POSTING} = None</msg>
<status status="PASS" starttime="20200426 11:13:06.426" endtime="20200426 11:13:06.427"></status>
</kw>
<status status="PASS" starttime="20200426 11:13:06.006" endtime="20200426 11:13:06.427"></status>
</kw>
<tags>
<tag>smoke-as-admin</tag>
</tags>
<status status="PASS" starttime="20200426 11:13:05.804" endtime="20200426 11:13:06.428" critical="yes"></status>
</test>
<test id="s1-s1-t2" name="Querying &amp; Verifying Pre-Set Postings">
<kw name="Test Setup" type="setup">
<kw name="Set Suite Variable" library="BuiltIn">
<doc>Makes a variable available everywhere within the scope of the current suite.</doc>
<arguments>
<arg>${RANDOM_TARGET_POSTING}</arg>
<arg>${None}</arg>
</arguments>
<msg timestamp="20200426 11:13:06.430" level="INFO">${RANDOM_TARGET_POSTING} = None</msg>
<status status="PASS" starttime="20200426 11:13:06.430" endtime="20200426 11:13:06.431"></status>
</kw>
<status status="PASS" starttime="20200426 11:13:06.429" endtime="20200426 11:13:06.431"></status>
</kw>
<kw name="When &quot;Registered Postings&quot; Are Read">
<kw name="Make Get Request" library="AdminUser">
<assign>
<var>${GET_RESPONSE}</var>
</assign>
<msg timestamp="20200426 11:13:06.615" level="INFO">${GET_RESPONSE} = &lt;Response [200]&gt;</msg>
<status status="PASS" starttime="20200426 11:13:06.432" endtime="20200426 11:13:06.616"></status>
</kw>
<kw name="Should Be Equal As Integers" library="BuiltIn">
<doc>Fails if objects are unequal after converting them to integers.</doc>
<arguments>
<arg>${GET_RESPONSE.status_code}</arg>
<arg>200</arg>
</arguments>
<msg timestamp="20200426 11:13:06.616" level="INFO">Argument types are:
&lt;class 'int'&gt;
&lt;type 'unicode'&gt;</msg>
<status status="PASS" starttime="20200426 11:13:06.616" endtime="20200426 11:13:06.617"></status>
</kw>
<kw name="Set Variable" library="BuiltIn">
<doc>Returns the given values which can then be assigned to a variables.</doc>
<arguments>
<arg>${GET_RESPONSE.json()}</arg>
</arguments>
<assign>
<var>@{registered_postings}</var>
</assign>
<msg timestamp="20200426 11:13:06.618" level="INFO">@{registered_postings} = [ {'url': 'https://glacial-earth-31542.herokuapp.com/api/postings/1/', 'id': 1, 'user': 1, 'title': 'My First Posting', 'content': "My First Blog's content", 'timestamp': '2019-12-18T17:06:54.373451+0...</msg>
<status status="PASS" starttime="20200426 11:13:06.617" endtime="20200426 11:13:06.618"></status>
</kw>
<kw name="Set Suite Variable" library="BuiltIn">
<doc>Makes a variable available everywhere within the scope of the current suite.</doc>
<arguments>
<arg>@{REGISTERED_POSTINGS}</arg>
<arg>@{registered_postings}</arg>
</arguments>
<msg timestamp="20200426 11:13:06.619" level="INFO">@{REGISTERED_POSTINGS} = [ {'url': 'https://glacial-earth-31542.herokuapp.com/api/postings/1/', 'id': 1, 'user': 1, 'title': 'My First Posting', 'content': "My First Blog's content", 'timestamp': '2019-12-18T17:06:54.373451+0...</msg>
<status status="PASS" starttime="20200426 11:13:06.618" endtime="20200426 11:13:06.620"></status>
</kw>
<status status="PASS" starttime="20200426 11:13:06.431" endtime="20200426 11:13:06.620"></status>
</kw>
<kw name="Then &quot;Registered Postings&quot; Must Comply With &quot;Posting Spec&quot;" library="CommonResource">
<kw name="Verify All Postings" library="Utilities">
<doc>:param postings_to_verify: a list of postings, where each posting needs to be verified against posting_spec
:param posting_spec: a dict containing keys, which map to posting fields
:return: None</doc>
<arguments>
<arg>postings_to_verify=${REGISTERED_POSTINGS}</arg>
<arg>posting_spec=${POSTING_SPEC}</arg>
</arguments>
<status status="PASS" starttime="20200426 11:13:06.621" endtime="20200426 11:13:06.622"></status>
</kw>
<status status="PASS" starttime="20200426 11:13:06.621" endtime="20200426 11:13:06.622"></status>
</kw>
<kw name="Test Teardown" type="teardown">
<kw name="Delete Every Posting Except &quot;Pre-Set Postings&quot;">
<kw name="&quot;Registered Postings&quot; Are Read">
<kw name="Make Get Request" library="AdminUser">
<assign>
<var>${GET_RESPONSE}</var>
</assign>
<msg timestamp="20200426 11:13:06.772" level="INFO">${GET_RESPONSE} = &lt;Response [200]&gt;</msg>
<status status="PASS" starttime="20200426 11:13:06.624" endtime="20200426 11:13:06.772"></status>
</kw>
<kw name="Should Be Equal As Integers" library="BuiltIn">
<doc>Fails if objects are unequal after converting them to integers.</doc>
<arguments>
<arg>${GET_RESPONSE.status_code}</arg>
<arg>200</arg>
</arguments>
<msg timestamp="20200426 11:13:06.773" level="INFO">Argument types are:
&lt;class 'int'&gt;
&lt;type 'unicode'&gt;</msg>
<status status="PASS" starttime="20200426 11:13:06.772" endtime="20200426 11:13:06.773"></status>
</kw>
<kw name="Set Variable" library="BuiltIn">
<doc>Returns the given values which can then be assigned to a variables.</doc>
<arguments>
<arg>${GET_RESPONSE.json()}</arg>
</arguments>
<assign>
<var>@{registered_postings}</var>
</assign>
<msg timestamp="20200426 11:13:06.774" level="INFO">@{registered_postings} = [ {'url': 'https://glacial-earth-31542.herokuapp.com/api/postings/1/', 'id': 1, 'user': 1, 'title': 'My First Posting', 'content': "My First Blog's content", 'timestamp': '2019-12-18T17:06:54.373451+0...</msg>
<status status="PASS" starttime="20200426 11:13:06.774" endtime="20200426 11:13:06.774"></status>
</kw>
<kw name="Set Suite Variable" library="BuiltIn">
<doc>Makes a variable available everywhere within the scope of the current suite.</doc>
<arguments>
<arg>@{REGISTERED_POSTINGS}</arg>
<arg>@{registered_postings}</arg>
</arguments>
<msg timestamp="20200426 11:13:06.776" level="INFO">@{REGISTERED_POSTINGS} = [ {'url': 'https://glacial-earth-31542.herokuapp.com/api/postings/1/', 'id': 1, 'user': 1, 'title': 'My First Posting', 'content': "My First Blog's content", 'timestamp': '2019-12-18T17:06:54.373451+0...</msg>
<status status="PASS" starttime="20200426 11:13:06.775" endtime="20200426 11:13:06.776"></status>
</kw>
<status status="PASS" starttime="20200426 11:13:06.624" endtime="20200426 11:13:06.776"></status>
</kw>
<kw name="Delete Postings" library="Utilities">
<arguments>
<arg>candidate_postings_to_delete=${REGISTERED_POSTINGS}</arg>
<arg>postings_to_skip=${PRE_SET_POSTINGS}</arg>
</arguments>
<status status="PASS" starttime="20200426 11:13:06.777" endtime="20200426 11:13:06.777"></status>
</kw>
<status status="PASS" starttime="20200426 11:13:06.623" endtime="20200426 11:13:06.777"></status>
</kw>
<kw name="&quot;Registered Postings&quot; Are Read">
<kw name="Make Get Request" library="AdminUser">
<assign>
<var>${GET_RESPONSE}</var>
</assign>
<msg timestamp="20200426 11:13:07.025" level="INFO">${GET_RESPONSE} = &lt;Response [200]&gt;</msg>
<status status="PASS" starttime="20200426 11:13:06.778" endtime="20200426 11:13:07.025"></status>
</kw>
<kw name="Should Be Equal As Integers" library="BuiltIn">
<doc>Fails if objects are unequal after converting them to integers.</doc>
<arguments>
<arg>${GET_RESPONSE.status_code}</arg>
<arg>200</arg>
</arguments>
<msg timestamp="20200426 11:13:07.026" level="INFO">Argument types are:
&lt;class 'int'&gt;
&lt;type 'unicode'&gt;</msg>
<status status="PASS" starttime="20200426 11:13:07.026" endtime="20200426 11:13:07.026"></status>
</kw>
<kw name="Set Variable" library="BuiltIn">
<doc>Returns the given values which can then be assigned to a variables.</doc>
<arguments>
<arg>${GET_RESPONSE.json()}</arg>
</arguments>
<assign>
<var>@{registered_postings}</var>
</assign>
<msg timestamp="20200426 11:13:07.028" level="INFO">@{registered_postings} = [ {'url': 'https://glacial-earth-31542.herokuapp.com/api/postings/1/', 'id': 1, 'user': 1, 'title': 'My First Posting', 'content': "My First Blog's content", 'timestamp': '2019-12-18T17:06:54.373451+0...</msg>
<status status="PASS" starttime="20200426 11:13:07.027" endtime="20200426 11:13:07.029"></status>
</kw>
<kw name="Set Suite Variable" library="BuiltIn">
<doc>Makes a variable available everywhere within the scope of the current suite.</doc>
<arguments>
<arg>@{REGISTERED_POSTINGS}</arg>
<arg>@{registered_postings}</arg>
</arguments>
<msg timestamp="20200426 11:13:07.039" level="INFO">@{REGISTERED_POSTINGS} = [ {'url': 'https://glacial-earth-31542.herokuapp.com/api/postings/1/', 'id': 1, 'user': 1, 'title': 'My First Posting', 'content': "My First Blog's content", 'timestamp': '2019-12-18T17:06:54.373451+0...</msg>
<status status="PASS" starttime="20200426 11:13:07.029" endtime="20200426 11:13:07.039"></status>
</kw>
<status status="PASS" starttime="20200426 11:13:06.778" endtime="20200426 11:13:07.039"></status>
</kw>
<kw name="Only &quot;Pre-Set Postings&quot; Are Left In The System">
<kw name="Should Be True" library="BuiltIn">
<doc>Fails if the given condition is not true.</doc>
<arguments>
<arg>$REGISTERED_POSTINGS == $PRE_SET_POSTINGS</arg>
</arguments>
<status status="PASS" starttime="20200426 11:13:07.040" endtime="20200426 11:13:07.043"></status>
</kw>
<status status="PASS" starttime="20200426 11:13:07.039" endtime="20200426 11:13:07.043"></status>
</kw>
<kw name="Set Suite Variable" library="BuiltIn">
<doc>Makes a variable available everywhere within the scope of the current suite.</doc>
<arguments>
<arg>${RANDOM_TARGET_POSTING}</arg>
<arg>${None}</arg>
</arguments>
<msg timestamp="20200426 11:13:07.045" level="INFO">${RANDOM_TARGET_POSTING} = None</msg>
<status status="PASS" starttime="20200426 11:13:07.044" endtime="20200426 11:13:07.045"></status>
</kw>
<status status="PASS" starttime="20200426 11:13:06.623" endtime="20200426 11:13:07.046"></status>
</kw>
<tags>
<tag>smoke-as-admin</tag>
</tags>
<status status="PASS" starttime="20200426 11:13:06.428" endtime="20200426 11:13:07.046" critical="yes"></status>
</test>
<test id="s1-s1-t3" name="Creating &quot;Target Postings&quot;">
<kw name="Test Setup" type="setup">
<kw name="Set Suite Variable" library="BuiltIn">
<doc>Makes a variable available everywhere within the scope of the current suite.</doc>
<arguments>
<arg>${RANDOM_TARGET_POSTING}</arg>
<arg>${None}</arg>
</arguments>
<msg timestamp="20200426 11:13:07.049" level="INFO">${RANDOM_TARGET_POSTING} = None</msg>
<status status="PASS" starttime="20200426 11:13:07.048" endtime="20200426 11:13:07.049"></status>
</kw>
<status status="PASS" starttime="20200426 11:13:07.048" endtime="20200426 11:13:07.049"></status>
</kw>
<kw name="Given &quot;Target Postings&quot; Must Not Be Registered In The System">
<kw name="&quot;Registered Postings&quot; Are Read">
<kw name="Make Get Request" library="AdminUser">
<assign>
<var>${GET_RESPONSE}</var>
</assign>
<msg timestamp="20200426 11:13:07.230" level="INFO">${GET_RESPONSE} = &lt;Response [200]&gt;</msg>
<status status="PASS" starttime="20200426 11:13:07.050" endtime="20200426 11:13:07.230"></status>
</kw>
<kw name="Should Be Equal As Integers" library="BuiltIn">
<doc>Fails if objects are unequal after converting them to integers.</doc>
<arguments>
<arg>${GET_RESPONSE.status_code}</arg>
<arg>200</arg>
</arguments>
<msg timestamp="20200426 11:13:07.232" level="INFO">Argument types are:
&lt;class 'int'&gt;
&lt;type 'unicode'&gt;</msg>
<status status="PASS" starttime="20200426 11:13:07.231" endtime="20200426 11:13:07.232"></status>
</kw>
<kw name="Set Variable" library="BuiltIn">
<doc>Returns the given values which can then be assigned to a variables.</doc>
<arguments>
<arg>${GET_RESPONSE.json()}</arg>
</arguments>
<assign>
<var>@{registered_postings}</var>
</assign>
<msg timestamp="20200426 11:13:07.233" level="INFO">@{registered_postings} = [ {'url': 'https://glacial-earth-31542.herokuapp.com/api/postings/1/', 'id': 1, 'user': 1, 'title': 'My First Posting', 'content': "My First Blog's content", 'timestamp': '2019-12-18T17:06:54.373451+0...</msg>
<status status="PASS" starttime="20200426 11:13:07.232" endtime="20200426 11:13:07.233"></status>
</kw>
<kw name="Set Suite Variable" library="BuiltIn">
<doc>Makes a variable available everywhere within the scope of the current suite.</doc>
<arguments>
<arg>@{REGISTERED_POSTINGS}</arg>
<arg>@{registered_postings}</arg>
</arguments>
<msg timestamp="20200426 11:13:07.234" level="INFO">@{REGISTERED_POSTINGS} = [ {'url': 'https://glacial-earth-31542.herokuapp.com/api/postings/1/', 'id': 1, 'user': 1, 'title': 'My First Posting', 'content': "My First Blog's content", 'timestamp': '2019-12-18T17:06:54.373451+0...</msg>
<status status="PASS" starttime="20200426 11:13:07.233" endtime="20200426 11:13:07.234"></status>
</kw>
<status status="PASS" starttime="20200426 11:13:07.050" endtime="20200426 11:13:07.234"></status>
</kw>
<kw name="Is None Found" library="Utilities">
<arguments>
<arg>subset=${INCOMPLETE_TARGET_POSTINGS}</arg>
<arg>superset=${REGISTERED_POSTINGS}</arg>
</arguments>
<assign>
<var>${none_of_target_postings_found}</var>
</assign>
<msg timestamp="20200426 11:13:07.236" level="INFO">${none_of_target_postings_found} = True</msg>
<status status="PASS" starttime="20200426 11:13:07.235" endtime="20200426 11:13:07.236"></status>
</kw>
<kw name="Should Be True" library="BuiltIn">
<doc>Fails if the given condition is not true.</doc>
<arguments>
<arg>${none_of_target_postings_found}</arg>
</arguments>
<status status="PASS" starttime="20200426 11:13:07.236" endtime="20200426 11:13:07.237"></status>
</kw>
<status status="PASS" starttime="20200426 11:13:07.049" endtime="20200426 11:13:07.237"></status>
</kw>
<kw name="When &quot;Target Postings&quot; Are Created">
<kw name="${p} IN [ @{INCOMPLETE_TARGET_POSTINGS} ]" type="for">
<kw name="${p} = {'title': 'Posting 1', 'content': 'Posting 1 content'}" type="foritem">
<kw name="Create Posting">
<arguments>
<arg>posting=${p}</arg>
</arguments>
<kw name="Make Post Request" library="AdminUser">
<arguments>
<arg>posting=${posting}</arg>
<arg>payload_encoding=${payload_encoding}</arg>
<arg>content_type_header=${content_type_header}</arg>
</arguments>
<assign>
<var>${POST_RESPONSE}</var>
</assign>
<msg timestamp="20200426 11:13:07.640" level="INFO">${POST_RESPONSE} = &lt;Response [201]&gt;</msg>
<status status="PASS" starttime="20200426 11:13:07.240" endtime="20200426 11:13:07.640"></status>
</kw>
<kw name="Set Test Variable" library="BuiltIn">
<doc>Makes a variable available everywhere within the scope of the current test.</doc>
<arguments>
<arg>${POST_RESPONSE}</arg>
</arguments>
<msg timestamp="20200426 11:13:07.641" level="INFO">${POST_RESPONSE} = &lt;Response [201]&gt;</msg>
<status status="PASS" starttime="20200426 11:13:07.641" endtime="20200426 11:13:07.641"></status>
</kw>
<status status="PASS" starttime="20200426 11:13:07.239" endtime="20200426 11:13:07.642"></status>
</kw>
<kw name="Verify Post Response Success Code">
<kw name="Should Be Equal As Integers" library="BuiltIn">
<doc>Fails if objects are unequal after converting them to integers.</doc>
<arguments>
<arg>${POST_RESPONSE.status_code}</arg>
<arg>201</arg>
</arguments>
<msg timestamp="20200426 11:13:07.643" level="INFO">Argument types are:
&lt;class 'int'&gt;
&lt;type 'unicode'&gt;</msg>
<status status="PASS" starttime="20200426 11:13:07.642" endtime="20200426 11:13:07.644"></status>
</kw>
<status status="PASS" starttime="20200426 11:13:07.642" endtime="20200426 11:13:07.644"></status>
</kw>
<status status="PASS" starttime="20200426 11:13:07.239" endtime="20200426 11:13:07.644"></status>
</kw>
<kw name="${p} = {'title': 'Posting 2', 'content': 'Posting 2 content'}" type="foritem">
<kw name="Create Posting">
<arguments>
<arg>posting=${p}</arg>
</arguments>
<kw name="Make Post Request" library="AdminUser">
<arguments>
<arg>posting=${posting}</arg>
<arg>payload_encoding=${payload_encoding}</arg>
<arg>content_type_header=${content_type_header}</arg>
</arguments>
<assign>
<var>${POST_RESPONSE}</var>
</assign>
<msg timestamp="20200426 11:13:08.004" level="INFO">${POST_RESPONSE} = &lt;Response [201]&gt;</msg>
<status status="PASS" starttime="20200426 11:13:07.646" endtime="20200426 11:13:08.004"></status>
</kw>
<kw name="Set Test Variable" library="BuiltIn">
<doc>Makes a variable available everywhere within the scope of the current test.</doc>
<arguments>
<arg>${POST_RESPONSE}</arg>
</arguments>
<msg timestamp="20200426 11:13:08.005" level="INFO">${POST_RESPONSE} = &lt;Response [201]&gt;</msg>
<status status="PASS" starttime="20200426 11:13:08.004" endtime="20200426 11:13:08.005"></status>
</kw>
<status status="PASS" starttime="20200426 11:13:07.645" endtime="20200426 11:13:08.005"></status>
</kw>
<kw name="Verify Post Response Success Code">
<kw name="Should Be Equal As Integers" library="BuiltIn">
<doc>Fails if objects are unequal after converting them to integers.</doc>
<arguments>
<arg>${POST_RESPONSE.status_code}</arg>
<arg>201</arg>
</arguments>
<msg timestamp="20200426 11:13:08.007" level="INFO">Argument types are:
&lt;class 'int'&gt;
&lt;type 'unicode'&gt;</msg>
<status status="PASS" starttime="20200426 11:13:08.006" endtime="20200426 11:13:08.007"></status>
</kw>
<status status="PASS" starttime="20200426 11:13:08.005" endtime="20200426 11:13:08.007"></status>
</kw>
<status status="PASS" starttime="20200426 11:13:07.644" endtime="20200426 11:13:08.007"></status>
</kw>
<kw name="${p} = {'title': 'Posting 3', 'content': 'Posting 3 content'}" type="foritem">
<kw name="Create Posting">
<arguments>
<arg>posting=${p}</arg>
</arguments>
<kw name="Make Post Request" library="AdminUser">
<arguments>
<arg>posting=${posting}</arg>
<arg>payload_encoding=${payload_encoding}</arg>
<arg>content_type_header=${content_type_header}</arg>
</arguments>
<assign>
<var>${POST_RESPONSE}</var>
</assign>
<msg timestamp="20200426 11:13:08.356" level="INFO">${POST_RESPONSE} = &lt;Response [201]&gt;</msg>
<status status="PASS" starttime="20200426 11:13:08.009" endtime="20200426 11:13:08.357"></status>
</kw>
<kw name="Set Test Variable" library="BuiltIn">
<doc>Makes a variable available everywhere within the scope of the current test.</doc>
<arguments>
<arg>${POST_RESPONSE}</arg>
</arguments>
<msg timestamp="20200426 11:13:08.358" level="INFO">${POST_RESPONSE} = &lt;Response [201]&gt;</msg>
<status status="PASS" starttime="20200426 11:13:08.357" endtime="20200426 11:13:08.358"></status>
</kw>
<status status="PASS" starttime="20200426 11:13:08.008" endtime="20200426 11:13:08.358"></status>
</kw>
<kw name="Verify Post Response Success Code">
<kw name="Should Be Equal As Integers" library="BuiltIn">
<doc>Fails if objects are unequal after converting them to integers.</doc>
<arguments>
<arg>${POST_RESPONSE.status_code}</arg>
<arg>201</arg>
</arguments>
<msg timestamp="20200426 11:13:08.360" level="INFO">Argument types are:
&lt;class 'int'&gt;
&lt;type 'unicode'&gt;</msg>
<status status="PASS" starttime="20200426 11:13:08.360" endtime="20200426 11:13:08.361"></status>
</kw>
<status status="PASS" starttime="20200426 11:13:08.359" endtime="20200426 11:13:08.361"></status>
</kw>
<status status="PASS" starttime="20200426 11:13:08.008" endtime="20200426 11:13:08.361"></status>
</kw>
<status status="PASS" starttime="20200426 11:13:07.239" endtime="20200426 11:13:08.361"></status>
</kw>
<status status="PASS" starttime="20200426 11:13:07.238" endtime="20200426 11:13:08.362"></status>
</kw>
<kw name="Then &quot;Registered Postings&quot; Are Read">
<kw name="Make Get Request" library="AdminUser">
<assign>
<var>${GET_RESPONSE}</var>
</assign>
<msg timestamp="20200426 11:13:08.561" level="INFO">${GET_RESPONSE} = &lt;Response [200]&gt;</msg>
<status status="PASS" starttime="20200426 11:13:08.363" endtime="20200426 11:13:08.561"></status>
</kw>
<kw name="Should Be Equal As Integers" library="BuiltIn">
<doc>Fails if objects are unequal after converting them to integers.</doc>
<arguments>
<arg>${GET_RESPONSE.status_code}</arg>
<arg>200</arg>
</arguments>
<msg timestamp="20200426 11:13:08.563" level="INFO">Argument types are:
&lt;class 'int'&gt;
&lt;type 'unicode'&gt;</msg>
<status status="PASS" starttime="20200426 11:13:08.562" endtime="20200426 11:13:08.563"></status>
</kw>
<kw name="Set Variable" library="BuiltIn">
<doc>Returns the given values which can then be assigned to a variables.</doc>
<arguments>
<arg>${GET_RESPONSE.json()}</arg>
</arguments>
<assign>
<var>@{registered_postings}</var>
</assign>
<msg timestamp="20200426 11:13:08.564" level="INFO">@{registered_postings} = [ {'url': 'https://glacial-earth-31542.herokuapp.com/api/postings/4878/', 'id': 4878, 'user': 1, 'title': 'Posting 1', 'content': 'Posting 1 content', 'timestamp': '2020-04-26T11:13:07.548113+03:00'} ...</msg>
<status status="PASS" starttime="20200426 11:13:08.563" endtime="20200426 11:13:08.564"></status>
</kw>
<kw name="Set Suite Variable" library="BuiltIn">
<doc>Makes a variable available everywhere within the scope of the current suite.</doc>
<arguments>
<arg>@{REGISTERED_POSTINGS}</arg>
<arg>@{registered_postings}</arg>
</arguments>
<msg timestamp="20200426 11:13:08.566" level="INFO">@{REGISTERED_POSTINGS} = [ {'url': 'https://glacial-earth-31542.herokuapp.com/api/postings/4878/', 'id': 4878, 'user': 1, 'title': 'Posting 1', 'content': 'Posting 1 content', 'timestamp': '2020-04-26T11:13:07.548113+03:00'} ...</msg>
<status status="PASS" starttime="20200426 11:13:08.565" endtime="20200426 11:13:08.566"></status>
</kw>
<status status="PASS" starttime="20200426 11:13:08.362" endtime="20200426 11:13:08.566"></status>
</kw>
<kw name="Then &quot;Registered Postings&quot; Must Comply With &quot;Posting Spec&quot;" library="CommonResource">
<kw name="Verify All Postings" library="Utilities">
<doc>:param postings_to_verify: a list of postings, where each posting needs to be verified against posting_spec
:param posting_spec: a dict containing keys, which map to posting fields
:return: None</doc>
<arguments>
<arg>postings_to_verify=${REGISTERED_POSTINGS}</arg>
<arg>posting_spec=${POSTING_SPEC}</arg>
</arguments>
<status status="PASS" starttime="20200426 11:13:08.568" endtime="20200426 11:13:08.569"></status>
</kw>
<status status="PASS" starttime="20200426 11:13:08.567" endtime="20200426 11:13:08.569"></status>
</kw>
<kw name="Then &quot;Target Postings&quot; Are Read" library="CommonResource">
<kw name="&quot;Registered Postings&quot; Are Read">
<kw name="Make Get Request" library="AdminUser">
<assign>
<var>${GET_RESPONSE}</var>
</assign>
<msg timestamp="20200426 11:13:08.765" level="INFO">${GET_RESPONSE} = &lt;Response [200]&gt;</msg>
<status status="PASS" starttime="20200426 11:13:08.571" endtime="20200426 11:13:08.765"></status>
</kw>
<kw name="Should Be Equal As Integers" library="BuiltIn">
<doc>Fails if objects are unequal after converting them to integers.</doc>
<arguments>
<arg>${GET_RESPONSE.status_code}</arg>
<arg>200</arg>
</arguments>
<msg timestamp="20200426 11:13:08.766" level="INFO">Argument types are:
&lt;class 'int'&gt;
&lt;type 'unicode'&gt;</msg>
<status status="PASS" starttime="20200426 11:13:08.766" endtime="20200426 11:13:08.767"></status>
</kw>
<kw name="Set Variable" library="BuiltIn">
<doc>Returns the given values which can then be assigned to a variables.</doc>
<arguments>
<arg>${GET_RESPONSE.json()}</arg>
</arguments>
<assign>
<var>@{registered_postings}</var>
</assign>
<msg timestamp="20200426 11:13:08.768" level="INFO">@{registered_postings} = [ {'url': 'https://glacial-earth-31542.herokuapp.com/api/postings/4878/', 'id': 4878, 'user': 1, 'title': 'Posting 1', 'content': 'Posting 1 content', 'timestamp': '2020-04-26T11:13:07.548113+03:00'} ...</msg>
<status status="PASS" starttime="20200426 11:13:08.767" endtime="20200426 11:13:08.768"></status>
</kw>
<kw name="Set Suite Variable" library="BuiltIn">
<doc>Makes a variable available everywhere within the scope of the current suite.</doc>
<arguments>
<arg>@{REGISTERED_POSTINGS}</arg>
<arg>@{registered_postings}</arg>
</arguments>
<msg timestamp="20200426 11:13:08.769" level="INFO">@{REGISTERED_POSTINGS} = [ {'url': 'https://glacial-earth-31542.herokuapp.com/api/postings/4878/', 'id': 4878, 'user': 1, 'title': 'Posting 1', 'content': 'Posting 1 content', 'timestamp': '2020-04-26T11:13:07.548113+03:00'} ...</msg>
<status status="PASS" starttime="20200426 11:13:08.768" endtime="20200426 11:13:08.769"></status>
</kw>
<status status="PASS" starttime="20200426 11:13:08.570" endtime="20200426 11:13:08.769"></status>
</kw>
<kw name="Get Subset" library="Utilities">
<arguments>
<arg>subset=${INCOMPLETE_TARGET_POSTINGS}</arg>
<arg>superset=${REGISTERED_POSTINGS}</arg>
</arguments>
<assign>
<var>@{target_postings}</var>
</assign>
<msg timestamp="20200426 11:13:08.770" level="INFO">@{target_postings} = [ {'url': 'https://glacial-earth-31542.herokuapp.com/api/postings/4878/', 'id': 4878, 'user': 1, 'title': 'Posting 1', 'content': 'Posting 1 content', 'timestamp': '2020-04-26T11:13:07.548113+03:00'} ...</msg>
<status status="PASS" starttime="20200426 11:13:08.770" endtime="20200426 11:13:08.770"></status>
</kw>
<kw name="Set Suite Variable" library="BuiltIn">
<doc>Makes a variable available everywhere within the scope of the current suite.</doc>
<arguments>
<arg>@{TARGET_POSTINGS}</arg>
<arg>@{target_postings}</arg>
</arguments>
<msg timestamp="20200426 11:13:08.771" level="INFO">@{TARGET_POSTINGS} = [ {'url': 'https://glacial-earth-31542.herokuapp.com/api/postings/4878/', 'id': 4878, 'user': 1, 'title': 'Posting 1', 'content': 'Posting 1 content', 'timestamp': '2020-04-26T11:13:07.548113+03:00'} ...</msg>
<status status="PASS" starttime="20200426 11:13:08.770" endtime="20200426 11:13:08.771"></status>
</kw>
<status status="PASS" starttime="20200426 11:13:08.569" endtime="20200426 11:13:08.771"></status>
</kw>
<kw name="Then &quot;Target Postings&quot; Must Be Registered In The System" library="CommonResource">
<kw name="&quot;Target Postings&quot; List Is Not Empty">
<kw name="Evaluate" library="BuiltIn">
<doc>Evaluates the given expression in Python and returns the results.</doc>
<arguments>
<arg>len($TARGET_POSTINGS) == 0</arg>
</arguments>
<assign>
<var>${is_empty}</var>
</assign>
<msg timestamp="20200426 11:13:08.776" level="INFO">${is_empty} = False</msg>
<status status="PASS" starttime="20200426 11:13:08.773" endtime="20200426 11:13:08.776"></status>
</kw>
<kw name="Should Not Be True" library="BuiltIn">
<doc>Fails if the given condition is true.</doc>
<arguments>
<arg>${is_empty}</arg>
</arguments>
<status status="PASS" starttime="20200426 11:13:08.776" endtime="20200426 11:13:08.776"></status>
</kw>
<status status="PASS" starttime="20200426 11:13:08.772" endtime="20200426 11:13:08.777"></status>
</kw>
<kw name="Is Subset" library="Utilities">
<arguments>
<arg>subset=${TARGET_POSTINGS}</arg>
<arg>superset=${INCOMPLETE_TARGET_POSTINGS}</arg>
</arguments>
<assign>
<var>${is_subset}</var>
</assign>
<msg timestamp="20200426 11:13:08.778" level="INFO">${is_subset} = True</msg>
<status status="PASS" starttime="20200426 11:13:08.777" endtime="20200426 11:13:08.778"></status>
</kw>
<kw name="Should Be True" library="BuiltIn">
<doc>Fails if the given condition is not true.</doc>
<arguments>
<arg>${is_subset}</arg>
</arguments>
<status status="PASS" starttime="20200426 11:13:08.778" endtime="20200426 11:13:08.779"></status>
</kw>
<status status="PASS" starttime="20200426 11:13:08.772" endtime="20200426 11:13:08.779"></status>
</kw>
<kw name="Test Teardown" type="teardown">
<kw name="Delete Every Posting Except &quot;Pre-Set Postings&quot;">
<kw name="&quot;Registered Postings&quot; Are Read">
<kw name="Make Get Request" library="AdminUser">
<assign>
<var>${GET_RESPONSE}</var>
</assign>
<msg timestamp="20200426 11:13:08.976" level="INFO">${GET_RESPONSE} = &lt;Response [200]&gt;</msg>
<status status="PASS" starttime="20200426 11:13:08.781" endtime="20200426 11:13:08.976"></status>
</kw>
<kw name="Should Be Equal As Integers" library="BuiltIn">
<doc>Fails if objects are unequal after converting them to integers.</doc>
<arguments>
<arg>${GET_RESPONSE.status_code}</arg>
<arg>200</arg>
</arguments>
<msg timestamp="20200426 11:13:08.977" level="INFO">Argument types are:
&lt;class 'int'&gt;
&lt;type 'unicode'&gt;</msg>
<status status="PASS" starttime="20200426 11:13:08.976" endtime="20200426 11:13:08.977"></status>
</kw>
<kw name="Set Variable" library="BuiltIn">
<doc>Returns the given values which can then be assigned to a variables.</doc>
<arguments>
<arg>${GET_RESPONSE.json()}</arg>
</arguments>
<assign>
<var>@{registered_postings}</var>
</assign>
<msg timestamp="20200426 11:13:08.977" level="INFO">@{registered_postings} = [ {'url': 'https://glacial-earth-31542.herokuapp.com/api/postings/4878/', 'id': 4878, 'user': 1, 'title': 'Posting 1', 'content': 'Posting 1 content', 'timestamp': '2020-04-26T11:13:07.548113+03:00'} ...</msg>
<status status="PASS" starttime="20200426 11:13:08.977" endtime="20200426 11:13:08.978"></status>
</kw>
<kw name="Set Suite Variable" library="BuiltIn">
<doc>Makes a variable available everywhere within the scope of the current suite.</doc>
<arguments>
<arg>@{REGISTERED_POSTINGS}</arg>
<arg>@{registered_postings}</arg>
</arguments>
<msg timestamp="20200426 11:13:08.978" level="INFO">@{REGISTERED_POSTINGS} = [ {'url': 'https://glacial-earth-31542.herokuapp.com/api/postings/4878/', 'id': 4878, 'user': 1, 'title': 'Posting 1', 'content': 'Posting 1 content', 'timestamp': '2020-04-26T11:13:07.548113+03:00'} ...</msg>
<status status="PASS" starttime="20200426 11:13:08.978" endtime="20200426 11:13:08.979"></status>
</kw>
<status status="PASS" starttime="20200426 11:13:08.781" endtime="20200426 11:13:08.979"></status>
</kw>
<kw name="Delete Postings" library="Utilities">
<arguments>
<arg>candidate_postings_to_delete=${REGISTERED_POSTINGS}</arg>
<arg>postings_to_skip=${PRE_SET_POSTINGS}</arg>
</arguments>
<kw name="Make Delete Request" library="AdminUser">
<arguments>
<arg>{'url': 'https://glacial-earth-31542.herokuapp.com/api/postings/4878/', 'id': 4878, 'user': 1, 'title': 'Posting 1', 'content': 'Posting 1 content', 'timestamp': '2020-04-26T11:13:07.548113+03:00'}</arg>
</arguments>
<status status="PASS" starttime="20200426 11:13:08.980" endtime="20200426 11:13:09.381"></status>
</kw>
<kw name="Make Delete Request" library="AdminUser">
<arguments>
<arg>{'url': 'https://glacial-earth-31542.herokuapp.com/api/postings/4879/', 'id': 4879, 'user': 1, 'title': 'Posting 2', 'content': 'Posting 2 content', 'timestamp': '2020-04-26T11:13:07.944776+03:00'}</arg>
</arguments>
<status status="PASS" starttime="20200426 11:13:09.382" endtime="20200426 11:13:09.832"></status>
</kw>
<kw name="Make Delete Request" library="AdminUser">
<arguments>
<arg>{'url': 'https://glacial-earth-31542.herokuapp.com/api/postings/4880/', 'id': 4880, 'user': 1, 'title': 'Posting 3', 'content': 'Posting 3 content', 'timestamp': '2020-04-26T11:13:08.296525+03:00'}</arg>
</arguments>
<status status="PASS" starttime="20200426 11:13:09.833" endtime="20200426 11:13:10.359"></status>
</kw>
<status status="PASS" starttime="20200426 11:13:08.979" endtime="20200426 11:13:10.359"></status>
</kw>
<status status="PASS" starttime="20200426 11:13:08.780" endtime="20200426 11:13:10.360"></status>
</kw>
<kw name="&quot;Registered Postings&quot; Are Read">
<kw name="Make Get Request" library="AdminUser">
<assign>
<var>${GET_RESPONSE}</var>
</assign>
<msg timestamp="20200426 11:13:10.722" level="INFO">${GET_RESPONSE} = &lt;Response [200]&gt;</msg>
<status status="PASS" starttime="20200426 11:13:10.361" endtime="20200426 11:13:10.722"></status>
</kw>
<kw name="Should Be Equal As Integers" library="BuiltIn">
<doc>Fails if objects are unequal after converting them to integers.</doc>
<arguments>
<arg>${GET_RESPONSE.status_code}</arg>
<arg>200</arg>
</arguments>
<msg timestamp="20200426 11:13:10.723" level="INFO">Argument types are:
&lt;class 'int'&gt;
&lt;type 'unicode'&gt;</msg>
<status status="PASS" starttime="20200426 11:13:10.722" endtime="20200426 11:13:10.724"></status>
</kw>
<kw name="Set Variable" library="BuiltIn">
<doc>Returns the given values which can then be assigned to a variables.</doc>
<arguments>
<arg>${GET_RESPONSE.json()}</arg>
</arguments>
<assign>
<var>@{registered_postings}</var>
</assign>
<msg timestamp="20200426 11:13:10.725" level="INFO">@{registered_postings} = [ {'url': 'https://glacial-earth-31542.herokuapp.com/api/postings/1/', 'id': 1, 'user': 1, 'title': 'My First Posting', 'content': "My First Blog's content", 'timestamp': '2019-12-18T17:06:54.373451+0...</msg>
<status status="PASS" starttime="20200426 11:13:10.724" endtime="20200426 11:13:10.725"></status>
</kw>
<kw name="Set Suite Variable" library="BuiltIn">
<doc>Makes a variable available everywhere within the scope of the current suite.</doc>
<arguments>
<arg>@{REGISTERED_POSTINGS}</arg>
<arg>@{registered_postings}</arg>
</arguments>
<msg timestamp="20200426 11:13:10.728" level="INFO">@{REGISTERED_POSTINGS} = [ {'url': 'https://glacial-earth-31542.herokuapp.com/api/postings/1/', 'id': 1, 'user': 1, 'title': 'My First Posting', 'content': "My First Blog's content", 'timestamp': '2019-12-18T17:06:54.373451+0...</msg>
<status status="PASS" starttime="20200426 11:13:10.726" endtime="20200426 11:13:10.728"></status>
</kw>
<status status="PASS" starttime="20200426 11:13:10.360" endtime="20200426 11:13:10.729"></status>
</kw>
<kw name="Only &quot;Pre-Set Postings&quot; Are Left In The System">
<kw name="Should Be True" library="BuiltIn">
<doc>Fails if the given condition is not true.</doc>
<arguments>
<arg>$REGISTERED_POSTINGS == $PRE_SET_POSTINGS</arg>
</arguments>
<status status="PASS" starttime="20200426 11:13:10.730" endtime="20200426 11:13:10.733"></status>
</kw>
<status status="PASS" starttime="20200426 11:13:10.729" endtime="20200426 11:13:10.734"></status>
</kw>
<kw name="Set Suite Variable" library="BuiltIn">
<doc>Makes a variable available everywhere within the scope of the current suite.</doc>
<arguments>
<arg>${RANDOM_TARGET_POSTING}</arg>
<arg>${None}</arg>
</arguments>
<msg timestamp="20200426 11:13:10.734" level="INFO">${RANDOM_TARGET_POSTING} = None</msg>
<status status="PASS" starttime="20200426 11:13:10.734" endtime="20200426 11:13:10.735"></status>
</kw>
<status status="PASS" starttime="20200426 11:13:08.779" endtime="20200426 11:13:10.735"></status>
</kw>
<tags>
<tag>CRUD-operations-as-admin</tag>
<tag>CRUD-success-as-admin</tag>
</tags>
<status status="PASS" starttime="20200426 11:13:07.047" endtime="20200426 11:13:10.735" critical="yes"></status>
</test>
<test id="s1-s1-t4" name="Updating &quot;Target Postings&quot;">
<kw name="Test Setup" type="setup">
<kw name="Set Suite Variable" library="BuiltIn">
<doc>Makes a variable available everywhere within the scope of the current suite.</doc>
<arguments>
<arg>${RANDOM_TARGET_POSTING}</arg>
<arg>${None}</arg>
</arguments>
<msg timestamp="20200426 11:13:10.738" level="INFO">${RANDOM_TARGET_POSTING} = None</msg>
<status status="PASS" starttime="20200426 11:13:10.737" endtime="20200426 11:13:10.738"></status>
</kw>
<status status="PASS" starttime="20200426 11:13:10.737" endtime="20200426 11:13:10.738"></status>
</kw>
<kw name="Given &quot;Target Postings&quot; Must Not Be Registered In The System">
<kw name="&quot;Registered Postings&quot; Are Read">
<kw name="Make Get Request" library="AdminUser">
<assign>
<var>${GET_RESPONSE}</var>
</assign>
<msg timestamp="20200426 11:13:10.916" level="INFO">${GET_RESPONSE} = &lt;Response [200]&gt;</msg>
<status status="PASS" starttime="20200426 11:13:10.741" endtime="20200426 11:13:10.916"></status>
</kw>
<kw name="Should Be Equal As Integers" library="BuiltIn">
<doc>Fails if objects are unequal after converting them to integers.</doc>
<arguments>
<arg>${GET_RESPONSE.status_code}</arg>
<arg>200</arg>
</arguments>
<msg timestamp="20200426 11:13:10.917" level="INFO">Argument types are:
&lt;class 'int'&gt;
&lt;type 'unicode'&gt;</msg>
<status status="PASS" starttime="20200426 11:13:10.917" endtime="20200426 11:13:10.918"></status>
</kw>
<kw name="Set Variable" library="BuiltIn">
<doc>Returns the given values which can then be assigned to a variables.</doc>
<arguments>
<arg>${GET_RESPONSE.json()}</arg>
</arguments>
<assign>
<var>@{registered_postings}</var>
</assign>
<msg timestamp="20200426 11:13:10.919" level="INFO">@{registered_postings} = [ {'url': 'https://glacial-earth-31542.herokuapp.com/api/postings/1/', 'id': 1, 'user': 1, 'title': 'My First Posting', 'content': "My First Blog's content", 'timestamp': '2019-12-18T17:06:54.373451+0...</msg>
<status status="PASS" starttime="20200426 11:13:10.918" endtime="20200426 11:13:10.919"></status>
</kw>
<kw name="Set Suite Variable" library="BuiltIn">
<doc>Makes a variable available everywhere within the scope of the current suite.</doc>
<arguments>
<arg>@{REGISTERED_POSTINGS}</arg>
<arg>@{registered_postings}</arg>
</arguments>
<msg timestamp="20200426 11:13:10.920" level="INFO">@{REGISTERED_POSTINGS} = [ {'url': 'https://glacial-earth-31542.herokuapp.com/api/postings/1/', 'id': 1, 'user': 1, 'title': 'My First Posting', 'content': "My First Blog's content", 'timestamp': '2019-12-18T17:06:54.373451+0...</msg>
<status status="PASS" starttime="20200426 11:13:10.920" endtime="20200426 11:13:10.921"></status>
</kw>
<status status="PASS" starttime="20200426 11:13:10.739" endtime="20200426 11:13:10.921"></status>
</kw>
<kw name="Is None Found" library="Utilities">
<arguments>
<arg>subset=${INCOMPLETE_TARGET_POSTINGS}</arg>
<arg>superset=${REGISTERED_POSTINGS}</arg>
</arguments>
<assign>
<var>${none_of_target_postings_found}</var>
</assign>
<msg timestamp="20200426 11:13:10.922" level="INFO">${none_of_target_postings_found} = True</msg>
<status status="PASS" starttime="20200426 11:13:10.921" endtime="20200426 11:13:10.922"></status>
</kw>
<kw name="Should Be True" library="BuiltIn">
<doc>Fails if the given condition is not true.</doc>
<arguments>
<arg>${none_of_target_postings_found}</arg>
</arguments>
<status status="PASS" starttime="20200426 11:13:10.923" endtime="20200426 11:13:10.923"></status>
</kw>
<status status="PASS" starttime="20200426 11:13:10.739" endtime="20200426 11:13:10.923"></status>
</kw>
<kw name="Given &quot;Target Postings&quot; Are Created">
<kw name="${p} IN [ @{INCOMPLETE_TARGET_POSTINGS} ]" type="for">
<kw name="${p} = {'title': 'Posting 1', 'content': 'Posting 1 content'}" type="foritem">
<kw name="Create Posting">
<arguments>
<arg>posting=${p}</arg>
</arguments>
<kw name="Make Post Request" library="AdminUser">
<arguments>
<arg>posting=${posting}</arg>
<arg>payload_encoding=${payload_encoding}</arg>
<arg>content_type_header=${content_type_header}</arg>
</arguments>
<assign>
<var>${POST_RESPONSE}</var>
</assign>
<msg timestamp="20200426 11:13:11.326" level="INFO">${POST_RESPONSE} = &lt;Response [201]&gt;</msg>
<status status="PASS" starttime="20200426 11:13:10.926" endtime="20200426 11:13:11.326"></status>
</kw>
<kw name="Set Test Variable" library="BuiltIn">
<doc>Makes a variable available everywhere within the scope of the current test.</doc>
<arguments>
<arg>${POST_RESPONSE}</arg>
</arguments>
<msg timestamp="20200426 11:13:11.326" level="INFO">${POST_RESPONSE} = &lt;Response [201]&gt;</msg>
<status status="PASS" starttime="20200426 11:13:11.326" endtime="20200426 11:13:11.327"></status>
</kw>
<status status="PASS" starttime="20200426 11:13:10.925" endtime="20200426 11:13:11.327"></status>
</kw>
<kw name="Verify Post Response Success Code">
<kw name="Should Be Equal As Integers" library="BuiltIn">
<doc>Fails if objects are unequal after converting them to integers.</doc>
<arguments>
<arg>${POST_RESPONSE.status_code}</arg>
<arg>201</arg>
</arguments>
<msg timestamp="20200426 11:13:11.328" level="INFO">Argument types are:
&lt;class 'int'&gt;
&lt;type 'unicode'&gt;</msg>
<status status="PASS" starttime="20200426 11:13:11.328" endtime="20200426 11:13:11.328"></status>
</kw>
<status status="PASS" starttime="20200426 11:13:11.327" endtime="20200426 11:13:11.328"></status>
</kw>
<status status="PASS" starttime="20200426 11:13:10.925" endtime="20200426 11:13:11.328"></status>
</kw>
<kw name="${p} = {'title': 'Posting 2', 'content': 'Posting 2 content'}" type="foritem">
<kw name="Create Posting">
<arguments>
<arg>posting=${p}</arg>
</arguments>
<kw name="Make Post Request" library="AdminUser">
<arguments>
<arg>posting=${posting}</arg>
<arg>payload_encoding=${payload_encoding}</arg>
<arg>content_type_header=${content_type_header}</arg>
</arguments>
<assign>
<var>${POST_RESPONSE}</var>
</assign>
<msg timestamp="20200426 11:13:11.735" level="INFO">${POST_RESPONSE} = &lt;Response [201]&gt;</msg>
<status status="PASS" starttime="20200426 11:13:11.329" endtime="20200426 11:13:11.735"></status>
</kw>
<kw name="Set Test Variable" library="BuiltIn">
<doc>Makes a variable available everywhere within the scope of the current test.</doc>
<arguments>
<arg>${POST_RESPONSE}</arg>
</arguments>
<msg timestamp="20200426 11:13:11.736" level="INFO">${POST_RESPONSE} = &lt;Response [201]&gt;</msg>
<status status="PASS" starttime="20200426 11:13:11.736" endtime="20200426 11:13:11.737"></status>
</kw>
<status status="PASS" starttime="20200426 11:13:11.329" endtime="20200426 11:13:11.737"></status>
</kw>
<kw name="Verify Post Response Success Code">
<kw name="Should Be Equal As Integers" library="BuiltIn">
<doc>Fails if objects are unequal after converting them to integers.</doc>
<arguments>
<arg>${POST_RESPONSE.status_code}</arg>
<arg>201</arg>
</arguments>
<msg timestamp="20200426 11:13:11.739" level="INFO">Argument types are:
&lt;class 'int'&gt;
&lt;type 'unicode'&gt;</msg>
<status status="PASS" starttime="20200426 11:13:11.738" endtime="20200426 11:13:11.739"></status>
</kw>
<status status="PASS" starttime="20200426 11:13:11.737" endtime="20200426 11:13:11.739"></status>
</kw>
<status status="PASS" starttime="20200426 11:13:11.329" endtime="20200426 11:13:11.739"></status>
</kw>
<kw name="${p} = {'title': 'Posting 3', 'content': 'Posting 3 content'}" type="foritem">
<kw name="Create Posting">
<arguments>
<arg>posting=${p}</arg>
</arguments>
<kw name="Make Post Request" library="AdminUser">
<arguments>
<arg>posting=${posting}</arg>
<arg>payload_encoding=${payload_encoding}</arg>
<arg>content_type_header=${content_type_header}</arg>
</arguments>
<assign>
<var>${POST_RESPONSE}</var>
</assign>
<msg timestamp="20200426 11:13:12.145" level="INFO">${POST_RESPONSE} = &lt;Response [201]&gt;</msg>
<status status="PASS" starttime="20200426 11:13:11.741" endtime="20200426 11:13:12.145"></status>
</kw>
<kw name="Set Test Variable" library="BuiltIn">
<doc>Makes a variable available everywhere within the scope of the current test.</doc>
<arguments>
<arg>${POST_RESPONSE}</arg>
</arguments>
<msg timestamp="20200426 11:13:12.146" level="INFO">${POST_RESPONSE} = &lt;Response [201]&gt;</msg>
<status status="PASS" starttime="20200426 11:13:12.145" endtime="20200426 11:13:12.146"></status>
</kw>
<status status="PASS" starttime="20200426 11:13:11.740" endtime="20200426 11:13:12.146"></status>
</kw>
<kw name="Verify Post Response Success Code">
<kw name="Should Be Equal As Integers" library="BuiltIn">
<doc>Fails if objects are unequal after converting them to integers.</doc>
<arguments>
<arg>${POST_RESPONSE.status_code}</arg>
<arg>201</arg>
</arguments>
<msg timestamp="20200426 11:13:12.148" level="INFO">Argument types are:
&lt;class 'int'&gt;
&lt;type 'unicode'&gt;</msg>
<status status="PASS" starttime="20200426 11:13:12.147" endtime="20200426 11:13:12.148"></status>
</kw>
<status status="PASS" starttime="20200426 11:13:12.147" endtime="20200426 11:13:12.149"></status>
</kw>
<status status="PASS" starttime="20200426 11:13:11.739" endtime="20200426 11:13:12.149"></status>
</kw>
<status status="PASS" starttime="20200426 11:13:10.925" endtime="20200426 11:13:12.149"></status>
</kw>
<status status="PASS" starttime="20200426 11:13:10.924" endtime="20200426 11:13:12.149"></status>
</kw>
<kw name="Given &quot;Target Postings&quot; Are Read" library="CommonResource">
<kw name="&quot;Registered Postings&quot; Are Read">
<kw name="Make Get Request" library="AdminUser">
<assign>
<var>${GET_RESPONSE}</var>
</assign>
<msg timestamp="20200426 11:13:12.351" level="INFO">${GET_RESPONSE} = &lt;Response [200]&gt;</msg>
<status status="PASS" starttime="20200426 11:13:12.151" endtime="20200426 11:13:12.352"></status>
</kw>
<kw name="Should Be Equal As Integers" library="BuiltIn">
<doc>Fails if objects are unequal after converting them to integers.</doc>
<arguments>
<arg>${GET_RESPONSE.status_code}</arg>
<arg>200</arg>
</arguments>
<msg timestamp="20200426 11:13:12.353" level="INFO">Argument types are:
&lt;class 'int'&gt;
&lt;type 'unicode'&gt;</msg>
<status status="PASS" starttime="20200426 11:13:12.352" endtime="20200426 11:13:12.353"></status>
</kw>
<kw name="Set Variable" library="BuiltIn">
<doc>Returns the given values which can then be assigned to a variables.</doc>
<arguments>
<arg>${GET_RESPONSE.json()}</arg>
</arguments>
<assign>
<var>@{registered_postings}</var>
</assign>
<msg timestamp="20200426 11:13:12.354" level="INFO">@{registered_postings} = [ {'url': 'https://glacial-earth-31542.herokuapp.com/api/postings/4881/', 'id': 4881, 'user': 1, 'title': 'Posting 1', 'content': 'Posting 1 content', 'timestamp': '2020-04-26T11:13:11.228558+03:00'} ...</msg>
<status status="PASS" starttime="20200426 11:13:12.353" endtime="20200426 11:13:12.354"></status>
</kw>
<kw name="Set Suite Variable" library="BuiltIn">
<doc>Makes a variable available everywhere within the scope of the current suite.</doc>
<arguments>
<arg>@{REGISTERED_POSTINGS}</arg>
<arg>@{registered_postings}</arg>
</arguments>
<msg timestamp="20200426 11:13:12.357" level="INFO">@{REGISTERED_POSTINGS} = [ {'url': 'https://glacial-earth-31542.herokuapp.com/api/postings/4881/', 'id': 4881, 'user': 1, 'title': 'Posting 1', 'content': 'Posting 1 content', 'timestamp': '2020-04-26T11:13:11.228558+03:00'} ...</msg>
<status status="PASS" starttime="20200426 11:13:12.355" endtime="20200426 11:13:12.357"></status>
</kw>
<status status="PASS" starttime="20200426 11:13:12.150" endtime="20200426 11:13:12.357"></status>
</kw>
<kw name="Get Subset" library="Utilities">
<arguments>
<arg>subset=${INCOMPLETE_TARGET_POSTINGS}</arg>
<arg>superset=${REGISTERED_POSTINGS}</arg>
</arguments>
<assign>
<var>@{target_postings}</var>
</assign>
<msg timestamp="20200426 11:13:12.359" level="INFO">@{target_postings} = [ {'url': 'https://glacial-earth-31542.herokuapp.com/api/postings/4881/', 'id': 4881, 'user': 1, 'title': 'Posting 1', 'content': 'Posting 1 content', 'timestamp': '2020-04-26T11:13:11.228558+03:00'} ...</msg>
<status status="PASS" starttime="20200426 11:13:12.357" endtime="20200426 11:13:12.359"></status>
</kw>
<kw name="Set Suite Variable" library="BuiltIn">
<doc>Makes a variable available everywhere within the scope of the current suite.</doc>
<arguments>
<arg>@{TARGET_POSTINGS}</arg>
<arg>@{target_postings}</arg>
</arguments>
<msg timestamp="20200426 11:13:12.360" level="INFO">@{TARGET_POSTINGS} = [ {'url': 'https://glacial-earth-31542.herokuapp.com/api/postings/4881/', 'id': 4881, 'user': 1, 'title': 'Posting 1', 'content': 'Posting 1 content', 'timestamp': '2020-04-26T11:13:11.228558+03:00'} ...</msg>
<status status="PASS" starttime="20200426 11:13:12.359" endtime="20200426 11:13:12.360"></status>
</kw>
<status status="PASS" starttime="20200426 11:13:12.150" endtime="20200426 11:13:12.361"></status>
</kw>
<kw name="Given &quot;Target Postings&quot; Must Be Registered In The System" library="CommonResource">
<kw name="&quot;Target Postings&quot; List Is Not Empty">
<kw name="Evaluate" library="BuiltIn">
<doc>Evaluates the given expression in Python and returns the results.</doc>
<arguments>
<arg>len($TARGET_POSTINGS) == 0</arg>
</arguments>
<assign>
<var>${is_empty}</var>
</assign>
<msg timestamp="20200426 11:13:12.365" level="INFO">${is_empty} = False</msg>
<status status="PASS" starttime="20200426 11:13:12.363" endtime="20200426 11:13:12.365"></status>
</kw>
<kw name="Should Not Be True" library="BuiltIn">
<doc>Fails if the given condition is true.</doc>
<arguments>
<arg>${is_empty}</arg>
</arguments>
<status status="PASS" starttime="20200426 11:13:12.365" endtime="20200426 11:13:12.366"></status>
</kw>
<status status="PASS" starttime="20200426 11:13:12.362" endtime="20200426 11:13:12.366"></status>
</kw>
<kw name="Is Subset" library="Utilities">
<arguments>
<arg>subset=${TARGET_POSTINGS}</arg>
<arg>superset=${INCOMPLETE_TARGET_POSTINGS}</arg>
</arguments>
<assign>
<var>${is_subset}</var>
</assign>
<msg timestamp="20200426 11:13:12.367" level="INFO">${is_subset} = True</msg>
<status status="PASS" starttime="20200426 11:13:12.366" endtime="20200426 11:13:12.367"></status>
</kw>
<kw name="Should Be True" library="BuiltIn">
<doc>Fails if the given condition is not true.</doc>
<arguments>
<arg>${is_subset}</arg>
</arguments>
<status status="PASS" starttime="20200426 11:13:12.367" endtime="20200426 11:13:12.368"></status>
</kw>
<status status="PASS" starttime="20200426 11:13:12.362" endtime="20200426 11:13:12.368"></status>
</kw>
<kw name="When Target Postings Are Updated" library="Utilities">
<doc>EXPECTED PRECONDITION: Before this method is called, TARGET_POSTINGS must be created (i.e.
REGISTERED_POSTINGS = PRE_SET_POSTINGS + TARGET_POSTINGS)
Note that all the postings in TARGET_POSTINGS have all the fields necessary
(i.e. title , content, url, id, timestamp fields) to make a PUT request
:return: None</doc>
<kw name="Make Put Request" library="AdminUser">
<arguments>
<arg>{'url': 'https://glacial-earth-31542.herokuapp.com/api/postings/4881/', 'id': 4881, 'user': 1, 'title': 'Posting 1', 'content': 'modified content', 'timestamp': '2020-04-26T11:13:11.228558+03:00'}</arg>
</arguments>
<status status="PASS" starttime="20200426 11:13:12.370" endtime="20200426 11:13:12.865"></status>
</kw>
<kw name="Make Put Request" library="AdminUser">
<arguments>
<arg>{'url': 'https://glacial-earth-31542.herokuapp.com/api/postings/4882/', 'id': 4882, 'user': 1, 'title': 'Posting 2', 'content': 'modified content', 'timestamp': '2020-04-26T11:13:11.635006+03:00'}</arg>
</arguments>
<status status="PASS" starttime="20200426 11:13:12.865" endtime="20200426 11:13:13.277"></status>
</kw>
<kw name="Make Put Request" library="AdminUser">
<arguments>
<arg>{'url': 'https://glacial-earth-31542.herokuapp.com/api/postings/4883/', 'id': 4883, 'user': 1, 'title': 'Posting 3', 'content': 'modified content', 'timestamp': '2020-04-26T11:13:12.047585+03:00'}</arg>
</arguments>
<status status="PASS" starttime="20200426 11:13:13.277" endtime="20200426 11:13:13.831"></status>
</kw>
<msg timestamp="20200426 11:13:13.832" level="INFO">${TARGET_POSTINGS} = [{'url': 'https://glacial-earth-31542.herokuapp.com/api/postings/4881/', 'id': 4881, 'user': 1, 'title': 'Posting 1', 'content': 'modified content', 'timestamp': '2020-04-26T11:13:11.228558+03:00'}, {...</msg>
<status status="PASS" starttime="20200426 11:13:12.369" endtime="20200426 11:13:13.832"></status>
</kw>
<kw name="Then &quot;Registered Postings&quot; Are Read">
<kw name="Make Get Request" library="AdminUser">
<assign>
<var>${GET_RESPONSE}</var>
</assign>
<msg timestamp="20200426 11:13:13.989" level="INFO">${GET_RESPONSE} = &lt;Response [200]&gt;</msg>
<status status="PASS" starttime="20200426 11:13:13.833" endtime="20200426 11:13:13.989"></status>
</kw>
<kw name="Should Be Equal As Integers" library="BuiltIn">
<doc>Fails if objects are unequal after converting them to integers.</doc>
<arguments>
<arg>${GET_RESPONSE.status_code}</arg>
<arg>200</arg>
</arguments>
<msg timestamp="20200426 11:13:13.990" level="INFO">Argument types are:
&lt;class 'int'&gt;
&lt;type 'unicode'&gt;</msg>
<status status="PASS" starttime="20200426 11:13:13.989" endtime="20200426 11:13:13.990"></status>
</kw>
<kw name="Set Variable" library="BuiltIn">
<doc>Returns the given values which can then be assigned to a variables.</doc>
<arguments>
<arg>${GET_RESPONSE.json()}</arg>
</arguments>
<assign>
<var>@{registered_postings}</var>
</assign>
<msg timestamp="20200426 11:13:13.991" level="INFO">@{registered_postings} = [ {'url': 'https://glacial-earth-31542.herokuapp.com/api/postings/4881/', 'id': 4881, 'user': 1, 'title': 'Posting 1', 'content': 'modified content', 'timestamp': '2020-04-26T11:13:11.228558+03:00'} |...</msg>
<status status="PASS" starttime="20200426 11:13:13.990" endtime="20200426 11:13:13.991"></status>
</kw>
<kw name="Set Suite Variable" library="BuiltIn">
<doc>Makes a variable available everywhere within the scope of the current suite.</doc>
<arguments>
<arg>@{REGISTERED_POSTINGS}</arg>
<arg>@{registered_postings}</arg>
</arguments>
<msg timestamp="20200426 11:13:13.992" level="INFO">@{REGISTERED_POSTINGS} = [ {'url': 'https://glacial-earth-31542.herokuapp.com/api/postings/4881/', 'id': 4881, 'user': 1, 'title': 'Posting 1', 'content': 'modified content', 'timestamp': '2020-04-26T11:13:11.228558+03:00'} |...</msg>
<status status="PASS" starttime="20200426 11:13:13.991" endtime="20200426 11:13:13.992"></status>
</kw>
<status status="PASS" starttime="20200426 11:13:13.833" endtime="20200426 11:13:13.993"></status>
</kw>
<kw name="Then &quot;Registered Postings&quot; Must Comply With &quot;Posting Spec&quot;" library="CommonResource">
<kw name="Verify All Postings" library="Utilities">
<doc>:param postings_to_verify: a list of postings, where each posting needs to be verified against posting_spec
:param posting_spec: a dict containing keys, which map to posting fields
:return: None</doc>
<arguments>
<arg>postings_to_verify=${REGISTERED_POSTINGS}</arg>
<arg>posting_spec=${POSTING_SPEC}</arg>
</arguments>
<status status="PASS" starttime="20200426 11:13:13.994" endtime="20200426 11:13:13.994"></status>
</kw>
<status status="PASS" starttime="20200426 11:13:13.993" endtime="20200426 11:13:13.995"></status>
</kw>
<kw name="Then &quot;Target Postings&quot; Must Have Been Updated In The System">
<kw name="Is Subset" library="Utilities">
<arguments>
<arg>subset=${TARGET_POSTINGS}</arg>
<arg>superset=${REGISTERED_POSTINGS}</arg>
</arguments>
<assign>
<var>${is_subset}</var>
</assign>
<msg timestamp="20200426 11:13:13.999" level="INFO">${is_subset} = True</msg>
<status status="PASS" starttime="20200426 11:13:13.998" endtime="20200426 11:13:13.999"></status>
</kw>
<kw name="Should Be True" library="BuiltIn">
<doc>Fails if the given condition is not true.</doc>
<arguments>
<arg>${is_subset}</arg>
</arguments>
<status status="PASS" starttime="20200426 11:13:13.999" endtime="20200426 11:13:14.000"></status>
</kw>
<status status="PASS" starttime="20200426 11:13:13.997" endtime="20200426 11:13:14.000"></status>
</kw>
<kw name="Test Teardown" type="teardown">
<kw name="Delete Every Posting Except &quot;Pre-Set Postings&quot;">
<kw name="&quot;Registered Postings&quot; Are Read">
<kw name="Make Get Request" library="AdminUser">
<assign>
<var>${GET_RESPONSE}</var>
</assign>
<msg timestamp="20200426 11:13:14.193" level="INFO">${GET_RESPONSE} = &lt;Response [200]&gt;</msg>
<status status="PASS" starttime="20200426 11:13:14.003" endtime="20200426 11:13:14.193"></status>
</kw>
<kw name="Should Be Equal As Integers" library="BuiltIn">
<doc>Fails if objects are unequal after converting them to integers.</doc>
<arguments>
<arg>${GET_RESPONSE.status_code}</arg>
<arg>200</arg>
</arguments>
<msg timestamp="20200426 11:13:14.194" level="INFO">Argument types are:
&lt;class 'int'&gt;
&lt;type 'unicode'&gt;</msg>
<status status="PASS" starttime="20200426 11:13:14.193" endtime="20200426 11:13:14.194"></status>
</kw>
<kw name="Set Variable" library="BuiltIn">
<doc>Returns the given values which can then be assigned to a variables.</doc>
<arguments>
<arg>${GET_RESPONSE.json()}</arg>
</arguments>
<assign>
<var>@{registered_postings}</var>
</assign>
<msg timestamp="20200426 11:13:14.195" level="INFO">@{registered_postings} = [ {'url': 'https://glacial-earth-31542.herokuapp.com/api/postings/4881/', 'id': 4881, 'user': 1, 'title': 'Posting 1', 'content': 'modified content', 'timestamp': '2020-04-26T11:13:11.228558+03:00'} |...</msg>
<status status="PASS" starttime="20200426 11:13:14.194" endtime="20200426 11:13:14.195"></status>
</kw>
<kw name="Set Suite Variable" library="BuiltIn">
<doc>Makes a variable available everywhere within the scope of the current suite.</doc>
<arguments>
<arg>@{REGISTERED_POSTINGS}</arg>
<arg>@{registered_postings}</arg>
</arguments>
<msg timestamp="20200426 11:13:14.197" level="INFO">@{REGISTERED_POSTINGS} = [ {'url': 'https://glacial-earth-31542.herokuapp.com/api/postings/4881/', 'id': 4881, 'user': 1, 'title': 'Posting 1', 'content': 'modified content', 'timestamp': '2020-04-26T11:13:11.228558+03:00'} |...</msg>
<status status="PASS" starttime="20200426 11:13:14.196" endtime="20200426 11:13:14.197"></status>
</kw>
<status status="PASS" starttime="20200426 11:13:14.002" endtime="20200426 11:13:14.197"></status>
</kw>
<kw name="Delete Postings" library="Utilities">
<arguments>
<arg>candidate_postings_to_delete=${REGISTERED_POSTINGS}</arg>
<arg>postings_to_skip=${PRE_SET_POSTINGS}</arg>
</arguments>
<kw name="Make Delete Request" library="AdminUser">
<arguments>
<arg>{'url': 'https://glacial-earth-31542.herokuapp.com/api/postings/4881/', 'id': 4881, 'user': 1, 'title': 'Posting 1', 'content': 'modified content', 'timestamp': '2020-04-26T11:13:11.228558+03:00'}</arg>
</arguments>
<status status="PASS" starttime="20200426 11:13:14.198" endtime="20200426 11:13:14.626"></status>
</kw>
<kw name="Make Delete Request" library="AdminUser">
<arguments>
<arg>{'url': 'https://glacial-earth-31542.herokuapp.com/api/postings/4882/', 'id': 4882, 'user': 1, 'title': 'Posting 2', 'content': 'modified content', 'timestamp': '2020-04-26T11:13:11.635006+03:00'}</arg>
</arguments>
<status status="PASS" starttime="20200426 11:13:14.627" endtime="20200426 11:13:15.016"></status>
</kw>
<kw name="Make Delete Request" library="AdminUser">
<arguments>
<arg>{'url': 'https://glacial-earth-31542.herokuapp.com/api/postings/4883/', 'id': 4883, 'user': 1, 'title': 'Posting 3', 'content': 'modified content', 'timestamp': '2020-04-26T11:13:12.047585+03:00'}</arg>
</arguments>
<status status="PASS" starttime="20200426 11:13:15.017" endtime="20200426 11:13:15.453"></status>
</kw>
<status status="PASS" starttime="20200426 11:13:14.197" endtime="20200426 11:13:15.453"></status>
</kw>
<status status="PASS" starttime="20200426 11:13:14.001" endtime="20200426 11:13:15.453"></status>
</kw>
<kw name="&quot;Registered Postings&quot; Are Read">
<kw name="Make Get Request" library="AdminUser">
<assign>
<var>${GET_RESPONSE}</var>
</assign>
<msg timestamp="20200426 11:13:15.626" level="INFO">${GET_RESPONSE} = &lt;Response [200]&gt;</msg>
<status status="PASS" starttime="20200426 11:13:15.454" endtime="20200426 11:13:15.627"></status>
</kw>
<kw name="Should Be Equal As Integers" library="BuiltIn">
<doc>Fails if objects are unequal after converting them to integers.</doc>
<arguments>
<arg>${GET_RESPONSE.status_code}</arg>
<arg>200</arg>
</arguments>
<msg timestamp="20200426 11:13:15.628" level="INFO">Argument types are:
&lt;class 'int'&gt;
&lt;type 'unicode'&gt;</msg>
<status status="PASS" starttime="20200426 11:13:15.627" endtime="20200426 11:13:15.628"></status>
</kw>
<kw name="Set Variable" library="BuiltIn">
<doc>Returns the given values which can then be assigned to a variables.</doc>
<arguments>
<arg>${GET_RESPONSE.json()}</arg>
</arguments>
<assign>
<var>@{registered_postings}</var>
</assign>
<msg timestamp="20200426 11:13:15.629" level="INFO">@{registered_postings} = [ {'url': 'https://glacial-earth-31542.herokuapp.com/api/postings/1/', 'id': 1, 'user': 1, 'title': 'My First Posting', 'content': "My First Blog's content", 'timestamp': '2019-12-18T17:06:54.373451+0...</msg>
<status status="PASS" starttime="20200426 11:13:15.628" endtime="20200426 11:13:15.629"></status>
</kw>
<kw name="Set Suite Variable" library="BuiltIn">
<doc>Makes a variable available everywhere within the scope of the current suite.</doc>
<arguments>
<arg>@{REGISTERED_POSTINGS}</arg>
<arg>@{registered_postings}</arg>
</arguments>
<msg timestamp="20200426 11:13:15.630" level="INFO">@{REGISTERED_POSTINGS} = [ {'url': 'https://glacial-earth-31542.herokuapp.com/api/postings/1/', 'id': 1, 'user': 1, 'title': 'My First Posting', 'content': "My First Blog's content", 'timestamp': '2019-12-18T17:06:54.373451+0...</msg>
<status status="PASS" starttime="20200426 11:13:15.629" endtime="20200426 11:13:15.630"></status>
</kw>
<status status="PASS" starttime="20200426 11:13:15.454" endtime="20200426 11:13:15.630"></status>
</kw>
<kw name="Only &quot;Pre-Set Postings&quot; Are Left In The System">
<kw name="Should Be True" library="BuiltIn">
<doc>Fails if the given condition is not true.</doc>
<arguments>
<arg>$REGISTERED_POSTINGS == $PRE_SET_POSTINGS</arg>
</arguments>
<status status="PASS" starttime="20200426 11:13:15.631" endtime="20200426 11:13:15.633"></status>
</kw>
<status status="PASS" starttime="20200426 11:13:15.631" endtime="20200426 11:13:15.633"></status>
</kw>
<kw name="Set Suite Variable" library="BuiltIn">
<doc>Makes a variable available everywhere within the scope of the current suite.</doc>
<arguments>
<arg>${RANDOM_TARGET_POSTING}</arg>
<arg>${None}</arg>
</arguments>
<msg timestamp="20200426 11:13:15.634" level="INFO">${RANDOM_TARGET_POSTING} = None</msg>
<status status="PASS" starttime="20200426 11:13:15.633" endtime="20200426 11:13:15.634"></status>
</kw>
<status status="PASS" starttime="20200426 11:13:14.001" endtime="20200426 11:13:15.634"></status>
</kw>
<tags>
<tag>CRUD-operations-as-admin</tag>
<tag>CRUD-success-as-admin</tag>
</tags>
<status status="PASS" starttime="20200426 11:13:10.736" endtime="20200426 11:13:15.635" critical="yes"></status>
</test>
<test id="s1-s1-t5" name="Deleting &quot;Target Postings&quot;">
<kw name="Test Setup" type="setup">
<kw name="Set Suite Variable" library="BuiltIn">
<doc>Makes a variable available everywhere within the scope of the current suite.</doc>
<arguments>
<arg>${RANDOM_TARGET_POSTING}</arg>
<arg>${None}</arg>
</arguments>
<msg timestamp="20200426 11:13:15.639" level="INFO">${RANDOM_TARGET_POSTING} = None</msg>
<status status="PASS" starttime="20200426 11:13:15.637" endtime="20200426 11:13:15.639"></status>
</kw>
<status status="PASS" starttime="20200426 11:13:15.636" endtime="20200426 11:13:15.639"></status>
</kw>
<kw name="Given &quot;Target Postings&quot; Must Not Be Registered In The System">
<kw name="&quot;Registered Postings&quot; Are Read">
<kw name="Make Get Request" library="AdminUser">
<assign>
<var>${GET_RESPONSE}</var>
</assign>
<msg timestamp="20200426 11:13:15.800" level="INFO">${GET_RESPONSE} = &lt;Response [200]&gt;</msg>
<status status="PASS" starttime="20200426 11:13:15.641" endtime="20200426 11:13:15.800"></status>
</kw>
<kw name="Should Be Equal As Integers" library="BuiltIn">
<doc>Fails if objects are unequal after converting them to integers.</doc>
<arguments>
<arg>${GET_RESPONSE.status_code}</arg>
<arg>200</arg>
</arguments>
<msg timestamp="20200426 11:13:15.801" level="INFO">Argument types are:
&lt;class 'int'&gt;
&lt;type 'unicode'&gt;</msg>
<status status="PASS" starttime="20200426 11:13:15.800" endtime="20200426 11:13:15.801"></status>
</kw>
<kw name="Set Variable" library="BuiltIn">
<doc>Returns the given values which can then be assigned to a variables.</doc>
<arguments>
<arg>${GET_RESPONSE.json()}</arg>
</arguments>
<assign>
<var>@{registered_postings}</var>
</assign>
<msg timestamp="20200426 11:13:15.802" level="INFO">@{registered_postings} = [ {'url': 'https://glacial-earth-31542.herokuapp.com/api/postings/1/', 'id': 1, 'user': 1, 'title': 'My First Posting', 'content': "My First Blog's content", 'timestamp': '2019-12-18T17:06:54.373451+0...</msg>
<status status="PASS" starttime="20200426 11:13:15.802" endtime="20200426 11:13:15.802"></status>
</kw>
<kw name="Set Suite Variable" library="BuiltIn">
<doc>Makes a variable available everywhere within the scope of the current suite.</doc>
<arguments>
<arg>@{REGISTERED_POSTINGS}</arg>
<arg>@{registered_postings}</arg>
</arguments>
<msg timestamp="20200426 11:13:15.804" level="INFO">@{REGISTERED_POSTINGS} = [ {'url': 'https://glacial-earth-31542.herokuapp.com/api/postings/1/', 'id': 1, 'user': 1, 'title': 'My First Posting', 'content': "My First Blog's content", 'timestamp': '2019-12-18T17:06:54.373451+0...</msg>
<status status="PASS" starttime="20200426 11:13:15.803" endtime="20200426 11:13:15.804"></status>
</kw>
<status status="PASS" starttime="20200426 11:13:15.640" endtime="20200426 11:13:15.804"></status>
</kw>
<kw name="Is None Found" library="Utilities">
<arguments>
<arg>subset=${INCOMPLETE_TARGET_POSTINGS}</arg>
<arg>superset=${REGISTERED_POSTINGS}</arg>
</arguments>
<assign>
<var>${none_of_target_postings_found}</var>
</assign>
<msg timestamp="20200426 11:13:15.805" level="INFO">${none_of_target_postings_found} = True</msg>
<status status="PASS" starttime="20200426 11:13:15.805" endtime="20200426 11:13:15.805"></status>
</kw>
<kw name="Should Be True" library="BuiltIn">
<doc>Fails if the given condition is not true.</doc>
<arguments>
<arg>${none_of_target_postings_found}</arg>
</arguments>
<status status="PASS" starttime="20200426 11:13:15.806" endtime="20200426 11:13:15.806"></status>
</kw>
<status status="PASS" starttime="20200426 11:13:15.640" endtime="20200426 11:13:15.806"></status>
</kw>
<kw name="Given &quot;Target Postings&quot; Are Created">
<kw name="${p} IN [ @{INCOMPLETE_TARGET_POSTINGS} ]" type="for">
<kw name="${p} = {'title': 'Posting 1', 'content': 'Posting 1 content'}" type="foritem">
<kw name="Create Posting">
<arguments>
<arg>posting=${p}</arg>
</arguments>
<kw name="Make Post Request" library="AdminUser">
<arguments>
<arg>posting=${posting}</arg>
<arg>payload_encoding=${payload_encoding}</arg>
<arg>content_type_header=${content_type_header}</arg>
</arguments>
<assign>
<var>${POST_RESPONSE}</var>
</assign>
<msg timestamp="20200426 11:13:16.350" level="INFO">${POST_RESPONSE} = &lt;Response [201]&gt;</msg>
<status status="PASS" starttime="20200426 11:13:15.809" endtime="20200426 11:13:16.350"></status>
</kw>
<kw name="Set Test Variable" library="BuiltIn">
<doc>Makes a variable available everywhere within the scope of the current test.</doc>
<arguments>
<arg>${POST_RESPONSE}</arg>
</arguments>
<msg timestamp="20200426 11:13:16.351" level="INFO">${POST_RESPONSE} = &lt;Response [201]&gt;</msg>
<status status="PASS" starttime="20200426 11:13:16.350" endtime="20200426 11:13:16.351"></status>
</kw>
<status status="PASS" starttime="20200426 11:13:15.808" endtime="20200426 11:13:16.351"></status>
</kw>
<kw name="Verify Post Response Success Code">
<kw name="Should Be Equal As Integers" library="BuiltIn">
<doc>Fails if objects are unequal after converting them to integers.</doc>
<arguments>
<arg>${POST_RESPONSE.status_code}</arg>
<arg>201</arg>
</arguments>
<msg timestamp="20200426 11:13:16.353" level="INFO">Argument types are:
&lt;class 'int'&gt;
&lt;type 'unicode'&gt;</msg>
<status status="PASS" starttime="20200426 11:13:16.352" endtime="20200426 11:13:16.353"></status>
</kw>
<status status="PASS" starttime="20200426 11:13:16.351" endtime="20200426 11:13:16.353"></status>
</kw>
<status status="PASS" starttime="20200426 11:13:15.808" endtime="20200426 11:13:16.353"></status>
</kw>
<kw name="${p} = {'title': 'Posting 2', 'content': 'Posting 2 content'}" type="foritem">
<kw name="Create Posting">
<arguments>
<arg>posting=${p}</arg>
</arguments>
<kw name="Make Post Request" library="AdminUser">
<arguments>
<arg>posting=${posting}</arg>
<arg>payload_encoding=${payload_encoding}</arg>
<arg>content_type_header=${content_type_header}</arg>
</arguments>
<assign>
<var>${POST_RESPONSE}</var>
</assign>
<msg timestamp="20200426 11:13:16.753" level="INFO">${POST_RESPONSE} = &lt;Response [201]&gt;</msg>
<status status="PASS" starttime="20200426 11:13:16.354" endtime="20200426 11:13:16.754"></status>
</kw>
<kw name="Set Test Variable" library="BuiltIn">
<doc>Makes a variable available everywhere within the scope of the current test.</doc>
<arguments>
[...]
</kw>
<kw name="Test Teardown" type="teardown">
<kw name="&quot;Registered Postings&quot; Are Read">
<kw name="Make Get Request" library="NoPriviligeUser">
<assign>
<var>${GET_RESPONSE}</var>
</assign>
<msg timestamp="20200426 11:14:39.946" level="INFO">${GET_RESPONSE} = &lt;Response [200]&gt;</msg>
<status status="PASS" starttime="20200426 11:14:39.202" endtime="20200426 11:14:39.947"></status>
</kw>
<kw name="Should Be Equal As Integers" library="BuiltIn">
<doc>Fails if objects are unequal after converting them to integers.</doc>
<arguments>
<arg>${GET_RESPONSE.status_code}</arg>
<arg>200</arg>
</arguments>
<msg timestamp="20200426 11:14:39.948" level="INFO">Argument types are:
&lt;class 'int'&gt;
&lt;type 'unicode'&gt;</msg>
<status status="PASS" starttime="20200426 11:14:39.947" endtime="20200426 11:14:39.948"></status>
</kw>
<kw name="Set Variable" library="BuiltIn">
<doc>Returns the given values which can then be assigned to a variables.</doc>
<arguments>
<arg>${GET_RESPONSE.json()}</arg>
</arguments>
<assign>
<var>@{registered_postings}</var>
</assign>
<msg timestamp="20200426 11:14:39.949" level="INFO">@{registered_postings} = [ {'url': 'https://glacial-earth-31542.herokuapp.com/api/postings/1/', 'id': 1, 'user': 1, 'title': 'My First Posting', 'content': "My First Blog's content", 'timestamp': '2019-12-18T17:06:54.373451+0...</msg>
<status status="PASS" starttime="20200426 11:14:39.948" endtime="20200426 11:14:39.949"></status>
</kw>
<kw name="Set Suite Variable" library="BuiltIn">
<doc>Makes a variable available everywhere within the scope of the current suite.</doc>
<arguments>
<arg>@{REGISTERED_POSTINGS}</arg>
<arg>@{registered_postings}</arg>
</arguments>
<msg timestamp="20200426 11:14:39.950" level="INFO">@{REGISTERED_POSTINGS} = [ {'url': 'https://glacial-earth-31542.herokuapp.com/api/postings/1/', 'id': 1, 'user': 1, 'title': 'My First Posting', 'content': "My First Blog's content", 'timestamp': '2019-12-18T17:06:54.373451+0...</msg>
<status status="PASS" starttime="20200426 11:14:39.949" endtime="20200426 11:14:39.950"></status>
</kw>
<status status="PASS" starttime="20200426 11:14:39.201" endtime="20200426 11:14:39.950"></status>
</kw>
<kw name="Only &quot;Pre-Set Postings&quot; Are Left In The System">
<kw name="Should Be True" library="BuiltIn">
<doc>Fails if the given condition is not true.</doc>
<arguments>
<arg>$REGISTERED_POSTINGS == $PRE_SET_POSTINGS</arg>
</arguments>
<status status="PASS" starttime="20200426 11:14:39.951" endtime="20200426 11:14:39.952"></status>
</kw>
<status status="PASS" starttime="20200426 11:14:39.950" endtime="20200426 11:14:39.952"></status>
</kw>
<status status="PASS" starttime="20200426 11:14:39.201" endtime="20200426 11:14:39.952"></status>
</kw>
<tags>
<tag>CRUD-failure-as-NoPriviligeUser</tag>
<tag>CRUD-operations-as-NoPriviligeUser</tag>
</tags>
<status status="PASS" starttime="20200426 11:14:37.625" endtime="20200426 11:14:39.952" critical="yes"></status>
</test>
<test id="s1-s2-t5" name="Attempting To Delete &quot;Pre-Set Postings&quot; Fails">
<kw name="When &quot;Pre-Set Postings&quot; Are Attempted To Be Deleted">
<kw name="Set Variable" library="BuiltIn">
<doc>Returns the given values which can then be assigned to a variables.</doc>
<arguments>
<arg>${True}</arg>
</arguments>
<assign>
<var>${ALL_DELETE_ATTEMPTS_FAILED_WITH_401}</var>
</assign>
<msg timestamp="20200426 11:14:39.954" level="INFO">${ALL_DELETE_ATTEMPTS_FAILED_WITH_401} = True</msg>
<status status="PASS" starttime="20200426 11:14:39.954" endtime="20200426 11:14:39.954"></status>
</kw>
<kw name="${ptd} IN [ @{PRE_SET_POSTINGS} ]" type="for">
<kw name="${ptd} = {'url': 'https://glacial-earth-31542.herokuapp.com/api/postings/1/', 'id': 1, 'user': 1, 'title': 'My First Posting', 'content': &quot;My First Blog's content&quot;, 'timestamp': '2019-12-18T17:06:54.373451+02:..." type="foritem">
<kw name="Delete Posting">
<arguments>
<arg>posting=${ptd}</arg>
</arguments>
<kw name="Make Delete Request" library="NoPriviligeUser">
<arguments>
<arg>posting=${posting}</arg>
</arguments>
<assign>
<var>${DELETE_RESPONSE}</var>
</assign>
<msg timestamp="20200426 11:14:40.726" level="INFO">${DELETE_RESPONSE} = &lt;Response [401]&gt;</msg>
<status status="PASS" starttime="20200426 11:14:39.955" endtime="20200426 11:14:40.726"></status>
</kw>
<kw name="Set Test Variable" library="BuiltIn">
<doc>Makes a variable available everywhere within the scope of the current test.</doc>
<arguments>
<arg>${DELETE_RESPONSE}</arg>
</arguments>
<msg timestamp="20200426 11:14:40.728" level="INFO">${DELETE_RESPONSE} = &lt;Response [401]&gt;</msg>
<status status="PASS" starttime="20200426 11:14:40.727" endtime="20200426 11:14:40.728"></status>
</kw>
<status status="PASS" starttime="20200426 11:14:39.955" endtime="20200426 11:14:40.729"></status>
</kw>
<kw name="Evaluate" library="BuiltIn">
<doc>Evaluates the given expression in Python and returns the results.</doc>
<arguments>
<arg>$ALL_DELETE_ATTEMPTS_FAILED_WITH_401 and $DELETE_RESPONSE.status_code==401</arg>
</arguments>
<assign>
<var>${ALL_DELETE_ATTEMPTS_FAILED_WITH_401}</var>
</assign>
<msg timestamp="20200426 11:14:40.732" level="INFO">${ALL_DELETE_ATTEMPTS_FAILED_WITH_401} = True</msg>
<status status="PASS" starttime="20200426 11:14:40.729" endtime="20200426 11:14:40.732"></status>
</kw>
<status status="PASS" starttime="20200426 11:14:39.954" endtime="20200426 11:14:40.732"></status>
</kw>
<kw name="${ptd} = {'url': 'https://glacial-earth-31542.herokuapp.com/api/postings/2/', 'id': 2, 'user': 1, 'title': 'My Second Posting', 'content': 'My Second Posting Content', 'timestamp': '2019-12-18T17:07:34.938150+..." type="foritem">
<kw name="Delete Posting">
<arguments>
<arg>posting=${ptd}</arg>
</arguments>
<kw name="Make Delete Request" library="NoPriviligeUser">
<arguments>
<arg>posting=${posting}</arg>
</arguments>
<assign>
<var>${DELETE_RESPONSE}</var>
</assign>
<msg timestamp="20200426 11:14:41.546" level="INFO">${DELETE_RESPONSE} = &lt;Response [401]&gt;</msg>
<status status="PASS" starttime="20200426 11:14:40.734" endtime="20200426 11:14:41.547"></status>
</kw>
<kw name="Set Test Variable" library="BuiltIn">
<doc>Makes a variable available everywhere within the scope of the current test.</doc>
<arguments>
<arg>${DELETE_RESPONSE}</arg>
</arguments>
<msg timestamp="20200426 11:14:41.554" level="INFO">${DELETE_RESPONSE} = &lt;Response [401]&gt;</msg>
<status status="PASS" starttime="20200426 11:14:41.548" endtime="20200426 11:14:41.555"></status>
</kw>
<status status="PASS" starttime="20200426 11:14:40.733" endtime="20200426 11:14:41.555"></status>
</kw>
<kw name="Evaluate" library="BuiltIn">
<doc>Evaluates the given expression in Python and returns the results.</doc>
<arguments>
<arg>$ALL_DELETE_ATTEMPTS_FAILED_WITH_401 and $DELETE_RESPONSE.status_code==401</arg>
</arguments>
<assign>
<var>${ALL_DELETE_ATTEMPTS_FAILED_WITH_401}</var>
</assign>
<msg timestamp="20200426 11:14:41.559" level="INFO">${ALL_DELETE_ATTEMPTS_FAILED_WITH_401} = True</msg>
<status status="PASS" starttime="20200426 11:14:41.555" endtime="20200426 11:14:41.559"></status>
</kw>
<status status="PASS" starttime="20200426 11:14:40.732" endtime="20200426 11:14:41.559"></status>
</kw>
<status status="PASS" starttime="20200426 11:14:39.954" endtime="20200426 11:14:41.559"></status>
</kw>
<kw name="Set Test Variable" library="BuiltIn">
<doc>Makes a variable available everywhere within the scope of the current test.</doc>
<arguments>
<arg>${ALL_DELETE_ATTEMPTS_FAILED_WITH_401}</arg>
</arguments>
<msg timestamp="20200426 11:14:41.560" level="INFO">${ALL_DELETE_ATTEMPTS_FAILED_WITH_401} = True</msg>
<status status="PASS" starttime="20200426 11:14:41.559" endtime="20200426 11:14:41.560"></status>
</kw>
<status status="PASS" starttime="20200426 11:14:39.954" endtime="20200426 11:14:41.560"></status>
</kw>
<kw name="Then All Delete Responses Must Have Status Code &quot;401-Unauthorized&quot;">
<kw name="Should Be True" library="BuiltIn">
<doc>Fails if the given condition is not true.</doc>
<arguments>
<arg>${ALL_DELETE_ATTEMPTS_FAILED_WITH_401}</arg>
</arguments>
<status status="PASS" starttime="20200426 11:14:41.561" endtime="20200426 11:14:41.562"></status>
</kw>
<status status="PASS" starttime="20200426 11:14:41.560" endtime="20200426 11:14:41.562"></status>
</kw>
<kw name="Test Teardown" type="teardown">
<kw name="&quot;Registered Postings&quot; Are Read">
<kw name="Make Get Request" library="NoPriviligeUser">
<assign>
<var>${GET_RESPONSE}</var>
</assign>
<msg timestamp="20200426 11:14:42.272" level="INFO">${GET_RESPONSE} = &lt;Response [200]&gt;</msg>
<status status="PASS" starttime="20200426 11:14:41.564" endtime="20200426 11:14:42.272"></status>
</kw>
<kw name="Should Be Equal As Integers" library="BuiltIn">
<doc>Fails if objects are unequal after converting them to integers.</doc>
<arguments>
<arg>${GET_RESPONSE.status_code}</arg>
<arg>200</arg>
</arguments>
<msg timestamp="20200426 11:14:42.273" level="INFO">Argument types are:
&lt;class 'int'&gt;
&lt;type 'unicode'&gt;</msg>
<status status="PASS" starttime="20200426 11:14:42.272" endtime="20200426 11:14:42.273"></status>
</kw>
<kw name="Set Variable" library="BuiltIn">
<doc>Returns the given values which can then be assigned to a variables.</doc>
<arguments>
<arg>${GET_RESPONSE.json()}</arg>
</arguments>
<assign>
<var>@{registered_postings}</var>
</assign>
<msg timestamp="20200426 11:14:42.274" level="INFO">@{registered_postings} = [ {'url': 'https://glacial-earth-31542.herokuapp.com/api/postings/1/', 'id': 1, 'user': 1, 'title': 'My First Posting', 'content': "My First Blog's content", 'timestamp': '2019-12-18T17:06:54.373451+0...</msg>
<status status="PASS" starttime="20200426 11:14:42.274" endtime="20200426 11:14:42.274"></status>
</kw>
<kw name="Set Suite Variable" library="BuiltIn">
<doc>Makes a variable available everywhere within the scope of the current suite.</doc>
<arguments>
<arg>@{REGISTERED_POSTINGS}</arg>
<arg>@{registered_postings}</arg>
</arguments>
<msg timestamp="20200426 11:14:42.276" level="INFO">@{REGISTERED_POSTINGS} = [ {'url': 'https://glacial-earth-31542.herokuapp.com/api/postings/1/', 'id': 1, 'user': 1, 'title': 'My First Posting', 'content': "My First Blog's content", 'timestamp': '2019-12-18T17:06:54.373451+0...</msg>
<status status="PASS" starttime="20200426 11:14:42.275" endtime="20200426 11:14:42.276"></status>
</kw>
<status status="PASS" starttime="20200426 11:14:41.563" endtime="20200426 11:14:42.276"></status>
</kw>
<kw name="Only &quot;Pre-Set Postings&quot; Are Left In The System">
<kw name="Should Be True" library="BuiltIn">
<doc>Fails if the given condition is not true.</doc>
<arguments>
<arg>$REGISTERED_POSTINGS == $PRE_SET_POSTINGS</arg>
</arguments>
<status status="PASS" starttime="20200426 11:14:42.277" endtime="20200426 11:14:42.280"></status>
</kw>
<status status="PASS" starttime="20200426 11:14:42.276" endtime="20200426 11:14:42.280"></status>
</kw>
<status status="PASS" starttime="20200426 11:14:41.563" endtime="20200426 11:14:42.280"></status>
</kw>
<tags>
<tag>CRUD-failure-as-NoPriviligeUser</tag>
<tag>CRUD-operations-as-NoPriviligeUser</tag>
</tags>
<status status="PASS" starttime="20200426 11:14:39.953" endtime="20200426 11:14:42.281" critical="yes"></status>
</test>
<test id="s1-s2-t6" name="Attempting To Read Postings with Invalid URI Fails">
<kw name="When Bad Read Request Is Made With Invalid URI">
<kw name="Make Bad Get Request" library="NoPriviligeUser">
<assign>
<var>${GET_RESPONSE}</var>
</assign>
<msg timestamp="20200426 11:14:43.036" level="INFO">${GET_RESPONSE} = &lt;Response [404]&gt;</msg>
<status status="PASS" starttime="20200426 11:14:42.283" endtime="20200426 11:14:43.036"></status>
</kw>
<kw name="Set Test Variable" library="BuiltIn">
<doc>Makes a variable available everywhere within the scope of the current test.</doc>
<arguments>
<arg>${GET_RESPONSE}</arg>
</arguments>
<msg timestamp="20200426 11:14:43.039" level="INFO">${GET_RESPONSE} = &lt;Response [404]&gt;</msg>
<status status="PASS" starttime="20200426 11:14:43.037" endtime="20200426 11:14:43.040"></status>
</kw>
<status status="PASS" starttime="20200426 11:14:42.282" endtime="20200426 11:14:43.041"></status>
</kw>
<kw name="Then Read Response Should Be &quot;404-Not Found&quot;">
<kw name="Should Be True" library="BuiltIn">
<doc>Fails if the given condition is not true.</doc>
<arguments>
<arg>$GET_RESPONSE.status_code == 404</arg>
</arguments>
<status status="PASS" starttime="20200426 11:14:43.043" endtime="20200426 11:14:43.047"></status>
</kw>
<status status="PASS" starttime="20200426 11:14:43.042" endtime="20200426 11:14:43.047"></status>
</kw>
<kw name="Test Teardown" type="teardown">
<kw name="&quot;Registered Postings&quot; Are Read">
<kw name="Make Get Request" library="NoPriviligeUser">
<assign>
<var>${GET_RESPONSE}</var>
</assign>
<msg timestamp="20200426 11:14:43.804" level="INFO">${GET_RESPONSE} = &lt;Response [200]&gt;</msg>
<status status="PASS" starttime="20200426 11:14:43.061" endtime="20200426 11:14:43.804"></status>
</kw>
<kw name="Should Be Equal As Integers" library="BuiltIn">
<doc>Fails if objects are unequal after converting them to integers.</doc>
<arguments>
<arg>${GET_RESPONSE.status_code}</arg>
<arg>200</arg>
</arguments>
<msg timestamp="20200426 11:14:43.807" level="INFO">Argument types are:
&lt;class 'int'&gt;
&lt;type 'unicode'&gt;</msg>
<status status="PASS" starttime="20200426 11:14:43.805" endtime="20200426 11:14:43.807"></status>
</kw>
<kw name="Set Variable" library="BuiltIn">
<doc>Returns the given values which can then be assigned to a variables.</doc>
<arguments>
<arg>${GET_RESPONSE.json()}</arg>
</arguments>
<assign>
<var>@{registered_postings}</var>
</assign>
<msg timestamp="20200426 11:14:43.809" level="INFO">@{registered_postings} = [ {'url': 'https://glacial-earth-31542.herokuapp.com/api/postings/1/', 'id': 1, 'user': 1, 'title': 'My First Posting', 'content': "My First Blog's content", 'timestamp': '2019-12-18T17:06:54.373451+0...</msg>
<status status="PASS" starttime="20200426 11:14:43.807" endtime="20200426 11:14:43.809"></status>
</kw>
<kw name="Set Suite Variable" library="BuiltIn">
<doc>Makes a variable available everywhere within the scope of the current suite.</doc>
<arguments>
<arg>@{REGISTERED_POSTINGS}</arg>
<arg>@{registered_postings}</arg>
</arguments>
<msg timestamp="20200426 11:14:43.811" level="INFO">@{REGISTERED_POSTINGS} = [ {'url': 'https://glacial-earth-31542.herokuapp.com/api/postings/1/', 'id': 1, 'user': 1, 'title': 'My First Posting', 'content': "My First Blog's content", 'timestamp': '2019-12-18T17:06:54.373451+0...</msg>
<status status="PASS" starttime="20200426 11:14:43.809" endtime="20200426 11:14:43.811"></status>
</kw>
<status status="PASS" starttime="20200426 11:14:43.050" endtime="20200426 11:14:43.812"></status>
</kw>
<kw name="Only &quot;Pre-Set Postings&quot; Are Left In The System">
<kw name="Should Be True" library="BuiltIn">
<doc>Fails if the given condition is not true.</doc>
<arguments>
<arg>$REGISTERED_POSTINGS == $PRE_SET_POSTINGS</arg>
</arguments>
<status status="PASS" starttime="20200426 11:14:43.814" endtime="20200426 11:14:43.819"></status>
</kw>
<status status="PASS" starttime="20200426 11:14:43.812" endtime="20200426 11:14:43.820"></status>
</kw>
<status status="PASS" starttime="20200426 11:14:43.049" endtime="20200426 11:14:43.820"></status>
</kw>
<tags>
<tag>CRUD-failure-as-NoPriviligeUser</tag>
<tag>CRUD-operations-as-NoPriviligeUser</tag>
</tags>
<status status="PASS" starttime="20200426 11:14:42.281" endtime="20200426 11:14:43.821" critical="yes"></status>
</test>
<doc>This test suite uses NoPriviligeUser's request headers to test BlogPostAPI.
For a NoPriviligeUser, BlogPostAPI provides GET methods
as well as OPTIONS method. Note that POST,PUT and DELETE methods are not supported.
Therefore, we can not make Create nor we cannot Delete as NoPriviligeUser.
In any way, to be %100 sure that sytem remains
intact, we use AdminUser's rights to Delete "Target Postings" in Test Teardown.
The URL of the API is:
https://glacial-earth-31542.herokuapp.com/api/postings/</doc>
<metadata>
<item name="OS">Linux</item>
<item name="Version">1.0</item>
</metadata>
<status status="PASS" starttime="20200426 11:14:27.360" endtime="20200426 11:14:43.824"></status>
</suite>
<status status="FAIL" starttime="20200426 11:13:02.900" endtime="20200426 11:14:43.858"></status>
</suite>
<statistics>
<total>
<stat pass="20" fail="4">Critical Tests</stat>
<stat pass="20" fail="4">All Tests</stat>
</total>
<tag>
<stat pass="0" fail="1">admin-doing-create-with_parameters</stat>
<stat pass="0" fail="1">admin-doing-delete-with-different-request-headers</stat>
<stat pass="1" fail="0">admin-doing-options-with-different-request-headers</stat>
<stat pass="1" fail="0">admin-doing-reads-with-different-request-headers</stat>
<stat pass="0" fail="1">admin-doing-update-with-different-request-headers</stat>
<stat pass="5" fail="1">CRUD-failure-as-admin</stat>
<stat pass="4" fail="0">CRUD-failure-as-NoPriviligeUser</stat>
<stat pass="10" fail="1">CRUD-operations-as-admin</stat>
<stat pass="4" fail="0">CRUD-operations-as-NoPriviligeUser</stat>
<stat pass="5" fail="0">CRUD-success-as-admin</stat>
<stat pass="2" fail="0">smoke-as-admin</stat>
<stat pass="2" fail="0">smoke-as-NoPriviligeUser</stat>
</tag>
<suite>
<stat pass="20" fail="4" id="s1" name="BlogPostApiTestsAsAdmin &amp; BlogPostApiTestsAsNoPriviligeUser">BlogPostApiTestsAsAdmin &amp; BlogPostApiTestsAsNoPriviligeUser</stat>
<stat pass="14" fail="4" id="s1-s1" name="BlogPostApiTestsAsAdmin">BlogPostApiTestsAsAdmin &amp; BlogPostApiTestsAsNoPriviligeUser.BlogPostApiTestsAsAdmin</stat>
<stat pass="6" fail="0" id="s1-s2" name="BlogPostApiTestsAsNoPriviligeUser">BlogPostApiTestsAsAdmin &amp; BlogPostApiTestsAsNoPriviligeUser.BlogPostApiTestsAsNoPriviligeUser</stat>
</suite>
</statistics>
<errors>
<msg timestamp="20200426 11:14:03.246" level="ERROR">Test failed: Requirement ({} with expected create response code: 400) but observed create response code: 201</msg>
<msg timestamp="20200426 11:14:03.246" level="ERROR">Test failed: Requirement ({'content': None} with expected create response code: 400) but observed create response code: 201</msg>
<msg timestamp="20200426 11:14:03.247" level="ERROR">Test failed: Requirement ({'title': 'Null content posting'} with expected create response code: 400) but observed create response code: 201</msg>
<msg timestamp="20200426 11:14:03.247" level="ERROR">Test failed: Requirement ({'content': 'Null title posting'} with expected create response code: 400) but observed create response code: 201</msg>
<msg timestamp="20200426 11:14:03.248" level="ERROR">Test failed: Requirement ({'title': 'None Content', 'content': None} with expected create response code: 400) but observed create response code: 201</msg>
<msg timestamp="20200426 11:14:03.248" level="ERROR">Test failed: Requirement ({'title': ''} with expected create response code: 400) but observed create response code: 201</msg>
<msg timestamp="20200426 11:14:03.248" level="ERROR">Test failed: Requirement ({'content': ''} with expected create response code: 400) but observed create response code: 201</msg>
<msg timestamp="20200426 11:14:03.249" level="ERROR">Test failed: Requirement ({'title': 'Some title', 'content': ''} with expected create response code: 400) but observed create response code: 201</msg>
<msg timestamp="20200426 11:14:03.250" level="ERROR">Test failed: Requirement ({'title': 1234, 'content': 3456} with expected create response code: 400) but observed create response code: 201</msg>
<msg timestamp="20200426 11:14:14.614" level="ERROR">Test failed: Requirement (() with expected create response code: 403) but observed create response code: 200</msg>
<msg timestamp="20200426 11:14:25.883" level="ERROR">Test failed: Requirement (() with expected create response code: 404) but observed create response code: 200</msg>
</errors>
</robot>
